Mplus VERSION 8.3 (Mac)
MUTHEN & MUTHEN
02/05/2020   2:37 PM

INPUT INSTRUCTIONS

  TITLE:
  C3_mlca_enum_demo
  DATA:
  FILE = "/Users/agarber/Desktop/multi_level_lca/enum_mplus/c_3_mlca_enum.dat";

  VARIABLE:
  NAMES = pop source level d_middle d_high distcode schlcode postcode grade gender
       d_female race i1 i2 i3 i4 i5 i6 i7 i8 i9 i10 i11 i12 i13 i14 i15 i16 i17 i18
       i19 i20 i21 i22 i23 i24 i25 i26 i27 i28 i29 i30 i31 i32 i33 i34 i35 i36 i37 i38
       i39 i40 pun_1 pos_1 sel_1 pun_2 pos_2 sel_2 pun_3 pos_3 sel_3 pun_4 pos_4 sel_4
       pun_5 pos_5 sel_5 i9rev i14rev i24rev i27rev ii1rev ii4rev ii7rev ii10rev
       ii13rev pos_1b pos_3b pos_2b pos_4b sel_5b sel_2b sel_1b;
   MISSING=.;
   categorical = pos_1b-sel_1b;
  usevar = pos_1b-sel_1b;
       classes = c(3);
  ANALYSIS:
  estimator = mlr;
      type = mixture;
      starts = 500 100;
  PLOT:
  type = plot3;
      series = pos_1b-sel_1b(*);



*** WARNING
  Data set contains cases with missing on all variables.
  These cases were not included in the analysis.
  Number of cases with missing on all variables:  4
   1 WARNING(S) FOUND IN THE INPUT INSTRUCTIONS




C3_mlca_enum_demo

SUMMARY OF ANALYSIS

Number of groups                                                 1
Number of observations                                        5087

Number of dependent variables                                    7
Number of independent variables                                  0
Number of continuous latent variables                            0
Number of categorical latent variables                           1

Observed dependent variables

  Binary and ordered categorical (ordinal)
   POS_1B      POS_3B      POS_2B      POS_4B      SEL_5B      SEL_2B
   SEL_1B

Categorical latent variables
   C


Estimator                                                      MLR
Information matrix                                        OBSERVED
Optimization Specifications for the Quasi-Newton Algorithm for
Continuous Outcomes
  Maximum number of iterations                                 100
  Convergence criterion                                  0.100D-05
Optimization Specifications for the EM Algorithm
  Maximum number of iterations                                 500
  Convergence criteria
    Loglikelihood change                                 0.100D-06
    Relative loglikelihood change                        0.100D-06
    Derivative                                           0.100D-05
Optimization Specifications for the M step of the EM Algorithm for
Categorical Latent variables
  Number of M step iterations                                    1
  M step convergence criterion                           0.100D-05
  Basis for M step termination                           ITERATION
Optimization Specifications for the M step of the EM Algorithm for
Censored, Binary or Ordered Categorical (Ordinal), Unordered
Categorical (Nominal) and Count Outcomes
  Number of M step iterations                                    1
  M step convergence criterion                           0.100D-05
  Basis for M step termination                           ITERATION
  Maximum value for logit thresholds                            15
  Minimum value for logit thresholds                           -15
  Minimum expected cell size for chi-square              0.100D-01
Maximum number of iterations for H1                           2000
Convergence criterion for H1                             0.100D-03
Optimization algorithm                                         EMA
Random Starts Specifications
  Number of initial stage random starts                        500
  Number of final stage optimizations                          100
  Number of initial stage iterations                            10
  Initial stage convergence criterion                    0.100D+01
  Random starts scale                                    0.500D+01
  Random seed for generating random starts                       0
Link                                                         LOGIT

Input data file(s)
  /Users/agarber/Desktop/multi_level_lca/enum_mplus/c_3_mlca_enum.dat
Input data format  FREE


SUMMARY OF DATA

     Number of missing data patterns             1
     Number of y missing data patterns           0
     Number of u missing data patterns           1


COVARIANCE COVERAGE OF DATA

Minimum covariance coverage value   0.100


UNIVARIATE PROPORTIONS AND COUNTS FOR CATEGORICAL VARIABLES

    POS_1B
      Category 1    0.076          389.000
      Category 2    0.924         4698.000
    POS_3B
      Category 1    0.057          290.000
      Category 2    0.943         4797.000
    POS_2B
      Category 1    0.173          880.000
      Category 2    0.827         4207.000
    POS_4B
      Category 1    0.214         1090.000
      Category 2    0.786         3997.000
    SEL_5B
      Category 1    0.127          646.000
      Category 2    0.873         4441.000
    SEL_2B
      Category 1    0.174          884.000
      Category 2    0.826         4203.000
    SEL_1B
      Category 1    0.145          740.000
      Category 2    0.855         4347.000


RANDOM STARTS RESULTS RANKED FROM THE BEST TO THE WORST LOGLIKELIHOOD VALUES

Final stage loglikelihood values at local maxima, seeds, and initial stage start numbers:

          -10971.077  484687           306
          -10971.077  592219           119
          -10971.077  608849           224
          -10971.077  195353           225
          -10971.077  393232           152
          -10971.077  22089            143
          -10971.077  137377           397
          -10971.077  30098            209
          -10971.077  395754           388
          -10971.077  436460           89
          -10971.077  780698           337
          -10971.077  856536           144
          -10971.077  297518           166
          -10971.077  797594           234
          -10971.077  617243           237
          -10971.077  937588           293
          -10971.077  399508           415
          -10971.077  92689            304
          -10971.077  654136           167
          -10971.077  22362            365
          -10971.077  152496           123
          -10971.077  286735           175
          -10971.077  79945            395
          -10971.077  479273           156
          -10971.077  850840           232
          -10971.077  631413           439
          -10971.077  216565           474
          -10971.077  345070           114
          -10971.077  268217           83
          -10971.077  971853           402
          -10971.077  484406           421
          -10971.077  967237           48
          -10971.077  790059           469
          -10971.077  314084           81
          -10971.077  215353           164
          -10971.077  366706           29
          -10971.077  298275           418
          -10971.077  596257           405
          -10971.077  55115            408
          -10971.077  748692           204
          -10971.077  966014           37
          -10971.077  749453           33
          -10971.077  608496           4
          -10971.077  387701           275
          -10971.077  605161           409
          -10971.077  576596           99
          -10971.077  275475           413
          -10971.077  950604           172
          -10971.077  871851           257
          -10971.077  830392           35
          -10971.077  124999           96
          -10971.077  545140           278
          -10971.077  568859           49
          -10971.077  202790           198
          -10971.077  217744           326
          -10971.077  273992           349
          -10971.077  366533           484
          -10971.077  618760           489
          -10971.077  358488           264
          -10971.077  217130           443
          -10971.077  57226            208
          -10971.077  471438           252
          -10971.077  392407           221
          -10971.077  784664           75
          -10971.077  746978           410
          -10971.077  887676           22
          -10971.077  512836           289
          -10971.077  562716           300
          -10971.077  614009           317
          -10971.077  996231           310
          -10971.077  314757           345
          -10971.077  7959             256
          -10971.077  391179           78
          -10971.077  926283           269
          -10971.077  471398           74
          -10971.077  875667           367
          -10971.077  667250           318
          -10971.077  609089           241
          -10971.077  404510           442
          -10971.077  263268           165
          -10971.077  699554           427
          -10971.077  802256           477
          -10971.077  347515           24
          -10971.077  224950           455
          -10971.077  15715            274
          -10971.077  686482           215
          -10971.077  440841           118
          -10971.077  726035           191
          -10971.077  804660           260
          -10971.077  565819           65
          -10971.077  263049           454
          -10971.077  364676           27
          -10971.077  414284           158
          -10971.077  688839           273
          -10971.077  608460           244
          -10971.077  714997           399
          -10971.077  648555           113
          -10971.077  652266           490
          -10971.077  164305           128
          -10971.077  175199           247



THE BEST LOGLIKELIHOOD VALUE HAS BEEN REPLICATED.  RERUN WITH AT LEAST TWICE THE
RANDOM STARTS TO CHECK THAT THE BEST LOGLIKELIHOOD IS STILL OBTAINED AND REPLICATED.


THE MODEL ESTIMATION TERMINATED NORMALLY



MODEL FIT INFORMATION

Number of Free Parameters                       23

Loglikelihood

          H0 Value                      -10971.077
          H0 Scaling Correction Factor      1.0607
            for MLR

Information Criteria

          Akaike (AIC)                   21988.154
          Bayesian (BIC)                 22138.446
          Sample-Size Adjusted BIC       22065.360
            (n* = (n + 2) / 24)

Chi-Square Test of Model Fit for the Binary and Ordered Categorical
(Ordinal) Outcomes

          Pearson Chi-Square

          Value                           1367.512
          Degrees of Freedom                   104
          P-Value                           0.0000

          Likelihood Ratio Chi-Square

          Value                            870.946
          Degrees of Freedom                   104
          P-Value                           0.0000



FINAL CLASS COUNTS AND PROPORTIONS FOR THE LATENT CLASSES
BASED ON THE ESTIMATED MODEL

    Latent
   Classes

       1       3765.05303          0.74013
       2        537.62975          0.10569
       3        784.31721          0.15418


FINAL CLASS COUNTS AND PROPORTIONS FOR THE LATENT CLASSES
BASED ON ESTIMATED POSTERIOR PROBABILITIES

    Latent
   Classes

       1       3765.05303          0.74013
       2        537.62975          0.10569
       3        784.31721          0.15418


FINAL CLASS COUNTS AND PROPORTIONS FOR THE LATENT CLASSES
BASED ON THEIR MOST LIKELY LATENT CLASS MEMBERSHIP

Class Counts and Proportions

    Latent
   Classes

       1             3851          0.75703
       2              418          0.08217
       3              818          0.16080


CLASSIFICATION QUALITY

     Entropy                         0.866


Average Latent Class Probabilities for Most Likely Latent Class Membership (Row)
by Latent Class (Column)

           1        2        3

    1   0.962    0.032    0.006
    2   0.035    0.896    0.068
    3   0.057    0.047    0.897


Classification Probabilities for the Most Likely Latent Class Membership (Column)
by Latent Class (Row)

           1        2        3

    1   0.984    0.004    0.012
    2   0.232    0.697    0.071
    3   0.028    0.036    0.935


Logits for the Classification Probabilities for the Most Likely Latent Class Membership (Column)
by Latent Class (Row)

              1        2        3

    1      4.380   -1.152    0.000
    2      1.186    2.285    0.000
    3     -3.496   -3.244    0.000


MODEL RESULTS

                                                    Two-Tailed
                    Estimate       S.E.  Est./S.E.    P-Value

Latent Class 1

 Thresholds
    POS_1B$1          -4.713      0.233    -20.214      0.000
    POS_3B$1          -5.775      0.409    -14.111      0.000
    POS_2B$1          -3.526      0.196    -18.022      0.000
    POS_4B$1          -2.691      0.128    -20.959      0.000
    SEL_5B$1          -4.362      0.204    -21.339      0.000
    SEL_2B$1          -3.361      0.119    -28.214      0.000
    SEL_1B$1          -2.987      0.095    -31.415      0.000

Latent Class 2

 Thresholds
    POS_1B$1          -1.385      0.171     -8.106      0.000
    POS_3B$1          -1.624      0.190     -8.569      0.000
    POS_2B$1           1.231      0.335      3.678      0.000
    POS_4B$1           1.358      0.257      5.274      0.000
    SEL_5B$1          -3.400      0.509     -6.681      0.000
    SEL_2B$1          -2.155      0.258     -8.338      0.000
    SEL_1B$1          -2.169      0.212    -10.211      0.000

Latent Class 3

 Thresholds
    POS_1B$1          -0.772      0.090     -8.598      0.000
    POS_3B$1          -1.141      0.099    -11.486      0.000
    POS_2B$1          -0.183      0.090     -2.029      0.042
    POS_4B$1           0.159      0.087      1.826      0.068
    SEL_5B$1           1.052      0.122      8.627      0.000
    SEL_2B$1           2.142      0.213     10.041      0.000
    SEL_1B$1           0.587      0.092      6.389      0.000

Categorical Latent Variables

 Means
    C#1                1.569      0.055     28.664      0.000
    C#2               -0.378      0.131     -2.889      0.004


RESULTS IN PROBABILITY SCALE

Latent Class 1

 POS_1B
    Category 1         0.009      0.002      4.328      0.000
    Category 2         0.991      0.002    481.862      0.000
 POS_3B
    Category 1         0.003      0.001      2.451      0.014
    Category 2         0.997      0.001    789.789      0.000
 POS_2B
    Category 1         0.029      0.005      5.261      0.000
    Category 2         0.971      0.005    178.879      0.000
 POS_4B
    Category 1         0.064      0.008      8.318      0.000
    Category 2         0.936      0.008    122.616      0.000
 SEL_5B
    Category 1         0.013      0.003      4.954      0.000
    Category 2         0.987      0.003    388.629      0.000
 SEL_2B
    Category 1         0.034      0.004      8.686      0.000
    Category 2         0.966      0.004    250.319      0.000
 SEL_1B
    Category 1         0.048      0.004     11.046      0.000
    Category 2         0.952      0.004    219.098      0.000

Latent Class 2

 POS_1B
    Category 1         0.200      0.027      7.316      0.000
    Category 2         0.800      0.027     29.235      0.000
 POS_3B
    Category 1         0.165      0.026      6.315      0.000
    Category 2         0.835      0.026     32.050      0.000
 POS_2B
    Category 1         0.774      0.059     13.220      0.000
    Category 2         0.226      0.059      3.860      0.000
 POS_4B
    Category 1         0.795      0.042     18.985      0.000
    Category 2         0.205      0.042      4.885      0.000
 SEL_5B
    Category 1         0.032      0.016      2.030      0.042
    Category 2         0.968      0.016     60.852      0.000
 SEL_2B
    Category 1         0.104      0.024      4.319      0.000
    Category 2         0.896      0.024     37.243      0.000
 SEL_1B
    Category 1         0.103      0.020      5.247      0.000
    Category 2         0.897      0.020     45.894      0.000

Latent Class 3

 POS_1B
    Category 1         0.316      0.019     16.282      0.000
    Category 2         0.684      0.019     35.238      0.000
 POS_3B
    Category 1         0.242      0.018     13.277      0.000
    Category 2         0.758      0.018     41.574      0.000
 POS_2B
    Category 1         0.454      0.022     20.277      0.000
    Category 2         0.546      0.022     24.357      0.000
 POS_4B
    Category 1         0.540      0.022     24.994      0.000
    Category 2         0.460      0.022     21.326      0.000
 SEL_5B
    Category 1         0.741      0.023     31.683      0.000
    Category 2         0.259      0.023     11.069      0.000
 SEL_2B
    Category 1         0.895      0.020     44.604      0.000
    Category 2         0.105      0.020      5.239      0.000
 SEL_1B
    Category 1         0.643      0.021     30.447      0.000
    Category 2         0.357      0.021     16.921      0.000


LATENT CLASS ODDS RATIO RESULTS

                                         (Est. - 1) Two-Tailed
                    Estimate       S.E.     / S.E.    P-Value

Latent Class 1 Compared to Latent Class 2

 POS_1B
    Category > 1      27.863      7.646      3.513      0.000
 POS_3B
    Category > 1      63.498     27.310      2.288      0.022
 POS_2B
    Category > 1     116.449     36.201      3.189      0.001
 POS_4B
    Category > 1      57.293     13.472      4.179      0.000
 SEL_5B
    Category > 1       2.618      1.446      1.119      0.263
 SEL_2B
    Category > 1       3.342      0.948      2.471      0.013
 SEL_1B
    Category > 1       2.268      0.557      2.276      0.023

Latent Class 1 Compared to Latent Class 3

 POS_1B
    Category > 1      51.446     12.851      3.926      0.000
 POS_3B
    Category > 1     102.913     43.649      2.335      0.020
 POS_2B
    Category > 1      28.306      6.426      4.249      0.000
 POS_4B
    Category > 1      17.277      2.723      5.977      0.000
 SEL_5B
    Category > 1     224.556     50.160      4.457      0.000
 SEL_2B
    Category > 1     245.344     56.132      4.353      0.000
 SEL_1B
    Category > 1      35.692      4.571      7.590      0.000

Latent Class 2 Compared to Latent Class 3

 POS_1B
    Category > 1       1.846      0.386      2.192      0.028
 POS_3B
    Category > 1       1.621      0.377      1.646      0.100
 POS_2B
    Category > 1       0.243      0.088     -8.649      0.000
 POS_4B
    Category > 1       0.302      0.086     -8.132      0.000
 SEL_5B
    Category > 1      85.787     43.292      1.959      0.050
 SEL_2B
    Category > 1      73.416     23.087      3.137      0.002
 SEL_1B
    Category > 1      15.740      3.573      4.126      0.000


QUALITY OF NUMERICAL RESULTS

     Condition Number for the Information Matrix              0.422E-02
       (ratio of smallest to largest eigenvalue)


PLOT INFORMATION

The following plots are available:

  Histograms (sample values)
  Scatterplots (sample values)
  Sample proportions and estimated probabilities

     Beginning Time:  14:37:30
        Ending Time:  14:37:32
       Elapsed Time:  00:00:02



MUTHEN & MUTHEN
3463 Stoner Ave.
Los Angeles, CA  90066

Tel: (310) 391-9971
Fax: (310) 391-8971
Web: www.StatModel.com
Support: Support@StatModel.com

Copyright (c) 1998-2019 Muthen & Muthen
