Mplus VERSION 8.3 (Mac)
MUTHEN & MUTHEN
02/05/2020   2:37 PM

INPUT INSTRUCTIONS

  TITLE:
  C5_mlca_enum_demo
  DATA:
  FILE = "/Users/agarber/Desktop/multi_level_lca/enum_mplus/c_5_mlca_enum.dat";

  VARIABLE:
  NAMES = pop source level d_middle d_high distcode schlcode postcode grade gender
       d_female race i1 i2 i3 i4 i5 i6 i7 i8 i9 i10 i11 i12 i13 i14 i15 i16 i17 i18
       i19 i20 i21 i22 i23 i24 i25 i26 i27 i28 i29 i30 i31 i32 i33 i34 i35 i36 i37 i38
       i39 i40 pun_1 pos_1 sel_1 pun_2 pos_2 sel_2 pun_3 pos_3 sel_3 pun_4 pos_4 sel_4
       pun_5 pos_5 sel_5 i9rev i14rev i24rev i27rev ii1rev ii4rev ii7rev ii10rev
       ii13rev pos_1b pos_3b pos_2b pos_4b sel_5b sel_2b sel_1b;
   MISSING=.;
   categorical = pos_1b-sel_1b;
  usevar = pos_1b-sel_1b;
       classes = c(5);
  ANALYSIS:
  estimator = mlr;
      type = mixture;
      starts = 500 100;
  PLOT:
  type = plot3;
      series = pos_1b-sel_1b(*);



*** WARNING
  Data set contains cases with missing on all variables.
  These cases were not included in the analysis.
  Number of cases with missing on all variables:  4
   1 WARNING(S) FOUND IN THE INPUT INSTRUCTIONS




C5_mlca_enum_demo

SUMMARY OF ANALYSIS

Number of groups                                                 1
Number of observations                                        5087

Number of dependent variables                                    7
Number of independent variables                                  0
Number of continuous latent variables                            0
Number of categorical latent variables                           1

Observed dependent variables

  Binary and ordered categorical (ordinal)
   POS_1B      POS_3B      POS_2B      POS_4B      SEL_5B      SEL_2B
   SEL_1B

Categorical latent variables
   C


Estimator                                                      MLR
Information matrix                                        OBSERVED
Optimization Specifications for the Quasi-Newton Algorithm for
Continuous Outcomes
  Maximum number of iterations                                 100
  Convergence criterion                                  0.100D-05
Optimization Specifications for the EM Algorithm
  Maximum number of iterations                                 500
  Convergence criteria
    Loglikelihood change                                 0.100D-06
    Relative loglikelihood change                        0.100D-06
    Derivative                                           0.100D-05
Optimization Specifications for the M step of the EM Algorithm for
Categorical Latent variables
  Number of M step iterations                                    1
  M step convergence criterion                           0.100D-05
  Basis for M step termination                           ITERATION
Optimization Specifications for the M step of the EM Algorithm for
Censored, Binary or Ordered Categorical (Ordinal), Unordered
Categorical (Nominal) and Count Outcomes
  Number of M step iterations                                    1
  M step convergence criterion                           0.100D-05
  Basis for M step termination                           ITERATION
  Maximum value for logit thresholds                            15
  Minimum value for logit thresholds                           -15
  Minimum expected cell size for chi-square              0.100D-01
Maximum number of iterations for H1                           2000
Convergence criterion for H1                             0.100D-03
Optimization algorithm                                         EMA
Random Starts Specifications
  Number of initial stage random starts                        500
  Number of final stage optimizations                          100
  Number of initial stage iterations                            10
  Initial stage convergence criterion                    0.100D+01
  Random starts scale                                    0.500D+01
  Random seed for generating random starts                       0
Link                                                         LOGIT

Input data file(s)
  /Users/agarber/Desktop/multi_level_lca/enum_mplus/c_5_mlca_enum.dat
Input data format  FREE


SUMMARY OF DATA

     Number of missing data patterns             1
     Number of y missing data patterns           0
     Number of u missing data patterns           1


COVARIANCE COVERAGE OF DATA

Minimum covariance coverage value   0.100


UNIVARIATE PROPORTIONS AND COUNTS FOR CATEGORICAL VARIABLES

    POS_1B
      Category 1    0.076          389.000
      Category 2    0.924         4698.000
    POS_3B
      Category 1    0.057          290.000
      Category 2    0.943         4797.000
    POS_2B
      Category 1    0.173          880.000
      Category 2    0.827         4207.000
    POS_4B
      Category 1    0.214         1090.000
      Category 2    0.786         3997.000
    SEL_5B
      Category 1    0.127          646.000
      Category 2    0.873         4441.000
    SEL_2B
      Category 1    0.174          884.000
      Category 2    0.826         4203.000
    SEL_1B
      Category 1    0.145          740.000
      Category 2    0.855         4347.000


RANDOM STARTS RESULTS RANKED FROM THE BEST TO THE WORST LOGLIKELIHOOD VALUES

Final stage loglikelihood values at local maxima, seeds, and initial stage start numbers:

          -10628.886  136842           58
          -10628.886  407168           44
          -10628.886  691234           250
          -10628.886  625191           350
          -10628.886  722748           346
          -10628.886  436460           89
          -10628.886  263268           165
          -10628.886  432148           30
          -10628.886  408713           450
          -10628.886  285380           1
          -10628.886  608849           224
          -10628.886  645664           39
          -10628.886  131856           90
          -10628.886  358488           264
          -10628.886  415502           194
          -10628.886  193569           440
          -10628.886  636396           168
          -10628.886  263049           454
          -10628.886  618760           489
          -10628.886  514326           325
          -10628.886  798839           312
          -10628.886  311214           64
          -10628.886  354208           196
          -10628.886  391179           78
          -10628.886  662718           460
          -10628.886  804660           260
          -10628.886  170954           86
          -10628.886  802256           477
          -10628.886  112586           494
          -10628.886  232226           235
          -10628.886  960438           116
          -10628.886  802682           419
          -10628.886  467339           66
          -10628.886  488125           368
          -10628.886  573096           20
          -10628.886  751054           117
          -10628.886  609089           241
          -10628.886  120506           45
          -10628.886  471040           403
          -10628.886  476498           179
          -10628.886  43523            297
          -10628.886  529496           343
          -10628.886  85114            385
          -10628.886  23012            352
          -10628.886  215353           164
          -10628.886  496881           192
          -10629.067  830529           279
          -10629.067  345070           114
          -10630.037  319575           499
          -10630.037  673496           218
          -10630.037  562716           300
          -10631.546  520177           262
          -10631.546  836066           372
          -10631.546  871851           257
          -10632.634  797594           234
          -10632.634  283492           435
          -10632.634  298275           418
          -10632.634  605161           409
          -10635.990  68850            462
          -10635.990  483369           270
          -10635.990  903420           5
          -10635.990  736574           414
          -10635.990  576220           115
          -10635.990  354559           73
          -10635.990  359578           458
          -10635.990  618000           190
          -10635.990  292884           103
          -10635.990  152496           123
          -10635.990  781190           219
          -10635.990  97158            205
          -10637.392  626087           314
          -10637.392  383986           159
          -10637.392  484501           163
          -10637.392  602797           336
          -10637.392  754100           56
          -10637.392  965994           396
          -10637.392  507154           387
          -10637.392  22089            143
          -10639.613  782200           84
          -10639.912  765392           382
          -10645.503  621542           375
          -10645.503  193847           354
          -10645.865  354624           448
          -10651.252  399848           220
          -10651.252  790059           469
          -10651.252  247224           94
          -10651.252  170118           238
          -10651.252  967902           52
          -10651.252  609185           181
          -10651.252  278692           342
          -10651.252  502532           445
          -10651.252  863094           147
          -10651.252  392418           28
          -10651.492  741484           441
          -10651.492  903369           134
          -10653.890  626891           32
          -10654.723  27071            15
          -10658.583  499150           216
          -10660.961  246261           38
          -10661.341  875667           367



THE BEST LOGLIKELIHOOD VALUE HAS BEEN REPLICATED.  RERUN WITH AT LEAST TWICE THE
RANDOM STARTS TO CHECK THAT THE BEST LOGLIKELIHOOD IS STILL OBTAINED AND REPLICATED.

     IN THE OPTIMIZATION, ONE OR MORE LOGIT THRESHOLDS APPROACHED AND WERE SET
     AT THE EXTREME VALUES.  EXTREME VALUES ARE -15.000 AND 15.000.
     THE FOLLOWING THRESHOLDS WERE SET AT THESE VALUES:
     * THRESHOLD 1 OF CLASS INDICATOR POS_1B FOR CLASS 1 AT ITERATION 133





THE MODEL ESTIMATION TERMINATED NORMALLY



MODEL FIT INFORMATION

Number of Free Parameters                       39

Loglikelihood

          H0 Value                      -10628.886
          H0 Scaling Correction Factor      1.0516
            for MLR

Information Criteria

          Akaike (AIC)                   21335.771
          Bayesian (BIC)                 21590.615
          Sample-Size Adjusted BIC       21466.686
            (n* = (n + 2) / 24)

Chi-Square Test of Model Fit for the Binary and Ordered Categorical
(Ordinal) Outcomes

          Pearson Chi-Square

          Value                            189.734
          Degrees of Freedom                    88
          P-Value                           0.0000

          Likelihood Ratio Chi-Square

          Value                            186.563
          Degrees of Freedom                    88
          P-Value                           0.0000



FINAL CLASS COUNTS AND PROPORTIONS FOR THE LATENT CLASSES
BASED ON THE ESTIMATED MODEL

    Latent
   Classes

       1        134.25813          0.02639
       2        544.09966          0.10696
       3       3511.87926          0.69036
       4        591.36251          0.11625
       5        305.40044          0.06004


FINAL CLASS COUNTS AND PROPORTIONS FOR THE LATENT CLASSES
BASED ON ESTIMATED POSTERIOR PROBABILITIES

    Latent
   Classes

       1        134.25813          0.02639
       2        544.09966          0.10696
       3       3511.87926          0.69036
       4        591.36251          0.11625
       5        305.40044          0.06004


FINAL CLASS COUNTS AND PROPORTIONS FOR THE LATENT CLASSES
BASED ON THEIR MOST LIKELY LATENT CLASS MEMBERSHIP

Class Counts and Proportions

    Latent
   Classes

       1              126          0.02477
       2              483          0.09495
       3             3531          0.69412
       4              637          0.12522
       5              310          0.06094


CLASSIFICATION QUALITY

     Entropy                         0.866


Average Latent Class Probabilities for Most Likely Latent Class Membership (Row)
by Latent Class (Column)

           1        2        3        4        5

    1   0.909    0.032    0.013    0.002    0.044
    2   0.014    0.881    0.037    0.033    0.035
    3   0.001    0.020    0.952    0.027    0.000
    4   0.000    0.049    0.205    0.739    0.007
    5   0.030    0.041    0.000    0.031    0.899


Classification Probabilities for the Most Likely Latent Class Membership (Column)
by Latent Class (Row)

           1        2        3        4        5

    1   0.853    0.051    0.027    0.000    0.069
    2   0.007    0.782    0.131    0.057    0.023
    3   0.000    0.005    0.957    0.037    0.000
    4   0.000    0.027    0.160    0.797    0.016
    5   0.018    0.055    0.000    0.014    0.912


Logits for the Classification Probabilities for the Most Likely Latent Class Membership (Column)
by Latent Class (Row)

              1        2        3        4        5

    1      2.521   -0.289   -0.947  -11.136    0.000
    2     -1.148    3.522    1.732    0.905    0.000
    3      5.892    8.251   13.485   10.236    0.000
    4     -3.813    0.489    2.279    3.884    0.000
    5     -3.921   -2.800   -9.369   -4.151    0.000


MODEL RESULTS

                                                    Two-Tailed
                    Estimate       S.E.  Est./S.E.    P-Value

Latent Class 1

 Thresholds
    POS_1B$1          15.000      0.000    999.000    999.000
    POS_3B$1          -0.227      0.594     -0.382      0.703
    POS_2B$1           1.016      0.444      2.288      0.022
    POS_4B$1           0.702      0.234      3.001      0.003
    SEL_5B$1          -2.163      0.575     -3.760      0.000
    SEL_2B$1          -1.696      0.497     -3.414      0.001
    SEL_1B$1          -1.329      0.246     -5.395      0.000

Latent Class 2

 Thresholds
    POS_1B$1          -2.096      0.189    -11.101      0.000
    POS_3B$1          -3.135      0.293    -10.711      0.000
    POS_2B$1          -2.617      0.415     -6.303      0.000
    POS_4B$1          -1.179      0.151     -7.826      0.000
    SEL_5B$1           0.541      0.163      3.318      0.001
    SEL_2B$1           1.325      0.229      5.776      0.000
    SEL_1B$1           0.188      0.132      1.416      0.157

Latent Class 3

 Thresholds
    POS_1B$1          -4.929      0.278    -17.730      0.000
    POS_3B$1          -5.843      0.414    -14.110      0.000
    POS_2B$1          -3.599      0.316    -11.398      0.000
    POS_4B$1          -3.284      0.459     -7.150      0.000
    SEL_5B$1          -5.677      0.719     -7.894      0.000
    SEL_2B$1          -4.021      0.247    -16.278      0.000
    SEL_1B$1          -3.243      0.109    -29.821      0.000

Latent Class 4

 Thresholds
    POS_1B$1          -7.801    160.238     -0.049      0.961
    POS_3B$1          -2.517      0.256     -9.838      0.000
    POS_2B$1           0.469      0.362      1.295      0.195
    POS_4B$1           1.376      0.435      3.163      0.002
    SEL_5B$1          -3.128      0.341     -9.173      0.000
    SEL_2B$1          -2.022      0.230     -8.791      0.000
    SEL_1B$1          -2.223      0.193    -11.516      0.000

Latent Class 5

 Thresholds
    POS_1B$1           0.224      0.146      1.531      0.126
    POS_3B$1           0.010      0.145      0.069      0.945
    POS_2B$1           2.756      0.445      6.190      0.000
    POS_4B$1           2.140      0.264      8.092      0.000
    SEL_5B$1           1.540      0.219      7.021      0.000
    SEL_2B$1           4.582      1.948      2.352      0.019
    SEL_1B$1           1.022      0.165      6.199      0.000

Categorical Latent Variables

 Means
    C#1               -0.822      0.309     -2.660      0.008
    C#2                0.578      0.127      4.559      0.000
    C#3                2.442      0.093     26.187      0.000
    C#4                0.661      0.202      3.277      0.001


RESULTS IN PROBABILITY SCALE

Latent Class 1

 POS_1B
    Category 1         1.000      0.000      0.000      1.000
    Category 2         0.000      0.000      0.000      1.000
 POS_3B
    Category 1         0.444      0.147      3.026      0.002
    Category 2         0.556      0.147      3.795      0.000
 POS_2B
    Category 1         0.734      0.087      8.473      0.000
    Category 2         0.266      0.087      3.068      0.002
 POS_4B
    Category 1         0.669      0.052     12.905      0.000
    Category 2         0.331      0.052      6.398      0.000
 SEL_5B
    Category 1         0.103      0.053      1.938      0.053
    Category 2         0.897      0.053     16.858      0.000
 SEL_2B
    Category 1         0.155      0.065      2.383      0.017
    Category 2         0.845      0.065     12.987      0.000
 SEL_1B
    Category 1         0.209      0.041      5.134      0.000
    Category 2         0.791      0.041     19.393      0.000

Latent Class 2

 POS_1B
    Category 1         0.109      0.018      5.947      0.000
    Category 2         0.891      0.018     48.379      0.000
 POS_3B
    Category 1         0.042      0.012      3.565      0.000
    Category 2         0.958      0.012     81.959      0.000
 POS_2B
    Category 1         0.068      0.026      2.584      0.010
    Category 2         0.932      0.026     35.399      0.000
 POS_4B
    Category 1         0.235      0.027      8.677      0.000
    Category 2         0.765      0.027     28.217      0.000
 SEL_5B
    Category 1         0.632      0.038     16.675      0.000
    Category 2         0.368      0.038      9.710      0.000
 SEL_2B
    Category 1         0.790      0.038     20.759      0.000
    Category 2         0.210      0.038      5.515      0.000
 SEL_1B
    Category 1         0.547      0.033     16.653      0.000
    Category 2         0.453      0.033     13.805      0.000

Latent Class 3

 POS_1B
    Category 1         0.007      0.002      3.623      0.000
    Category 2         0.993      0.002    500.804      0.000
 POS_3B
    Category 1         0.003      0.001      2.422      0.015
    Category 2         0.997      0.001    835.355      0.000
 POS_2B
    Category 1         0.027      0.008      3.254      0.001
    Category 2         0.973      0.008    118.937      0.000
 POS_4B
    Category 1         0.036      0.016      2.259      0.024
    Category 2         0.964      0.016     60.253      0.000
 SEL_5B
    Category 1         0.003      0.002      1.395      0.163
    Category 2         0.997      0.002    407.655      0.000
 SEL_2B
    Category 1         0.018      0.004      4.121      0.000
    Category 2         0.982      0.004    229.768      0.000
 SEL_1B
    Category 1         0.038      0.004      9.556      0.000
    Category 2         0.962      0.004    244.639      0.000

Latent Class 4

 POS_1B
    Category 1         0.000      0.066      0.006      0.995
    Category 2         1.000      0.066     15.247      0.000
 POS_3B
    Category 1         0.075      0.018      4.223      0.000
    Category 2         0.925      0.018     52.353      0.000
 POS_2B
    Category 1         0.615      0.086      7.175      0.000
    Category 2         0.385      0.086      4.490      0.000
 POS_4B
    Category 1         0.798      0.070     11.401      0.000
    Category 2         0.202      0.070      2.880      0.004
 SEL_5B
    Category 1         0.042      0.014      3.061      0.002
    Category 2         0.958      0.014     69.870      0.000
 SEL_2B
    Category 1         0.117      0.024      4.922      0.000
    Category 2         0.883      0.024     37.192      0.000
 SEL_1B
    Category 1         0.098      0.017      5.742      0.000
    Category 2         0.902      0.017     53.019      0.000

Latent Class 5

 POS_1B
    Category 1         0.556      0.036     15.404      0.000
    Category 2         0.444      0.036     12.315      0.000
 POS_3B
    Category 1         0.503      0.036     13.857      0.000
    Category 2         0.497      0.036     13.719      0.000
 POS_2B
    Category 1         0.940      0.025     37.586      0.000
    Category 2         0.060      0.025      2.389      0.017
 POS_4B
    Category 1         0.895      0.025     35.919      0.000
    Category 2         0.105      0.025      4.226      0.000
 SEL_5B
    Category 1         0.823      0.032     25.825      0.000
    Category 2         0.177      0.032      5.535      0.000
 SEL_2B
    Category 1         0.990      0.020     50.680      0.000
    Category 2         0.010      0.020      0.518      0.604
 SEL_1B
    Category 1         0.735      0.032     22.918      0.000
    Category 2         0.265      0.032      8.245      0.000


LATENT CLASS ODDS RATIO RESULTS

                                         (Est. - 1) Two-Tailed
                    Estimate       S.E.     / S.E.    P-Value

Latent Class 1 Compared to Latent Class 2

 POS_1B
    Category > 1       0.000      0.000    999.000    999.000
 POS_3B
    Category > 1       0.055      0.036    -25.923      0.000
 POS_2B
    Category > 1       0.026      0.015    -63.909      0.000
 POS_4B
    Category > 1       0.152      0.042    -20.192      0.000
 SEL_5B
    Category > 1      14.937      9.239      1.508      0.131
 SEL_2B
    Category > 1      20.515     11.923      1.637      0.102
 SEL_1B
    Category > 1       4.557      1.270      2.801      0.005

Latent Class 1 Compared to Latent Class 3

 POS_1B
    Category > 1       0.000      0.000    999.000    999.000
 POS_3B
    Category > 1       0.004      0.003   -385.753      0.000
 POS_2B
    Category > 1       0.010      0.005   -194.667      0.000
 POS_4B
    Category > 1       0.019      0.009   -110.119      0.000
 SEL_5B
    Category > 1       0.030      0.028    -34.377      0.000
 SEL_2B
    Category > 1       0.098      0.055    -16.493      0.000
 SEL_1B
    Category > 1       0.148      0.040    -21.468      0.000

Latent Class 1 Compared to Latent Class 4

 POS_1B
    Category > 1       0.000      0.000  *********      0.000
 POS_3B
    Category > 1       0.101      0.066    -13.716      0.000
 POS_2B
    Category > 1       0.579      0.317     -1.329      0.184
 POS_4B
    Category > 1       1.963      0.930      1.036      0.300
 SEL_5B
    Category > 1       0.381      0.251     -2.470      0.014
 SEL_2B
    Category > 1       0.721      0.394     -0.708      0.479
 SEL_1B
    Category > 1       0.409      0.120     -4.938      0.000

Latent Class 1 Compared to Latent Class 5

 POS_1B
    Category > 1       0.000      0.000    999.000    999.000
 POS_3B
    Category > 1       1.267      0.795      0.336      0.737
 POS_2B
    Category > 1       5.697      3.657      1.284      0.199
 POS_4B
    Category > 1       4.213      1.511      2.127      0.033
 SEL_5B
    Category > 1      40.582     23.531      1.682      0.093
 SEL_2B
    Category > 1     532.749   1014.308      0.524      0.600
 SEL_1B
    Category > 1      10.501      3.071      3.094      0.002

Latent Class 2 Compared to Latent Class 3

 POS_1B
    Category > 1       0.059      0.019    -48.417      0.000
 POS_3B
    Category > 1       0.067      0.035    -26.971      0.000
 POS_2B
    Category > 1       0.375      0.157     -3.980      0.000
 POS_4B
    Category > 1       0.122      0.053    -16.437      0.000
 SEL_5B
    Category > 1       0.002      0.001   -720.567      0.000
 SEL_2B
    Category > 1       0.005      0.001   -715.236      0.000
 SEL_1B
    Category > 1       0.032      0.005   -178.205      0.000

Latent Class 2 Compared to Latent Class 4

 POS_1B
    Category > 1       0.003      0.534     -1.868      0.062
 POS_3B
    Category > 1       1.855      0.753      1.135      0.256
 POS_2B
    Category > 1      21.891     11.805      1.770      0.077
 POS_4B
    Category > 1      12.874      5.694      2.085      0.037
 SEL_5B
    Category > 1       0.026      0.009   -105.022      0.000
 SEL_2B
    Category > 1       0.035      0.012    -81.391      0.000
 SEL_1B
    Category > 1       0.090      0.021    -44.141      0.000

Latent Class 2 Compared to Latent Class 5

 POS_1B
    Category > 1      10.175      2.447      3.750      0.000
 POS_3B
    Category > 1      23.222      7.434      2.989      0.003
 POS_2B
    Category > 1     215.542    119.452      1.796      0.072
 POS_4B
    Category > 1      27.637      7.910      3.368      0.001
 SEL_5B
    Category > 1       2.717      0.782      2.195      0.028
 SEL_2B
    Category > 1      25.968     51.292      0.487      0.626
 SEL_1B
    Category > 1       2.304      0.513      2.544      0.011

Latent Class 3 Compared to Latent Class 4

 POS_1B
    Category > 1       0.057      9.065     -0.104      0.917
 POS_3B
    Category > 1      27.827     12.952      2.071      0.038
 POS_2B
    Category > 1      58.413     24.999      2.297      0.022
 POS_4B
    Category > 1     105.578     59.410      1.760      0.078
 SEL_5B
    Category > 1      12.803      9.801      1.204      0.228
 SEL_2B
    Category > 1       7.379      2.539      2.512      0.012
 SEL_1B
    Category > 1       2.773      0.633      2.798      0.005

Latent Class 3 Compared to Latent Class 5

 POS_1B
    Category > 1     172.883     55.410      3.102      0.002
 POS_3B
    Category > 1     348.426    149.996      2.316      0.021
 POS_2B
    Category > 1     575.133    310.709      1.848      0.065
 POS_4B
    Category > 1     226.655    122.415      1.843      0.065
 SEL_5B
    Category > 1    1363.304   1038.022      1.312      0.189
 SEL_2B
    Category > 1    5449.827  10692.340      0.510      0.610
 SEL_1B
    Category > 1      71.164     13.905      5.046      0.000

Latent Class 4 Compared to Latent Class 5

 POS_1B
    Category > 1    3054.477  *********      0.006      0.995
 POS_3B
    Category > 1      12.521      3.569      3.228      0.001
 POS_2B
    Category > 1       9.846      5.758      1.536      0.124
 POS_4B
    Category > 1       2.147      1.032      1.111      0.267
 SEL_5B
    Category > 1     106.482     42.781      2.466      0.014
 SEL_2B
    Category > 1     738.549   1444.883      0.510      0.610
 SEL_1B
    Category > 1      25.668      6.293      3.920      0.000


QUALITY OF NUMERICAL RESULTS

     Condition Number for the Information Matrix              0.425E-07
       (ratio of smallest to largest eigenvalue)


PLOT INFORMATION

The following plots are available:

  Histograms (sample values)
  Scatterplots (sample values)
  Sample proportions and estimated probabilities

     Beginning Time:  14:37:34
        Ending Time:  14:37:38
       Elapsed Time:  00:00:04



MUTHEN & MUTHEN
3463 Stoner Ave.
Los Angeles, CA  90066

Tel: (310) 391-9971
Fax: (310) 391-8971
Web: www.StatModel.com
Support: Support@StatModel.com

Copyright (c) 1998-2019 Muthen & Muthen
