Mplus VERSION 8.3 (Mac)
MUTHEN & MUTHEN
02/05/2020   7:53 PM

INPUT INSTRUCTIONS

  TITLE:
  model00_basic__ICC_mlca
  DATA:
  FILE = "/Users/agarber/Desktop/multi_level_lca/mlca_mplus/model00_basic.dat";

  VARIABLE:
  NAMES = pop source level d_middle d_high distcode schlcode postcode grade gender
       d_female race i1 i2 i3 i4 i5 i6 i7 i8 i9 i10 i11 i12 i13 i14 i15 i16 i17 i18
       i19 i20 i21 i22 i23 i24 i25 i26 i27 i28 i29 i30 i31 i32 i33 i34 i35 i36 i37 i38
       i39 i40 pun_1 pos_1 sel_1 pun_2 pos_2 sel_2 pun_3 pos_3 sel_3 pun_4 pos_4 sel_4
       pun_5 pos_5 sel_5 i9rev i14rev i24rev i27rev ii1rev ii4rev ii7rev ii10rev
       ii13rev pos_1b pos_3b pos_2b pos_4b sel_5b sel_2b sel_1b;
   MISSING=.;
   usevar = pos_1 pos_3 pos_2 pos_4 sel_5 sel_2 sel_1; !pos_1b-sel_1b;

       cluster = schlcode;
       within = pos_1 pos_3 pos_2 pos_4 sel_5 sel_2 sel_1;
  ANALYSIS:
  estimator = mlr;
      type = basic twolevel; ! ask for ICC curves
      processors = 10;
  OUTPUT:
  sampstat;



*** WARNING
  Data set contains cases with missing on all variables.
  These cases were not included in the analysis.
  Number of cases with missing on all variables:  4
   1 WARNING(S) FOUND IN THE INPUT INSTRUCTIONS




model00_basic__ICC_mlca

SUMMARY OF ANALYSIS

Number of groups                                                 1
Number of observations                                        5087

Number of dependent variables                                    7
Number of independent variables                                  0
Number of continuous latent variables                            0

Observed dependent variables

  Continuous
   POS_1       POS_3       POS_2       POS_4       SEL_5       SEL_2
   SEL_1

Variables with special functions

  Cluster variable      SCHLCODE

  Within variables
   POS_1       POS_3       POS_2       POS_4       SEL_5       SEL_2
   SEL_1


Estimator                                                      MLR
Information matrix                                        OBSERVED
Maximum number of iterations                                   100
Convergence criterion                                    0.100D-05
Maximum number of EM iterations                                500
Convergence criteria for the EM algorithm
  Loglikelihood change                                   0.100D-02
  Relative loglikelihood change                          0.100D-05
  Derivative                                             0.100D-03
Minimum variance                                         0.100D-03
Maximum number of steepest descent iterations                   20
Maximum number of iterations for H1                           2000
Convergence criterion for H1                             0.100D-03
Optimization algorithm                                         EMA

Input data file(s)
  /Users/agarber/Desktop/multi_level_lca/mlca_mplus/model00_basic.dat
Input data format  FREE


SUMMARY OF DATA

     Number of missing data patterns             1
     Number of clusters                        130

       Size (s)    Cluster ID with Size s

         10        565 4055
         13        4040
         14        246 760
         15        362
         16        420 456
         17        753 410
         19        250 180 638 658
         21        352
         22        476 124 260
         23        358
         24        752 432 356
         25        756 132 266
         26        668 128 244
         27        276
         28        28 256 724 782 418
         29        642 156 130 11 584
         30        640
         31        23 14
         32        151 332 318
         33        32 274 330 324 264 314
         34        730 270 733
         35        761 634 110
         36        248 660 673 632
         37        669 271 766
         38        721 662 779
         39        252 20 16
         40        290 675 24 422
         41        310 112
         42        321 294
         43        412 242 320
         44        282 374 672 635 10 712 710
         45        326
         46        240 474 280 722
         47        720 334 21
         48        759
         49        664 780
         50        178 190 775 764
         51        372 339 350 644
         52        312
         53        322 646
         55        194
         56        292 427
         57        327 636 665 392 176
         59        170
         61        678
         63        254
         65        390
         69        470 17
         74        376 196 394
         75        726
         78        18
         89        648

     Average cluster size       39.131

     Estimated Intraclass Correlations for the Y Variables

                Intraclass              Intraclass              Intraclass
     Variable  Correlation   Variable  Correlation   Variable  Correlation

     POS_1        0.000      POS_3        0.000      POS_2        0.000
     POS_4        0.000      SEL_5        0.000      SEL_2        0.000
     SEL_1        0.000



SUMMARY OF MISSING DATA PATTERNS


     MISSING DATA PATTERNS (x = not missing)

           1
 POS_1     x
 POS_3     x
 POS_2     x
 POS_4     x
 SEL_5     x
 SEL_2     x
 SEL_1     x


     MISSING DATA PATTERN FREQUENCIES

    Pattern   Frequency
          1        5087


COVARIANCE COVERAGE OF DATA

Minimum covariance coverage value   0.100


     PROPORTION OF DATA PRESENT


           Covariance Coverage
              POS_1         POS_3         POS_2         POS_4         SEL_5
              ________      ________      ________      ________      ________
 POS_1          1.000
 POS_3          1.000         1.000
 POS_2          1.000         1.000         1.000
 POS_4          1.000         1.000         1.000         1.000
 SEL_5          1.000         1.000         1.000         1.000         1.000
 SEL_2          1.000         1.000         1.000         1.000         1.000
 SEL_1          1.000         1.000         1.000         1.000         1.000


           Covariance Coverage
              SEL_2         SEL_1
              ________      ________
 SEL_2          1.000
 SEL_1          1.000         1.000





RESULTS FOR BASIC ANALYSIS

NOTE:  The sample statistics for within and between refer to the
       maximum-likelihood estimated within and between covariance
       matrices, respectively.


     ESTIMATED SAMPLE STATISTICS FOR WITHIN


           Means
              POS_1         POS_3         POS_2         POS_4         SEL_5
              ________      ________      ________      ________      ________
                3.194         3.212         3.020         2.984         3.059


           Means
              SEL_2         SEL_1
              ________      ________
                2.987         3.066


           Covariances
              POS_1         POS_3         POS_2         POS_4         SEL_5
              ________      ________      ________      ________      ________
 POS_1          0.319
 POS_3          0.202         0.288
 POS_2          0.199         0.190         0.405
 POS_4          0.202         0.205         0.296         0.487
 SEL_5          0.170         0.171         0.152         0.187         0.344
 SEL_2          0.179         0.180         0.176         0.198         0.269
 SEL_1          0.190         0.173         0.160         0.188         0.240


           Covariances
              SEL_2         SEL_1
              ________      ________
 SEL_2          0.373
 SEL_1          0.255         0.416


           Correlations
              POS_1         POS_3         POS_2         POS_4         SEL_5
              ________      ________      ________      ________      ________
 POS_1          1.000
 POS_3          0.666         1.000
 POS_2          0.553         0.557         1.000
 POS_4          0.513         0.548         0.666         1.000
 SEL_5          0.512         0.543         0.408         0.456         1.000
 SEL_2          0.519         0.551         0.453         0.464         0.750
 SEL_1          0.523         0.500         0.390         0.417         0.633


           Correlations
              SEL_2         SEL_1
              ________      ________
 SEL_2          1.000
 SEL_1          0.647         1.000


     ESTIMATED SAMPLE STATISTICS FOR BETWEEN


           Means
              POS_1         POS_3         POS_2         POS_4         SEL_5
              ________      ________      ________      ________      ________
                0.000         0.000         0.000         0.000         0.000


           Means
              SEL_2         SEL_1
              ________      ________
                0.000         0.000


           Covariances
              POS_1         POS_3         POS_2         POS_4         SEL_5
              ________      ________      ________      ________      ________
 POS_1          0.000
 POS_3          0.000         0.000
 POS_2          0.000         0.000         0.000
 POS_4          0.000         0.000         0.000         0.000
 SEL_5          0.000         0.000         0.000         0.000         0.000
 SEL_2          0.000         0.000         0.000         0.000         0.000
 SEL_1          0.000         0.000         0.000         0.000         0.000


           Covariances
              SEL_2         SEL_1
              ________      ________
 SEL_2          0.000
 SEL_1          0.000         0.000


           Correlations
              POS_1         POS_3         POS_2         POS_4         SEL_5
              ________      ________      ________      ________      ________
 POS_1          0.000
 POS_3          0.000         0.000
 POS_2          0.000         0.000         0.000
 POS_4          0.000         0.000         0.000         0.000
 SEL_5          0.000         0.000         0.000         0.000         0.000
 SEL_2          0.000         0.000         0.000         0.000         0.000
 SEL_1          0.000         0.000         0.000         0.000         0.000


           Correlations
              SEL_2         SEL_1
              ________      ________
 SEL_2          0.000
 SEL_1          0.000         0.000


     MAXIMUM LOG-LIKELIHOOD VALUE FOR THE UNRESTRICTED (H1) MODEL IS -23219.460


UNIVARIATE SAMPLE STATISTICS


     UNIVARIATE HIGHER-ORDER MOMENT DESCRIPTIVE STATISTICS

         Variable/         Mean/     Skewness/   Minimum/ % with                Percentiles
        Sample Size      Variance    Kurtosis    Maximum  Min/Max      20%/60%    40%/80%    Median

     POS_1                 3.194      -0.073       1.000    0.24%       3.000      3.000      3.000
            5087.000       0.319       0.161       4.000   27.30%       3.000      4.000
     POS_3                 3.212       0.057       1.000    0.18%       3.000      3.000      3.000
            5087.000       0.288       0.224       4.000   27.03%       3.000      4.000
     POS_2                 3.020      -0.246       1.000    0.98%       3.000      3.000      3.000
            5087.000       0.405       0.218       4.000   20.27%       3.000      4.000
     POS_4                 2.984      -0.308       1.000    1.87%       2.000      3.000      3.000
            5087.000       0.487      -0.032       4.000   21.70%       3.000      4.000
     SEL_5                 3.059      -0.268       1.000    0.86%       3.000      3.000      3.000
            5087.000       0.344       0.855       4.000   19.50%       3.000      3.000
     SEL_2                 2.987      -0.247       1.000    0.96%       3.000      3.000      3.000
            5087.000       0.373       0.494       4.000   17.00%       3.000      3.000
     SEL_1                 3.066      -0.418       1.000    1.59%       3.000      3.000      3.000
            5087.000       0.416       0.638       4.000   22.74%       3.000      4.000


     Beginning Time:  19:53:57
        Ending Time:  19:53:58
       Elapsed Time:  00:00:01



MUTHEN & MUTHEN
3463 Stoner Ave.
Los Angeles, CA  90066

Tel: (310) 391-9971
Fax: (310) 391-8971
Web: www.StatModel.com
Support: Support@StatModel.com

Copyright (c) 1998-2019 Muthen & Muthen
