Mplus VERSION 8.3 (Mac)
MUTHEN & MUTHEN
02/04/2020  11:51 PM

INPUT INSTRUCTIONS

  TITLE:
  model05_parametric_mlca
  DATA:
  FILE = "/Users/agarber/Desktop/multi_level_lca/mlca_mplus/model05_parametric.dat";

  VARIABLE:
  NAMES = pop source level d_middle d_high distcode schlcode postcode grade gender
       d_female race i1 i2 i3 i4 i5 i6 i7 i8 i9 i10 i11 i12 i13 i14 i15 i16 i17 i18
       i19 i20 i21 i22 i23 i24 i25 i26 i27 i28 i29 i30 i31 i32 i33 i34 i35 i36 i37 i38
       i39 i40 pun_1 pos_1 sel_1 pun_2 pos_2 sel_2 pun_3 pos_3 sel_3 pun_4 pos_4 sel_4
       pun_5 pos_5 sel_5 i9rev i14rev i24rev i27rev ii1rev ii4rev ii7rev ii10rev
       ii13rev pos_1b pos_3b pos_2b pos_4b sel_5b sel_2b sel_1b;
   MISSING=.;
   usevar = pos_1b-sel_1b;
       categorical = pos_1b-sel_1b;
       classes = c(4);

       cluster = schlcode;
  ANALYSIS:
  estimator = mlr;
      type = mixture twolevel;
      starts = 20 10;
      processors = 10;
  MODEL:
  %WITHIN%
       %OVERALL%

       %BETWEEN%
       %OVERALL%
       FU by pos_1b-sel_1b;
       [FU@0];
       FC BY C#1 C#2;
       FC WITH FU;

       %C#1%
       [pos_1b$1-sel_1b$1];
       %C#2%
       [pos_1b$1-sel_1b$1];
       %C#3%
       [pos_1b$1-sel_1b$1];
       %C#4%
       [pos_1b$1-sel_1b$1];
  OUTPUT:
  TECH8;
  PLOT:
  type = plot3;
      series = pos_1b-sel_1b(*);



*** WARNING
  One or more individual-level variables have no variation within a
  cluster for the following clusters.

     Variable   Cluster IDs with no within-cluster variation

      POS_1B      4055 246 456 410 638 124 260 132 668 128 244 28 256 724 11 640 14 318 330 324
                  314 270 733 271 721 662 20 422 112 242 320 672 10 710 240 722 334 21 339 312
                  322 170 254
      POS_3B      4055 4040 246 420 456 753 410 180 638 658 352 124 260 358 132 668 128 244 28
                  256 642 11 584 640 23 14 151 332 318 32 330 324 264 314 733 761 634 660 271
                  721 662 20 675 422 112 412 242 320 672 10 712 710 240 722 334 21 350 312 322
                  254
      POS_2B      4055 246 456 753 260 128 256 156 584 640 151 330 314 271 662 712 720 21 759
      POS_4B      246 753 410 180 124 132 266 668 128 640 14 151 330 324 314 761 634 110 271 721
                  662 112 242 672 712 720 334 759 254
      SEL_5B      246 456 753 410 638 658 124 358 432 356 668 128 28 130 640 332 32 324 270 660
                  673 271 721 252 20 422 242 672 712 326 722 334 322
      SEL_2B      246 753 410 250 638 124 432 132 668 128 28 130 640 14 270 271 721 422 712
      SEL_1B      4055 246 410 250 638 124 432 128 28 640 14 332 270 271 721 20 310 242 10 722
                  334 759 636

*** WARNING
  Data set contains cases with missing on all variables.
  These cases were not included in the analysis.
  Number of cases with missing on all variables:  4
   2 WARNING(S) FOUND IN THE INPUT INSTRUCTIONS




model05_parametric_mlca

SUMMARY OF ANALYSIS

Number of groups                                                 1
Number of observations                                        5087

Number of dependent variables                                    7
Number of independent variables                                  0
Number of continuous latent variables                            2
Number of categorical latent variables                           1

Observed dependent variables

  Binary and ordered categorical (ordinal)
   POS_1B      POS_3B      POS_2B      POS_4B      SEL_5B      SEL_2B
   SEL_1B

Continuous latent variables
   FU          FC

Categorical latent variables
   C

Variables with special functions

  Cluster variable      SCHLCODE

Estimator                                                      MLR
Information matrix                                        OBSERVED
Optimization Specifications for the Quasi-Newton Algorithm for
Continuous Outcomes
  Maximum number of iterations                                 100
  Convergence criterion                                  0.100D-05
Optimization Specifications for the EM Algorithm
  Maximum number of iterations                                 500
  Convergence criteria
    Loglikelihood change                                 0.100D-02
    Relative loglikelihood change                        0.100D-05
    Derivative                                           0.100D-02
Optimization Specifications for the M step of the EM Algorithm for
Categorical Latent variables
  Number of M step iterations                                    1
  M step convergence criterion                           0.100D-02
  Basis for M step termination                           ITERATION
Optimization Specifications for the M step of the EM Algorithm for
Censored, Binary or Ordered Categorical (Ordinal), Unordered
Categorical (Nominal) and Count Outcomes
  Number of M step iterations                                    1
  M step convergence criterion                           0.100D-02
  Basis for M step termination                           ITERATION
  Maximum value for logit thresholds                            15
  Minimum value for logit thresholds                           -15
  Minimum expected cell size for chi-square              0.100D-01
Maximum number of iterations for H1                           2000
Convergence criterion for H1                             0.100D-03
Optimization algorithm                                         EMA
Integration Specifications
  Type                                                    STANDARD
  Number of integration points                                  15
  Dimensions of numerical integration                            2
  Adaptive quadrature                                           ON
Random Starts Specifications
  Number of initial stage random starts                         20
  Number of final stage optimizations                           10
  Number of initial stage iterations                            10
  Initial stage convergence criterion                    0.100D+01
  Random starts scale                                    0.500D+01
  Random seed for generating random starts                       0
Link                                                         LOGIT
Cholesky                                                        ON

Input data file(s)
  /Users/agarber/Desktop/multi_level_lca/mlca_mplus/model05_parametric.dat
Input data format  FREE


SUMMARY OF DATA

     Number of missing data patterns             1
     Number of y missing data patterns           0
     Number of u missing data patterns           1
     Number of clusters                        130



COVARIANCE COVERAGE OF DATA

Minimum covariance coverage value   0.100


UNIVARIATE PROPORTIONS AND COUNTS FOR CATEGORICAL VARIABLES

    POS_1B
      Category 1    0.076          389.000
      Category 2    0.924         4698.000
    POS_3B
      Category 1    0.057          290.000
      Category 2    0.943         4797.000
    POS_2B
      Category 1    0.173          880.000
      Category 2    0.827         4207.000
    POS_4B
      Category 1    0.214         1090.000
      Category 2    0.786         3997.000
    SEL_5B
      Category 1    0.127          646.000
      Category 2    0.873         4441.000
    SEL_2B
      Category 1    0.174          884.000
      Category 2    0.826         4203.000
    SEL_1B
      Category 1    0.145          740.000
      Category 2    0.855         4347.000


RANDOM STARTS RESULTS RANKED FROM THE BEST TO THE WORST LOGLIKELIHOOD VALUES

Final stage loglikelihood values at local maxima, seeds, and initial stage start numbers:

           -9834.042  573096           20
           -9845.748  27071            15
           -9894.228  462953           7
           -9894.232  68985            17
           -9895.271  650371           14
           -9924.530  533738           11
           -9963.377  608496           4
           -9980.749  unperturbed      0
          -10223.057  415931           10

1 perturbed starting value run(s) did not converge.



     WARNING:  THE BEST LOGLIKELIHOOD VALUE WAS NOT REPLICATED.  THE
     SOLUTION MAY NOT BE TRUSTWORTHY DUE TO LOCAL MAXIMA.  INCREASE THE
     NUMBER OF RANDOM STARTS.


THE MODEL ESTIMATION TERMINATED NORMALLY



MODEL FIT INFORMATION

Number of Free Parameters                       41

Loglikelihood

          H0 Value                       -9834.042
          H0 Scaling Correction Factor      1.3584
            for MLR

Information Criteria

          Akaike (AIC)                   19750.085
          Bayesian (BIC)                 20017.997
          Sample-Size Adjusted BIC       19887.713
            (n* = (n + 2) / 24)



FINAL CLASS COUNTS AND PROPORTIONS FOR THE LATENT CLASSES
BASED ON ESTIMATED POSTERIOR PROBABILITIES

    Latent
   Classes

       1        340.02440          0.06684
       2       3309.40969          0.65056
       3        534.43488          0.10506
       4        903.13103          0.17754


FINAL CLASS COUNTS AND PROPORTIONS FOR THE LATENT CLASSES
BASED ON THEIR MOST LIKELY LATENT CLASS MEMBERSHIP

Class Counts and Proportions

    Latent
   Classes

       1              337          0.06625
       2             3448          0.67781
       3              503          0.09888
       4              799          0.15707


CLASSIFICATION QUALITY

     Entropy                         0.794


Average Latent Class Probabilities for Most Likely Latent Class Membership (Row)
by Latent Class (Column)

           1        2        3        4

    1   0.885    0.000    0.081    0.034
    2   0.000    0.931    0.011    0.058
    3   0.054    0.035    0.819    0.092
    4   0.019    0.103    0.071    0.807


Classification Probabilities for the Most Likely Latent Class Membership (Column)
by Latent Class (Row)

           1        2        3        4

    1   0.877    0.000    0.079    0.044
    2   0.000    0.970    0.005    0.025
    3   0.051    0.071    0.771    0.106
    4   0.013    0.222    0.051    0.714


Logits for the Classification Probabilities for the Most Likely Latent Class Membership (Column)
by Latent Class (Row)

              1        2        3        4

    1      3.001   -6.293    0.596    0.000
    2    -10.125    3.659   -1.551    0.000
    3     -0.726   -0.398    1.983    0.000
    4     -4.040   -1.168   -2.632    0.000


MODEL RESULTS

                                                    Two-Tailed
                    Estimate       S.E.  Est./S.E.    P-Value

Within Level

Between Level

Latent Class 1

 FU       BY
    POS_1B             1.000      0.000    999.000    999.000
    POS_3B            -7.108     12.439     -0.571      0.568
    POS_2B           -77.408     86.916     -0.891      0.373
    POS_4B           -65.756     73.207     -0.898      0.369
    SEL_5B            18.828     21.947      0.858      0.391
    SEL_2B            17.001     19.306      0.881      0.379
    SEL_1B            12.941     14.147      0.915      0.360

 FC       BY
    C#1                1.000      0.000    999.000    999.000
    C#2               -0.877      0.166     -5.296      0.000

 FC       WITH
    FU                 0.005      0.007      0.725      0.468

 Means
    FU                 0.000      0.000    999.000    999.000

 Thresholds
    POS_1B$1           0.431      0.290      1.485      0.138
    POS_3B$1           0.049      0.227      0.213      0.831
    POS_2B$1           1.896      0.399      4.753      0.000
    POS_4B$1           1.603      0.300      5.338      0.000
    SEL_5B$1           1.575      0.200      7.859      0.000
    SEL_2B$1           2.758      0.395      6.983      0.000
    SEL_1B$1           1.031      0.181      5.682      0.000

 Variances
    FU                 0.000      0.001      0.456      0.648
    FC                 2.385      0.890      2.680      0.007

Latent Class 2

 FU       BY
    POS_1B             1.000      0.000    999.000    999.000
    POS_3B            -7.108     12.439     -0.571      0.568
    POS_2B           -77.408     86.916     -0.891      0.373
    POS_4B           -65.756     73.207     -0.898      0.369
    SEL_5B            18.828     21.947      0.858      0.391
    SEL_2B            17.001     19.306      0.881      0.379
    SEL_1B            12.941     14.147      0.915      0.360

 FC       BY
    C#1                1.000      0.000    999.000    999.000
    C#2               -0.877      0.166     -5.296      0.000

 FC       WITH
    FU                 0.005      0.007      0.725      0.468

 Means
    FU                 0.000      0.000    999.000    999.000

 Thresholds
    POS_1B$1          -5.833      0.634     -9.193      0.000
    POS_3B$1          -7.314      1.100     -6.646      0.000
    POS_2B$1          -4.337      0.251    -17.265      0.000
    POS_4B$1          -4.179      0.363    -11.503      0.000
    SEL_5B$1          -6.131      0.675     -9.085      0.000
    SEL_2B$1          -4.514      0.356    -12.689      0.000
    SEL_1B$1          -3.655      0.234    -15.615      0.000

 Variances
    FU                 0.000      0.001      0.456      0.648
    FC                 2.385      0.890      2.680      0.007

Latent Class 3

 FU       BY
    POS_1B             1.000      0.000    999.000    999.000
    POS_3B            -7.108     12.439     -0.571      0.568
    POS_2B           -77.408     86.916     -0.891      0.373
    POS_4B           -65.756     73.207     -0.898      0.369
    SEL_5B            18.828     21.947      0.858      0.391
    SEL_2B            17.001     19.306      0.881      0.379
    SEL_1B            12.941     14.147      0.915      0.360

 FC       BY
    C#1                1.000      0.000    999.000    999.000
    C#2               -0.877      0.166     -5.296      0.000

 FC       WITH
    FU                 0.005      0.007      0.725      0.468

 Means
    FU                 0.000      0.000    999.000    999.000

 Thresholds
    POS_1B$1          -2.587      0.291     -8.897      0.000
    POS_3B$1          -3.876      0.505     -7.681      0.000
    POS_2B$1          -2.615      0.548     -4.772      0.000
    POS_4B$1          -1.249      0.293     -4.268      0.000
    SEL_5B$1           0.552      0.222      2.492      0.013
    SEL_2B$1           1.305      0.329      3.971      0.000
    SEL_1B$1           0.149      0.165      0.905      0.365

 Variances
    FU                 0.000      0.001      0.456      0.648
    FC                 2.385      0.890      2.680      0.007

Latent Class 4

 FU       BY
    POS_1B             1.000      0.000    999.000    999.000
    POS_3B            -7.108     12.439     -0.571      0.568
    POS_2B           -77.408     86.916     -0.891      0.373
    POS_4B           -65.756     73.207     -0.898      0.369
    SEL_5B            18.828     21.947      0.858      0.391
    SEL_2B            17.001     19.306      0.881      0.379
    SEL_1B            12.941     14.147      0.915      0.360

 FC       BY
    C#1                1.000      0.000    999.000    999.000
    C#2               -0.877      0.166     -5.296      0.000

 FC       WITH
    FU                 0.005      0.007      0.725      0.468

 Means
    FU                 0.000      0.000    999.000    999.000

 Thresholds
    POS_1B$1          -1.721      0.188     -9.149      0.000
    POS_3B$1          -2.149      0.238     -9.019      0.000
    POS_2B$1          -0.582      0.238     -2.448      0.014
    POS_4B$1           0.345      0.229      1.505      0.132
    SEL_5B$1          -3.270      0.449     -7.287      0.000
    SEL_2B$1          -1.922      0.205     -9.388      0.000
    SEL_1B$1          -1.792      0.179     -9.982      0.000

 Variances
    FU                 0.000      0.001      0.456      0.648
    FC                 2.385      0.890      2.680      0.007

Categorical Latent Variables

Within Level

 Intercepts
    C#1               -2.503      0.412     -6.078      0.000
    C#2                1.687      0.211      8.011      0.000
    C#3               -0.525      0.264     -1.984      0.047

Between Level


QUALITY OF NUMERICAL RESULTS

     Condition Number for the Information Matrix              0.256E-08
       (ratio of smallest to largest eigenvalue)


TECHNICAL 8 OUTPUT


  INITIAL STAGE ITERATIONS


  TECHNICAL 8 OUTPUT FOR UNPERTURBED STARTING VALUE SET


  ITER  LOGLIKELIHOOD    ABS CHANGE   REL CHANGE      CLASS COUNTS    ALGORITHM
     1 -0.11876793D+05    0.0000000    0.0000000   1577.970  1232.988    EM
                                                   1151.197  1124.845
     2 -0.10903333D+05  973.4600166    0.0819632   1758.416  1160.116    EM
                                                   1093.870  1074.598
     3 -0.10544526D+05  358.8073941    0.0329080   1863.224  1136.845    EM
                                                   1068.959  1017.972
     4 -0.10380689D+05  163.8374719    0.0155377   1911.453  1132.846    EM
                                                   1055.420   987.280
     5 -0.10286160D+05   94.5281232    0.0091062   1930.858  1150.840    EM
                                                   1038.603   966.699
     6 -0.10213444D+05   72.7161634    0.0070693   1928.754  1191.070    EM
                                                   1017.746   949.430
     7 -0.10151964D+05   61.4804525    0.0060196   1907.948  1244.990    EM
                                                   1000.981   933.082
     8 -0.10105846D+05   46.1175189    0.0045427   1883.004  1289.913    EM
                                                    997.170   916.912
     9 -0.10077776D+05   28.0700420    0.0027776   1871.291  1308.831    EM
                                                   1005.746   901.131
    10 -0.10062082D+05   15.6940678    0.0015573   1876.223  1303.261    EM
                                                   1021.201   886.315


  TECHNICAL 8 OUTPUT FOR STARTING VALUE SET 1


  ITER  LOGLIKELIHOOD    ABS CHANGE   REL CHANGE      CLASS COUNTS    ALGORITHM
     1 -0.33777087D+05    0.0000000    0.0000000    105.384   580.102    EM
                                                   1324.855  3076.659
     2 -0.12252553D+05 ************    0.6372525    548.857   865.572    EM
                                                    951.221  2721.350
     3 -0.10525392D+05 1727.1611533    0.1409634    676.644  1036.822    EM
                                                    838.762  2534.773
     4 -0.10365364D+05  160.0279666    0.0152040    746.483   921.482    EM
                                                    838.540  2580.495
     5 -0.10305189D+05   60.1753681    0.0058054    789.230   775.902    EM
                                                    848.351  2673.517
     6 -0.10261341D+05   43.8475235    0.0042549    820.297   664.949    EM
                                                    849.271  2752.483
     7 -0.10229352D+05   31.9892650    0.0031175    842.324   617.936    EM
                                                    834.760  2791.980
     8 -0.10204183D+05   25.1689380    0.0024605    858.993   568.688    EM
                                                    828.984  2830.334
     9 -0.10186369D+05   17.8141717    0.0017458    870.657   542.630    EM
                                                    818.917  2854.796
    10 -0.10176238D+05   10.1312775    0.0009946    878.771   532.331    EM
                                                    804.676  2871.223


  TECHNICAL 8 OUTPUT FOR STARTING VALUE SET 2


  ITER  LOGLIKELIHOOD    ABS CHANGE   REL CHANGE      CLASS COUNTS    ALGORITHM
     1 -0.25740966D+05    0.0000000    0.0000000      8.216  1356.542    EM
                                                   3265.796   456.445
     2 -0.14853088D+05 ************    0.4229786    107.913  1229.614    EM
                                                   3213.198   536.275
     3 -0.12591204D+05 2261.8840476    0.1522838     47.954  1099.183    EM
                                                   3388.211   551.652
     4 -0.11324089D+05 1267.1149188    0.1006349     44.133  1052.071    EM
                                                   3385.604   605.191
     5 -0.11209598D+05  114.4902629    0.0101103     41.087  1052.367    EM
                                                   3353.934   639.613
     6 -0.11059976D+05  149.6229097    0.0133477     85.387  1115.628    EM
                                                   3234.379   651.605
     7 -0.10847481D+05  212.4948509    0.0192130    229.922   891.594    EM
                                                   3266.091   699.393
     8 -0.10613178D+05  234.3025940    0.0215997    327.295   827.989    EM
                                                   3224.547   707.169
     9 -0.10543657D+05   69.5207954    0.0065504    392.852   813.419    EM
                                                   3174.586   706.143
    10 -0.10488943D+05   54.7141363    0.0051893    450.184   775.139    EM
                                                   3163.000   698.677


  FINAL STAGE ITERATIONS


  TECHNICAL 8 OUTPUT FOR UNPERTURBED STARTING VALUE SET




  ITER  LOGLIKELIHOOD    ABS CHANGE   REL CHANGE      CLASS COUNTS    ALGORITHM
     1 -0.11876793D+05    0.0000000    0.0000000   1577.970  1232.988    EM
                                                   1151.197  1124.845
     2 -0.10903333D+05  973.4600166    0.0819632   1758.416  1160.116    EM
                                                   1093.870  1074.598
     3 -0.10544526D+05  358.8073941    0.0329080   1863.224  1136.845    EM
                                                   1068.959  1017.972
     4 -0.10380689D+05  163.8374719    0.0155377   1911.453  1132.846    EM
                                                   1055.420   987.280
     5 -0.10286160D+05   94.5281232    0.0091062   1930.858  1150.840    EM
                                                   1038.603   966.699
     6 -0.10213444D+05   72.7161634    0.0070693   1928.754  1191.070    EM
                                                   1017.746   949.430
     7 -0.10151964D+05   61.4804525    0.0060196   1907.948  1244.990    EM
                                                   1000.981   933.082
     8 -0.10105846D+05   46.1175189    0.0045427   1883.004  1289.913    EM
                                                    997.170   916.912
     9 -0.10077776D+05   28.0700420    0.0027776   1871.291  1308.831    EM
                                                   1005.746   901.131
    10 -0.10062082D+05   15.6940678    0.0015573   1876.223  1303.261    EM
                                                   1021.201   886.315
    11 -0.10052645D+05    9.4370370    0.0009379   1892.386  1283.042    EM
                                                   1038.747   872.825
    12 -0.10046232D+05    6.4132244    0.0006380   1914.231  1256.562    EM
                                                   1055.453   860.754
    13 -0.10041444D+05    4.7880974    0.0004766   1938.312  1228.756    EM
                                                   1069.878   850.054
    14 -0.10037657D+05    3.7864678    0.0003771   1962.848  1201.983    EM
                                                   1081.547   840.622
    15 -0.10034551D+05    3.1059718    0.0003094   1986.987  1177.154    EM
                                                   1090.515   832.343
    16 -0.10031935D+05    2.6166043    0.0002608   2010.365  1154.460    EM
                                                   1097.069   825.106
    17 -0.10029683D+05    2.2520799    0.0002245   2032.837  1133.795    EM
                                                   1101.565   818.803
    18 -0.10027709D+05    1.9737661    0.0001968   2054.375  1114.950    EM
                                                   1104.344   813.331
    19 -0.10025952D+05    1.7572431    0.0001752   2075.009  1097.694    EM
                                                   1105.697   808.600
    20 -0.10024365D+05    1.5861919    0.0001582   2094.794  1081.819    EM
                                                   1105.866   804.521
    21 -0.10022916D+05    1.4493833    0.0001446   2113.801  1067.135    EM
                                                   1105.046   801.018
    22 -0.10021577D+05    1.3387508    0.0001336   2132.109  1053.478    EM
                                                   1103.391   798.022
    23 -0.10020329D+05    1.2483135    0.0001246   2149.804  1040.699    EM
                                                   1101.026   795.471
    24 -0.10019155D+05    1.1735443    0.0001171   2166.968  1028.669    EM
                                                   1098.050   793.313
    25 -0.10018045D+05    1.1109743    0.0001109   2183.678  1017.276    EM
                                                   1094.546   791.501
    26 -0.10016987D+05    1.0579334    0.0001056   2200.003  1006.419    EM
                                                   1090.582   789.995
    27 -0.10015974D+05    1.0123657    0.0001011   2216.005   996.017    EM
                                                   1086.216   788.763
    28 -0.10015002D+05    0.9726943    0.0000971   2231.732   985.998    EM
                                                   1081.496   787.774
    29 -0.10014064D+05    0.9377168    0.0000936   2247.225   976.304    EM
                                                   1076.467   787.004
    30 -0.10013157D+05    0.9065270    0.0000905   2262.517   966.887    EM
                                                   1071.166   786.430
    31 -0.10012279D+05    0.8784449    0.0000877   2277.631   957.710    EM
                                                   1065.625   786.034
    32 -0.10011426D+05    0.8529642    0.0000852   2292.585   948.742    EM
                                                   1059.875   785.798
    33 -0.10010596D+05    0.8297050    0.0000829   2307.393   939.958    EM
                                                   1053.942   785.707
    34 -0.10009788D+05    0.8083772    0.0000808   2322.063   931.341    EM
                                                   1047.849   785.747
    35 -0.10008999D+05    0.7887492    0.0000788   2336.601   922.876    EM
                                                   1041.617   785.905
    36 -0.10008228D+05    0.7706250    0.0000770   2351.014   914.552    EM
                                                   1035.266   786.168
    37 -0.10007475D+05    0.7538275    0.0000753   2365.299   906.363    EM
                                                   1028.813   786.525
    38 -0.10006736D+05    0.7381746    0.0000738   2379.471   898.292    EM
                                                   1022.272   786.964
    39 -0.10006013D+05    0.7235276    0.0000723   2393.518   890.347    EM
                                                   1015.660   787.476
    40 -0.10005303D+05    0.7096805    0.0000709   2407.443   882.518    EM
                                                   1008.990   788.049
    41 -0.10004607D+05    0.6964723    0.0000696   2421.247   874.802    EM
                                                   1002.276   788.675
    42 -0.10003923D+05    0.6837342    0.0000683   2434.925   867.197    EM
                                                    995.532   789.346
    43 -0.10003252D+05    0.6713083    0.0000671   2448.475   859.703    EM
                                                    988.771   790.052
    44 -0.10002593D+05    0.6590501    0.0000659   2461.892   852.318    EM
                                                    982.005   790.786
    45 -0.10001946D+05    0.6468300    0.0000647   2475.170   845.042    EM
                                                    975.248   791.540
    46 -0.10001311D+05    0.6345345    0.0000634   2488.302   837.876    EM
                                                    968.513   792.309
    47 -0.10000689D+05    0.6220684    0.0000622   2501.282   830.821    EM
                                                    961.812   793.085
    48 -0.10000080D+05    0.6093545    0.0000609   2514.102   823.877    EM
                                                    955.156   793.865
    49 -0.99994835D+04    0.5963370    0.0000596   2526.753   817.046    EM
                                                    948.559   794.642
    50 -0.99989005D+04    0.5829905    0.0000583   2539.226   810.329    EM
                                                    942.032   795.413
    51 -0.99983312D+04    0.5693209    0.0000569   2551.514   803.727    EM
                                                    935.586   796.173
    52 -0.99977759D+04    0.5553395    0.0000555   2563.607   797.242    EM
                                                    929.230   796.921
    53 -0.99972348D+04    0.5410444    0.0000541   2575.498   790.874    EM
                                                    922.975   797.653
    54 -0.99967083D+04    0.5264584    0.0000527   2587.179   784.625    EM
                                                    916.830   798.367
    55 -0.99961967D+04    0.5116781    0.0000512   2598.643   778.494    EM
                                                    910.802   799.061
    56 -0.99956999D+04    0.4968196    0.0000497   2609.884   772.483    EM
                                                    904.898   799.735
    57 -0.99952179D+04    0.4819221    0.0000482   2620.898   766.592    EM
                                                    899.122   800.388
    58 -0.99947510D+04    0.4669580    0.0000467   2631.683   760.819    EM
                                                    893.480   801.018
    59 -0.99942991D+04    0.4518585    0.0000452   2642.228   755.168    EM
                                                    887.978   801.626
    60 -0.99938624D+04    0.4367048    0.0000437   2652.533   749.635    EM
                                                    882.620   802.213
    61 -0.99934407D+04    0.4217065    0.0000422   2662.594   744.219    EM
                                                    877.408   802.779
    62 -0.99930337D+04    0.4070465    0.0000407   2672.413   738.921    EM
                                                    872.343   803.324
    63 -0.99926409D+04    0.3928012    0.0000393   2681.990   733.740    EM
                                                    867.422   803.847
    64 -0.99922619D+04    0.3789541    0.0000379   2691.330   728.675    EM
                                                    862.645   804.349
    65 -0.99886107D+04    3.6511904    0.0003654   2790.050   645.908    QN
                                                    847.252   803.790
    66 -0.99868724D+04    1.7383147    0.0001740   2807.286   636.191    EM
                                                    840.700   802.823
    67 -0.99864231D+04    0.4493248    0.0000450   2820.923   629.039    EM
                                                    834.519   802.519
    68 -0.99860897D+04    0.3333412    0.0000334   2832.317   623.316    EM
                                                    828.778   802.589
    69 -0.99857992D+04    0.2905211    0.0000291   2842.358   618.279    EM
                                                    823.468   802.895
    70 -0.99855355D+04    0.2637239    0.0000264   2851.490   613.627    EM
                                                    818.534   803.348
    71 -0.99852920D+04    0.2434619    0.0000244   2859.949   609.243    EM
                                                    813.923   803.886
    72 -0.99850653D+04    0.2267118    0.0000227   2867.873   605.072    EM
                                                    809.588   804.467
    73 -0.99848531D+04    0.2121998    0.0000213   2875.355   601.084    EM
                                                    805.498   805.064
    74 -0.99846538D+04    0.1992787    0.0000200   2882.459   597.257    EM
                                                    801.624   805.660
    75 -0.99844663D+04    0.1875715    0.0000188   2889.231   593.578    EM
                                                    797.948   806.243
    76 -0.99842894D+04    0.1768338    0.0000177   2895.707   590.034    EM
                                                    794.451   806.808
    77 -0.99841225D+04    0.1668966    0.0000167   2901.914   586.616    EM
                                                    791.121   807.349
    78 -0.99839649D+04    0.1576363    0.0000158   2907.874   583.314    EM
                                                    787.946   807.865
    79 -0.99825628D+04    1.4020743    0.0001404   3006.071   513.632    QN
                                                    754.862   812.435
    80 -0.99820367D+04    0.5261175    0.0000527   3012.647   510.801    EM
                                                    751.916   811.636
    81 -0.99819124D+04    0.1242669    0.0000124   3017.745   508.424    EM
                                                    749.548   811.283
    82 -0.99818169D+04    0.0954877    0.0000096   3022.121   506.220    EM
                                                    747.490   811.169
    83 -0.99817330D+04    0.0839696    0.0000084   3026.057   504.111    EM
                                                    745.633   811.199
    84 -0.99816569D+04    0.0760814    0.0000076   3029.688   502.076    EM
                                                    743.920   811.316
    85 -0.99815872D+04    0.0696521    0.0000070   3033.083   500.114    EM
                                                    742.319   811.484
    86 -0.99815232D+04    0.0640318    0.0000064   3036.283   498.225    EM
                                                    740.810   811.682
    87 -0.99814642D+04    0.0589711    0.0000059   3039.312   496.412    EM
                                                    739.382   811.895
    88 -0.99814099D+04    0.0543519    0.0000054   3042.189   494.671    EM
                                                    738.027   812.114
    89 -0.99813598D+04    0.0501085    0.0000050   3044.926   493.001    EM
                                                    736.739   812.334
    90 -0.99813136D+04    0.0461990    0.0000046   3047.535   491.399    EM
                                                    735.515   812.551
    91 -0.99812710D+04    0.0425925    0.0000043   3050.023   489.863    EM
                                                    734.351   812.763
    92 -0.99812317D+04    0.0392647    0.0000039   3052.399   488.388    EM
                                                    733.244   812.969
    93 -0.99809607D+04    0.2710198    0.0000272   3082.626   466.857    QN
                                                    718.610   818.907
    94 -0.99808689D+04    0.0918172    0.0000092   3083.758   466.573    EM
                                                    718.366   818.303
    95 -0.99808509D+04    0.0179876    0.0000018   3084.687   466.121    EM
                                                    718.285   817.907
    96 -0.99808386D+04    0.0123482    0.0000012   3085.542   465.593    EM
                                                    718.239   817.626
    97 -0.99808286D+04    0.0099231    0.0000010   3086.340   465.052    EM
                                                    718.189   817.419
    98 -0.99808203D+04    0.0083630    0.0000008   3087.098   464.516    EM
                                                    718.121   817.264
    99 -0.99808131D+04    0.0072120    0.0000007   3087.829   463.993    EM
                                                    718.033   817.146
   100 -0.99808067D+04    0.0063109    0.0000006   3088.536   463.484    EM
                                                    717.926   817.055
   101 -0.99808012D+04    0.0055815    0.0000006   3089.223   462.991    EM
                                                    717.802   816.984
   102 -0.99807962D+04    0.0049778    0.0000005   3089.892   462.514    EM
                                                    717.664   816.930
   103 -0.99807917D+04    0.0044697    0.0000004   3090.545   462.052    EM
                                                    717.516   816.888
   104 -0.99807877D+04    0.0040364    0.0000004   3091.181   461.603    EM
                                                    717.360   816.856
   105 -0.99807840D+04    0.0036442    0.0000004   3091.802   461.167    EM
                                                    717.198   816.833
   106 -0.99807807D+04    0.0033569    0.0000003   3092.406   460.745    EM
                                                    717.033   816.816
   107 -0.99807776D+04    0.0030554    0.0000003   3092.993   460.335    EM
                                                    716.866   816.806
   108 -0.99807748D+04    0.0028034    0.0000003   3093.565   459.937    EM
                                                    716.699   816.799
   109 -0.99807722D+04    0.0025806    0.0000003   3094.122   459.549    EM
                                                    716.532   816.797
   110 -0.99807699D+04    0.0023823    0.0000002   3094.662   459.173    EM
                                                    716.368   816.797
   111 -0.99807676D+04    0.0022048    0.0000002   3095.187   458.807    EM
                                                    716.206   816.801
   112 -0.99807656D+04    0.0020452    0.0000002   3095.696   458.451    EM
                                                    716.047   816.806
   113 -0.99807637D+04    0.0019013    0.0000002   3096.190   458.105    EM
                                                    715.892   816.814
   114 -0.99807619D+04    0.0017711    0.0000002   3096.668   457.768    EM
                                                    715.741   816.823
   115 -0.99807603D+04    0.0016529    0.0000002   3097.132   457.441    EM
                                                    715.594   816.833
   116 -0.99807587D+04    0.0015455    0.0000002   3097.582   457.122    EM
                                                    715.452   816.844
   117 -0.99807573D+04    0.0014474    0.0000001   3098.017   456.813    EM
                                                    715.315   816.855
   118 -0.99807559D+04    0.0013579    0.0000001   3098.439   456.511    EM
                                                    715.182   816.868
   119 -0.99807547D+04    0.0012759    0.0000001   3098.847   456.218    EM
                                                    715.054   816.880
   120 -0.99807535D+04    0.0012007    0.0000001   3099.242   455.934    EM
                                                    714.931   816.893
   121 -0.99807523D+04    0.0011316    0.0000001   3099.625   455.656    EM
                                                    714.812   816.906
   122 -0.99807513D+04    0.0010681    0.0000001   3099.995   455.387    EM
                                                    714.699   816.920
   123 -0.99807502D+04    0.0010095    0.0000001   3100.353   455.125    EM
                                                    714.589   816.933
   124 -0.99807493D+04    0.0009555    0.0000001   3100.700   454.869    EM
                                                    714.485   816.946


SAMPLE STATISTICS FOR ESTIMATED FACTOR SCORES


     SAMPLE STATISTICS


           Means
              C#1           C#2           C#3           FU            FC
              ________      ________      ________      ________      ________
               -2.324         1.530        -0.525         0.001         0.179


           Means
              B_POS_1B      B_POS_3B      B_POS_2B      B_POS_4B      B_SEL_5B
              ________      ________      ________      ________      ________
                0.001        -0.005        -0.056        -0.048         0.014


           Means
              B_SEL_2B      B_SEL_1B      C_C#1         C_C#2         C_C#3
              ________      ________      ________      ________      ________
                0.012         0.009        -2.324         1.530        -0.525


           Means
              C_FU          C_FC          CB_POS_1      CB_POS_3      CB_POS_2
              ________      ________      ________      ________      ________
                0.001         0.179         0.001        -0.005        -0.056


           Means
              CB_POS_4      CB_SEL_5      CB_SEL_2      CB_SEL_1
              ________      ________      ________      ________
               -0.048         0.014         0.012         0.009


           Covariances
              C#1           C#2           C#3           FU            FC
              ________      ________      ________      ________      ________
 C#1            2.143
 C#2           -1.879         1.647
 C#3            0.000         0.000         0.000
 FU             0.007        -0.006         0.000         0.000
 FC             2.143        -1.879         0.000         0.007         2.143
 B_POS_1B       0.007        -0.006         0.000         0.000         0.007
 B_POS_3B      -0.051         0.044         0.000        -0.002        -0.051
 B_POS_2B      -0.550         0.482         0.000        -0.025        -0.550
 B_POS_4B      -0.467         0.410         0.000        -0.021        -0.467
 B_SEL_5B       0.134        -0.117         0.000         0.006         0.134
 B_SEL_2B       0.121        -0.106         0.000         0.005         0.121
 B_SEL_1B       0.092        -0.081         0.000         0.004         0.092
 C_C#1          2.143        -1.879         0.000         0.007         2.143
 C_C#2         -1.879         1.647         0.000        -0.006        -1.879
 C_C#3          0.000         0.000         0.000         0.000         0.000
 C_FU           0.007        -0.006         0.000         0.000         0.007
 C_FC           2.143        -1.879         0.000         0.007         2.143
 CB_POS_1       0.007        -0.006         0.000         0.000         0.007
 CB_POS_3      -0.051         0.044         0.000        -0.002        -0.051
 CB_POS_2      -0.550         0.482         0.000        -0.025        -0.550
 CB_POS_4      -0.467         0.410         0.000        -0.021        -0.467
 CB_SEL_5       0.134        -0.117         0.000         0.006         0.134
 CB_SEL_2       0.121        -0.106         0.000         0.005         0.121
 CB_SEL_1       0.092        -0.081         0.000         0.004         0.092


           Covariances
              B_POS_1B      B_POS_3B      B_POS_2B      B_POS_4B      B_SEL_5B
              ________      ________      ________      ________      ________
 B_POS_1B       0.000
 B_POS_3B      -0.002         0.016
 B_POS_2B      -0.025         0.176         1.921
 B_POS_4B      -0.021         0.150         1.632         1.387
 B_SEL_5B       0.006        -0.043        -0.467        -0.397         0.114
 B_SEL_2B       0.005        -0.039        -0.422        -0.358         0.103
 B_SEL_1B       0.004        -0.029        -0.321        -0.273         0.078
 C_C#1          0.007        -0.051        -0.550        -0.467         0.134
 C_C#2         -0.006         0.044         0.482         0.410        -0.117
 C_C#3          0.000         0.000         0.000         0.000         0.000
 C_FU           0.000        -0.002        -0.025        -0.021         0.006
 C_FC           0.007        -0.051        -0.550        -0.467         0.134
 CB_POS_1       0.000        -0.002        -0.025        -0.021         0.006
 CB_POS_3      -0.002         0.016         0.176         0.150        -0.043
 CB_POS_2      -0.025         0.176         1.921         1.632        -0.467
 CB_POS_4      -0.021         0.150         1.632         1.387        -0.397
 CB_SEL_5       0.006        -0.043        -0.467        -0.397         0.114
 CB_SEL_2       0.005        -0.039        -0.422        -0.358         0.103
 CB_SEL_1       0.004        -0.029        -0.321        -0.273         0.078


           Covariances
              B_SEL_2B      B_SEL_1B      C_C#1         C_C#2         C_C#3
              ________      ________      ________      ________      ________
 B_SEL_2B       0.093
 B_SEL_1B       0.071         0.054
 C_C#1          0.121         0.092         2.143
 C_C#2         -0.106        -0.081        -1.879         1.647
 C_C#3          0.000         0.000         0.000         0.000         0.000
 C_FU           0.005         0.004         0.007        -0.006         0.000
 C_FC           0.121         0.092         2.143        -1.879         0.000
 CB_POS_1       0.005         0.004         0.007        -0.006         0.000
 CB_POS_3      -0.039        -0.029        -0.051         0.044         0.000
 CB_POS_2      -0.422        -0.321        -0.550         0.482         0.000
 CB_POS_4      -0.358        -0.273        -0.467         0.410         0.000
 CB_SEL_5       0.103         0.078         0.134        -0.117         0.000
 CB_SEL_2       0.093         0.071         0.121        -0.106         0.000
 CB_SEL_1       0.071         0.054         0.092        -0.081         0.000


           Covariances
              C_FU          C_FC          CB_POS_1      CB_POS_3      CB_POS_2
              ________      ________      ________      ________      ________
 C_FU           0.000
 C_FC           0.007         2.143
 CB_POS_1       0.000         0.007         0.000
 CB_POS_3      -0.002        -0.051        -0.002         0.016
 CB_POS_2      -0.025        -0.550        -0.025         0.176         1.921
 CB_POS_4      -0.021        -0.467        -0.021         0.150         1.632
 CB_SEL_5       0.006         0.134         0.006        -0.043        -0.467
 CB_SEL_2       0.005         0.121         0.005        -0.039        -0.422
 CB_SEL_1       0.004         0.092         0.004        -0.029        -0.321


           Covariances
              CB_POS_4      CB_SEL_5      CB_SEL_2      CB_SEL_1
              ________      ________      ________      ________
 CB_POS_4       1.387
 CB_SEL_5      -0.397         0.114
 CB_SEL_2      -0.358         0.103         0.093
 CB_SEL_1      -0.273         0.078         0.071         0.054


           Correlations
              C#1           C#2           C#3           FU            FC
              ________      ________      ________      ________      ________
 C#1            1.000
 C#2           -1.000         1.000
 C#3          999.000       999.000         1.000
 FU             0.271        -0.271       999.000         1.000
 FC             1.000        -1.000       999.000         0.271         1.000
 B_POS_1B       0.271        -0.271       999.000         1.000         0.271
 B_POS_3B      -0.271         0.271       999.000        -1.000        -0.271
 B_POS_2B      -0.271         0.271       999.000        -1.000        -0.271
 B_POS_4B      -0.271         0.271       999.000        -1.000        -0.271
 B_SEL_5B       0.271        -0.271       999.000         1.000         0.271
 B_SEL_2B       0.271        -0.271       999.000         1.000         0.271
 B_SEL_1B       0.271        -0.271       999.000         1.000         0.271
 C_C#1          1.000        -1.000       999.000         0.271         1.000
 C_C#2         -1.000         1.000       999.000        -0.271        -1.000
 C_C#3        999.000       999.000       999.000       999.000       999.000
 C_FU           0.271        -0.271       999.000         1.000         0.271
 C_FC           1.000        -1.000       999.000         0.271         1.000
 CB_POS_1       0.271        -0.271       999.000         1.000         0.271
 CB_POS_3      -0.271         0.271       999.000        -1.000        -0.271
 CB_POS_2      -0.271         0.271       999.000        -1.000        -0.271
 CB_POS_4      -0.271         0.271       999.000        -1.000        -0.271
 CB_SEL_5       0.271        -0.271       999.000         1.000         0.271
 CB_SEL_2       0.271        -0.271       999.000         1.000         0.271
 CB_SEL_1       0.271        -0.271       999.000         1.000         0.271


           Correlations
              B_POS_1B      B_POS_3B      B_POS_2B      B_POS_4B      B_SEL_5B
              ________      ________      ________      ________      ________
 B_POS_1B       1.000
 B_POS_3B      -1.000         1.000
 B_POS_2B      -1.000         1.000         1.000
 B_POS_4B      -1.000         1.000         1.000         1.000
 B_SEL_5B       1.000        -1.000        -1.000        -1.000         1.000
 B_SEL_2B       1.000        -1.000        -1.000        -1.000         1.000
 B_SEL_1B       1.000        -1.000        -1.000        -1.000         1.000
 C_C#1          0.271        -0.271        -0.271        -0.271         0.271
 C_C#2         -0.271         0.271         0.271         0.271        -0.271
 C_C#3        999.000       999.000       999.000       999.000       999.000
 C_FU           1.000        -1.000        -1.000        -1.000         1.000
 C_FC           0.271        -0.271        -0.271        -0.271         0.271
 CB_POS_1       1.000        -1.000        -1.000        -1.000         1.000
 CB_POS_3      -1.000         1.000         1.000         1.000        -1.000
 CB_POS_2      -1.000         1.000         1.000         1.000        -1.000
 CB_POS_4      -1.000         1.000         1.000         1.000        -1.000
 CB_SEL_5       1.000        -1.000        -1.000        -1.000         1.000
 CB_SEL_2       1.000        -1.000        -1.000        -1.000         1.000
 CB_SEL_1       1.000        -1.000        -1.000        -1.000         1.000


           Correlations
              B_SEL_2B      B_SEL_1B      C_C#1         C_C#2         C_C#3
              ________      ________      ________      ________      ________
 B_SEL_2B       1.000
 B_SEL_1B       1.000         1.000
 C_C#1          0.271         0.271         1.000
 C_C#2         -0.271        -0.271        -1.000         1.000
 C_C#3        999.000       999.000       999.000       999.000         1.000
 C_FU           1.000         1.000         0.271        -0.271       999.000
 C_FC           0.271         0.271         1.000        -1.000       999.000
 CB_POS_1       1.000         1.000         0.271        -0.271       999.000
 CB_POS_3      -1.000        -1.000        -0.271         0.271       999.000
 CB_POS_2      -1.000        -1.000        -0.271         0.271       999.000
 CB_POS_4      -1.000        -1.000        -0.271         0.271       999.000
 CB_SEL_5       1.000         1.000         0.271        -0.271       999.000
 CB_SEL_2       1.000         1.000         0.271        -0.271       999.000
 CB_SEL_1       1.000         1.000         0.271        -0.271       999.000


           Correlations
              C_FU          C_FC          CB_POS_1      CB_POS_3      CB_POS_2
              ________      ________      ________      ________      ________
 C_FU           1.000
 C_FC           0.271         1.000
 CB_POS_1       1.000         0.271         1.000
 CB_POS_3      -1.000        -0.271        -1.000         1.000
 CB_POS_2      -1.000        -0.271        -1.000         1.000         1.000
 CB_POS_4      -1.000        -0.271        -1.000         1.000         1.000
 CB_SEL_5       1.000         0.271         1.000        -1.000        -1.000
 CB_SEL_2       1.000         0.271         1.000        -1.000        -1.000
 CB_SEL_1       1.000         0.271         1.000        -1.000        -1.000


           Correlations
              CB_POS_4      CB_SEL_5      CB_SEL_2      CB_SEL_1
              ________      ________      ________      ________
 CB_POS_4       1.000
 CB_SEL_5      -1.000         1.000
 CB_SEL_2      -1.000         1.000         1.000
 CB_SEL_1      -1.000         1.000         1.000         1.000


PLOT INFORMATION

The following plots are available:

  Histograms (sample values, estimated factor scores)
  Scatterplots (sample values, estimated factor scores)
  Sample proportions and estimated probabilities
  Item characteristic curves
  Information curves
  Latent variable distribution plots

     Beginning Time:  23:51:32
        Ending Time:  00:21:37
       Elapsed Time:  00:30:05



MUTHEN & MUTHEN
3463 Stoner Ave.
Los Angeles, CA  90066

Tel: (310) 391-9971
Fax: (310) 391-8971
Web: www.StatModel.com
Support: Support@StatModel.com

Copyright (c) 1998-2019 Muthen & Muthen
