Mplus VERSION 8.3 (Mac)
MUTHEN & MUTHEN
01/29/2020   9:38 PM

INPUT INSTRUCTIONS

  TITLE:
  CFA 1 - non-normal, no missing
  MONTECARLO:
  NAMES ARE y1-y10;
  NOBSERVATIONS = 290; ! vary sample size
  NREPS = 10000;
  SEED = 53487;
  CLASSES = C(1);
  GENCLASSES = C(2);
  SAVE = cfa004_1.sav;
  MODEL POPULATION:
  %OVERALL%
       f1 BY y1-y5*.8;
       f2 BY y6-y10*.8;
       f1@1 f2@1;
       y1-y5*.36 y6-y10*9;
       f1 WITH f2*.95;
       [C#1@-2];

       %C#1%         ! outlier class

       [f1@0 f2@15]; ! means (factor 2 set to 15 to tune skewness & kurtosis)
       f1@1 f2@5;    ! variances (factor 2 set to 5  to tune skewness & kurtosis)

       %C#2%         ! majority class

       [f1@0 f2@0];
       f1@1 f2@1;
  ANALYSIS:
  TYPE = MIXTURE;
       ESTIMATOR = MLR;
  MODEL:
  %OVERALL%
       f1 BY y1-y5*.8;
       f2 BY y6-y10*4;
       f1@1 f2@1;
       y1-y5*.36 y6-y10*9;
       f1 WITH f2*.20;

     [y6-y10*1.42];
  OUTPUT:
   SAMPSTAT TECH9;



INPUT READING TERMINATED NORMALLY




CFA 1 - non-normal, no missing

SUMMARY OF ANALYSIS

Number of groups                                                 1
Number of observations                                         290

Number of replications
    Requested                                                10000
    Completed                                                10000
Value of seed                                                53487

Number of dependent variables                                   10
Number of independent variables                                  0
Number of continuous latent variables                            2
Number of categorical latent variables                           1

Observed dependent variables

  Continuous
   Y1          Y2          Y3          Y4          Y5          Y6
   Y7          Y8          Y9          Y10

Continuous latent variables
   F1          F2

Categorical latent variables
   C


Estimator                                                      MLR
Information matrix                                        OBSERVED
Optimization Specifications for the Quasi-Newton Algorithm for
Continuous Outcomes
  Maximum number of iterations                                 100
  Convergence criterion                                  0.100D-05
Optimization Specifications for the EM Algorithm
  Maximum number of iterations                                 500
  Convergence criteria
    Loglikelihood change                                 0.100D-06
    Relative loglikelihood change                        0.100D-06
    Derivative                                           0.100D-05
Optimization Specifications for the M step of the EM Algorithm for
Categorical Latent variables
  Number of M step iterations                                    1
  M step convergence criterion                           0.100D-05
  Basis for M step termination                           ITERATION
Optimization Specifications for the M step of the EM Algorithm for
Censored, Binary or Ordered Categorical (Ordinal), Unordered
Categorical (Nominal) and Count Outcomes
  Number of M step iterations                                    1
  M step convergence criterion                           0.100D-05
  Basis for M step termination                           ITERATION
  Maximum value for logit thresholds                            15
  Minimum value for logit thresholds                           -15
  Minimum expected cell size for chi-square              0.100D-01
Optimization algorithm                                         EMA


SAMPLE STATISTICS FOR THE FIRST REPLICATION


     SAMPLE STATISTICS


           Means
              Y1            Y2            Y3            Y4            Y5
              ________      ________      ________      ________      ________
               -0.017        -0.019        -0.009        -0.045        -0.055


           Means
              Y6            Y7            Y8            Y9            Y10
              ________      ________      ________      ________      ________
                1.125         1.378         1.220         1.145         1.191


           Covariances
              Y1            Y2            Y3            Y4            Y5
              ________      ________      ________      ________      ________
 Y1             1.049
 Y2             0.708         1.025
 Y3             0.646         0.630         1.025
 Y4             0.640         0.664         0.667         0.997
 Y5             0.586         0.620         0.579         0.637         0.924
 Y6            -0.092        -0.195         0.400        -0.012        -0.032
 Y7             0.259         0.182         0.381         0.514         0.201
 Y8             0.399         0.093         0.646         0.621         0.273
 Y9            -0.028        -0.168         0.502         0.201         0.037
 Y10            0.350         0.124         0.325         0.370         0.122


           Covariances
              Y6            Y7            Y8            Y9            Y10
              ________      ________      ________      ________      ________
 Y6            20.678
 Y7            11.475        20.863
 Y8            12.211        11.747        21.132
 Y9            12.796        12.125        13.456        22.322
 Y10           12.143        11.642        12.575        13.295        21.640


           Correlations
              Y1            Y2            Y3            Y4            Y5
              ________      ________      ________      ________      ________
 Y1             1.000
 Y2             0.682         1.000
 Y3             0.623         0.615         1.000
 Y4             0.626         0.657         0.660         1.000
 Y5             0.595         0.637         0.595         0.664         1.000
 Y6            -0.020        -0.042         0.087        -0.003        -0.007
 Y7             0.055         0.039         0.082         0.113         0.046
 Y8             0.085         0.020         0.139         0.135         0.062
 Y9            -0.006        -0.035         0.105         0.043         0.008
 Y10            0.073         0.026         0.069         0.080         0.027


           Correlations
              Y6            Y7            Y8            Y9            Y10
              ________      ________      ________      ________      ________
 Y6             1.000
 Y7             0.552         1.000
 Y8             0.584         0.559         1.000
 Y9             0.596         0.562         0.620         1.000
 Y10            0.574         0.548         0.588         0.605         1.000




MODEL FIT INFORMATION

Number of Free Parameters                       31

Loglikelihood

    H0 Value

        Mean                             -5611.852
        Std Dev                             41.824
        Number of successful computations    10000

             Proportions                   Percentiles
        Expected    Observed         Expected       Observed
           0.990       0.990        -5709.146      -5708.660
           0.980       0.981        -5697.745      -5697.033
           0.950       0.952        -5680.647      -5679.836
           0.900       0.903        -5665.453      -5664.799
           0.800       0.802        -5647.050      -5646.742
           0.700       0.699        -5633.784      -5633.854
           0.500       0.492        -5611.852      -5612.608
           0.300       0.294        -5589.919      -5590.804
           0.200       0.200        -5576.653      -5576.777
           0.100       0.101        -5558.251      -5558.106
           0.050       0.053        -5543.056      -5542.325
           0.020       0.022        -5525.959      -5524.747
           0.010       0.012        -5514.558      -5512.316

Information Criteria

    Akaike (AIC)

        Mean                             11285.703
        Std Dev                             83.647
        Number of successful computations    10000

             Proportions                   Percentiles
        Expected    Observed         Expected       Observed
           0.990       0.988        11091.115      11086.617
           0.980       0.978        11113.917      11111.336
           0.950       0.947        11148.112      11146.605
           0.900       0.899        11178.501      11178.177
           0.800       0.800        11215.306      11215.441
           0.700       0.706        11241.839      11243.605
           0.500       0.508        11285.703      11287.210
           0.300       0.301        11329.568      11329.680
           0.200       0.198        11356.101      11355.448
           0.100       0.097        11392.905      11391.474
           0.050       0.048        11423.294      11421.604
           0.020       0.019        11457.489      11455.879
           0.010       0.010        11480.291      11478.095

    Bayesian (BIC)

        Mean                             11399.470
        Std Dev                             83.647
        Number of successful computations    10000

             Proportions                   Percentiles
        Expected    Observed         Expected       Observed
           0.990       0.988        11204.881      11200.383
           0.980       0.978        11227.684      11225.103
           0.950       0.947        11261.878      11260.371
           0.900       0.899        11292.267      11291.943
           0.800       0.800        11329.072      11329.207
           0.700       0.706        11355.605      11357.371
           0.500       0.508        11399.470      11400.976
           0.300       0.301        11443.334      11443.446
           0.200       0.198        11469.867      11469.214
           0.100       0.097        11506.672      11505.241
           0.050       0.048        11537.061      11535.370
           0.020       0.019        11571.256      11569.646
           0.010       0.010        11594.058      11591.861

    Sample-Size Adjusted BIC (n* = (n + 2) / 24)

        Mean                             11301.163
        Std Dev                             83.647
        Number of successful computations    10000

             Proportions                   Percentiles
        Expected    Observed         Expected       Observed
           0.990       0.988        11106.575      11102.076
           0.980       0.978        11129.377      11126.796
           0.950       0.947        11163.572      11162.064
           0.900       0.899        11193.961      11193.637
           0.800       0.800        11230.766      11230.900
           0.700       0.706        11257.298      11259.064
           0.500       0.508        11301.163      11302.669
           0.300       0.301        11345.027      11345.140
           0.200       0.198        11371.560      11370.908
           0.100       0.097        11408.365      11406.934
           0.050       0.048        11438.754      11437.064
           0.020       0.019        11472.949      11471.339
           0.010       0.010        11495.751      11493.554



FINAL CLASS COUNTS AND PROPORTIONS FOR THE LATENT CLASSES
BASED ON THE ESTIMATED MODEL

    Latent
   Classes

       1        290.00000          1.00000


FINAL CLASS COUNTS AND PROPORTIONS FOR THE LATENT CLASSES
BASED ON ESTIMATED POSTERIOR PROBABILITIES

    Latent
   Classes

       1        290.00000          1.00000


FINAL CLASS COUNTS AND PROPORTIONS FOR THE LATENT CLASSES
BASED ON THEIR MOST LIKELY LATENT CLASS MEMBERSHIP

Class Counts and Proportions

    Latent
   Classes

       1              290          1.00000


Average Latent Class Probabilities for Most Likely Latent Class Membership (Row)
by Latent Class (Column)

           1

    1   1.000


Classification Probabilities for the Most Likely Latent Class Membership (Column)
by Latent Class (Row)

           1

    1   1.000


Logits for the Classification Probabilities for the Most Likely Latent Class Membership (Column)
by Latent Class (Row)

              1

    1      0.000


MODEL RESULTS

                              ESTIMATES              S. E.     M. S. E.  95%  % Sig
                 Population   Average   Std. Dev.   Average             Cover Coeff
Latent Class 1

 F1       BY
  Y1                  0.800     0.7983     0.0513     0.0501     0.0026 0.941 1.000
  Y2                  0.800     0.7982     0.0507     0.0501     0.0026 0.947 1.000
  Y3                  0.800     0.7977     0.0504     0.0501     0.0025 0.944 1.000
  Y4                  0.800     0.7989     0.0511     0.0501     0.0026 0.942 1.000
  Y5                  0.800     0.7982     0.0507     0.0501     0.0026 0.944 1.000

 F2       BY
  Y6                  4.000     3.9899     0.3429     0.3398     0.1177 0.944 1.000
  Y7                  4.000     3.9921     0.3452     0.3401     0.1192 0.944 1.000
  Y8                  4.000     3.9871     0.3435     0.3398     0.1182 0.945 1.000
  Y9                  4.000     3.9908     0.3436     0.3399     0.1181 0.945 1.000
  Y10                 4.000     3.9902     0.3411     0.3400     0.1164 0.945 1.000

 F1       WITH
  F2                  0.200     0.1915     0.0654     0.0635     0.0044 0.940 0.828

 Means
  F1                  0.000     0.0000     0.0000     0.0000     0.0000 1.000 0.000
  F2                  0.000     0.0000     0.0000     0.0000     0.0000 1.000 0.000

 Intercepts
  Y1                  0.000     0.0008     0.0586     0.0586     0.0034 0.950 0.050
  Y2                  0.000     0.0003     0.0598     0.0586     0.0036 0.944 0.056
  Y3                  0.000     0.0010     0.0588     0.0586     0.0035 0.946 0.054
  Y4                  0.000     0.0007     0.0588     0.0586     0.0035 0.946 0.054
  Y5                  0.000     0.0008     0.0590     0.0586     0.0035 0.947 0.053
  Y6                  1.420     1.4293     0.2933     0.2929     0.0861 0.948 1.000
  Y7                  1.420     1.4306     0.2932     0.2931     0.0861 0.949 1.000
  Y8                  1.420     1.4287     0.2917     0.2929     0.0852 0.953 1.000
  Y9                  1.420     1.4292     0.2927     0.2930     0.0857 0.952 1.000
  Y10                 1.420     1.4305     0.2950     0.2931     0.0871 0.948 0.999

 Variances
  F1                  1.000     1.0000     0.0000     0.0000     0.0000 1.000 0.000
  F2                  1.000     1.0000     0.0000     0.0000     0.0000 1.000 0.000

 Residual Variances
  Y1                  0.360     0.3572     0.0375     0.0371     0.0014 0.940 1.000
  Y2                  0.360     0.3579     0.0380     0.0372     0.0015 0.934 1.000
  Y3                  0.360     0.3572     0.0372     0.0371     0.0014 0.940 1.000
  Y4                  0.360     0.3575     0.0376     0.0371     0.0014 0.938 1.000
  Y5                  0.360     0.3574     0.0380     0.0372     0.0015 0.938 1.000
  Y6                  9.000     8.9236     0.9454     0.9267     0.8996 0.937 1.000
  Y7                  9.000     8.9394     0.9505     0.9278     0.9070 0.937 1.000
  Y8                  9.000     8.9409     0.9391     0.9282     0.8853 0.939 1.000
  Y9                  9.000     8.9237     0.9477     0.9265     0.9039 0.936 1.000
  Y10                 9.000     8.9445     0.9296     0.9292     0.8672 0.940 1.000


QUALITY OF NUMERICAL RESULTS

     Average Condition Number for the Information Matrix      0.419E-03
       (ratio of smallest to largest eigenvalue)


TECHNICAL 1 OUTPUT


     PARAMETER SPECIFICATION FOR LATENT CLASS 1


           NU
              Y1            Y2            Y3            Y4            Y5
              ________      ________      ________      ________      ________
                    1             2             3             4             5


           NU
              Y6            Y7            Y8            Y9            Y10
              ________      ________      ________      ________      ________
                    6             7             8             9            10


           LAMBDA
              F1            F2
              ________      ________
 Y1                11             0
 Y2                12             0
 Y3                13             0
 Y4                14             0
 Y5                15             0
 Y6                 0            16
 Y7                 0            17
 Y8                 0            18
 Y9                 0            19
 Y10                0            20


           THETA
              Y1            Y2            Y3            Y4            Y5
              ________      ________      ________      ________      ________
 Y1                21
 Y2                 0            22
 Y3                 0             0            23
 Y4                 0             0             0            24
 Y5                 0             0             0             0            25
 Y6                 0             0             0             0             0
 Y7                 0             0             0             0             0
 Y8                 0             0             0             0             0
 Y9                 0             0             0             0             0
 Y10                0             0             0             0             0


           THETA
              Y6            Y7            Y8            Y9            Y10
              ________      ________      ________      ________      ________
 Y6                26
 Y7                 0            27
 Y8                 0             0            28
 Y9                 0             0             0            29
 Y10                0             0             0             0            30


           ALPHA
              F1            F2
              ________      ________
                    0             0


           BETA
              F1            F2
              ________      ________
 F1                 0             0
 F2                 0             0


           PSI
              F1            F2
              ________      ________
 F1                 0
 F2                31             0


     PARAMETER SPECIFICATION FOR LATENT CLASS REGRESSION MODEL PART


           ALPHA(C)
              C#1
              ________
                    0


     STARTING VALUES FOR LATENT CLASS 1


           NU
              Y1            Y2            Y3            Y4            Y5
              ________      ________      ________      ________      ________
                0.000         0.000         0.000         0.000         0.000


           NU
              Y6            Y7            Y8            Y9            Y10
              ________      ________      ________      ________      ________
                1.420         1.420         1.420         1.420         1.420


           LAMBDA
              F1            F2
              ________      ________
 Y1             0.800         0.000
 Y2             0.800         0.000
 Y3             0.800         0.000
 Y4             0.800         0.000
 Y5             0.800         0.000
 Y6             0.000         4.000
 Y7             0.000         4.000
 Y8             0.000         4.000
 Y9             0.000         4.000
 Y10            0.000         4.000


           THETA
              Y1            Y2            Y3            Y4            Y5
              ________      ________      ________      ________      ________
 Y1             0.360
 Y2             0.000         0.360
 Y3             0.000         0.000         0.360
 Y4             0.000         0.000         0.000         0.360
 Y5             0.000         0.000         0.000         0.000         0.360
 Y6             0.000         0.000         0.000         0.000         0.000
 Y7             0.000         0.000         0.000         0.000         0.000
 Y8             0.000         0.000         0.000         0.000         0.000
 Y9             0.000         0.000         0.000         0.000         0.000
 Y10            0.000         0.000         0.000         0.000         0.000


           THETA
              Y6            Y7            Y8            Y9            Y10
              ________      ________      ________      ________      ________
 Y6             9.000
 Y7             0.000         9.000
 Y8             0.000         0.000         9.000
 Y9             0.000         0.000         0.000         9.000
 Y10            0.000         0.000         0.000         0.000         9.000


           ALPHA
              F1            F2
              ________      ________
                0.000         0.000


           BETA
              F1            F2
              ________      ________
 F1             0.000         0.000
 F2             0.000         0.000


           PSI
              F1            F2
              ________      ________
 F1             1.000
 F2             0.200         1.000


     STARTING VALUES FOR LATENT CLASS REGRESSION MODEL PART


           ALPHA(C)
              C#1
              ________
                0.000


     POPULATION VALUES FOR LATENT CLASS 1


           NU
              Y1            Y2            Y3            Y4            Y5
              ________      ________      ________      ________      ________
                0.000         0.000         0.000         0.000         0.000


           NU
              Y6            Y7            Y8            Y9            Y10
              ________      ________      ________      ________      ________
                0.000         0.000         0.000         0.000         0.000


           LAMBDA
              F1            F2
              ________      ________
 Y1             0.800         0.000
 Y2             0.800         0.000
 Y3             0.800         0.000
 Y4             0.800         0.000
 Y5             0.800         0.000
 Y6             0.000         0.800
 Y7             0.000         0.800
 Y8             0.000         0.800
 Y9             0.000         0.800
 Y10            0.000         0.800


           THETA
              Y1            Y2            Y3            Y4            Y5
              ________      ________      ________      ________      ________
 Y1             0.360
 Y2             0.000         0.360
 Y3             0.000         0.000         0.360
 Y4             0.000         0.000         0.000         0.360
 Y5             0.000         0.000         0.000         0.000         0.360
 Y6             0.000         0.000         0.000         0.000         0.000
 Y7             0.000         0.000         0.000         0.000         0.000
 Y8             0.000         0.000         0.000         0.000         0.000
 Y9             0.000         0.000         0.000         0.000         0.000
 Y10            0.000         0.000         0.000         0.000         0.000


           THETA
              Y6            Y7            Y8            Y9            Y10
              ________      ________      ________      ________      ________
 Y6             9.000
 Y7             0.000         9.000
 Y8             0.000         0.000         9.000
 Y9             0.000         0.000         0.000         9.000
 Y10            0.000         0.000         0.000         0.000         9.000


           ALPHA
              F1            F2
              ________      ________
                0.000        15.000


           BETA
              F1            F2
              ________      ________
 F1             0.000         0.000
 F2             0.000         0.000


           PSI
              F1            F2
              ________      ________
 F1             1.000
 F2             0.950         5.000


     POPULATION VALUES FOR LATENT CLASS 2


           NU
              Y1            Y2            Y3            Y4            Y5
              ________      ________      ________      ________      ________
                0.000         0.000         0.000         0.000         0.000


           NU
              Y6            Y7            Y8            Y9            Y10
              ________      ________      ________      ________      ________
                0.000         0.000         0.000         0.000         0.000


           LAMBDA
              F1            F2
              ________      ________
 Y1             0.800         0.000
 Y2             0.800         0.000
 Y3             0.800         0.000
 Y4             0.800         0.000
 Y5             0.800         0.000
 Y6             0.000         0.800
 Y7             0.000         0.800
 Y8             0.000         0.800
 Y9             0.000         0.800
 Y10            0.000         0.800


           THETA
              Y1            Y2            Y3            Y4            Y5
              ________      ________      ________      ________      ________
 Y1             0.360
 Y2             0.000         0.360
 Y3             0.000         0.000         0.360
 Y4             0.000         0.000         0.000         0.360
 Y5             0.000         0.000         0.000         0.000         0.360
 Y6             0.000         0.000         0.000         0.000         0.000
 Y7             0.000         0.000         0.000         0.000         0.000
 Y8             0.000         0.000         0.000         0.000         0.000
 Y9             0.000         0.000         0.000         0.000         0.000
 Y10            0.000         0.000         0.000         0.000         0.000


           THETA
              Y6            Y7            Y8            Y9            Y10
              ________      ________      ________      ________      ________
 Y6             9.000
 Y7             0.000         9.000
 Y8             0.000         0.000         9.000
 Y9             0.000         0.000         0.000         9.000
 Y10            0.000         0.000         0.000         0.000         9.000


           ALPHA
              F1            F2
              ________      ________
                0.000         0.000


           BETA
              F1            F2
              ________      ________
 F1             0.000         0.000
 F2             0.000         0.000


           PSI
              F1            F2
              ________      ________
 F1             1.000
 F2             0.950         1.000


     POPULATION VALUES FOR LATENT CLASS REGRESSION MODEL PART


           ALPHA(C)
              C#1           C#2
              ________      ________
               -2.000         0.000


TECHNICAL 9 OUTPUT

  Error messages for each replication (if any)



SAVEDATA INFORMATION

  Order of variables

    Y1
    Y2
    Y3
    Y4
    Y5
    Y6
    Y7
    Y8
    Y9
    Y10
    C

  Save file
    cfa004_1.sav

  Save file format           Free
  Save file record length    10000


     Beginning Time:  21:38:53
        Ending Time:  21:39:40
       Elapsed Time:  00:00:47



MUTHEN & MUTHEN
3463 Stoner Ave.
Los Angeles, CA  90066

Tel: (310) 391-9971
Fax: (310) 391-8971
Web: www.StatModel.com
Support: Support@StatModel.com

Copyright (c) 1998-2019 Muthen & Muthen
