Mplus VERSION 8.3 (Mac)
MUTHEN & MUTHEN
01/29/2020   9:40 PM

INPUT INSTRUCTIONS

  TITLE:
  CFA 1 - non-normal, no missing
  MONTECARLO:
  NAMES ARE y1-y10;
  NOBSERVATIONS = 240; ! vary sample size
  NREPS = 10000;
  SEED = 53487;
  CLASSES = C(1);
  GENCLASSES = C(2);
  SAVE = cfa004_3.sav;
  MODEL POPULATION:
  %OVERALL%
       f1 BY y1-y5*.8;
       f2 BY y6-y10*.8;
       f1@1 f2@1;
       y1-y5*.36 y6-y10*9;
       f1 WITH f2*.95;
       [C#1@-2];

       %C#1%         ! outlier class

       [f1@0 f2@15]; ! means (factor 2 set to 15 to tune skewness & kurtosis)
       f1@1 f2@5;    ! variances (factor 2 set to 5  to tune skewness & kurtosis)

       %C#2%         ! majority class

       [f1@0 f2@0];
       f1@1 f2@1;
  ANALYSIS:
  TYPE = MIXTURE;
       ESTIMATOR = MLR;
  MODEL:
  %OVERALL%
       f1 BY y1-y5*.8;
       f2 BY y6-y10*4;
       f1@1 f2@1;
       y1-y5*.36 y6-y10*9;
       f1 WITH f2*.20;

     [y6-y10*1.42];
  OUTPUT:
   SAMPSTAT TECH9;



INPUT READING TERMINATED NORMALLY




CFA 1 - non-normal, no missing

SUMMARY OF ANALYSIS

Number of groups                                                 1
Number of observations                                         240

Number of replications
    Requested                                                10000
    Completed                                                10000
Value of seed                                                53487

Number of dependent variables                                   10
Number of independent variables                                  0
Number of continuous latent variables                            2
Number of categorical latent variables                           1

Observed dependent variables

  Continuous
   Y1          Y2          Y3          Y4          Y5          Y6
   Y7          Y8          Y9          Y10

Continuous latent variables
   F1          F2

Categorical latent variables
   C


Estimator                                                      MLR
Information matrix                                        OBSERVED
Optimization Specifications for the Quasi-Newton Algorithm for
Continuous Outcomes
  Maximum number of iterations                                 100
  Convergence criterion                                  0.100D-05
Optimization Specifications for the EM Algorithm
  Maximum number of iterations                                 500
  Convergence criteria
    Loglikelihood change                                 0.100D-06
    Relative loglikelihood change                        0.100D-06
    Derivative                                           0.100D-05
Optimization Specifications for the M step of the EM Algorithm for
Categorical Latent variables
  Number of M step iterations                                    1
  M step convergence criterion                           0.100D-05
  Basis for M step termination                           ITERATION
Optimization Specifications for the M step of the EM Algorithm for
Censored, Binary or Ordered Categorical (Ordinal), Unordered
Categorical (Nominal) and Count Outcomes
  Number of M step iterations                                    1
  M step convergence criterion                           0.100D-05
  Basis for M step termination                           ITERATION
  Maximum value for logit thresholds                            15
  Minimum value for logit thresholds                           -15
  Minimum expected cell size for chi-square              0.100D-01
Optimization algorithm                                         EMA


SAMPLE STATISTICS FOR THE FIRST REPLICATION


     SAMPLE STATISTICS


           Means
              Y1            Y2            Y3            Y4            Y5
              ________      ________      ________      ________      ________
                0.014         0.014         0.029        -0.034        -0.050


           Means
              Y6            Y7            Y8            Y9            Y10
              ________      ________      ________      ________      ________
                1.095         1.317         1.220         1.240         1.069


           Covariances
              Y1            Y2            Y3            Y4            Y5
              ________      ________      ________      ________      ________
 Y1             1.023
 Y2             0.700         1.005
 Y3             0.639         0.599         1.034
 Y4             0.614         0.630         0.656         0.988
 Y5             0.564         0.586         0.554         0.624         0.912
 Y6            -0.154        -0.197         0.398        -0.056        -0.001
 Y7             0.217         0.085         0.290         0.415         0.029
 Y8             0.261        -0.006         0.635         0.453         0.227
 Y9            -0.040        -0.241         0.595         0.162         0.088
 Y10            0.333         0.035         0.379         0.213        -0.011


           Covariances
              Y6            Y7            Y8            Y9            Y10
              ________      ________      ________      ________      ________
 Y6            19.948
 Y7            11.413        21.067
 Y8            11.897        11.546        20.605
 Y9            12.420        12.218        13.398        22.781
 Y10           11.174        11.162        12.310        13.030        20.281


           Correlations
              Y1            Y2            Y3            Y4            Y5
              ________      ________      ________      ________      ________
 Y1             1.000
 Y2             0.690         1.000
 Y3             0.622         0.587         1.000
 Y4             0.611         0.633         0.649         1.000
 Y5             0.584         0.612         0.570         0.657         1.000
 Y6            -0.034        -0.044         0.088        -0.013         0.000
 Y7             0.047         0.018         0.062         0.091         0.007
 Y8             0.057        -0.001         0.138         0.100         0.052
 Y9            -0.008        -0.050         0.122         0.034         0.019
 Y10            0.073         0.008         0.083         0.048        -0.002


           Correlations
              Y6            Y7            Y8            Y9            Y10
              ________      ________      ________      ________      ________
 Y6             1.000
 Y7             0.557         1.000
 Y8             0.587         0.554         1.000
 Y9             0.583         0.558         0.618         1.000
 Y10            0.556         0.540         0.602         0.606         1.000




MODEL FIT INFORMATION

Number of Free Parameters                       31

Loglikelihood

    H0 Value

        Mean                             -4641.698
        Std Dev                             37.897
        Number of successful computations    10000

             Proportions                   Percentiles
        Expected    Observed         Expected       Observed
           0.990       0.991        -4729.858      -4728.632
           0.980       0.981        -4719.527      -4718.366
           0.950       0.952        -4704.035      -4703.306
           0.900       0.900        -4690.267      -4690.205
           0.800       0.802        -4673.592      -4673.440
           0.700       0.701        -4661.571      -4661.433
           0.500       0.496        -4641.698      -4642.024
           0.300       0.298        -4621.825      -4622.034
           0.200       0.197        -4609.805      -4610.197
           0.100       0.098        -4593.130      -4593.385
           0.050       0.051        -4579.362      -4578.914
           0.020       0.021        -4563.870      -4562.922
           0.010       0.011        -4553.539      -4550.846

Information Criteria

    Akaike (AIC)

        Mean                              9345.397
        Std Dev                             75.794
        Number of successful computations    10000

             Proportions                   Percentiles
        Expected    Observed         Expected       Observed
           0.990       0.989         9169.078       9163.133
           0.980       0.979         9189.740       9187.620
           0.950       0.949         9220.724       9219.813
           0.900       0.902         9248.260       9248.576
           0.800       0.803         9281.609       9282.362
           0.700       0.702         9305.651       9306.006
           0.500       0.504         9345.397       9346.043
           0.300       0.299         9385.143       9384.844
           0.200       0.198         9409.185       9408.859
           0.100       0.100         9442.534       9442.259
           0.050       0.048         9470.070       9468.602
           0.020       0.019         9501.054       9498.577
           0.010       0.009         9521.715       9519.254

    Bayesian (BIC)

        Mean                              9453.297
        Std Dev                             75.794
        Number of successful computations    10000

             Proportions                   Percentiles
        Expected    Observed         Expected       Observed
           0.990       0.989         9276.978       9271.033
           0.980       0.979         9297.640       9295.519
           0.950       0.949         9328.624       9327.713
           0.900       0.902         9356.160       9356.476
           0.800       0.803         9389.509       9390.262
           0.700       0.702         9413.551       9413.906
           0.500       0.504         9453.297       9453.943
           0.300       0.299         9493.043       9492.744
           0.200       0.198         9517.084       9516.758
           0.100       0.100         9550.434       9550.159
           0.050       0.048         9577.969       9576.502
           0.020       0.019         9608.954       9606.477
           0.010       0.009         9629.615       9627.154

    Sample-Size Adjusted BIC (n* = (n + 2) / 24)

        Mean                              9355.034
        Std Dev                             75.794
        Number of successful computations    10000

             Proportions                   Percentiles
        Expected    Observed         Expected       Observed
           0.990       0.989         9178.716       9172.771
           0.980       0.979         9199.377       9197.257
           0.950       0.949         9230.361       9229.450
           0.900       0.902         9257.897       9258.213
           0.800       0.803         9291.246       9291.999
           0.700       0.702         9315.288       9315.643
           0.500       0.504         9355.034       9355.680
           0.300       0.299         9394.780       9394.481
           0.200       0.198         9418.822       9418.496
           0.100       0.100         9452.171       9451.896
           0.050       0.048         9479.707       9478.240
           0.020       0.019         9510.691       9508.214
           0.010       0.009         9531.353       9528.891



FINAL CLASS COUNTS AND PROPORTIONS FOR THE LATENT CLASSES
BASED ON THE ESTIMATED MODEL

    Latent
   Classes

       1        240.00000          1.00000


FINAL CLASS COUNTS AND PROPORTIONS FOR THE LATENT CLASSES
BASED ON ESTIMATED POSTERIOR PROBABILITIES

    Latent
   Classes

       1        240.00000          1.00000


FINAL CLASS COUNTS AND PROPORTIONS FOR THE LATENT CLASSES
BASED ON THEIR MOST LIKELY LATENT CLASS MEMBERSHIP

Class Counts and Proportions

    Latent
   Classes

       1              240          1.00000


Average Latent Class Probabilities for Most Likely Latent Class Membership (Row)
by Latent Class (Column)

           1

    1   1.000


Classification Probabilities for the Most Likely Latent Class Membership (Column)
by Latent Class (Row)

           1

    1   1.000


Logits for the Classification Probabilities for the Most Likely Latent Class Membership (Column)
by Latent Class (Row)

              1

    1      0.000


MODEL RESULTS

                              ESTIMATES              S. E.     M. S. E.  95%  % Sig
                 Population   Average   Std. Dev.   Average             Cover Coeff
Latent Class 1

 F1       BY
  Y1                  0.800     0.7985     0.0562     0.0549     0.0032 0.942 1.000
  Y2                  0.800     0.7983     0.0561     0.0550     0.0032 0.943 1.000
  Y3                  0.800     0.7979     0.0556     0.0550     0.0031 0.942 1.000
  Y4                  0.800     0.7991     0.0560     0.0550     0.0031 0.944 1.000
  Y5                  0.800     0.7985     0.0555     0.0550     0.0031 0.942 1.000

 F2       BY
  Y6                  4.000     3.9871     0.3785     0.3732     0.1434 0.945 1.000
  Y7                  4.000     3.9888     0.3776     0.3735     0.1427 0.946 1.000
  Y8                  4.000     3.9844     0.3774     0.3730     0.1427 0.946 1.000
  Y9                  4.000     3.9875     0.3768     0.3730     0.1421 0.944 1.000
  Y10                 4.000     3.9862     0.3766     0.3735     0.1420 0.947 1.000

 F1       WITH
  F2                  0.200     0.1918     0.0716     0.0697     0.0052 0.937 0.761

 Means
  F1                  0.000     0.0000     0.0000     0.0000     0.0000 1.000 0.000
  F2                  0.000     0.0000     0.0000     0.0000     0.0000 1.000 0.000

 Intercepts
  Y1                  0.000     0.0008     0.0643     0.0644     0.0041 0.949 0.051
  Y2                  0.000     0.0003     0.0657     0.0644     0.0043 0.948 0.052
  Y3                  0.000     0.0015     0.0653     0.0644     0.0043 0.948 0.052
  Y4                  0.000     0.0007     0.0647     0.0644     0.0042 0.948 0.052
  Y5                  0.000     0.0011     0.0644     0.0644     0.0041 0.950 0.050
  Y6                  1.420     1.4289     0.3233     0.3218     0.1046 0.946 0.998
  Y7                  1.420     1.4303     0.3243     0.3220     0.1053 0.947 0.997
  Y8                  1.420     1.4297     0.3206     0.3218     0.1029 0.952 0.997
  Y9                  1.420     1.4300     0.3231     0.3218     0.1045 0.949 0.997
  Y10                 1.420     1.4292     0.3250     0.3219     0.1057 0.946 0.997

 Variances
  F1                  1.000     1.0000     0.0000     0.0000     0.0000 1.000 0.000
  F2                  1.000     1.0000     0.0000     0.0000     0.0000 1.000 0.000

 Residual Variances
  Y1                  0.360     0.3567     0.0408     0.0407     0.0017 0.940 1.000
  Y2                  0.360     0.3575     0.0414     0.0408     0.0017 0.935 1.000
  Y3                  0.360     0.3567     0.0409     0.0407     0.0017 0.938 1.000
  Y4                  0.360     0.3568     0.0417     0.0407     0.0017 0.934 1.000
  Y5                  0.360     0.3567     0.0418     0.0408     0.0018 0.936 1.000
  Y6                  9.000     8.9114     1.0373     1.0165     1.0837 0.935 1.000
  Y7                  9.000     8.9278     1.0397     1.0179     1.0861 0.935 1.000
  Y8                  9.000     8.9257     1.0295     1.0177     1.0652 0.937 1.000
  Y9                  9.000     8.9104     1.0441     1.0159     1.0981 0.933 1.000
  Y10                 9.000     8.9342     1.0332     1.0194     1.0718 0.937 1.000


QUALITY OF NUMERICAL RESULTS

     Average Condition Number for the Information Matrix      0.398E-03
       (ratio of smallest to largest eigenvalue)


TECHNICAL 1 OUTPUT


     PARAMETER SPECIFICATION FOR LATENT CLASS 1


           NU
              Y1            Y2            Y3            Y4            Y5
              ________      ________      ________      ________      ________
                    1             2             3             4             5


           NU
              Y6            Y7            Y8            Y9            Y10
              ________      ________      ________      ________      ________
                    6             7             8             9            10


           LAMBDA
              F1            F2
              ________      ________
 Y1                11             0
 Y2                12             0
 Y3                13             0
 Y4                14             0
 Y5                15             0
 Y6                 0            16
 Y7                 0            17
 Y8                 0            18
 Y9                 0            19
 Y10                0            20


           THETA
              Y1            Y2            Y3            Y4            Y5
              ________      ________      ________      ________      ________
 Y1                21
 Y2                 0            22
 Y3                 0             0            23
 Y4                 0             0             0            24
 Y5                 0             0             0             0            25
 Y6                 0             0             0             0             0
 Y7                 0             0             0             0             0
 Y8                 0             0             0             0             0
 Y9                 0             0             0             0             0
 Y10                0             0             0             0             0


           THETA
              Y6            Y7            Y8            Y9            Y10
              ________      ________      ________      ________      ________
 Y6                26
 Y7                 0            27
 Y8                 0             0            28
 Y9                 0             0             0            29
 Y10                0             0             0             0            30


           ALPHA
              F1            F2
              ________      ________
                    0             0


           BETA
              F1            F2
              ________      ________
 F1                 0             0
 F2                 0             0


           PSI
              F1            F2
              ________      ________
 F1                 0
 F2                31             0


     PARAMETER SPECIFICATION FOR LATENT CLASS REGRESSION MODEL PART


           ALPHA(C)
              C#1
              ________
                    0


     STARTING VALUES FOR LATENT CLASS 1


           NU
              Y1            Y2            Y3            Y4            Y5
              ________      ________      ________      ________      ________
                0.000         0.000         0.000         0.000         0.000


           NU
              Y6            Y7            Y8            Y9            Y10
              ________      ________      ________      ________      ________
                1.420         1.420         1.420         1.420         1.420


           LAMBDA
              F1            F2
              ________      ________
 Y1             0.800         0.000
 Y2             0.800         0.000
 Y3             0.800         0.000
 Y4             0.800         0.000
 Y5             0.800         0.000
 Y6             0.000         4.000
 Y7             0.000         4.000
 Y8             0.000         4.000
 Y9             0.000         4.000
 Y10            0.000         4.000


           THETA
              Y1            Y2            Y3            Y4            Y5
              ________      ________      ________      ________      ________
 Y1             0.360
 Y2             0.000         0.360
 Y3             0.000         0.000         0.360
 Y4             0.000         0.000         0.000         0.360
 Y5             0.000         0.000         0.000         0.000         0.360
 Y6             0.000         0.000         0.000         0.000         0.000
 Y7             0.000         0.000         0.000         0.000         0.000
 Y8             0.000         0.000         0.000         0.000         0.000
 Y9             0.000         0.000         0.000         0.000         0.000
 Y10            0.000         0.000         0.000         0.000         0.000


           THETA
              Y6            Y7            Y8            Y9            Y10
              ________      ________      ________      ________      ________
 Y6             9.000
 Y7             0.000         9.000
 Y8             0.000         0.000         9.000
 Y9             0.000         0.000         0.000         9.000
 Y10            0.000         0.000         0.000         0.000         9.000


           ALPHA
              F1            F2
              ________      ________
                0.000         0.000


           BETA
              F1            F2
              ________      ________
 F1             0.000         0.000
 F2             0.000         0.000


           PSI
              F1            F2
              ________      ________
 F1             1.000
 F2             0.200         1.000


     STARTING VALUES FOR LATENT CLASS REGRESSION MODEL PART


           ALPHA(C)
              C#1
              ________
                0.000


     POPULATION VALUES FOR LATENT CLASS 1


           NU
              Y1            Y2            Y3            Y4            Y5
              ________      ________      ________      ________      ________
                0.000         0.000         0.000         0.000         0.000


           NU
              Y6            Y7            Y8            Y9            Y10
              ________      ________      ________      ________      ________
                0.000         0.000         0.000         0.000         0.000


           LAMBDA
              F1            F2
              ________      ________
 Y1             0.800         0.000
 Y2             0.800         0.000
 Y3             0.800         0.000
 Y4             0.800         0.000
 Y5             0.800         0.000
 Y6             0.000         0.800
 Y7             0.000         0.800
 Y8             0.000         0.800
 Y9             0.000         0.800
 Y10            0.000         0.800


           THETA
              Y1            Y2            Y3            Y4            Y5
              ________      ________      ________      ________      ________
 Y1             0.360
 Y2             0.000         0.360
 Y3             0.000         0.000         0.360
 Y4             0.000         0.000         0.000         0.360
 Y5             0.000         0.000         0.000         0.000         0.360
 Y6             0.000         0.000         0.000         0.000         0.000
 Y7             0.000         0.000         0.000         0.000         0.000
 Y8             0.000         0.000         0.000         0.000         0.000
 Y9             0.000         0.000         0.000         0.000         0.000
 Y10            0.000         0.000         0.000         0.000         0.000


           THETA
              Y6            Y7            Y8            Y9            Y10
              ________      ________      ________      ________      ________
 Y6             9.000
 Y7             0.000         9.000
 Y8             0.000         0.000         9.000
 Y9             0.000         0.000         0.000         9.000
 Y10            0.000         0.000         0.000         0.000         9.000


           ALPHA
              F1            F2
              ________      ________
                0.000        15.000


           BETA
              F1            F2
              ________      ________
 F1             0.000         0.000
 F2             0.000         0.000


           PSI
              F1            F2
              ________      ________
 F1             1.000
 F2             0.950         5.000


     POPULATION VALUES FOR LATENT CLASS 2


           NU
              Y1            Y2            Y3            Y4            Y5
              ________      ________      ________      ________      ________
                0.000         0.000         0.000         0.000         0.000


           NU
              Y6            Y7            Y8            Y9            Y10
              ________      ________      ________      ________      ________
                0.000         0.000         0.000         0.000         0.000


           LAMBDA
              F1            F2
              ________      ________
 Y1             0.800         0.000
 Y2             0.800         0.000
 Y3             0.800         0.000
 Y4             0.800         0.000
 Y5             0.800         0.000
 Y6             0.000         0.800
 Y7             0.000         0.800
 Y8             0.000         0.800
 Y9             0.000         0.800
 Y10            0.000         0.800


           THETA
              Y1            Y2            Y3            Y4            Y5
              ________      ________      ________      ________      ________
 Y1             0.360
 Y2             0.000         0.360
 Y3             0.000         0.000         0.360
 Y4             0.000         0.000         0.000         0.360
 Y5             0.000         0.000         0.000         0.000         0.360
 Y6             0.000         0.000         0.000         0.000         0.000
 Y7             0.000         0.000         0.000         0.000         0.000
 Y8             0.000         0.000         0.000         0.000         0.000
 Y9             0.000         0.000         0.000         0.000         0.000
 Y10            0.000         0.000         0.000         0.000         0.000


           THETA
              Y6            Y7            Y8            Y9            Y10
              ________      ________      ________      ________      ________
 Y6             9.000
 Y7             0.000         9.000
 Y8             0.000         0.000         9.000
 Y9             0.000         0.000         0.000         9.000
 Y10            0.000         0.000         0.000         0.000         9.000


           ALPHA
              F1            F2
              ________      ________
                0.000         0.000


           BETA
              F1            F2
              ________      ________
 F1             0.000         0.000
 F2             0.000         0.000


           PSI
              F1            F2
              ________      ________
 F1             1.000
 F2             0.950         1.000


     POPULATION VALUES FOR LATENT CLASS REGRESSION MODEL PART


           ALPHA(C)
              C#1           C#2
              ________      ________
               -2.000         0.000


TECHNICAL 9 OUTPUT

  Error messages for each replication (if any)



SAVEDATA INFORMATION

  Order of variables

    Y1
    Y2
    Y3
    Y4
    Y5
    Y6
    Y7
    Y8
    Y9
    Y10
    C

  Save file
    cfa004_3.sav

  Save file format           Free
  Save file record length    10000


     Beginning Time:  21:40:25
        Ending Time:  21:41:07
       Elapsed Time:  00:00:42



MUTHEN & MUTHEN
3463 Stoner Ave.
Los Angeles, CA  90066

Tel: (310) 391-9971
Fax: (310) 391-8971
Web: www.StatModel.com
Support: Support@StatModel.com

Copyright (c) 1998-2019 Muthen & Muthen
