Mplus VERSION 8.3 (Mac)
MUTHEN & MUTHEN
01/29/2020   9:41 PM

INPUT INSTRUCTIONS

  TITLE:
  CFA 1 - non-normal, no missing
  MONTECARLO:
  NAMES ARE y1-y10;
  NOBSERVATIONS = 215; ! vary sample size
  NREPS = 10000;
  SEED = 53487;
  CLASSES = C(1);
  GENCLASSES = C(2);
  SAVE = cfa004_4.sav;
  MODEL POPULATION:
  %OVERALL%
       f1 BY y1-y5*.8;
       f2 BY y6-y10*.8;
       f1@1 f2@1;
       y1-y5*.36 y6-y10*9;
       f1 WITH f2*.95;
       [C#1@-2];

       %C#1%         ! outlier class

       [f1@0 f2@15]; ! means (factor 2 set to 15 to tune skewness & kurtosis)
       f1@1 f2@5;    ! variances (factor 2 set to 5  to tune skewness & kurtosis)

       %C#2%         ! majority class

       [f1@0 f2@0];
       f1@1 f2@1;
  ANALYSIS:
  TYPE = MIXTURE;
       ESTIMATOR = MLR;
  MODEL:
  %OVERALL%
       f1 BY y1-y5*.8;
       f2 BY y6-y10*4;
       f1@1 f2@1;
       y1-y5*.36 y6-y10*9;
       f1 WITH f2*.20;

     [y6-y10*1.42];
  OUTPUT:
   SAMPSTAT TECH9;



INPUT READING TERMINATED NORMALLY




CFA 1 - non-normal, no missing

SUMMARY OF ANALYSIS

Number of groups                                                 1
Number of observations                                         215

Number of replications
    Requested                                                10000
    Completed                                                10000
Value of seed                                                53487

Number of dependent variables                                   10
Number of independent variables                                  0
Number of continuous latent variables                            2
Number of categorical latent variables                           1

Observed dependent variables

  Continuous
   Y1          Y2          Y3          Y4          Y5          Y6
   Y7          Y8          Y9          Y10

Continuous latent variables
   F1          F2

Categorical latent variables
   C


Estimator                                                      MLR
Information matrix                                        OBSERVED
Optimization Specifications for the Quasi-Newton Algorithm for
Continuous Outcomes
  Maximum number of iterations                                 100
  Convergence criterion                                  0.100D-05
Optimization Specifications for the EM Algorithm
  Maximum number of iterations                                 500
  Convergence criteria
    Loglikelihood change                                 0.100D-06
    Relative loglikelihood change                        0.100D-06
    Derivative                                           0.100D-05
Optimization Specifications for the M step of the EM Algorithm for
Categorical Latent variables
  Number of M step iterations                                    1
  M step convergence criterion                           0.100D-05
  Basis for M step termination                           ITERATION
Optimization Specifications for the M step of the EM Algorithm for
Censored, Binary or Ordered Categorical (Ordinal), Unordered
Categorical (Nominal) and Count Outcomes
  Number of M step iterations                                    1
  M step convergence criterion                           0.100D-05
  Basis for M step termination                           ITERATION
  Maximum value for logit thresholds                            15
  Minimum value for logit thresholds                           -15
  Minimum expected cell size for chi-square              0.100D-01
Optimization algorithm                                         EMA


SAMPLE STATISTICS FOR THE FIRST REPLICATION


     SAMPLE STATISTICS


           Means
              Y1            Y2            Y3            Y4            Y5
              ________      ________      ________      ________      ________
                0.037         0.041         0.024        -0.022        -0.041


           Means
              Y6            Y7            Y8            Y9            Y10
              ________      ________      ________      ________      ________
                0.947         1.219         1.025         0.981         0.985


           Covariances
              Y1            Y2            Y3            Y4            Y5
              ________      ________      ________      ________      ________
 Y1             0.995
 Y2             0.699         1.014
 Y3             0.606         0.588         0.970
 Y4             0.592         0.616         0.611         0.951
 Y5             0.569         0.584         0.539         0.609         0.921
 Y6             0.082         0.093         0.608         0.138         0.006
 Y7             0.336         0.172         0.383         0.444        -0.040
 Y8             0.445         0.261         0.817         0.640         0.273
 Y9             0.217        -0.017         0.619         0.306         0.079
 Y10            0.746         0.334         0.658         0.524         0.108


           Covariances
              Y6            Y7            Y8            Y9            Y10
              ________      ________      ________      ________      ________
 Y6            18.673
 Y7            10.609        19.080
 Y8            10.820        10.516        19.689
 Y9            10.757        10.780        11.886        20.038
 Y10            9.866        10.666        11.416        11.184        19.019


           Correlations
              Y1            Y2            Y3            Y4            Y5
              ________      ________      ________      ________      ________
 Y1             1.000
 Y2             0.695         1.000
 Y3             0.616         0.592         1.000
 Y4             0.609         0.628         0.636         1.000
 Y5             0.594         0.604         0.570         0.651         1.000
 Y6             0.019         0.021         0.143         0.033         0.001
 Y7             0.077         0.039         0.089         0.104        -0.010
 Y8             0.101         0.058         0.187         0.148         0.064
 Y9             0.049        -0.004         0.140         0.070         0.018
 Y10            0.172         0.076         0.153         0.123         0.026


           Correlations
              Y6            Y7            Y8            Y9            Y10
              ________      ________      ________      ________      ________
 Y6             1.000
 Y7             0.562         1.000
 Y8             0.564         0.543         1.000
 Y9             0.556         0.551         0.598         1.000
 Y10            0.524         0.560         0.590         0.573         1.000




MODEL FIT INFORMATION

Number of Free Parameters                       31

Loglikelihood

    H0 Value

        Mean                             -4156.323
        Std Dev                             35.786
        Number of successful computations    10000

             Proportions                   Percentiles
        Expected    Observed         Expected       Observed
           0.990       0.990        -4239.573      -4239.647
           0.980       0.981        -4229.818      -4229.170
           0.950       0.952        -4215.188      -4214.586
           0.900       0.902        -4202.187      -4201.727
           0.800       0.802        -4186.441      -4186.315
           0.700       0.699        -4175.090      -4175.183
           0.500       0.494        -4156.323      -4156.934
           0.300       0.298        -4137.557      -4137.899
           0.200       0.198        -4126.206      -4126.577
           0.100       0.102        -4110.460      -4110.169
           0.050       0.053        -4097.459      -4096.213
           0.020       0.022        -4082.829      -4081.665
           0.010       0.010        -4073.074      -4072.995

Information Criteria

    Akaike (AIC)

        Mean                              8374.647
        Std Dev                             71.572
        Number of successful computations    10000

             Proportions                   Percentiles
        Expected    Observed         Expected       Observed
           0.990       0.990         8208.148       8207.901
           0.980       0.978         8227.658       8225.211
           0.950       0.947         8256.917       8254.229
           0.900       0.898         8282.919       8282.238
           0.800       0.802         8314.411       8315.025
           0.700       0.702         8337.114       8337.789
           0.500       0.506         8374.647       8375.856
           0.300       0.301         8412.179       8412.357
           0.200       0.198         8434.882       8434.557
           0.100       0.098         8466.374       8465.371
           0.050       0.048         8492.376       8491.129
           0.020       0.019         8521.635       8519.937
           0.010       0.010         8541.146       8541.178

    Bayesian (BIC)

        Mean                              8479.136
        Std Dev                             71.572
        Number of successful computations    10000

             Proportions                   Percentiles
        Expected    Observed         Expected       Observed
           0.990       0.990         8312.637       8312.390
           0.980       0.978         8332.148       8329.701
           0.950       0.947         8361.407       8358.718
           0.900       0.898         8387.409       8386.728
           0.800       0.802         8418.901       8419.514
           0.700       0.702         8441.604       8442.279
           0.500       0.506         8479.136       8480.346
           0.300       0.301         8516.669       8516.847
           0.200       0.198         8539.372       8539.046
           0.100       0.098         8570.864       8569.861
           0.050       0.048         8596.866       8595.619
           0.020       0.019         8626.125       8624.427
           0.010       0.010         8645.636       8645.667

    Sample-Size Adjusted BIC (n* = (n + 2) / 24)

        Mean                              8380.904
        Std Dev                             71.572
        Number of successful computations    10000

             Proportions                   Percentiles
        Expected    Observed         Expected       Observed
           0.990       0.990         8214.405       8214.158
           0.980       0.978         8233.915       8231.468
           0.950       0.947         8263.174       8260.486
           0.900       0.898         8289.176       8288.496
           0.800       0.802         8320.668       8321.282
           0.700       0.702         8343.371       8344.046
           0.500       0.506         8380.904       8382.113
           0.300       0.301         8418.436       8418.614
           0.200       0.198         8441.139       8440.814
           0.100       0.098         8472.631       8471.628
           0.050       0.048         8498.633       8497.386
           0.020       0.019         8527.892       8526.194
           0.010       0.010         8547.403       8547.435



FINAL CLASS COUNTS AND PROPORTIONS FOR THE LATENT CLASSES
BASED ON THE ESTIMATED MODEL

    Latent
   Classes

       1        215.00000          1.00000


FINAL CLASS COUNTS AND PROPORTIONS FOR THE LATENT CLASSES
BASED ON ESTIMATED POSTERIOR PROBABILITIES

    Latent
   Classes

       1        215.00000          1.00000


FINAL CLASS COUNTS AND PROPORTIONS FOR THE LATENT CLASSES
BASED ON THEIR MOST LIKELY LATENT CLASS MEMBERSHIP

Class Counts and Proportions

    Latent
   Classes

       1              215          1.00000


Average Latent Class Probabilities for Most Likely Latent Class Membership (Row)
by Latent Class (Column)

           1

    1   1.000


Classification Probabilities for the Most Likely Latent Class Membership (Column)
by Latent Class (Row)

           1

    1   1.000


Logits for the Classification Probabilities for the Most Likely Latent Class Membership (Column)
by Latent Class (Row)

              1

    1      0.000


MODEL RESULTS

                              ESTIMATES              S. E.     M. S. E.  95%  % Sig
                 Population   Average   Std. Dev.   Average             Cover Coeff
Latent Class 1

 F1       BY
  Y1                  0.800     0.7986     0.0594     0.0580     0.0035 0.940 1.000
  Y2                  0.800     0.7984     0.0595     0.0581     0.0035 0.940 1.000
  Y3                  0.800     0.7975     0.0587     0.0580     0.0035 0.944 1.000
  Y4                  0.800     0.7988     0.0594     0.0581     0.0035 0.941 1.000
  Y5                  0.800     0.7984     0.0588     0.0580     0.0035 0.943 1.000

 F2       BY
  Y6                  4.000     3.9852     0.3996     0.3939     0.1599 0.945 1.000
  Y7                  4.000     3.9858     0.3986     0.3941     0.1590 0.944 1.000
  Y8                  4.000     3.9810     0.3953     0.3939     0.1566 0.944 1.000
  Y9                  4.000     3.9843     0.3987     0.3937     0.1592 0.944 1.000
  Y10                 4.000     3.9835     0.3978     0.3941     0.1585 0.946 1.000

 F1       WITH
  F2                  0.200     0.1920     0.0759     0.0735     0.0058 0.935 0.721

 Means
  F1                  0.000     0.0000     0.0000     0.0000     0.0000 1.000 0.000
  F2                  0.000     0.0000     0.0000     0.0000     0.0000 1.000 0.000

 Intercepts
  Y1                  0.000     0.0008     0.0677     0.0680     0.0046 0.951 0.049
  Y2                  0.000     0.0003     0.0690     0.0680     0.0048 0.944 0.056
  Y3                  0.000     0.0013     0.0684     0.0680     0.0047 0.949 0.051
  Y4                  0.000     0.0006     0.0680     0.0681     0.0046 0.950 0.050
  Y5                  0.000     0.0010     0.0681     0.0680     0.0046 0.952 0.048
  Y6                  1.420     1.4288     0.3388     0.3399     0.1148 0.949 0.995
  Y7                  1.420     1.4300     0.3398     0.3400     0.1155 0.948 0.994
  Y8                  1.420     1.4286     0.3384     0.3398     0.1146 0.951 0.994
  Y9                  1.420     1.4313     0.3393     0.3399     0.1153 0.949 0.995
  Y10                 1.420     1.4292     0.3408     0.3399     0.1162 0.950 0.994

 Variances
  F1                  1.000     1.0000     0.0000     0.0000     0.0000 1.000 0.000
  F2                  1.000     1.0000     0.0000     0.0000     0.0000 1.000 0.000

 Residual Variances
  Y1                  0.360     0.3562     0.0429     0.0429     0.0019 0.936 1.000
  Y2                  0.360     0.3569     0.0438     0.0430     0.0019 0.933 1.000
  Y3                  0.360     0.3562     0.0432     0.0429     0.0019 0.939 1.000
  Y4                  0.360     0.3565     0.0442     0.0430     0.0020 0.935 1.000
  Y5                  0.360     0.3561     0.0436     0.0430     0.0019 0.938 1.000
  Y6                  9.000     8.8989     1.0880     1.0721     1.1938 0.935 1.000
  Y7                  9.000     8.9126     1.0968     1.0738     1.2106 0.933 1.000
  Y8                  9.000     8.9183     1.0832     1.0740     1.1798 0.937 1.000
  Y9                  9.000     8.9051     1.0985     1.0722     1.2156 0.934 1.000
  Y10                 9.000     8.9222     1.0749     1.0754     1.1614 0.939 1.000


QUALITY OF NUMERICAL RESULTS

     Average Condition Number for the Information Matrix      0.384E-03
       (ratio of smallest to largest eigenvalue)


TECHNICAL 1 OUTPUT


     PARAMETER SPECIFICATION FOR LATENT CLASS 1


           NU
              Y1            Y2            Y3            Y4            Y5
              ________      ________      ________      ________      ________
                    1             2             3             4             5


           NU
              Y6            Y7            Y8            Y9            Y10
              ________      ________      ________      ________      ________
                    6             7             8             9            10


           LAMBDA
              F1            F2
              ________      ________
 Y1                11             0
 Y2                12             0
 Y3                13             0
 Y4                14             0
 Y5                15             0
 Y6                 0            16
 Y7                 0            17
 Y8                 0            18
 Y9                 0            19
 Y10                0            20


           THETA
              Y1            Y2            Y3            Y4            Y5
              ________      ________      ________      ________      ________
 Y1                21
 Y2                 0            22
 Y3                 0             0            23
 Y4                 0             0             0            24
 Y5                 0             0             0             0            25
 Y6                 0             0             0             0             0
 Y7                 0             0             0             0             0
 Y8                 0             0             0             0             0
 Y9                 0             0             0             0             0
 Y10                0             0             0             0             0


           THETA
              Y6            Y7            Y8            Y9            Y10
              ________      ________      ________      ________      ________
 Y6                26
 Y7                 0            27
 Y8                 0             0            28
 Y9                 0             0             0            29
 Y10                0             0             0             0            30


           ALPHA
              F1            F2
              ________      ________
                    0             0


           BETA
              F1            F2
              ________      ________
 F1                 0             0
 F2                 0             0


           PSI
              F1            F2
              ________      ________
 F1                 0
 F2                31             0


     PARAMETER SPECIFICATION FOR LATENT CLASS REGRESSION MODEL PART


           ALPHA(C)
              C#1
              ________
                    0


     STARTING VALUES FOR LATENT CLASS 1


           NU
              Y1            Y2            Y3            Y4            Y5
              ________      ________      ________      ________      ________
                0.000         0.000         0.000         0.000         0.000


           NU
              Y6            Y7            Y8            Y9            Y10
              ________      ________      ________      ________      ________
                1.420         1.420         1.420         1.420         1.420


           LAMBDA
              F1            F2
              ________      ________
 Y1             0.800         0.000
 Y2             0.800         0.000
 Y3             0.800         0.000
 Y4             0.800         0.000
 Y5             0.800         0.000
 Y6             0.000         4.000
 Y7             0.000         4.000
 Y8             0.000         4.000
 Y9             0.000         4.000
 Y10            0.000         4.000


           THETA
              Y1            Y2            Y3            Y4            Y5
              ________      ________      ________      ________      ________
 Y1             0.360
 Y2             0.000         0.360
 Y3             0.000         0.000         0.360
 Y4             0.000         0.000         0.000         0.360
 Y5             0.000         0.000         0.000         0.000         0.360
 Y6             0.000         0.000         0.000         0.000         0.000
 Y7             0.000         0.000         0.000         0.000         0.000
 Y8             0.000         0.000         0.000         0.000         0.000
 Y9             0.000         0.000         0.000         0.000         0.000
 Y10            0.000         0.000         0.000         0.000         0.000


           THETA
              Y6            Y7            Y8            Y9            Y10
              ________      ________      ________      ________      ________
 Y6             9.000
 Y7             0.000         9.000
 Y8             0.000         0.000         9.000
 Y9             0.000         0.000         0.000         9.000
 Y10            0.000         0.000         0.000         0.000         9.000


           ALPHA
              F1            F2
              ________      ________
                0.000         0.000


           BETA
              F1            F2
              ________      ________
 F1             0.000         0.000
 F2             0.000         0.000


           PSI
              F1            F2
              ________      ________
 F1             1.000
 F2             0.200         1.000


     STARTING VALUES FOR LATENT CLASS REGRESSION MODEL PART


           ALPHA(C)
              C#1
              ________
                0.000


     POPULATION VALUES FOR LATENT CLASS 1


           NU
              Y1            Y2            Y3            Y4            Y5
              ________      ________      ________      ________      ________
                0.000         0.000         0.000         0.000         0.000


           NU
              Y6            Y7            Y8            Y9            Y10
              ________      ________      ________      ________      ________
                0.000         0.000         0.000         0.000         0.000


           LAMBDA
              F1            F2
              ________      ________
 Y1             0.800         0.000
 Y2             0.800         0.000
 Y3             0.800         0.000
 Y4             0.800         0.000
 Y5             0.800         0.000
 Y6             0.000         0.800
 Y7             0.000         0.800
 Y8             0.000         0.800
 Y9             0.000         0.800
 Y10            0.000         0.800


           THETA
              Y1            Y2            Y3            Y4            Y5
              ________      ________      ________      ________      ________
 Y1             0.360
 Y2             0.000         0.360
 Y3             0.000         0.000         0.360
 Y4             0.000         0.000         0.000         0.360
 Y5             0.000         0.000         0.000         0.000         0.360
 Y6             0.000         0.000         0.000         0.000         0.000
 Y7             0.000         0.000         0.000         0.000         0.000
 Y8             0.000         0.000         0.000         0.000         0.000
 Y9             0.000         0.000         0.000         0.000         0.000
 Y10            0.000         0.000         0.000         0.000         0.000


           THETA
              Y6            Y7            Y8            Y9            Y10
              ________      ________      ________      ________      ________
 Y6             9.000
 Y7             0.000         9.000
 Y8             0.000         0.000         9.000
 Y9             0.000         0.000         0.000         9.000
 Y10            0.000         0.000         0.000         0.000         9.000


           ALPHA
              F1            F2
              ________      ________
                0.000        15.000


           BETA
              F1            F2
              ________      ________
 F1             0.000         0.000
 F2             0.000         0.000


           PSI
              F1            F2
              ________      ________
 F1             1.000
 F2             0.950         5.000


     POPULATION VALUES FOR LATENT CLASS 2


           NU
              Y1            Y2            Y3            Y4            Y5
              ________      ________      ________      ________      ________
                0.000         0.000         0.000         0.000         0.000


           NU
              Y6            Y7            Y8            Y9            Y10
              ________      ________      ________      ________      ________
                0.000         0.000         0.000         0.000         0.000


           LAMBDA
              F1            F2
              ________      ________
 Y1             0.800         0.000
 Y2             0.800         0.000
 Y3             0.800         0.000
 Y4             0.800         0.000
 Y5             0.800         0.000
 Y6             0.000         0.800
 Y7             0.000         0.800
 Y8             0.000         0.800
 Y9             0.000         0.800
 Y10            0.000         0.800


           THETA
              Y1            Y2            Y3            Y4            Y5
              ________      ________      ________      ________      ________
 Y1             0.360
 Y2             0.000         0.360
 Y3             0.000         0.000         0.360
 Y4             0.000         0.000         0.000         0.360
 Y5             0.000         0.000         0.000         0.000         0.360
 Y6             0.000         0.000         0.000         0.000         0.000
 Y7             0.000         0.000         0.000         0.000         0.000
 Y8             0.000         0.000         0.000         0.000         0.000
 Y9             0.000         0.000         0.000         0.000         0.000
 Y10            0.000         0.000         0.000         0.000         0.000


           THETA
              Y6            Y7            Y8            Y9            Y10
              ________      ________      ________      ________      ________
 Y6             9.000
 Y7             0.000         9.000
 Y8             0.000         0.000         9.000
 Y9             0.000         0.000         0.000         9.000
 Y10            0.000         0.000         0.000         0.000         9.000


           ALPHA
              F1            F2
              ________      ________
                0.000         0.000


           BETA
              F1            F2
              ________      ________
 F1             0.000         0.000
 F2             0.000         0.000


           PSI
              F1            F2
              ________      ________
 F1             1.000
 F2             0.950         1.000


     POPULATION VALUES FOR LATENT CLASS REGRESSION MODEL PART


           ALPHA(C)
              C#1           C#2
              ________      ________
               -2.000         0.000


TECHNICAL 9 OUTPUT

  Error messages for each replication (if any)



SAVEDATA INFORMATION

  Order of variables

    Y1
    Y2
    Y3
    Y4
    Y5
    Y6
    Y7
    Y8
    Y9
    Y10
    C

  Save file
    cfa004_4.sav

  Save file format           Free
  Save file record length    10000


     Beginning Time:  21:41:07
        Ending Time:  21:41:48
       Elapsed Time:  00:00:41



MUTHEN & MUTHEN
3463 Stoner Ave.
Los Angeles, CA  90066

Tel: (310) 391-9971
Fax: (310) 391-8971
Web: www.StatModel.com
Support: Support@StatModel.com

Copyright (c) 1998-2019 Muthen & Muthen
