Mplus VERSION 8.3 (Mac)
MUTHEN & MUTHEN
01/29/2020   9:41 PM

INPUT INSTRUCTIONS

  TITLE:
  CFA 1 - non-normal, no missing
  MONTECARLO:
  NAMES ARE y1-y10;
  NOBSERVATIONS = 190; ! vary sample size
  NREPS = 10000;
  SEED = 53487;
  CLASSES = C(1);
  GENCLASSES = C(2);
  SAVE = cfa004_5.sav;
  MODEL POPULATION:
  %OVERALL%
       f1 BY y1-y5*.8;
       f2 BY y6-y10*.8;
       f1@1 f2@1;
       y1-y5*.36 y6-y10*9;
       f1 WITH f2*.95;
       [C#1@-2];

       %C#1%         ! outlier class

       [f1@0 f2@15]; ! means (factor 2 set to 15 to tune skewness & kurtosis)
       f1@1 f2@5;    ! variances (factor 2 set to 5  to tune skewness & kurtosis)

       %C#2%         ! majority class

       [f1@0 f2@0];
       f1@1 f2@1;
  ANALYSIS:
  TYPE = MIXTURE;
       ESTIMATOR = MLR;
  MODEL:
  %OVERALL%
       f1 BY y1-y5*.8;
       f2 BY y6-y10*4;
       f1@1 f2@1;
       y1-y5*.36 y6-y10*9;
       f1 WITH f2*.20;

     [y6-y10*1.42];
  OUTPUT:
   SAMPSTAT TECH9;



INPUT READING TERMINATED NORMALLY




CFA 1 - non-normal, no missing

SUMMARY OF ANALYSIS

Number of groups                                                 1
Number of observations                                         190

Number of replications
    Requested                                                10000
    Completed                                                10000
Value of seed                                                53487

Number of dependent variables                                   10
Number of independent variables                                  0
Number of continuous latent variables                            2
Number of categorical latent variables                           1

Observed dependent variables

  Continuous
   Y1          Y2          Y3          Y4          Y5          Y6
   Y7          Y8          Y9          Y10

Continuous latent variables
   F1          F2

Categorical latent variables
   C


Estimator                                                      MLR
Information matrix                                        OBSERVED
Optimization Specifications for the Quasi-Newton Algorithm for
Continuous Outcomes
  Maximum number of iterations                                 100
  Convergence criterion                                  0.100D-05
Optimization Specifications for the EM Algorithm
  Maximum number of iterations                                 500
  Convergence criteria
    Loglikelihood change                                 0.100D-06
    Relative loglikelihood change                        0.100D-06
    Derivative                                           0.100D-05
Optimization Specifications for the M step of the EM Algorithm for
Categorical Latent variables
  Number of M step iterations                                    1
  M step convergence criterion                           0.100D-05
  Basis for M step termination                           ITERATION
Optimization Specifications for the M step of the EM Algorithm for
Censored, Binary or Ordered Categorical (Ordinal), Unordered
Categorical (Nominal) and Count Outcomes
  Number of M step iterations                                    1
  M step convergence criterion                           0.100D-05
  Basis for M step termination                           ITERATION
  Maximum value for logit thresholds                            15
  Minimum value for logit thresholds                           -15
  Minimum expected cell size for chi-square              0.100D-01
Optimization algorithm                                         EMA


SAMPLE STATISTICS FOR THE FIRST REPLICATION


     SAMPLE STATISTICS


           Means
              Y1            Y2            Y3            Y4            Y5
              ________      ________      ________      ________      ________
                0.051         0.015        -0.005        -0.057        -0.059


           Means
              Y6            Y7            Y8            Y9            Y10
              ________      ________      ________      ________      ________
                0.841         1.239         0.962         1.086         0.909


           Covariances
              Y1            Y2            Y3            Y4            Y5
              ________      ________      ________      ________      ________
 Y1             0.957
 Y2             0.689         1.020
 Y3             0.608         0.585         0.991
 Y4             0.593         0.605         0.609         0.944
 Y5             0.543         0.564         0.526         0.594         0.914
 Y6             0.245         0.221         0.714         0.274         0.110
 Y7             0.544         0.413         0.625         0.667         0.184
 Y8             0.593         0.384         0.880         0.716         0.314
 Y9             0.488         0.273         0.851         0.544         0.378
 Y10            0.950         0.510         0.774         0.720         0.251


           Covariances
              Y6            Y7            Y8            Y9            Y10
              ________      ________      ________      ________      ________
 Y6            19.693
 Y7            11.256        19.527
 Y8            11.448        11.276        20.348
 Y9            11.281        10.948        12.571        20.410
 Y10           10.458        11.235        12.019        11.931        19.727


           Correlations
              Y1            Y2            Y3            Y4            Y5
              ________      ________      ________      ________      ________
 Y1             1.000
 Y2             0.697         1.000
 Y3             0.624         0.582         1.000
 Y4             0.624         0.617         0.629         1.000
 Y5             0.580         0.584         0.552         0.639         1.000
 Y6             0.056         0.049         0.162         0.064         0.026
 Y7             0.126         0.092         0.142         0.155         0.044
 Y8             0.134         0.084         0.196         0.163         0.073
 Y9             0.110         0.060         0.189         0.124         0.087
 Y10            0.219         0.114         0.175         0.167         0.059


           Correlations
              Y6            Y7            Y8            Y9            Y10
              ________      ________      ________      ________      ________
 Y6             1.000
 Y7             0.574         1.000
 Y8             0.572         0.566         1.000
 Y9             0.563         0.548         0.617         1.000
 Y10            0.531         0.572         0.600         0.595         1.000




MODEL FIT INFORMATION

Number of Free Parameters                       31

Loglikelihood

    H0 Value

        Mean                             -3671.085
        Std Dev                             33.800
        Number of successful computations    10000

             Proportions                   Percentiles
        Expected    Observed         Expected       Observed
           0.990       0.992        -3749.714      -3748.683
           0.980       0.981        -3740.500      -3739.762
           0.950       0.954        -3726.683      -3725.344
           0.900       0.902        -3714.403      -3713.804
           0.800       0.799        -3699.531      -3699.704
           0.700       0.698        -3688.810      -3689.107
           0.500       0.495        -3671.085      -3671.565
           0.300       0.297        -3653.361      -3653.505
           0.200       0.199        -3642.639      -3642.677
           0.100       0.097        -3627.767      -3628.220
           0.050       0.052        -3615.488      -3614.653
           0.020       0.021        -3601.670      -3600.726
           0.010       0.012        -3592.457      -3590.458

Information Criteria

    Akaike (AIC)

        Mean                              7404.171
        Std Dev                             67.600
        Number of successful computations    10000

             Proportions                   Percentiles
        Expected    Observed         Expected       Observed
           0.990       0.988         7246.913       7242.819
           0.980       0.979         7265.341       7263.428
           0.950       0.948         7292.976       7291.279
           0.900       0.903         7317.535       7318.334
           0.800       0.801         7347.279       7347.329
           0.700       0.703         7368.721       7369.007
           0.500       0.505         7404.171       7405.112
           0.300       0.302         7439.620       7440.194
           0.200       0.201         7461.062       7461.355
           0.100       0.098         7490.806       7489.583
           0.050       0.046         7515.365       7512.687
           0.020       0.019         7543.000       7541.394
           0.010       0.008         7561.428       7559.071

    Bayesian (BIC)

        Mean                              7504.828
        Std Dev                             67.600
        Number of successful computations    10000

             Proportions                   Percentiles
        Expected    Observed         Expected       Observed
           0.990       0.988         7347.571       7343.477
           0.980       0.979         7365.999       7364.086
           0.950       0.948         7393.633       7391.937
           0.900       0.903         7418.192       7418.992
           0.800       0.801         7447.936       7447.986
           0.700       0.703         7469.379       7469.665
           0.500       0.505         7504.828       7505.770
           0.300       0.302         7540.278       7540.852
           0.200       0.201         7561.720       7562.013
           0.100       0.098         7591.464       7590.241
           0.050       0.046         7616.023       7613.345
           0.020       0.019         7643.658       7642.052
           0.010       0.008         7662.086       7659.729

    Sample-Size Adjusted BIC (n* = (n + 2) / 24)

        Mean                              7406.633
        Std Dev                             67.600
        Number of successful computations    10000

             Proportions                   Percentiles
        Expected    Observed         Expected       Observed
           0.990       0.988         7249.376       7245.282
           0.980       0.979         7267.803       7265.891
           0.950       0.948         7295.438       7293.742
           0.900       0.903         7319.997       7320.797
           0.800       0.801         7349.741       7349.791
           0.700       0.703         7371.184       7371.470
           0.500       0.505         7406.633       7407.575
           0.300       0.302         7442.083       7442.657
           0.200       0.201         7463.525       7463.818
           0.100       0.098         7493.269       7492.046
           0.050       0.046         7517.828       7515.150
           0.020       0.019         7545.463       7543.857
           0.010       0.008         7563.891       7561.534



FINAL CLASS COUNTS AND PROPORTIONS FOR THE LATENT CLASSES
BASED ON THE ESTIMATED MODEL

    Latent
   Classes

       1        190.00000          1.00000


FINAL CLASS COUNTS AND PROPORTIONS FOR THE LATENT CLASSES
BASED ON ESTIMATED POSTERIOR PROBABILITIES

    Latent
   Classes

       1        190.00000          1.00000


FINAL CLASS COUNTS AND PROPORTIONS FOR THE LATENT CLASSES
BASED ON THEIR MOST LIKELY LATENT CLASS MEMBERSHIP

Class Counts and Proportions

    Latent
   Classes

       1              190          1.00000


Average Latent Class Probabilities for Most Likely Latent Class Membership (Row)
by Latent Class (Column)

           1

    1   1.000


Classification Probabilities for the Most Likely Latent Class Membership (Column)
by Latent Class (Row)

           1

    1   1.000


Logits for the Classification Probabilities for the Most Likely Latent Class Membership (Column)
by Latent Class (Row)

              1

    1      0.000


MODEL RESULTS

                              ESTIMATES              S. E.     M. S. E.  95%  % Sig
                 Population   Average   Std. Dev.   Average             Cover Coeff
Latent Class 1

 F1       BY
  Y1                  0.800     0.7987     0.0633     0.0616     0.0040 0.941 1.000
  Y2                  0.800     0.7984     0.0627     0.0617     0.0039 0.944 1.000
  Y3                  0.800     0.7969     0.0631     0.0616     0.0040 0.940 1.000
  Y4                  0.800     0.7985     0.0624     0.0617     0.0039 0.946 1.000
  Y5                  0.800     0.7982     0.0619     0.0616     0.0038 0.948 1.000

 F2       BY
  Y6                  4.000     3.9820     0.4255     0.4187     0.1814 0.943 1.000
  Y7                  4.000     3.9814     0.4230     0.4187     0.1793 0.946 1.000
  Y8                  4.000     3.9773     0.4227     0.4186     0.1792 0.946 1.000
  Y9                  4.000     3.9806     0.4228     0.4183     0.1791 0.945 1.000
  Y10                 4.000     3.9790     0.4243     0.4187     0.1805 0.943 1.000

 F1       WITH
  F2                  0.200     0.1921     0.0814     0.0781     0.0067 0.932 0.664

 Means
  F1                  0.000     0.0000     0.0000     0.0000     0.0000 1.000 0.000
  F2                  0.000     0.0000     0.0000     0.0000     0.0000 1.000 0.000

 Intercepts
  Y1                  0.000     0.0007     0.0720     0.0724     0.0052 0.950 0.050
  Y2                  0.000     0.0003     0.0736     0.0724     0.0054 0.945 0.055
  Y3                  0.000     0.0013     0.0728     0.0723     0.0053 0.947 0.054
  Y4                  0.000    -0.0001     0.0728     0.0724     0.0053 0.949 0.051
  Y5                  0.000     0.0010     0.0718     0.0723     0.0052 0.953 0.047
  Y6                  1.420     1.4285     0.3654     0.3613     0.1336 0.945 0.987
  Y7                  1.420     1.4290     0.3633     0.3614     0.1321 0.947 0.987
  Y8                  1.420     1.4285     0.3620     0.3612     0.1311 0.949 0.987
  Y9                  1.420     1.4309     0.3643     0.3613     0.1328 0.944 0.987
  Y10                 1.420     1.4292     0.3680     0.3613     0.1355 0.946 0.986

 Variances
  F1                  1.000     1.0000     0.0000     0.0000     0.0000 1.000 0.000
  F2                  1.000     1.0000     0.0000     0.0000     0.0000 1.000 0.000

 Residual Variances
  Y1                  0.360     0.3556     0.0455     0.0455     0.0021 0.936 1.000
  Y2                  0.360     0.3563     0.0470     0.0456     0.0022 0.933 1.000
  Y3                  0.360     0.3559     0.0466     0.0455     0.0022 0.932 1.000
  Y4                  0.360     0.3563     0.0472     0.0456     0.0022 0.932 1.000
  Y5                  0.360     0.3555     0.0462     0.0456     0.0022 0.933 1.000
  Y6                  9.000     8.8890     1.1612     1.1386     1.3605 0.933 1.000
  Y7                  9.000     8.9037     1.1693     1.1388     1.3764 0.934 1.000
  Y8                  9.000     8.9106     1.1625     1.1403     1.3593 0.934 1.000
  Y9                  9.000     8.8892     1.1699     1.1382     1.3807 0.929 1.000
  Y10                 9.000     8.9075     1.1581     1.1405     1.3495 0.932 1.000


QUALITY OF NUMERICAL RESULTS

     Average Condition Number for the Information Matrix      0.368E-03
       (ratio of smallest to largest eigenvalue)


TECHNICAL 1 OUTPUT


     PARAMETER SPECIFICATION FOR LATENT CLASS 1


           NU
              Y1            Y2            Y3            Y4            Y5
              ________      ________      ________      ________      ________
                    1             2             3             4             5


           NU
              Y6            Y7            Y8            Y9            Y10
              ________      ________      ________      ________      ________
                    6             7             8             9            10


           LAMBDA
              F1            F2
              ________      ________
 Y1                11             0
 Y2                12             0
 Y3                13             0
 Y4                14             0
 Y5                15             0
 Y6                 0            16
 Y7                 0            17
 Y8                 0            18
 Y9                 0            19
 Y10                0            20


           THETA
              Y1            Y2            Y3            Y4            Y5
              ________      ________      ________      ________      ________
 Y1                21
 Y2                 0            22
 Y3                 0             0            23
 Y4                 0             0             0            24
 Y5                 0             0             0             0            25
 Y6                 0             0             0             0             0
 Y7                 0             0             0             0             0
 Y8                 0             0             0             0             0
 Y9                 0             0             0             0             0
 Y10                0             0             0             0             0


           THETA
              Y6            Y7            Y8            Y9            Y10
              ________      ________      ________      ________      ________
 Y6                26
 Y7                 0            27
 Y8                 0             0            28
 Y9                 0             0             0            29
 Y10                0             0             0             0            30


           ALPHA
              F1            F2
              ________      ________
                    0             0


           BETA
              F1            F2
              ________      ________
 F1                 0             0
 F2                 0             0


           PSI
              F1            F2
              ________      ________
 F1                 0
 F2                31             0


     PARAMETER SPECIFICATION FOR LATENT CLASS REGRESSION MODEL PART


           ALPHA(C)
              C#1
              ________
                    0


     STARTING VALUES FOR LATENT CLASS 1


           NU
              Y1            Y2            Y3            Y4            Y5
              ________      ________      ________      ________      ________
                0.000         0.000         0.000         0.000         0.000


           NU
              Y6            Y7            Y8            Y9            Y10
              ________      ________      ________      ________      ________
                1.420         1.420         1.420         1.420         1.420


           LAMBDA
              F1            F2
              ________      ________
 Y1             0.800         0.000
 Y2             0.800         0.000
 Y3             0.800         0.000
 Y4             0.800         0.000
 Y5             0.800         0.000
 Y6             0.000         4.000
 Y7             0.000         4.000
 Y8             0.000         4.000
 Y9             0.000         4.000
 Y10            0.000         4.000


           THETA
              Y1            Y2            Y3            Y4            Y5
              ________      ________      ________      ________      ________
 Y1             0.360
 Y2             0.000         0.360
 Y3             0.000         0.000         0.360
 Y4             0.000         0.000         0.000         0.360
 Y5             0.000         0.000         0.000         0.000         0.360
 Y6             0.000         0.000         0.000         0.000         0.000
 Y7             0.000         0.000         0.000         0.000         0.000
 Y8             0.000         0.000         0.000         0.000         0.000
 Y9             0.000         0.000         0.000         0.000         0.000
 Y10            0.000         0.000         0.000         0.000         0.000


           THETA
              Y6            Y7            Y8            Y9            Y10
              ________      ________      ________      ________      ________
 Y6             9.000
 Y7             0.000         9.000
 Y8             0.000         0.000         9.000
 Y9             0.000         0.000         0.000         9.000
 Y10            0.000         0.000         0.000         0.000         9.000


           ALPHA
              F1            F2
              ________      ________
                0.000         0.000


           BETA
              F1            F2
              ________      ________
 F1             0.000         0.000
 F2             0.000         0.000


           PSI
              F1            F2
              ________      ________
 F1             1.000
 F2             0.200         1.000


     STARTING VALUES FOR LATENT CLASS REGRESSION MODEL PART


           ALPHA(C)
              C#1
              ________
                0.000


     POPULATION VALUES FOR LATENT CLASS 1


           NU
              Y1            Y2            Y3            Y4            Y5
              ________      ________      ________      ________      ________
                0.000         0.000         0.000         0.000         0.000


           NU
              Y6            Y7            Y8            Y9            Y10
              ________      ________      ________      ________      ________
                0.000         0.000         0.000         0.000         0.000


           LAMBDA
              F1            F2
              ________      ________
 Y1             0.800         0.000
 Y2             0.800         0.000
 Y3             0.800         0.000
 Y4             0.800         0.000
 Y5             0.800         0.000
 Y6             0.000         0.800
 Y7             0.000         0.800
 Y8             0.000         0.800
 Y9             0.000         0.800
 Y10            0.000         0.800


           THETA
              Y1            Y2            Y3            Y4            Y5
              ________      ________      ________      ________      ________
 Y1             0.360
 Y2             0.000         0.360
 Y3             0.000         0.000         0.360
 Y4             0.000         0.000         0.000         0.360
 Y5             0.000         0.000         0.000         0.000         0.360
 Y6             0.000         0.000         0.000         0.000         0.000
 Y7             0.000         0.000         0.000         0.000         0.000
 Y8             0.000         0.000         0.000         0.000         0.000
 Y9             0.000         0.000         0.000         0.000         0.000
 Y10            0.000         0.000         0.000         0.000         0.000


           THETA
              Y6            Y7            Y8            Y9            Y10
              ________      ________      ________      ________      ________
 Y6             9.000
 Y7             0.000         9.000
 Y8             0.000         0.000         9.000
 Y9             0.000         0.000         0.000         9.000
 Y10            0.000         0.000         0.000         0.000         9.000


           ALPHA
              F1            F2
              ________      ________
                0.000        15.000


           BETA
              F1            F2
              ________      ________
 F1             0.000         0.000
 F2             0.000         0.000


           PSI
              F1            F2
              ________      ________
 F1             1.000
 F2             0.950         5.000


     POPULATION VALUES FOR LATENT CLASS 2


           NU
              Y1            Y2            Y3            Y4            Y5
              ________      ________      ________      ________      ________
                0.000         0.000         0.000         0.000         0.000


           NU
              Y6            Y7            Y8            Y9            Y10
              ________      ________      ________      ________      ________
                0.000         0.000         0.000         0.000         0.000


           LAMBDA
              F1            F2
              ________      ________
 Y1             0.800         0.000
 Y2             0.800         0.000
 Y3             0.800         0.000
 Y4             0.800         0.000
 Y5             0.800         0.000
 Y6             0.000         0.800
 Y7             0.000         0.800
 Y8             0.000         0.800
 Y9             0.000         0.800
 Y10            0.000         0.800


           THETA
              Y1            Y2            Y3            Y4            Y5
              ________      ________      ________      ________      ________
 Y1             0.360
 Y2             0.000         0.360
 Y3             0.000         0.000         0.360
 Y4             0.000         0.000         0.000         0.360
 Y5             0.000         0.000         0.000         0.000         0.360
 Y6             0.000         0.000         0.000         0.000         0.000
 Y7             0.000         0.000         0.000         0.000         0.000
 Y8             0.000         0.000         0.000         0.000         0.000
 Y9             0.000         0.000         0.000         0.000         0.000
 Y10            0.000         0.000         0.000         0.000         0.000


           THETA
              Y6            Y7            Y8            Y9            Y10
              ________      ________      ________      ________      ________
 Y6             9.000
 Y7             0.000         9.000
 Y8             0.000         0.000         9.000
 Y9             0.000         0.000         0.000         9.000
 Y10            0.000         0.000         0.000         0.000         9.000


           ALPHA
              F1            F2
              ________      ________
                0.000         0.000


           BETA
              F1            F2
              ________      ________
 F1             0.000         0.000
 F2             0.000         0.000


           PSI
              F1            F2
              ________      ________
 F1             1.000
 F2             0.950         1.000


     POPULATION VALUES FOR LATENT CLASS REGRESSION MODEL PART


           ALPHA(C)
              C#1           C#2
              ________      ________
               -2.000         0.000


TECHNICAL 9 OUTPUT

  Error messages for each replication (if any)



SAVEDATA INFORMATION

  Order of variables

    Y1
    Y2
    Y3
    Y4
    Y5
    Y6
    Y7
    Y8
    Y9
    Y10
    C

  Save file
    cfa004_5.sav

  Save file format           Free
  Save file record length    10000


     Beginning Time:  21:41:48
        Ending Time:  21:42:29
       Elapsed Time:  00:00:41



MUTHEN & MUTHEN
3463 Stoner Ave.
Los Angeles, CA  90066

Tel: (310) 391-9971
Fax: (310) 391-8971
Web: www.StatModel.com
Support: Support@StatModel.com

Copyright (c) 1998-2019 Muthen & Muthen
