Mplus VERSION 8.3 (Mac)
MUTHEN & MUTHEN
02/05/2020   2:37 PM

INPUT INSTRUCTIONS

  TITLE:
  C1_mlca_enum_demo
  DATA:
  FILE = "/Users/agarber/Desktop/multi_level_lca/enum_mplus/c_1_mlca_enum.dat";

  VARIABLE:
  NAMES = pop source level d_middle d_high distcode schlcode postcode grade gender
       d_female race i1 i2 i3 i4 i5 i6 i7 i8 i9 i10 i11 i12 i13 i14 i15 i16 i17 i18
       i19 i20 i21 i22 i23 i24 i25 i26 i27 i28 i29 i30 i31 i32 i33 i34 i35 i36 i37 i38
       i39 i40 pun_1 pos_1 sel_1 pun_2 pos_2 sel_2 pun_3 pos_3 sel_3 pun_4 pos_4 sel_4
       pun_5 pos_5 sel_5 i9rev i14rev i24rev i27rev ii1rev ii4rev ii7rev ii10rev
       ii13rev pos_1b pos_3b pos_2b pos_4b sel_5b sel_2b sel_1b;
   MISSING=.;
   categorical = pos_1b-sel_1b;
  usevar = pos_1b-sel_1b;
       classes = c(1);
  ANALYSIS:
  estimator = mlr;
      type = mixture;
      starts = 500 100;
  PLOT:
  type = plot3;
      series = pos_1b-sel_1b(*);



*** WARNING
  Data set contains cases with missing on all variables.
  These cases were not included in the analysis.
  Number of cases with missing on all variables:  4
   1 WARNING(S) FOUND IN THE INPUT INSTRUCTIONS




C1_mlca_enum_demo

SUMMARY OF ANALYSIS

Number of groups                                                 1
Number of observations                                        5087

Number of dependent variables                                    7
Number of independent variables                                  0
Number of continuous latent variables                            0
Number of categorical latent variables                           1

Observed dependent variables

  Binary and ordered categorical (ordinal)
   POS_1B      POS_3B      POS_2B      POS_4B      SEL_5B      SEL_2B
   SEL_1B

Categorical latent variables
   C


Estimator                                                      MLR
Information matrix                                        OBSERVED
Optimization Specifications for the Quasi-Newton Algorithm for
Continuous Outcomes
  Maximum number of iterations                                 100
  Convergence criterion                                  0.100D-05
Optimization Specifications for the EM Algorithm
  Maximum number of iterations                                 500
  Convergence criteria
    Loglikelihood change                                 0.100D-06
    Relative loglikelihood change                        0.100D-06
    Derivative                                           0.100D-05
Optimization Specifications for the M step of the EM Algorithm for
Categorical Latent variables
  Number of M step iterations                                    1
  M step convergence criterion                           0.100D-05
  Basis for M step termination                           ITERATION
Optimization Specifications for the M step of the EM Algorithm for
Censored, Binary or Ordered Categorical (Ordinal), Unordered
Categorical (Nominal) and Count Outcomes
  Number of M step iterations                                    1
  M step convergence criterion                           0.100D-05
  Basis for M step termination                           ITERATION
  Maximum value for logit thresholds                            15
  Minimum value for logit thresholds                           -15
  Minimum expected cell size for chi-square              0.100D-01
Maximum number of iterations for H1                           2000
Convergence criterion for H1                             0.100D-03
Optimization algorithm                                         EMA
Random Starts Specifications
  Number of initial stage random starts                        500
  Number of final stage optimizations                          100
  Number of initial stage iterations                            10
  Initial stage convergence criterion                    0.100D+01
  Random starts scale                                    0.500D+01
  Random seed for generating random starts                       0
Link                                                         LOGIT

Input data file(s)
  /Users/agarber/Desktop/multi_level_lca/enum_mplus/c_1_mlca_enum.dat
Input data format  FREE


SUMMARY OF DATA

     Number of missing data patterns             1
     Number of y missing data patterns           0
     Number of u missing data patterns           1


COVARIANCE COVERAGE OF DATA

Minimum covariance coverage value   0.100


UNIVARIATE PROPORTIONS AND COUNTS FOR CATEGORICAL VARIABLES

    POS_1B
      Category 1    0.076          389.000
      Category 2    0.924         4698.000
    POS_3B
      Category 1    0.057          290.000
      Category 2    0.943         4797.000
    POS_2B
      Category 1    0.173          880.000
      Category 2    0.827         4207.000
    POS_4B
      Category 1    0.214         1090.000
      Category 2    0.786         3997.000
    SEL_5B
      Category 1    0.127          646.000
      Category 2    0.873         4441.000
    SEL_2B
      Category 1    0.174          884.000
      Category 2    0.826         4203.000
    SEL_1B
      Category 1    0.145          740.000
      Category 2    0.855         4347.000


RANDOM STARTS RESULTS RANKED FROM THE BEST TO THE WORST LOGLIKELIHOOD VALUES

Final stage loglikelihood values at local maxima, seeds, and initial stage start numbers:

          -13867.617  unperturbed      0
          -13867.617  971853           402
          -13867.617  471040           403
          -13867.617  605565           404
          -13867.617  596257           405
          -13867.617  926797           406
          -13867.617  772131           407
          -13867.617  112586           494
          -13867.617  55115            408
          -13867.617  605161           409
          -13867.617  746978           410
          -13867.617  652266           490
          -13867.617  85734            411
          -13867.617  918558           412
          -13867.617  275475           413
          -13867.617  354395           486
          -13867.617  736574           414
          -13867.617  399508           415
          -13867.617  791285           416
          -13867.617  665121           417
          -13867.617  298275           418
          -13867.617  802682           419
          -13867.617  749635           420
          -13867.617  226322           478
          -13867.617  484406           421
          -13867.617  173191           422
          -13867.617  798821           423
          -13867.617  216565           474
          -13867.617  505879           424
          -13867.617  762461           425
          -13867.617  937885           426
          -13867.617  971693           470
          -13867.617  699554           427
          -13867.617  584397           428
          -13867.617  153394           429
          -13867.617  238906           430
          -13867.617  853195           431
          -13867.617  518828           432
          -13867.617  783102           433
          -13867.617  68850            462
          -13867.617  640833           434
          -13867.617  283492           435
          -13867.617  399380           436
          -13867.617  359578           458
          -13867.617  317640           437
          -13867.617  375590           438
          -13867.617  631413           439
          -13867.617  263049           454
          -13867.617  193569           440
          -13867.617  741484           441
          -13867.617  404510           442
          -13867.617  217130           443
          -13867.617  888905           444
          -13867.617  502532           445
          -13867.617  508482           446
          -13867.617  263221           447
          -13867.617  354624           448
          -13867.617  614535           449
          -13867.617  408713           450
          -13867.617  188640           451
          -13867.617  582296           452
          -13867.617  879211           453
          -13867.617  224950           455
          -13867.617  922596           456
          -13867.617  769907           457
          -13867.617  539751           459
          -13867.617  662718           460
          -13867.617  345726           461
          -13867.617  965639           463
          -13867.617  349360           464
          -13867.617  320494           465
          -13867.617  898745           466
          -13867.617  416463           467
          -13867.617  862607           468
          -13867.617  790059           469
          -13867.617  315029           471
          -13867.617  69413            472
          -13867.617  376411           473
          -13867.617  988761           475
          -13867.617  714455           476
          -13867.617  802256           477
          -13867.617  823392           479
          -13867.617  392751           480
          -13867.617  863691           481
          -13867.617  787985           482
          -13867.617  53621            483
          -13867.617  366533           484
          -13867.617  425982           485
          -13867.617  252949           487
          -13867.617  978061           488
          -13867.617  618760           489
          -13867.617  972430           491
          -13867.617  922042           492
          -13867.617  887580           493
          -13867.617  860102           495
          -13867.617  335485           496
          -13867.617  978781           497
          -13867.617  485483           498
          -13867.617  319575           499
          -13867.617  140442           500



THE MODEL ESTIMATION TERMINATED NORMALLY



MODEL FIT INFORMATION

Number of Free Parameters                        7

Loglikelihood

          H0 Value                      -13867.617
          H0 Scaling Correction Factor      1.0000
            for MLR

Information Criteria

          Akaike (AIC)                   27749.235
          Bayesian (BIC)                 27794.976
          Sample-Size Adjusted BIC       27772.732
            (n* = (n + 2) / 24)

Chi-Square Test of Model Fit for the Binary and Ordered Categorical
(Ordinal) Outcomes**

          Pearson Chi-Square

          Value                          74176.364
          Degrees of Freedom                   118
          P-Value                           0.0000

          Likelihood Ratio Chi-Square

          Value                           5360.974
          Degrees of Freedom                   118
          P-Value                           0.0000

** Of the 128 cells in the latent class indicator table, 2
   were deleted in the calculation of chi-square due to extreme values.



FINAL CLASS COUNTS AND PROPORTIONS FOR THE LATENT CLASSES
BASED ON THE ESTIMATED MODEL

    Latent
   Classes

       1       5087.00000          1.00000


FINAL CLASS COUNTS AND PROPORTIONS FOR THE LATENT CLASSES
BASED ON ESTIMATED POSTERIOR PROBABILITIES

    Latent
   Classes

       1       5087.00000          1.00000


FINAL CLASS COUNTS AND PROPORTIONS FOR THE LATENT CLASSES
BASED ON THEIR MOST LIKELY LATENT CLASS MEMBERSHIP

Class Counts and Proportions

    Latent
   Classes

       1             5087          1.00000


Average Latent Class Probabilities for Most Likely Latent Class Membership (Row)
by Latent Class (Column)

           1

    1   1.000


Classification Probabilities for the Most Likely Latent Class Membership (Column)
by Latent Class (Row)

           1

    1   1.000


Logits for the Classification Probabilities for the Most Likely Latent Class Membership (Column)
by Latent Class (Row)

              1

    1      0.000


MODEL RESULTS

                                                    Two-Tailed
                    Estimate       S.E.  Est./S.E.    P-Value

Latent Class 1

 Thresholds
    POS_1B$1          -2.491      0.053    -47.220      0.000
    POS_3B$1          -2.806      0.060    -46.400      0.000
    POS_2B$1          -1.565      0.037    -42.208      0.000
    POS_4B$1          -1.299      0.034    -38.026      0.000
    SEL_5B$1          -1.928      0.042    -45.782      0.000
    SEL_2B$1          -1.559      0.037    -42.135      0.000
    SEL_1B$1          -1.771      0.040    -44.524      0.000


RESULTS IN PROBABILITY SCALE

Latent Class 1

 POS_1B
    Category 1         0.076      0.004     20.523      0.000
    Category 2         0.924      0.004    247.863      0.000
 POS_3B
    Category 1         0.057      0.003     17.537      0.000
    Category 2         0.943      0.003    290.079      0.000
 POS_2B
    Category 1         0.173      0.005     32.620      0.000
    Category 2         0.827      0.005    155.947      0.000
 POS_4B
    Category 1         0.214      0.006     37.246      0.000
    Category 2         0.786      0.006    136.579      0.000
 SEL_5B
    Category 1         0.127      0.005     27.202      0.000
    Category 2         0.873      0.005    187.006      0.000
 SEL_2B
    Category 1         0.174      0.005     32.710      0.000
    Category 2         0.826      0.005    155.519      0.000
 SEL_1B
    Category 1         0.145      0.005     29.427      0.000
    Category 2         0.855      0.005    172.866      0.000


QUALITY OF NUMERICAL RESULTS

     Condition Number for the Information Matrix              0.785E-01
       (ratio of smallest to largest eigenvalue)


PLOT INFORMATION

The following plots are available:

  Histograms (sample values)
  Scatterplots (sample values)
  Sample proportions and estimated probabilities

     Beginning Time:  14:37:29
        Ending Time:  14:37:30
       Elapsed Time:  00:00:01



MUTHEN & MUTHEN
3463 Stoner Ave.
Los Angeles, CA  90066

Tel: (310) 391-9971
Fax: (310) 391-8971
Web: www.StatModel.com
Support: Support@StatModel.com

Copyright (c) 1998-2019 Muthen & Muthen
