Mplus VERSION 8.3 (Mac)
MUTHEN & MUTHEN
02/05/2020   2:37 PM

INPUT INSTRUCTIONS

  TITLE:
  C2_mlca_enum_demo
  DATA:
  FILE = "/Users/agarber/Desktop/multi_level_lca/enum_mplus/c_2_mlca_enum.dat";

  VARIABLE:
  NAMES = pop source level d_middle d_high distcode schlcode postcode grade gender
       d_female race i1 i2 i3 i4 i5 i6 i7 i8 i9 i10 i11 i12 i13 i14 i15 i16 i17 i18
       i19 i20 i21 i22 i23 i24 i25 i26 i27 i28 i29 i30 i31 i32 i33 i34 i35 i36 i37 i38
       i39 i40 pun_1 pos_1 sel_1 pun_2 pos_2 sel_2 pun_3 pos_3 sel_3 pun_4 pos_4 sel_4
       pun_5 pos_5 sel_5 i9rev i14rev i24rev i27rev ii1rev ii4rev ii7rev ii10rev
       ii13rev pos_1b pos_3b pos_2b pos_4b sel_5b sel_2b sel_1b;
   MISSING=.;
   categorical = pos_1b-sel_1b;
  usevar = pos_1b-sel_1b;
       classes = c(2);
  ANALYSIS:
  estimator = mlr;
      type = mixture;
      starts = 500 100;
  PLOT:
  type = plot3;
      series = pos_1b-sel_1b(*);



*** WARNING
  Data set contains cases with missing on all variables.
  These cases were not included in the analysis.
  Number of cases with missing on all variables:  4
   1 WARNING(S) FOUND IN THE INPUT INSTRUCTIONS




C2_mlca_enum_demo

SUMMARY OF ANALYSIS

Number of groups                                                 1
Number of observations                                        5087

Number of dependent variables                                    7
Number of independent variables                                  0
Number of continuous latent variables                            0
Number of categorical latent variables                           1

Observed dependent variables

  Binary and ordered categorical (ordinal)
   POS_1B      POS_3B      POS_2B      POS_4B      SEL_5B      SEL_2B
   SEL_1B

Categorical latent variables
   C


Estimator                                                      MLR
Information matrix                                        OBSERVED
Optimization Specifications for the Quasi-Newton Algorithm for
Continuous Outcomes
  Maximum number of iterations                                 100
  Convergence criterion                                  0.100D-05
Optimization Specifications for the EM Algorithm
  Maximum number of iterations                                 500
  Convergence criteria
    Loglikelihood change                                 0.100D-06
    Relative loglikelihood change                        0.100D-06
    Derivative                                           0.100D-05
Optimization Specifications for the M step of the EM Algorithm for
Categorical Latent variables
  Number of M step iterations                                    1
  M step convergence criterion                           0.100D-05
  Basis for M step termination                           ITERATION
Optimization Specifications for the M step of the EM Algorithm for
Censored, Binary or Ordered Categorical (Ordinal), Unordered
Categorical (Nominal) and Count Outcomes
  Number of M step iterations                                    1
  M step convergence criterion                           0.100D-05
  Basis for M step termination                           ITERATION
  Maximum value for logit thresholds                            15
  Minimum value for logit thresholds                           -15
  Minimum expected cell size for chi-square              0.100D-01
Maximum number of iterations for H1                           2000
Convergence criterion for H1                             0.100D-03
Optimization algorithm                                         EMA
Random Starts Specifications
  Number of initial stage random starts                        500
  Number of final stage optimizations                          100
  Number of initial stage iterations                            10
  Initial stage convergence criterion                    0.100D+01
  Random starts scale                                    0.500D+01
  Random seed for generating random starts                       0
Link                                                         LOGIT

Input data file(s)
  /Users/agarber/Desktop/multi_level_lca/enum_mplus/c_2_mlca_enum.dat
Input data format  FREE


SUMMARY OF DATA

     Number of missing data patterns             1
     Number of y missing data patterns           0
     Number of u missing data patterns           1


COVARIANCE COVERAGE OF DATA

Minimum covariance coverage value   0.100


UNIVARIATE PROPORTIONS AND COUNTS FOR CATEGORICAL VARIABLES

    POS_1B
      Category 1    0.076          389.000
      Category 2    0.924         4698.000
    POS_3B
      Category 1    0.057          290.000
      Category 2    0.943         4797.000
    POS_2B
      Category 1    0.173          880.000
      Category 2    0.827         4207.000
    POS_4B
      Category 1    0.214         1090.000
      Category 2    0.786         3997.000
    SEL_5B
      Category 1    0.127          646.000
      Category 2    0.873         4441.000
    SEL_2B
      Category 1    0.174          884.000
      Category 2    0.826         4203.000
    SEL_1B
      Category 1    0.145          740.000
      Category 2    0.855         4347.000


RANDOM STARTS RESULTS RANKED FROM THE BEST TO THE WORST LOGLIKELIHOOD VALUES

Final stage loglikelihood values at local maxima, seeds, and initial stage start numbers:

          -11348.326  354395           486
          -11348.326  82357            339
          -11348.326  751153           110
          -11348.326  617243           237
          -11348.326  783110           72
          -11348.326  992389           77
          -11348.326  848969           173
          -11348.326  443442           380
          -11348.326  996231           310
          -11348.326  391179           78
          -11348.326  441191           361
          -11348.326  399380           436
          -11348.326  185071           370
          -11348.326  70118            104
          -11348.326  425982           485
          -11348.326  650371           14
          -11348.326  85734            411
          -11348.326  481835           57
          -11348.326  898745           466
          -11348.326  440841           118
          -11348.326  30098            209
          -11348.326  301180           236
          -11348.326  314757           345
          -11348.326  12477            155
          -11348.326  383986           159
          -11348.326  875667           367
          -11348.326  195763           358
          -11348.326  926283           269
          -11348.326  485256           371
          -11348.326  821011           161
          -11348.326  937885           426
          -11348.326  371246           101
          -11348.326  387701           275
          -11348.326  432148           30
          -11348.326  80438            246
          -11348.326  688839           273
          -11348.326  285380           1
          -11348.326  686482           215
          -11348.326  467339           66
          -11348.326  224950           455
          -11348.326  416250           390
          -11348.326  605161           409
          -11348.326  437181           135
          -11348.326  341041           34
          -11348.326  967902           52
          -11348.326  655497           376
          -11348.326  152496           123
          -11348.326  1548             384
          -11348.326  105435           265
          -11348.326  754100           56
          -11348.326  173191           422
          -11348.326  769907           457
          -11348.326  345726           461
          -11348.326  830570           369
          -11348.326  972873           157
          -11348.326  521575           313
          -11348.326  50887            389
          -11348.326  232226           235
          -11348.326  153053           378
          -11348.326  891531           206
          -11348.326  957392           79
          -11348.326  971693           470
          -11348.326  349360           464
          -11348.326  466971           109
          -11348.326  991329           182
          -11348.326  496710           386
          -11348.326  915642           40
          -11348.326  562716           300
          -11348.326  749453           33
          -11348.326  471398           74
          -11348.326  570782           193
          -11348.326  370466           41
          -11348.326  100874           108
          -11348.326  76451            211
          -11348.326  645664           39
          -11348.326  292884           103
          -11348.326  520177           262
          -11348.326  626087           314
          -11348.326  458181           189
          -11348.326  402224           91
          -11348.326  863691           481
          -11348.326  85114            385
          -11348.326  399671           13
          -11348.326  856536           144
          -11348.326  374219           353
          -11348.326  569131           26
          -11348.326  654136           167
          -11348.326  22089            143
          -11348.326  53621            483
          -11348.326  679832           302
          -11348.326  605565           404
          -11348.326  188498           258
          -11348.326  350608           334
          -11348.326  61587            400
          -11348.326  970689           266
          -11348.326  879338           309
          -11348.326  972430           491
          -11348.326  965994           396
          -11348.326  281558           184
          -11348.326  512836           289



THE BEST LOGLIKELIHOOD VALUE HAS BEEN REPLICATED.  RERUN WITH AT LEAST TWICE THE
RANDOM STARTS TO CHECK THAT THE BEST LOGLIKELIHOOD IS STILL OBTAINED AND REPLICATED.


THE MODEL ESTIMATION TERMINATED NORMALLY



MODEL FIT INFORMATION

Number of Free Parameters                       15

Loglikelihood

          H0 Value                      -11348.326
          H0 Scaling Correction Factor      1.1158
            for MLR

Information Criteria

          Akaike (AIC)                   22726.653
          Bayesian (BIC)                 22824.669
          Sample-Size Adjusted BIC       22777.005
            (n* = (n + 2) / 24)

Chi-Square Test of Model Fit for the Binary and Ordered Categorical
(Ordinal) Outcomes

          Pearson Chi-Square

          Value                           2627.936
          Degrees of Freedom                   112
          P-Value                           0.0000

          Likelihood Ratio Chi-Square

          Value                           1625.445
          Degrees of Freedom                   112
          P-Value                           0.0000



FINAL CLASS COUNTS AND PROPORTIONS FOR THE LATENT CLASSES
BASED ON THE ESTIMATED MODEL

    Latent
   Classes

       1       3981.73590          0.78273
       2       1105.26410          0.21727


FINAL CLASS COUNTS AND PROPORTIONS FOR THE LATENT CLASSES
BASED ON ESTIMATED POSTERIOR PROBABILITIES

    Latent
   Classes

       1       3981.73590          0.78273
       2       1105.26410          0.21727


FINAL CLASS COUNTS AND PROPORTIONS FOR THE LATENT CLASSES
BASED ON THEIR MOST LIKELY LATENT CLASS MEMBERSHIP

Class Counts and Proportions

    Latent
   Classes

       1             4058          0.79772
       2             1029          0.20228


CLASSIFICATION QUALITY

     Entropy                         0.858


Average Latent Class Probabilities for Most Likely Latent Class Membership (Row)
by Latent Class (Column)

           1        2

    1   0.968    0.032
    2   0.052    0.948


Classification Probabilities for the Most Likely Latent Class Membership (Column)
by Latent Class (Row)

           1        2

    1   0.986    0.014
    2   0.118    0.882


Logits for the Classification Probabilities for the Most Likely Latent Class Membership (Column)
by Latent Class (Row)

              1        2

    1      4.290    0.000
    2     -2.014    0.000


MODEL RESULTS

                                                    Two-Tailed
                    Estimate       S.E.  Est./S.E.    P-Value

Latent Class 1

 Thresholds
    POS_1B$1          -4.692      0.235    -20.004      0.000
    POS_3B$1          -5.556      0.360    -15.422      0.000
    POS_2B$1          -2.487      0.103    -24.259      0.000
    POS_4B$1          -2.105      0.087    -24.334      0.000
    SEL_5B$1          -4.795      0.261    -18.363      0.000
    SEL_2B$1          -3.518      0.130    -27.155      0.000
    SEL_1B$1          -3.124      0.095    -33.025      0.000

Latent Class 2

 Thresholds
    POS_1B$1          -0.757      0.080     -9.469      0.000
    POS_3B$1          -1.107      0.085    -13.040      0.000
    POS_2B$1           0.078      0.073      1.066      0.287
    POS_4B$1           0.384      0.075      5.149      0.000
    SEL_5B$1           0.221      0.110      2.011      0.044
    SEL_2B$1           0.828      0.134      6.203      0.000
    SEL_1B$1           0.071      0.093      0.764      0.445

Categorical Latent Variables

 Means
    C#1                1.282      0.060     21.364      0.000


RESULTS IN PROBABILITY SCALE

Latent Class 1

 POS_1B
    Category 1         0.009      0.002      4.303      0.000
    Category 2         0.991      0.002    469.211      0.000
 POS_3B
    Category 1         0.004      0.001      2.786      0.005
    Category 2         0.996      0.001    721.214      0.000
 POS_2B
    Category 1         0.077      0.007     10.567      0.000
    Category 2         0.923      0.007    127.025      0.000
 POS_4B
    Category 1         0.109      0.008     12.969      0.000
    Category 2         0.891      0.008    106.434      0.000
 SEL_5B
    Category 1         0.008      0.002      3.862      0.000
    Category 2         0.992      0.002    466.730      0.000
 SEL_2B
    Category 1         0.029      0.004      7.948      0.000
    Category 2         0.971      0.004    267.913      0.000
 SEL_1B
    Category 1         0.042      0.004     11.035      0.000
    Category 2         0.958      0.004    250.990      0.000

Latent Class 2

 POS_1B
    Category 1         0.319      0.017     18.364      0.000
    Category 2         0.681      0.017     39.164      0.000
 POS_3B
    Category 1         0.249      0.016     15.682      0.000
    Category 2         0.751      0.016     47.420      0.000
 POS_2B
    Category 1         0.520      0.018     28.398      0.000
    Category 2         0.480      0.018     26.265      0.000
 POS_4B
    Category 1         0.595      0.018     33.079      0.000
    Category 2         0.405      0.018     22.525      0.000
 SEL_5B
    Category 1         0.555      0.027     20.482      0.000
    Category 2         0.445      0.027     16.428      0.000
 SEL_2B
    Category 1         0.696      0.028     24.634      0.000
    Category 2         0.304      0.028     10.759      0.000
 SEL_1B
    Category 1         0.518      0.023     22.237      0.000
    Category 2         0.482      0.023     20.708      0.000


LATENT CLASS ODDS RATIO RESULTS

                                         (Est. - 1) Two-Tailed
                    Estimate       S.E.     / S.E.    P-Value

Latent Class 1 Compared to Latent Class 2

 POS_1B
    Category > 1      51.134     12.053      4.160      0.000
 POS_3B
    Category > 1      85.595     30.821      2.745      0.006
 POS_2B
    Category > 1      12.997      1.782      6.732      0.000
 POS_4B
    Category > 1      12.052      1.526      7.241      0.000
 SEL_5B
    Category > 1     150.688     39.259      3.813      0.000
 SEL_2B
    Category > 1      77.172     12.624      6.034      0.000
 SEL_1B
    Category > 1      24.425      2.948      7.947      0.000


QUALITY OF NUMERICAL RESULTS

     Condition Number for the Information Matrix              0.112E-01
       (ratio of smallest to largest eigenvalue)


PLOT INFORMATION

The following plots are available:

  Histograms (sample values)
  Scatterplots (sample values)
  Sample proportions and estimated probabilities

     Beginning Time:  14:37:30
        Ending Time:  14:37:30
       Elapsed Time:  00:00:00



MUTHEN & MUTHEN
3463 Stoner Ave.
Los Angeles, CA  90066

Tel: (310) 391-9971
Fax: (310) 391-8971
Web: www.StatModel.com
Support: Support@StatModel.com

Copyright (c) 1998-2019 Muthen & Muthen
