Mplus VERSION 8.3 (Mac)
MUTHEN & MUTHEN
02/05/2020   2:37 PM

INPUT INSTRUCTIONS

  TITLE:
  C4_mlca_enum_demo
  DATA:
  FILE = "/Users/agarber/Desktop/multi_level_lca/enum_mplus/c_4_mlca_enum.dat";

  VARIABLE:
  NAMES = pop source level d_middle d_high distcode schlcode postcode grade gender
       d_female race i1 i2 i3 i4 i5 i6 i7 i8 i9 i10 i11 i12 i13 i14 i15 i16 i17 i18
       i19 i20 i21 i22 i23 i24 i25 i26 i27 i28 i29 i30 i31 i32 i33 i34 i35 i36 i37 i38
       i39 i40 pun_1 pos_1 sel_1 pun_2 pos_2 sel_2 pun_3 pos_3 sel_3 pun_4 pos_4 sel_4
       pun_5 pos_5 sel_5 i9rev i14rev i24rev i27rev ii1rev ii4rev ii7rev ii10rev
       ii13rev pos_1b pos_3b pos_2b pos_4b sel_5b sel_2b sel_1b;
   MISSING=.;
   categorical = pos_1b-sel_1b;
  usevar = pos_1b-sel_1b;
       classes = c(4);
  ANALYSIS:
  estimator = mlr;
      type = mixture;
      starts = 500 100;
  PLOT:
  type = plot3;
      series = pos_1b-sel_1b(*);



*** WARNING
  Data set contains cases with missing on all variables.
  These cases were not included in the analysis.
  Number of cases with missing on all variables:  4
   1 WARNING(S) FOUND IN THE INPUT INSTRUCTIONS




C4_mlca_enum_demo

SUMMARY OF ANALYSIS

Number of groups                                                 1
Number of observations                                        5087

Number of dependent variables                                    7
Number of independent variables                                  0
Number of continuous latent variables                            0
Number of categorical latent variables                           1

Observed dependent variables

  Binary and ordered categorical (ordinal)
   POS_1B      POS_3B      POS_2B      POS_4B      SEL_5B      SEL_2B
   SEL_1B

Categorical latent variables
   C


Estimator                                                      MLR
Information matrix                                        OBSERVED
Optimization Specifications for the Quasi-Newton Algorithm for
Continuous Outcomes
  Maximum number of iterations                                 100
  Convergence criterion                                  0.100D-05
Optimization Specifications for the EM Algorithm
  Maximum number of iterations                                 500
  Convergence criteria
    Loglikelihood change                                 0.100D-06
    Relative loglikelihood change                        0.100D-06
    Derivative                                           0.100D-05
Optimization Specifications for the M step of the EM Algorithm for
Categorical Latent variables
  Number of M step iterations                                    1
  M step convergence criterion                           0.100D-05
  Basis for M step termination                           ITERATION
Optimization Specifications for the M step of the EM Algorithm for
Censored, Binary or Ordered Categorical (Ordinal), Unordered
Categorical (Nominal) and Count Outcomes
  Number of M step iterations                                    1
  M step convergence criterion                           0.100D-05
  Basis for M step termination                           ITERATION
  Maximum value for logit thresholds                            15
  Minimum value for logit thresholds                           -15
  Minimum expected cell size for chi-square              0.100D-01
Maximum number of iterations for H1                           2000
Convergence criterion for H1                             0.100D-03
Optimization algorithm                                         EMA
Random Starts Specifications
  Number of initial stage random starts                        500
  Number of final stage optimizations                          100
  Number of initial stage iterations                            10
  Initial stage convergence criterion                    0.100D+01
  Random starts scale                                    0.500D+01
  Random seed for generating random starts                       0
Link                                                         LOGIT

Input data file(s)
  /Users/agarber/Desktop/multi_level_lca/enum_mplus/c_4_mlca_enum.dat
Input data format  FREE


SUMMARY OF DATA

     Number of missing data patterns             1
     Number of y missing data patterns           0
     Number of u missing data patterns           1


COVARIANCE COVERAGE OF DATA

Minimum covariance coverage value   0.100


UNIVARIATE PROPORTIONS AND COUNTS FOR CATEGORICAL VARIABLES

    POS_1B
      Category 1    0.076          389.000
      Category 2    0.924         4698.000
    POS_3B
      Category 1    0.057          290.000
      Category 2    0.943         4797.000
    POS_2B
      Category 1    0.173          880.000
      Category 2    0.827         4207.000
    POS_4B
      Category 1    0.214         1090.000
      Category 2    0.786         3997.000
    SEL_5B
      Category 1    0.127          646.000
      Category 2    0.873         4441.000
    SEL_2B
      Category 1    0.174          884.000
      Category 2    0.826         4203.000
    SEL_1B
      Category 1    0.145          740.000
      Category 2    0.855         4347.000


RANDOM STARTS RESULTS RANKED FROM THE BEST TO THE WORST LOGLIKELIHOOD VALUES

Final stage loglikelihood values at local maxima, seeds, and initial stage start numbers:

          -10671.218  467339           66
          -10671.218  281462           285
          -10671.218  479273           156
          -10671.218  509733           130
          -10671.218  692169           308
          -10671.218  802682           419
          -10671.218  724519           333
          -10671.218  217130           443
          -10671.218  824126           287
          -10671.218  608460           244
          -10671.218  407108           366
          -10671.218  748692           204
          -10671.218  69413            472
          -10671.218  156536           245
          -10671.218  471398           74
          -10671.218  654136           167
          -10671.218  814975           129
          -10671.218  840031           276
          -10671.218  903420           5
          -10671.218  455617           242
          -10671.218  383986           159
          -10671.218  569833           85
          -10671.218  888905           444
          -10671.218  23012            352
          -10671.218  417035           149
          -10671.218  608849           224
          -10671.218  285380           1
          -10671.218  957392           79
          -10671.218  614009           317
          -10671.218  645664           39
          -10671.218  65651            214
          -10671.218  178475           231
          -10671.218  856536           144
          -10671.218  626891           32
          -10671.218  937588           293
          -10671.218  152496           123
          -10671.218  741888           138
          -10671.218  392418           28
          -10671.218  173440           328
          -10671.218  369602           146
          -10671.218  596257           405
          -10671.218  913639           162
          -10671.218  292884           103
          -10671.218  871722           355
          -10671.218  622860           259
          -10671.218  303634           169
          -10671.218  321390           133
          -10671.218  662718           460
          -10671.218  436460           89
          -10671.218  281558           184
          -10671.218  862607           468
          -10671.218  971853           402
          -10671.218  871851           257
          -10671.218  603842           61
          -10671.218  173191           422
          -10671.218  544048           87
          -10671.218  153053           378
          -10671.218  717754           180
          -10671.218  629320           222
          -10671.218  972873           157
          -10671.218  415931           10
          -10671.218  562716           300
          -10671.218  131856           90
          -10671.218  804660           260
          -10671.218  499150           216
          -10671.218  722748           346
          -10671.218  85114            385
          -10671.218  85734            411
          -10671.218  188640           451
          -10671.218  375590           438
          -10671.218  188498           258
          -10671.218  823392           479
          -10671.218  625191           350
          -10671.218  879211           453
          -10671.218  484687           306
          -10671.218  802256           477
          -10671.218  673496           218
          -10671.218  286735           175
          -10671.218  781190           219
          -10671.218  100874           108
          -10671.218  238906           430
          -10671.218  950604           172
          -10671.218  232226           235
          -10671.218  76337            76
          -10671.218  972430           491
          -10671.218  496710           386
          -10671.218  749453           33
          -10671.218  22362            365
          -10671.218  283492           435
          -10671.218  573096           20
          -10671.218  798839           312
          -10671.218  68850            462
          -10671.218  220454           288
          -10671.218  354624           448
          -10671.218  464179           106
          -10671.218  797594           234
          -10671.218  575700           100
          -10671.218  124999           96
          -10671.877  621542           375
          -10673.894  483369           270



THE BEST LOGLIKELIHOOD VALUE HAS BEEN REPLICATED.  RERUN WITH AT LEAST TWICE THE
RANDOM STARTS TO CHECK THAT THE BEST LOGLIKELIHOOD IS STILL OBTAINED AND REPLICATED.


THE MODEL ESTIMATION TERMINATED NORMALLY



MODEL FIT INFORMATION

Number of Free Parameters                       31

Loglikelihood

          H0 Value                      -10671.218
          H0 Scaling Correction Factor      1.0370
            for MLR

Information Criteria

          Akaike (AIC)                   21404.435
          Bayesian (BIC)                 21607.003
          Sample-Size Adjusted BIC       21508.496
            (n* = (n + 2) / 24)

Chi-Square Test of Model Fit for the Binary and Ordered Categorical
(Ordinal) Outcomes

          Pearson Chi-Square

          Value                            341.819
          Degrees of Freedom                    96
          P-Value                           0.0000

          Likelihood Ratio Chi-Square

          Value                            271.227
          Degrees of Freedom                    96
          P-Value                           0.0000



FINAL CLASS COUNTS AND PROPORTIONS FOR THE LATENT CLASSES
BASED ON THE ESTIMATED MODEL

    Latent
   Classes

       1       3562.21385          0.70026
       2        574.84121          0.11300
       3        622.09264          0.12229
       4        327.85230          0.06445


FINAL CLASS COUNTS AND PROPORTIONS FOR THE LATENT CLASSES
BASED ON ESTIMATED POSTERIOR PROBABILITIES

    Latent
   Classes

       1       3562.21385          0.70026
       2        574.84121          0.11300
       3        622.09264          0.12229
       4        327.85230          0.06445


FINAL CLASS COUNTS AND PROPORTIONS FOR THE LATENT CLASSES
BASED ON THEIR MOST LIKELY LATENT CLASS MEMBERSHIP

Class Counts and Proportions

    Latent
   Classes

       1             3774          0.74189
       2              514          0.10104
       3              481          0.09455
       4              318          0.06251


CLASSIFICATION QUALITY

     Entropy                         0.850


Average Latent Class Probabilities for Most Likely Latent Class Membership (Row)
by Latent Class (Column)

           1        2        3        4

    1   0.933    0.023    0.044    0.000
    2   0.036    0.884    0.046    0.034
    3   0.045    0.043    0.874    0.037
    4   0.000    0.045    0.035    0.920


Classification Probabilities for the Most Likely Latent Class Membership (Column)
by Latent Class (Row)

           1        2        3        4

    1   0.989    0.005    0.006    0.000
    2   0.149    0.790    0.036    0.025
    3   0.268    0.038    0.676    0.018
    4   0.000    0.053    0.054    0.893


Logits for the Classification Probabilities for the Most Likely Latent Class Membership (Column)
by Latent Class (Row)

              1        2        3        4

    1     13.358    8.118    8.275    0.000
    2      1.796    3.468    0.389    0.000
    3      2.702    0.739    3.627    0.000
    4     -8.442   -2.816   -2.809    0.000


MODEL RESULTS

                                                    Two-Tailed
                    Estimate       S.E.  Est./S.E.    P-Value

Latent Class 1

 Thresholds
    POS_1B$1          -5.024      0.293    -17.139      0.000
    POS_3B$1          -6.007      0.512    -11.729      0.000
    POS_2B$1          -3.759      0.270    -13.940      0.000
    POS_4B$1          -2.849      0.145    -19.684      0.000
    SEL_5B$1          -5.847      0.910     -6.428      0.000
    SEL_2B$1          -4.082      0.264    -15.444      0.000
    SEL_1B$1          -3.241      0.110    -29.494      0.000

Latent Class 2

 Thresholds
    POS_1B$1          -2.067      0.176    -11.728      0.000
    POS_3B$1          -3.127      0.292    -10.692      0.000
    POS_2B$1          -2.698      0.419     -6.431      0.000
    POS_4B$1          -1.096      0.132     -8.293      0.000
    SEL_5B$1           0.467      0.158      2.948      0.003
    SEL_2B$1           1.190      0.203      5.849      0.000
    SEL_1B$1           0.128      0.130      0.987      0.323

Latent Class 3

 Thresholds
    POS_1B$1          -1.513      0.161     -9.376      0.000
    POS_3B$1          -1.784      0.178    -10.007      0.000
    POS_2B$1           0.992      0.273      3.630      0.000
    POS_4B$1           1.032      0.213      4.854      0.000
    SEL_5B$1          -3.481      0.441     -7.886      0.000
    SEL_2B$1          -1.996      0.200     -9.982      0.000
    SEL_1B$1          -2.110      0.186    -11.355      0.000

Latent Class 4

 Thresholds
    POS_1B$1           0.307      0.139      2.207      0.027
    POS_3B$1           0.045      0.141      0.319      0.750
    POS_2B$1           2.780      0.440      6.325      0.000
    POS_4B$1           2.105      0.255      8.264      0.000
    SEL_5B$1           1.417      0.189      7.478      0.000
    SEL_2B$1           2.838      0.395      7.176      0.000
    SEL_1B$1           0.896      0.151      5.940      0.000

Categorical Latent Variables

 Means
    C#1                2.386      0.083     28.856      0.000
    C#2                0.562      0.113      4.954      0.000
    C#3                0.641      0.125      5.139      0.000


RESULTS IN PROBABILITY SCALE

Latent Class 1

 POS_1B
    Category 1         0.007      0.002      3.434      0.001
    Category 2         0.993      0.002    522.084      0.000
 POS_3B
    Category 1         0.002      0.001      1.957      0.050
    Category 2         0.998      0.001    795.052      0.000
 POS_2B
    Category 1         0.023      0.006      3.795      0.000
    Category 2         0.977      0.006    162.799      0.000
 POS_4B
    Category 1         0.055      0.007      7.310      0.000
    Category 2         0.945      0.007    126.197      0.000
 SEL_5B
    Category 1         0.003      0.003      1.103      0.270
    Category 2         0.997      0.003    381.710      0.000
 SEL_2B
    Category 1         0.017      0.004      3.848      0.000
    Category 2         0.983      0.004    227.937      0.000
 SEL_1B
    Category 1         0.038      0.004      9.455      0.000
    Category 2         0.962      0.004    241.750      0.000

Latent Class 2

 POS_1B
    Category 1         0.112      0.018      6.394      0.000
    Category 2         0.888      0.018     50.495      0.000
 POS_3B
    Category 1         0.042      0.012      3.570      0.000
    Category 2         0.958      0.012     81.382      0.000
 POS_2B
    Category 1         0.063      0.025      2.545      0.011
    Category 2         0.937      0.025     37.778      0.000
 POS_4B
    Category 1         0.251      0.025     10.101      0.000
    Category 2         0.749      0.025     30.209      0.000
 SEL_5B
    Category 1         0.615      0.038     16.387      0.000
    Category 2         0.385      0.038     10.275      0.000
 SEL_2B
    Category 1         0.767      0.036     21.073      0.000
    Category 2         0.233      0.036      6.413      0.000
 SEL_1B
    Category 1         0.532      0.032     16.456      0.000
    Category 2         0.468      0.032     14.476      0.000

Latent Class 3

 POS_1B
    Category 1         0.180      0.024      7.560      0.000
    Category 2         0.820      0.024     34.337      0.000
 POS_3B
    Category 1         0.144      0.022      6.553      0.000
    Category 2         0.856      0.022     39.003      0.000
 POS_2B
    Category 1         0.730      0.054     13.526      0.000
    Category 2         0.270      0.054      5.014      0.000
 POS_4B
    Category 1         0.737      0.041     17.904      0.000
    Category 2         0.263      0.041      6.380      0.000
 SEL_5B
    Category 1         0.030      0.013      2.335      0.020
    Category 2         0.970      0.013     75.872      0.000
 SEL_2B
    Category 1         0.120      0.021      5.681      0.000
    Category 2         0.880      0.021     41.806      0.000
 SEL_1B
    Category 1         0.108      0.018      6.035      0.000
    Category 2         0.892      0.018     49.768      0.000

Latent Class 4

 POS_1B
    Category 1         0.576      0.034     16.974      0.000
    Category 2         0.424      0.034     12.492      0.000
 POS_3B
    Category 1         0.511      0.035     14.517      0.000
    Category 2         0.489      0.035     13.879      0.000
 POS_2B
    Category 1         0.942      0.024     38.962      0.000
    Category 2         0.058      0.024      2.416      0.016
 POS_4B
    Category 1         0.891      0.025     36.148      0.000
    Category 2         0.109      0.025      4.403      0.000
 SEL_5B
    Category 1         0.805      0.030     27.043      0.000
    Category 2         0.195      0.030      6.559      0.000
 SEL_2B
    Category 1         0.945      0.021     45.719      0.000
    Category 2         0.055      0.021      2.677      0.007
 SEL_1B
    Category 1         0.710      0.031     22.869      0.000
    Category 2         0.290      0.031      9.334      0.000


LATENT CLASS ODDS RATIO RESULTS

                                         (Est. - 1) Two-Tailed
                    Estimate       S.E.     / S.E.    P-Value

Latent Class 1 Compared to Latent Class 2

 POS_1B
    Category > 1      19.253      6.738      2.709      0.007
 POS_3B
    Category > 1      17.817     10.632      1.582      0.114
 POS_2B
    Category > 1       2.889      1.358      1.391      0.164
 POS_4B
    Category > 1       5.772      1.055      4.522      0.000
 SEL_5B
    Category > 1     552.152    482.946      1.141      0.254
 SEL_2B
    Category > 1     194.676     55.566      3.485      0.000
 SEL_1B
    Category > 1      29.065      4.707      5.963      0.000

Latent Class 1 Compared to Latent Class 3

 POS_1B
    Category > 1      33.475     10.885      2.983      0.003
 POS_3B
    Category > 1      68.242     35.910      1.873      0.061
 POS_2B
    Category > 1     115.727     33.711      3.403      0.001
 POS_4B
    Category > 1      48.441      9.840      4.821      0.000
 SEL_5B
    Category > 1      10.655     10.569      0.914      0.361
 SEL_2B
    Category > 1       8.051      2.622      2.689      0.007
 SEL_1B
    Category > 1       3.100      0.688      3.051      0.002

Latent Class 1 Compared to Latent Class 4

 POS_1B
    Category > 1     206.602     65.756      3.127      0.002
 POS_3B
    Category > 1     424.854    223.753      1.894      0.058
 POS_2B
    Category > 1     691.769    356.684      1.937      0.053
 POS_4B
    Category > 1     141.714     41.149      3.420      0.001
 SEL_5B
    Category > 1    1427.391   1326.196      1.076      0.282
 SEL_2B
    Category > 1    1011.785    478.127      2.114      0.035
 SEL_1B
    Category > 1      62.642     11.581      5.322      0.000

Latent Class 2 Compared to Latent Class 3

 POS_1B
    Category > 1       1.739      0.422      1.751      0.080
 POS_3B
    Category > 1       3.830      1.339      2.114      0.035
 POS_2B
    Category > 1      40.054     18.930      2.063      0.039
 POS_4B
    Category > 1       8.392      2.004      3.689      0.000
 SEL_5B
    Category > 1       0.019      0.009   -110.831      0.000
 SEL_2B
    Category > 1       0.041      0.012    -82.154      0.000
 SEL_1B
    Category > 1       0.107      0.023    -38.152      0.000

Latent Class 2 Compared to Latent Class 4

 POS_1B
    Category > 1      10.731      2.378      4.092      0.000
 POS_3B
    Category > 1      23.846      7.600      3.006      0.003
 POS_2B
    Category > 1     239.426    130.739      1.824      0.068
 POS_4B
    Category > 1      24.552      6.555      3.593      0.000
 SEL_5B
    Category > 1       2.585      0.647      2.449      0.014
 SEL_2B
    Category > 1       5.197      2.321      1.808      0.071
 SEL_1B
    Category > 1       2.155      0.443      2.605      0.009

Latent Class 3 Compared to Latent Class 4

 POS_1B
    Category > 1       6.172      1.345      3.846      0.000
 POS_3B
    Category > 1       6.226      1.436      3.639      0.000
 POS_2B
    Category > 1       5.978      3.119      1.596      0.111
 POS_4B
    Category > 1       2.925      0.959      2.007      0.045
 SEL_5B
    Category > 1     133.958     60.922      2.182      0.029
 SEL_2B
    Category > 1     125.679     51.769      2.408      0.016
 SEL_1B
    Category > 1      20.206      4.681      4.103      0.000


QUALITY OF NUMERICAL RESULTS

     Condition Number for the Information Matrix              0.111E-02
       (ratio of smallest to largest eigenvalue)


PLOT INFORMATION

The following plots are available:

  Histograms (sample values)
  Scatterplots (sample values)
  Sample proportions and estimated probabilities

     Beginning Time:  14:37:32
        Ending Time:  14:37:34
       Elapsed Time:  00:00:02



MUTHEN & MUTHEN
3463 Stoner Ave.
Los Angeles, CA  90066

Tel: (310) 391-9971
Fax: (310) 391-8971
Web: www.StatModel.com
Support: Support@StatModel.com

Copyright (c) 1998-2019 Muthen & Muthen
