Mplus VERSION 8.3
MUTHEN & MUTHEN
02/06/2020   9:55 AM

INPUT INSTRUCTIONS

  TITLE:
  model07_parametric_mlca
  DATA:
  FILE = "/Users/agarber/Desktop/multi_level_lca/mlca_mplus/model07_parametric.dat";

  VARIABLE:
  NAMES = pop source level d_middle d_high distcode schlcode postcode grade gender
       d_female race i1 i2 i3 i4 i5 i6 i7 i8 i9 i10 i11 i12 i13 i14 i15 i16 i17 i18
       i19 i20 i21 i22 i23 i24 i25 i26 i27 i28 i29 i30 i31 i32 i33 i34 i35 i36 i37 i38
       i39 i40 pun_1 pos_1 sel_1 pun_2 pos_2 sel_2 pun_3 pos_3 sel_3 pun_4 pos_4 sel_4
       pun_5 pos_5 sel_5 i9rev i14rev i24rev i27rev ii1rev ii4rev ii7rev ii10rev
       ii13rev pos_1b pos_3b pos_2b pos_4b sel_5b sel_2b sel_1b;
   MISSING=.;
   usevar = pos_1b-sel_1b d_middle d_high d_female;
       categorical = pos_1b-sel_1b;
       classes = c(4);

       cluster = schlcode;
       between = d_middle d_high;
        within = d_female;

  ANALYSIS:
  estimator = mlr;
      algorithm = integration;
      type = mixture twolevel;
      starts = 20 10;
      processors = 10;
  MODEL:
  %WITHIN%
       %OVERALL%
       C#1-C#3 on d_female;

       %BETWEEN%
       %OVERALL%
       FU BY pos_1b@1;
       FU BY pos_3b (F_pos_3b);
       FU BY pos_2b (F_pos_2b);
       FU BY pos_4b (F_pos_4b);
       FU BY sel_5b (F_sel_5b);
       FU BY sel_2b (F_sel_2b);
       FU BY sel_1b (F_sel_1b);

       [FU@0];
       FC BY C#1 (FC_C1);
       FC BY C#2 (FC_C2);
       FC BY C#3 (FC_C3);
       FU WITH FC;

       C#2 ON d_middle (C2_mid);
       C#2 ON d_high   (C2_hs);

       FC ON d_middle (FC_mid);
       FC ON d_high   (FC_hs);
       FU ON d_middle (FU_mid);
       FU ON d_high   (FU_hs);

       %C#1%
       [pos_1b$1-sel_1b$1];
       %C#2%
       [pos_1b$1-sel_1b$1];
       %C#3%
       [pos_1b$1-sel_1b$1];
       %C#4%
       [pos_1b$1-sel_1b$1];
  MODEL CONSTRAINT:
  NEW(MID_EV MID_pos3 MID_pos2 MID_pos4 MID_sel5 MID_sel2 MID_sel1
       HS_EV HS_pos3 HS_pos2 HS_pos4 HS_sel5 HS_sel2 HS_sel1
       C2_MIDSC C2_HIGHS);

         MID_EV = FU_mid;
       MID_pos3 = FU_mid*F_pos_3b;
       MID_pos2 = FU_mid*F_pos_2b;
       MID_pos4 = FU_mid*F_pos_4b;
       MID_sel5 = FU_mid*F_sel_5b;
       MID_sel2 = FU_mid*F_sel_2b;
       MID_sel1 = FU_mid*F_sel_1b;

         HS_EV = FU_hs;
       HS_pos3 = FU_hs*F_pos_3b;
       HS_pos2 = FU_hs*F_pos_2b;
       HS_pos4 = FU_hs*F_pos_4b;
       HS_sel5 = FU_hs*F_sel_5b;
       HS_sel2 = FU_hs*F_sel_2b;
       HS_sel1 = FU_hs*F_sel_1b;

       C2_MIDSC = (FC_mid*FC_C2)+C2_mid;
       C2_HIGHS = (FC_hs*FC_C2)+C2_hs;
  OUTPUT:
  TECH8;
  PLOT:
  type = plot3;
      series = pos_1b-sel_1b(*);



*** WARNING
  One or more individual-level variables have no variation within a
  cluster for the following clusters.

     Variable   Cluster IDs with no within-cluster variation

      POS_1B      4055 246 456 410 638 124 260 132 668 128 244 28 256 724 11 640 14 318 330 324
                  314 270 733 271 721 662 20 422 112 242 320 672 10 710 240 722 334 21 339 312
                  322 170 254
      POS_3B      4055 4040 246 420 456 753 410 180 638 658 352 124 260 358 132 668 128 244 28
                  256 642 11 584 640 23 14 151 332 318 32 330 324 264 314 733 761 634 660 271
                  721 662 20 675 422 112 412 242 320 672 10 712 710 240 722 334 21 350 312 322
                  254
      POS_2B      4055 246 456 753 260 128 256 156 584 640 151 330 314 271 662 712 720 21 759
      POS_4B      246 753 410 180 124 132 266 668 128 640 14 151 330 324 314 761 634 110 271 721
                  662 112 242 672 712 720 334 759 254
      SEL_5B      246 456 753 410 638 658 124 358 432 356 668 128 28 130 640 332 32 324 270 660
                  673 271 721 252 20 422 242 672 712 326 722 334 322
      SEL_2B      246 753 410 250 638 124 432 132 668 128 28 130 640 14 270 271 721 422 712
      SEL_1B      4055 246 410 250 638 124 432 128 28 640 14 332 270 271 721 20 310 242 10 722
                  334 759 636
      D_FEMALE    565 246 760 456 753 638 128 640

*** WARNING
  Data set contains cases with missing on all variables except
  x-variables.  These cases were not included in the analysis.
  Number of cases with missing on all variables except x-variables:  4
   2 WARNING(S) FOUND IN THE INPUT INSTRUCTIONS




model07_parametric_mlca

SUMMARY OF ANALYSIS

Number of groups                                                 1
Number of observations                                        5087

Number of dependent variables                                    7
Number of independent variables                                  3
Number of continuous latent variables                            2
Number of categorical latent variables                           1

Observed dependent variables

  Binary and ordered categorical (ordinal)
   POS_1B      POS_3B      POS_2B      POS_4B      SEL_5B      SEL_2B
   SEL_1B

Observed independent variables
   D_MIDDLE    D_HIGH      D_FEMALE

Continuous latent variables
   FU          FC

Categorical latent variables
   C

Variables with special functions

  Cluster variable      SCHLCODE

  Within variables
   D_FEMALE

  Between variables
   D_MIDDLE    D_HIGH


Estimator                                                      MLR
Information matrix                                        OBSERVED
Optimization Specifications for the Quasi-Newton Algorithm for
Continuous Outcomes
  Maximum number of iterations                                 100
  Convergence criterion                                  0.100D-05
Optimization Specifications for the EM Algorithm
  Maximum number of iterations                                 500
  Convergence criteria
    Loglikelihood change                                 0.100D-02
    Relative loglikelihood change                        0.100D-05
    Derivative                                           0.100D-02
Optimization Specifications for the M step of the EM Algorithm for
Categorical Latent variables
  Number of M step iterations                                    1
  M step convergence criterion                           0.100D-02
  Basis for M step termination                           ITERATION
Optimization Specifications for the M step of the EM Algorithm for
Censored, Binary or Ordered Categorical (Ordinal), Unordered
Categorical (Nominal) and Count Outcomes
  Number of M step iterations                                    1
  M step convergence criterion                           0.100D-02
  Basis for M step termination                           ITERATION
  Maximum value for logit thresholds                            15
  Minimum value for logit thresholds                           -15
  Minimum expected cell size for chi-square              0.100D-01
Maximum number of iterations for H1                           2000
Convergence criterion for H1                             0.100D-03
Optimization algorithm                                         EMA
Integration Specifications
  Type                                                    STANDARD
  Number of integration points                                  15
  Dimensions of numerical integration                            2
  Adaptive quadrature                                           ON
Random Starts Specifications
  Number of initial stage random starts                         20
  Number of final stage optimizations                           10
  Number of initial stage iterations                            10
  Initial stage convergence criterion                    0.100D+01
  Random starts scale                                    0.500D+01
  Random seed for generating random starts                       0
Link                                                         LOGIT
Cholesky                                                        ON

Input data file(s)
  /Users/agarber/Desktop/multi_level_lca/mlca_mplus/model07_parametric.dat
Input data format  FREE


SUMMARY OF DATA

     Number of missing data patterns             1
     Number of y missing data patterns           0
     Number of u missing data patterns           1
     Number of clusters                        130



COVARIANCE COVERAGE OF DATA

Minimum covariance coverage value   0.100


UNIVARIATE PROPORTIONS AND COUNTS FOR CATEGORICAL VARIABLES

    POS_1B
      Category 1    0.076          389.000
      Category 2    0.924         4698.000
    POS_3B
      Category 1    0.057          290.000
      Category 2    0.943         4797.000
    POS_2B
      Category 1    0.173          880.000
      Category 2    0.827         4207.000
    POS_4B
      Category 1    0.214         1090.000
      Category 2    0.786         3997.000
    SEL_5B
      Category 1    0.127          646.000
      Category 2    0.873         4441.000
    SEL_2B
      Category 1    0.174          884.000
      Category 2    0.826         4203.000
    SEL_1B
      Category 1    0.145          740.000
      Category 2    0.855         4347.000



UNIVARIATE SAMPLE STATISTICS


     UNIVARIATE HIGHER-ORDER MOMENT DESCRIPTIVE STATISTICS

         Variable/         Mean/     Skewness/   Minimum/ % with                Percentiles
        Sample Size      Variance    Kurtosis    Maximum  Min/Max      20%/60%    40%/80%    Median

     D_FEMALE              0.186       1.618       0.000   81.44%       0.000      0.000      0.000
            5087.000       0.151       0.617       1.000   18.56%       0.000      0.000
     D_MIDDLE              0.208       1.441       0.000   79.23%       0.000      0.000      0.000
             130.000       0.165       0.077       1.000   20.77%       0.000      1.000
     D_HIGH                0.162       1.839       0.000   83.85%       0.000      0.000      0.000
             130.000       0.135       1.383       1.000   16.15%       0.000      0.000

RANDOM STARTS RESULTS RANKED FROM THE BEST TO THE WORST LOGLIKELIHOOD VALUES


1 perturbed starting value run(s) did not converge.
Final stage loglikelihood values at local maxima, seeds, and initial stage start numbers:

           -9768.308  637345           19
           -9769.774  unperturbed      0
           -9769.791  93468            3
           -9773.662  939021           8
           -9797.734  195873           6
           -9816.018  127215           9
           -9871.732  851945           18
           -9951.750  650371           14
           -9960.777  533738           11
           -9969.551  27071            15



     WARNING:  THE BEST LOGLIKELIHOOD VALUE WAS NOT REPLICATED.  THE
     SOLUTION MAY NOT BE TRUSTWORTHY DUE TO LOCAL MAXIMA.  INCREASE THE
     NUMBER OF RANDOM STARTS.


THE MODEL ESTIMATION TERMINATED NORMALLY



MODEL FIT INFORMATION

Number of Free Parameters                       51

Loglikelihood

          H0 Value                       -9768.308
          H0 Scaling Correction Factor      1.4690
            for MLR

Information Criteria

          Akaike (AIC)                   19638.616
          Bayesian (BIC)                 19971.873
          Sample-Size Adjusted BIC       19809.812
            (n* = (n + 2) / 24)



FINAL CLASS COUNTS AND PROPORTIONS FOR THE LATENT CLASSES
BASED ON ESTIMATED POSTERIOR PROBABILITIES

    Latent
   Classes

       1        950.12354          0.18677
       2       3256.41984          0.64015
       3        563.36680          0.11075
       4        317.08982          0.06233


FINAL CLASS COUNTS AND PROPORTIONS FOR THE LATENT CLASSES
BASED ON THEIR MOST LIKELY LATENT CLASS MEMBERSHIP

Class Counts and Proportions

    Latent
   Classes

       1              775          0.15235
       2             3468          0.68174
       3              543          0.10674
       4              301          0.05917


CLASSIFICATION QUALITY

     Entropy                         0.777


Average Latent Class Probabilities for Most Likely Latent Class Membership (Row)
by Latent Class (Column)

           1        2        3        4

    1   0.814    0.094    0.071    0.021
    2   0.076    0.914    0.011    0.000
    3   0.092    0.029    0.819    0.061
    4   0.024    0.000    0.086    0.889


Classification Probabilities for the Most Likely Latent Class Membership (Column)
by Latent Class (Row)

           1        2        3        4

    1   0.664    0.276    0.052    0.008
    2   0.022    0.973    0.005    0.000
    3   0.098    0.066    0.789    0.046
    4   0.051    0.000    0.104    0.844


Logits for the Classification Probabilities for the Most Likely Latent Class Membership (Column)
by Latent Class (Row)

              1        2        3        4

    1      4.451    3.573    1.910    0.000
    2     10.010   13.788    8.472    0.000
    3      0.759    0.367    2.843    0.000
    4     -2.801   -8.459   -2.092    0.000


MODEL RESULTS

                                                    Two-Tailed
                    Estimate       S.E.  Est./S.E.    P-Value

Within Level

Between Level

Latent Class 1

 FU       BY
    POS_1B             1.000      0.000    999.000    999.000
    POS_3B             1.373      0.561      2.446      0.014
    POS_2B             6.531      4.655      1.403      0.161
    POS_4B             5.660      3.943      1.435      0.151
    SEL_5B            -0.472      1.248     -0.379      0.705
    SEL_2B            -0.187      1.185     -0.157      0.875
    SEL_1B            -0.294      0.876     -0.336      0.737

 FC       BY
    C#1                1.000      0.000    999.000    999.000
    C#2                4.324      5.729      0.755      0.450
    C#3                0.823      0.178      4.615      0.000

 FC         ON
    D_MIDDLE          -1.543      0.942     -1.637      0.102
    D_HIGH            -2.367      0.999     -2.370      0.018

 FU         ON
    D_MIDDLE           0.043      0.068      0.635      0.525
    D_HIGH            -0.243      0.204     -1.193      0.233

 FU       WITH
    FC                -0.007      0.017     -0.409      0.683

 Intercepts
    FU                 0.000      0.000    999.000    999.000

 Thresholds
    POS_1B$1          -1.893      0.249     -7.605      0.000
    POS_3B$1          -2.287      0.285     -8.022      0.000
    POS_2B$1          -0.874      0.325     -2.685      0.007
    POS_4B$1           0.122      0.289      0.424      0.672
    SEL_5B$1          -3.494      0.581     -6.011      0.000
    SEL_2B$1          -1.980      0.265     -7.459      0.000
    SEL_1B$1          -1.864      0.191     -9.747      0.000

 Residual Variances
    FU                 0.061      0.093      0.658      0.511
    FC                 0.069      0.223      0.309      0.757

Latent Class 2

 FU       BY
    POS_1B             1.000      0.000    999.000    999.000
    POS_3B             1.373      0.561      2.446      0.014
    POS_2B             6.531      4.655      1.403      0.161
    POS_4B             5.660      3.943      1.435      0.151
    SEL_5B            -0.472      1.248     -0.379      0.705
    SEL_2B            -0.187      1.185     -0.157      0.875
    SEL_1B            -0.294      0.876     -0.336      0.737

 FC       BY
    C#1                1.000      0.000    999.000    999.000
    C#2                4.324      5.729      0.755      0.450
    C#3                0.823      0.178      4.615      0.000

 FC         ON
    D_MIDDLE          -1.543      0.942     -1.637      0.102
    D_HIGH            -2.367      0.999     -2.370      0.018

 FU         ON
    D_MIDDLE           0.043      0.068      0.635      0.525
    D_HIGH            -0.243      0.204     -1.193      0.233

 FU       WITH
    FC                -0.007      0.017     -0.409      0.683

 Intercepts
    FU                 0.000      0.000    999.000    999.000

 Thresholds
    POS_1B$1          -5.643      0.482    -11.704      0.000
    POS_3B$1          -7.398      1.110     -6.666      0.000
    POS_2B$1          -4.644      0.308    -15.053      0.000
    POS_4B$1          -4.461      0.438    -10.186      0.000
    SEL_5B$1          -6.529      1.106     -5.905      0.000
    SEL_2B$1          -4.571      0.409    -11.173      0.000
    SEL_1B$1          -3.614      0.211    -17.145      0.000

 Residual Variances
    FU                 0.061      0.093      0.658      0.511
    FC                 0.069      0.223      0.309      0.757

Latent Class 3

 FU       BY
    POS_1B             1.000      0.000    999.000    999.000
    POS_3B             1.373      0.561      2.446      0.014
    POS_2B             6.531      4.655      1.403      0.161
    POS_4B             5.660      3.943      1.435      0.151
    SEL_5B            -0.472      1.248     -0.379      0.705
    SEL_2B            -0.187      1.185     -0.157      0.875
    SEL_1B            -0.294      0.876     -0.336      0.737

 FC       BY
    C#1                1.000      0.000    999.000    999.000
    C#2                4.324      5.729      0.755      0.450
    C#3                0.823      0.178      4.615      0.000

 FC         ON
    D_MIDDLE          -1.543      0.942     -1.637      0.102
    D_HIGH            -2.367      0.999     -2.370      0.018

 FU         ON
    D_MIDDLE           0.043      0.068      0.635      0.525
    D_HIGH            -0.243      0.204     -1.193      0.233

 FU       WITH
    FC                -0.007      0.017     -0.409      0.683

 Intercepts
    FU                 0.000      0.000    999.000    999.000

 Thresholds
    POS_1B$1          -2.552      0.306     -8.341      0.000
    POS_3B$1          -3.993      0.490     -8.146      0.000
    POS_2B$1          -2.698      0.473     -5.699      0.000
    POS_4B$1          -1.436      0.300     -4.781      0.000
    SEL_5B$1           0.573      0.195      2.939      0.003
    SEL_2B$1           1.304      0.300      4.348      0.000
    SEL_1B$1           0.166      0.163      1.019      0.308

 Residual Variances
    FU                 0.061      0.093      0.658      0.511
    FC                 0.069      0.223      0.309      0.757

Latent Class 4

 FU       BY
    POS_1B             1.000      0.000    999.000    999.000
    POS_3B             1.373      0.561      2.446      0.014
    POS_2B             6.531      4.655      1.403      0.161
    POS_4B             5.660      3.943      1.435      0.151
    SEL_5B            -0.472      1.248     -0.379      0.705
    SEL_2B            -0.187      1.185     -0.157      0.875
    SEL_1B            -0.294      0.876     -0.336      0.737

 FC       BY
    C#1                1.000      0.000    999.000    999.000
    C#2                4.324      5.729      0.755      0.450
    C#3                0.823      0.178      4.615      0.000

 FC         ON
    D_MIDDLE          -1.543      0.942     -1.637      0.102
    D_HIGH            -2.367      0.999     -2.370      0.018

 FU         ON
    D_MIDDLE           0.043      0.068      0.635      0.525
    D_HIGH            -0.243      0.204     -1.193      0.233

 FU       WITH
    FC                -0.007      0.017     -0.409      0.683

 Intercepts
    FU                 0.000      0.000    999.000    999.000

 Thresholds
    POS_1B$1           0.395      0.270      1.464      0.143
    POS_3B$1           0.052      0.255      0.205      0.837
    POS_2B$1           1.593      0.386      4.126      0.000
    POS_4B$1           1.393      0.367      3.799      0.000
    SEL_5B$1           1.525      0.321      4.755      0.000
    SEL_2B$1           2.583      0.479      5.397      0.000
    SEL_1B$1           0.952      0.213      4.472      0.000

 Residual Variances
    FU                 0.061      0.093      0.658      0.511
    FC                 0.069      0.223      0.309      0.757

Categorical Latent Variables

Within Level

 C#1        ON
    D_FEMALE           0.118      0.180      0.652      0.514

 C#2        ON
    D_FEMALE           0.211      0.177      1.190      0.234

 C#3        ON
    D_FEMALE           0.127      0.174      0.728      0.467

 Intercepts
    C#1                2.792      0.957      2.918      0.004
    C#2                4.972      0.832      5.978      0.000
    C#3                2.012      0.781      2.577      0.010

Between Level

 C#2        ON
    D_MIDDLE           3.602      7.412      0.486      0.627
    D_HIGH             5.817     11.835      0.491      0.623

New/Additional Parameters
    MID_EV             0.043      0.068      0.635      0.525
    MID_POS3           0.059      0.087      0.677      0.498
    MID_POS2           0.282      0.406      0.695      0.487
    MID_POS4           0.244      0.341      0.717      0.474
    MID_SEL5          -0.020      0.055     -0.369      0.712
    MID_SEL2          -0.008      0.049     -0.165      0.869
    MID_SEL1          -0.013      0.036     -0.348      0.728
    HS_EV             -0.243      0.204     -1.193      0.233
    HS_POS3           -0.334      0.205     -1.629      0.103
    HS_POS2           -1.590      0.412     -3.860      0.000
    HS_POS4           -1.378      0.435     -3.170      0.002
    HS_SEL5            0.115      0.224      0.513      0.608
    HS_SEL2            0.045      0.258      0.176      0.860
    HS_SEL1            0.072      0.163      0.439      0.661
    C2_MIDSC          -3.069      0.779     -3.942      0.000
    C2_HIGHS          -4.418      0.896     -4.933      0.000


LOGISTIC REGRESSION ODDS RATIO RESULTS

                                         (Est. - 1) Two-Tailed
                    Estimate       S.E.     / S.E.    P-Value

Categorical Latent Variables

Within Level

 C#1      ON
    D_FEMALE           1.125      0.203      0.615      0.538

 C#2      ON
    D_FEMALE           1.235      0.219      1.073      0.283

 C#3      ON
    D_FEMALE           1.135      0.198      0.683      0.494

Between Level


QUALITY OF NUMERICAL RESULTS

     Condition Number for the Information Matrix              0.695E-06
       (ratio of smallest to largest eigenvalue)


TECHNICAL 8 OUTPUT


  INITIAL STAGE ITERATIONS


  TECHNICAL 8 OUTPUT FOR UNPERTURBED STARTING VALUE SET


  ITER  LOGLIKELIHOOD    ABS CHANGE   REL CHANGE      CLASS COUNTS    ALGORITHM
     1 -0.11872569D+05    0.0000000    0.0000000   1539.654  1200.977    EM
                                                   1200.977  1145.391
     2 -0.10883043D+05  989.5254932    0.0833455   1720.669  1141.800    EM
                                                   1133.831  1090.700
     3 -0.10507320D+05  375.7232164    0.0345237   1811.249  1126.574    EM
                                                   1109.120  1040.056
     4 -0.10339189D+05  168.1309967    0.0160013   1845.432  1124.235    EM
                                                   1095.710  1021.623
     5 -0.10251143D+05   88.0455985    0.0085157   1860.372  1124.667    EM
                                                   1087.031  1014.931
     6 -0.10194123D+05   57.0199817    0.0055623   1875.018  1123.090    EM
                                                   1078.679  1010.213
     7 -0.10154998D+05   39.1253203    0.0038380   1895.029  1118.575    EM
                                                   1068.879  1004.517
     8 -0.10128610D+05   26.3881944    0.0025985   1920.407  1111.614    EM
                                                   1057.184   997.795
     9 -0.10111024D+05   17.5853757    0.0017362   1949.465  1102.901    EM
                                                   1043.730   990.904
    10 -0.10098959D+05   12.0653657    0.0011933   1980.511  1093.008    EM
                                                   1028.963   984.518


  TECHNICAL 8 OUTPUT FOR STARTING VALUE SET 1


  ITER  LOGLIKELIHOOD    ABS CHANGE   REL CHANGE      CLASS COUNTS    ALGORITHM
     1 -0.20387094D+05    0.0000000    0.0000000     99.449  4452.022    EM
                                                     17.690   517.840
     2 -0.12137793D+05 8249.3012614    0.4046335    146.052  4228.418    EM
                                                     70.527   642.003
     3 -0.11586233D+05  551.5605215    0.0454416    216.660  3770.636    EM
                                                    234.370   865.333
     4 -0.10722848D+05  863.3841342    0.0745181    365.275  2927.827    EM
                                                    577.522  1216.376
     5 -0.10412721D+05  310.1278158    0.0289221    503.722  2495.667    EM
                                                    772.229  1315.382
     6 -0.10309509D+05  103.2113747    0.0099120    570.446  2321.170    EM
                                                    823.676  1371.708
     7 -0.10247839D+05   61.6701255    0.0059819    617.794  2219.944    EM
                                                    841.874  1407.389
     8 -0.10209835D+05   38.0037714    0.0037085    668.136  2097.113    EM
                                                    864.579  1457.172
     9 -0.10182986D+05   26.8495029    0.0026298    712.702  1998.882    EM
                                                    875.291  1500.125
    10 -0.10162812D+05   20.1738541    0.0019811    754.583  1898.560    EM
                                                    884.881  1548.977


  TECHNICAL 8 OUTPUT FOR STARTING VALUE SET 2


  ITER  LOGLIKELIHOOD    ABS CHANGE   REL CHANGE      CLASS COUNTS    ALGORITHM
     1 -0.31740621D+05    0.0000000    0.0000000     22.223  1637.689    EM
                                                   2069.872  1357.215
     2 -0.12289812D+05 ************    0.6128049     37.886  1345.071    EM
                                                   2627.283  1076.760
     3 -0.11813184D+05  476.6283647    0.0387824     43.334  1381.329    EM
                                                   2689.330   973.007
     4 -0.11445165D+05  368.0187165    0.0311532     62.717  1432.349    EM
                                                   2751.063   840.871
     5 -0.11338034D+05  107.1317287    0.0093604     70.505  1485.117    EM
                                                   2773.144   758.234
     6 -0.11302679D+05   35.3550657    0.0031183     72.981  1510.882    EM
                                                   2793.645   709.491
     7 -0.11287211D+05   15.4677260    0.0013685     75.101  1519.953    EM
                                                   2817.599   674.347
     8 -0.11274748D+05   12.4623959    0.0011041     77.165  1524.877    EM
                                                   2839.260   645.697
     9 -0.11263233D+05   11.5150507    0.0010213     79.053  1536.313    EM
                                                   2851.377   620.257
    10 -0.11252701D+05   10.5319561    0.0009351     80.595  1546.300    EM
                                                   2861.073   599.032


  FINAL STAGE ITERATIONS


  TECHNICAL 8 OUTPUT FOR UNPERTURBED STARTING VALUE SET




  ITER  LOGLIKELIHOOD    ABS CHANGE   REL CHANGE      CLASS COUNTS    ALGORITHM
     1 -0.11872569D+05    0.0000000    0.0000000   1539.654  1200.977    EM
                                                   1200.977  1145.391
     2 -0.10883043D+05  989.5254932    0.0833455   1720.669  1141.800    EM
                                                   1133.831  1090.700
     3 -0.10507320D+05  375.7232164    0.0345237   1811.249  1126.574    EM
                                                   1109.120  1040.056
     4 -0.10339189D+05  168.1309967    0.0160013   1845.432  1124.235    EM
                                                   1095.710  1021.623
     5 -0.10251143D+05   88.0455985    0.0085157   1860.372  1124.667    EM
                                                   1087.031  1014.931
     6 -0.10194123D+05   57.0199817    0.0055623   1875.018  1123.090    EM
                                                   1078.679  1010.213
     7 -0.10154998D+05   39.1253203    0.0038380   1895.029  1118.575    EM
                                                   1068.879  1004.517
     8 -0.10128610D+05   26.3881944    0.0025985   1920.407  1111.614    EM
                                                   1057.184   997.795
     9 -0.10111024D+05   17.5853757    0.0017362   1949.465  1102.901    EM
                                                   1043.730   990.904
    10 -0.10098959D+05   12.0653657    0.0011933   1980.511  1093.008    EM
                                                   1028.963   984.518
    11 -0.10090088D+05    8.8714710    0.0008785   2012.286  1082.371    EM
                                                   1013.458   978.885
    12 -0.10083023D+05    7.0641756    0.0007001   2043.942  1071.328    EM
                                                    997.754   973.976
    13 -0.10077019D+05    6.0044374    0.0005955   2074.936  1060.134    EM
                                                    982.271   969.660
    14 -0.10071667D+05    5.3516234    0.0005311   2104.949  1048.974    EM
                                                    967.290   965.787
    15 -0.10066713D+05    4.9542783    0.0004919   2133.819  1037.991    EM
                                                    952.972   962.217
    16 -0.10061953D+05    4.7602552    0.0004729   2161.475  1027.319    EM
                                                    939.381   958.825
    17 -0.10057190D+05    4.7625922    0.0004733   2187.881  1017.134    EM
                                                    926.486   955.499
    18 -0.10052233D+05    4.9568053    0.0004929   2212.996  1007.707    EM
                                                    914.153   952.143
    19 -0.10046944D+05    5.2889050    0.0005261   2236.746   999.442    EM
                                                    902.112   948.700
    20 -0.10041329D+05    5.6151600    0.0005589   2259.016   992.825    EM
                                                    889.987   945.173
    21 -0.10035589D+05    5.7403917    0.0005717   2279.667   988.289    EM
                                                    877.416   941.628
    22 -0.10030040D+05    5.5490685    0.0005529   2298.571   986.055    EM
                                                    864.205   938.169
    23 -0.10024949D+05    5.0903905    0.0005075   2315.654   986.088    EM
                                                    850.370   934.887
    24 -0.10020438D+05    4.5118477    0.0004501   2330.918   988.176    EM
                                                    836.066   931.840
    25 -0.10016494D+05    3.9434410    0.0003935   2344.441   992.042    EM
                                                    821.472   929.045
    26 -0.10013043D+05    3.4508766    0.0003445   2356.357   997.414    EM
                                                    806.735   926.495
    27 -0.10009993D+05    3.0502576    0.0003046   2366.828  1004.062    EM
                                                    791.945   924.165
    28 -0.10007259D+05    2.7343321    0.0002732   2376.030  1011.794    EM
                                                    777.147   922.029
    29 -0.10004769D+05    2.4892645    0.0002487   2384.133  1020.460    EM
                                                    762.354   920.054
    30 -0.10002468D+05    2.3015763    0.0002300   2391.298  1029.935    EM
                                                    747.558   918.210
    31 -0.10000308D+05    2.1599843    0.0002159   2397.670  1040.121    EM
                                                    732.740   916.469
    32 -0.99982523D+04    2.0555213    0.0002055   2403.377  1050.939    EM
                                                    717.878   914.806
    33 -0.99962711D+04    1.9812547    0.0001982   2408.530  1062.324    EM
                                                    702.950   913.196
    34 -0.99943392D+04    1.9318689    0.0001933   2413.223  1074.225    EM
                                                    687.934   911.618
    35 -0.99924358D+04    1.9033474    0.0001904   2417.537  1086.596    EM
                                                    672.814   910.053
    36 -0.99905432D+04    1.8926560    0.0001894   2421.540  1099.399    EM
                                                    657.579   908.482
    37 -0.99886457D+04    1.8974644    0.0001899   2425.290  1112.596    EM
                                                    642.227   906.886
    38 -0.99867299D+04    1.9158027    0.0001918   2428.837  1126.151    EM
                                                    626.764   905.249
    39 -0.99847840D+04    1.9458890    0.0001948   2432.219  1140.024    EM
                                                    611.206   903.551
    40 -0.99827983D+04    1.9857038    0.0001989   2435.477  1154.166    EM
                                                    595.582   901.775
    41 -0.99807655D+04    2.0328469    0.0002036   2438.641  1168.522    EM
                                                    579.935   899.901
    42 -0.99786812D+04    2.0843227    0.0002088   2441.740  1183.028    EM
                                                    564.322   897.910
    43 -0.99765448D+04    2.1364019    0.0002141   2444.799  1197.606    EM
                                                    548.812   895.783
    44 -0.99743601D+04    2.1846623    0.0002190   2447.843  1212.163    EM
                                                    533.489   893.505
    45 -0.99721360D+04    2.2241251    0.0002230   2450.894  1226.601    EM
                                                    518.443   891.062
    46 -0.99698863D+04    2.2496347    0.0002256   2453.971  1240.811    EM
                                                    503.769   888.450
    47 -0.99676299D+04    2.2563884    0.0002263   2457.094  1254.680    EM
                                                    489.558   885.668
    48 -0.99653894D+04    2.2405113    0.0002248   2460.276  1268.104    EM
                                                    475.894   882.726
    49 -0.99631897D+04    2.1997317    0.0002207   2463.527  1280.986    EM
                                                    462.843   879.644
    50 -0.99610559D+04    2.1338445    0.0002142   2466.851  1293.250    EM
                                                    450.449   876.449
    51 -0.99590109D+04    2.0449242    0.0002053   2470.242  1304.845    EM
                                                    438.737   873.176
    52 -0.99570738D+04    1.9371521    0.0001945   2473.690  1315.743    EM
                                                    427.706   869.861
    53 -0.99552576D+04    1.8161480    0.0001824   2477.173  1325.951    EM
                                                    417.334   866.542
    54 -0.99535693D+04    1.6883732    0.0001696   2480.665  1335.498    EM
                                                    407.582   863.255
    55 -0.99520092D+04    1.5600421    0.0001567   2484.135  1344.436    EM
                                                    398.397   860.032
    56 -0.99505727D+04    1.4365503    0.0001443   2487.550  1352.833    EM
                                                    389.719   856.898
    57 -0.99492506D+04    1.3220440    0.0001329   2490.879  1360.765    EM
                                                    381.482   853.873
    58 -0.99480313D+04    1.2193228    0.0001226   2494.094  1368.312    EM
                                                    373.621   850.973
    59 -0.99469013D+04    1.1299563    0.0001136   2497.170  1375.551    EM
                                                    366.071   848.208
    60 -0.99458468D+04    1.0545746    0.0001060   2500.096  1382.550    EM
                                                    358.773   845.581
    61 -0.99448536D+04    0.9931589    0.0000999   2502.861  1389.373    EM
                                                    351.671   843.095
    62 -0.99439083D+04    0.9453450    0.0000951   2505.464  1396.074    EM
                                                    344.714   840.748
    63 -0.99429976D+04    0.9106649    0.0000916   2507.910  1402.698    EM
                                                    337.855   838.536
    64 -0.99420828D+04    0.9148455    0.0000920   2508.993  1413.515    QN
                                                    327.296   837.196
    65 -0.99407341D+04    1.3486450    0.0001357   2512.428  1420.832    EM
                                                    318.973   834.766
    66 -0.99395653D+04    1.1688164    0.0001176   2515.671  1428.017    EM
                                                    310.836   832.476
    67 -0.99383953D+04    1.1699741    0.0001177   2518.877  1435.167    EM
                                                    302.680   830.276
    68 -0.99371959D+04    1.1994691    0.0001207   2522.065  1442.334    EM
                                                    294.440   828.161
    69 -0.99359465D+04    1.2493414    0.0001257   2525.246  1449.538    EM
                                                    286.092   826.124
    70 -0.99346294D+04    1.3171312    0.0001326   2528.436  1456.783    EM
                                                    277.628   824.152
    71 -0.99332273D+04    1.4020999    0.0001411   2531.652  1464.061    EM
                                                    269.056   822.231
    72 -0.99317224D+04    1.5048584    0.0001515   2534.914  1471.354    EM
                                                    260.391   820.341
    73 -0.99300947D+04    1.6276931    0.0001639   2538.237  1478.640    EM
                                                    251.665   818.458
    74 -0.99283194D+04    1.7753743    0.0001788   2541.633  1485.897    EM
                                                    242.921   816.549
    75 -0.99263627D+04    1.9566435    0.0001971   2545.106  1493.103    EM
                                                    234.222   814.569
    76 -0.99241758D+04    2.1868782    0.0002203   2548.654  1500.239    EM
                                                    225.657   812.450
    77 -0.99216827D+04    2.4931641    0.0002512   2552.253  1507.295    EM
                                                    217.364   810.089
    78 -0.99187582D+04    2.9244419    0.0002948   2555.848  1514.270    EM
                                                    209.562   807.320
    79 -0.99151857D+04    3.5725780    0.0003602   2559.314  1521.183    EM
                                                    202.623   803.880
    80 -0.99105703D+04    4.6153689    0.0004655   2562.389  1528.075    EM
                                                    197.179   799.357
    81 -0.99041828D+04    6.3874715    0.0006445   2564.561  1535.024    EM
                                                    194.249   793.166
    82 -0.98947935D+04    9.3892841    0.0009480   2565.005  1542.079    EM
                                                    195.177   784.740
    83 -0.98810361D+04   13.7574238    0.0013904   2562.940  1548.933    EM
                                                    200.829   774.298
    84 -0.98633865D+04   17.6495692    0.0017862   2558.691  1554.387    EM
                                                    209.952   763.970
    85 -0.98460436D+04   17.3429156    0.0017583   2554.063  1556.766    EM
                                                    219.318   756.853
    86 -0.98332822D+04   12.7614324    0.0012961   2550.636  1555.540    EM
                                                    226.904   753.920
    87 -0.98253540D+04    7.9282127    0.0008063   2548.600  1551.667    EM
                                                    232.824   753.909
    88 -0.98205920D+04    4.7619766    0.0004847   2547.530  1546.426    EM
                                                    237.715   755.328
    89 -0.98176421D+04    2.9499175    0.0003004   2547.103  1540.686    EM
                                                    241.957   757.254
    90 -0.98157290D+04    1.9130558    0.0001949   2547.176  1534.882    EM
                                                    245.713   759.229
    91 -0.98144319D+04    1.2971606    0.0001322   2547.694  1529.193    EM
                                                    249.059   761.054
    92 -0.98135151D+04    0.9167567    0.0000934   2548.627  1523.674    EM
                                                    252.042   762.657
    93 -0.98128414D+04    0.6736846    0.0000686   2549.944  1518.331    EM
                                                    254.700   764.025
    94 -0.98123281D+04    0.5133647    0.0000523   2551.608  1513.155    EM
                                                    257.069   765.169
    95 -0.98119237D+04    0.4043968    0.0000412   2553.571  1508.135    EM
                                                    259.182   766.112
    96 -0.98115957D+04    0.3279538    0.0000334   2555.785  1503.264    EM
                                                    261.068   766.883
    97 -0.98113231D+04    0.2726037    0.0000278   2558.201  1498.538    EM
                                                    262.755   767.506
    98 -0.98110918D+04    0.2312966    0.0000236   2560.775  1493.955    EM
                                                    264.266   768.004
    99 -0.98108922D+04    0.1995850    0.0000203   2563.465  1489.516    EM
                                                    265.620   768.399
   100 -0.98095328D+04    1.3594422    0.0001386   2654.548  1395.493    QN
                                                    272.759   764.201
   101 -0.98091123D+04    0.4204675    0.0000429   2655.972  1394.062    EM
                                                    273.071   763.895
   102 -0.98090236D+04    0.0886945    0.0000090   2656.597  1393.128    EM
                                                    273.440   763.834
   103 -0.98089646D+04    0.0590094    0.0000060   2656.980  1392.350    EM
                                                    273.846   763.824
   104 -0.98089171D+04    0.0474786    0.0000048   2657.292  1391.629    EM
                                                    274.257   763.822
   105 -0.98088766D+04    0.0405297    0.0000041   2657.597  1390.928    EM
                                                    274.659   763.816
   106 -0.98088408D+04    0.0357758    0.0000036   2657.925  1390.232    EM
                                                    275.041   763.802
   107 -0.98088085D+04    0.0323534    0.0000033   2658.289  1389.531    EM
                                                    275.402   763.778
   108 -0.98087786D+04    0.0298350    0.0000030   2658.695  1388.823    EM
                                                    275.739   763.743
   109 -0.98087507D+04    0.0279718    0.0000029   2659.147  1388.103    EM
                                                    276.053   763.697
   110 -0.98087241D+04    0.0266048    0.0000027   2659.645  1387.371    EM
                                                    276.343   763.641
   111 -0.98086984D+04    0.0256306    0.0000026   2660.189  1386.624    EM
                                                    276.613   763.574
   112 -0.98086734D+04    0.0249844    0.0000025   2660.779  1385.861    EM
                                                    276.863   763.497
   113 -0.98086488D+04    0.0246292    0.0000025   2661.416  1385.078    EM
                                                    277.095   763.411
   114 -0.98078158D+04    0.8329943    0.0000849   2700.054  1366.132    QN
                                                    281.470   739.343
   115 -0.98043612D+04    3.4546374    0.0003522   2714.907  1351.709    EM
                                                    281.976   738.408
   116 -0.98032177D+04    1.1435035    0.0001166   2726.693  1340.050    EM
                                                    282.322   737.935
   117 -0.98022795D+04    0.9381729    0.0000957   2737.271  1329.525    EM
                                                    282.713   737.490
   118 -0.98014033D+04    0.8762071    0.0000894   2747.166  1319.686    EM
                                                    283.176   736.971
   119 -0.98005581D+04    0.8452406    0.0000862   2756.553  1310.387    EM
                                                    283.708   736.352
   120 -0.97997306D+04    0.8274156    0.0000844   2765.512  1301.569    EM
                                                    284.301   735.617
   121 -0.97989149D+04    0.8157631    0.0000832   2774.090  1293.205    EM
                                                    284.945   734.760
   122 -0.97981085D+04    0.8063718    0.0000823   2782.316  1285.279    EM
                                                    285.631   733.775
   123 -0.97973116D+04    0.7968943    0.0000813   2790.212  1277.778    EM
                                                    286.350   732.660
   124 -0.97965256D+04    0.7860081    0.0000802   2797.796  1270.694    EM
                                                    287.095   731.414
   125 -0.97957525D+04    0.7731180    0.0000789   2805.083  1264.017    EM
                                                    287.859   730.040
   126 -0.97874395D+04    8.3129491    0.0008486   2976.614  1140.327    QN
                                                    300.506   669.553
   127 -0.97843369D+04    3.1026420    0.0003170   2976.525  1141.252    EM
                                                    301.626   667.596
   128 -0.97832792D+04    1.0576707    0.0001081   2976.862  1142.207    EM
                                                    302.236   665.695
   129 -0.97825077D+04    0.7714754    0.0000789   2977.882  1142.720    EM
                                                    302.763   663.636
   130 -0.97818296D+04    0.6781018    0.0000693   2979.667  1142.697    EM
                                                    303.175   661.461
   131 -0.97811950D+04    0.6346858    0.0000649   2982.131  1142.151    EM
                                                    303.504   659.214
   132 -0.97805915D+04    0.6035072    0.0000617   2985.162  1141.120    EM
                                                    303.789   656.929
   133 -0.97800194D+04    0.5720990    0.0000585   2988.661  1139.644    EM
                                                    304.060   654.636
   134 -0.97794816D+04    0.5377345    0.0000550   2992.549  1137.758    EM
                                                    304.335   652.358
   135 -0.97789801D+04    0.5015588    0.0000513   2996.766  1135.497    EM
                                                    304.625   650.112
   136 -0.97785144D+04    0.4656419    0.0000476   3001.261  1132.897    EM
                                                    304.935   647.908
   137 -0.97780827D+04    0.4316714    0.0000441   3005.987  1129.996    EM
                                                    305.264   645.752
   138 -0.97776821D+04    0.4006128    0.0000410   3010.901  1126.836    EM
                                                    305.612   643.650
   139 -0.97773093D+04    0.3728021    0.0000381   3015.963  1123.459    EM
                                                    305.976   641.602
   140 -0.97769612D+04    0.3481609    0.0000356   3021.134  1119.904    EM
                                                    306.351   639.611
   141 -0.97766348D+04    0.3263901    0.0000334   3026.380  1116.210    EM
                                                    306.735   637.676
   142 -0.97763277D+04    0.3071064    0.0000314   3031.668  1112.412    EM
                                                    307.123   635.796
   143 -0.97760378D+04    0.2899226    0.0000297   3036.974  1108.542    EM
                                                    307.513   633.972
   144 -0.97757633D+04    0.2744582    0.0000281   3042.272  1104.626    EM
                                                    307.901   632.201
   145 -0.97755028D+04    0.2604785    0.0000266   3047.543  1100.688    EM
                                                    308.284   630.485
   146 -0.97752551D+04    0.2477021    0.0000253   3052.772  1096.748    EM
                                                    308.660   628.820
   147 -0.97750192D+04    0.2359478    0.0000241   3057.946  1092.822    EM
                                                    309.027   627.205
   148 -0.97747941D+04    0.2250578    0.0000230   3063.054  1088.923    EM
                                                    309.383   625.640
   149 -0.97745792D+04    0.2149140    0.0000220   3068.089  1085.062    EM
                                                    309.727   624.122
   150 -0.97743738D+04    0.2054109    0.0000210   3073.043  1081.248    EM
                                                    310.059   622.650
   151 -0.97741773D+04    0.1964842    0.0000201   3077.914  1077.488    EM
                                                    310.376   621.222
   152 -0.97739892D+04    0.1880681    0.0000192   3082.696  1073.788    EM
                                                    310.679   619.836
   153 -0.97738091D+04    0.1801136    0.0000184   3087.388  1070.152    EM
                                                    310.968   618.491
   154 -0.97736365D+04    0.1725800    0.0000177   3091.989  1066.584    EM
                                                    311.242   617.185
   155 -0.97734711D+04    0.1654325    0.0000169   3096.497  1063.085    EM
                                                    311.502   615.916
   156 -0.97733125D+04    0.1586400    0.0000162   3100.913  1059.657    EM
                                                    311.748   614.683
   157 -0.97731603D+04    0.1521770    0.0000156   3105.236  1056.302    EM
                                                    311.980   613.483
   158 -0.97730143D+04    0.1460204    0.0000149   3109.467  1053.020    EM
                                                    312.198   612.316
   159 -0.97728741D+04    0.1401496    0.0000143   3113.607  1049.811    EM
                                                    312.403   611.179
   160 -0.97727396D+04    0.1345450    0.0000138   3117.657  1046.676    EM
                                                    312.595   610.072
   161 -0.97726104D+04    0.1291904    0.0000132   3121.618  1043.614    EM
                                                    312.776   608.992
   162 -0.97724863D+04    0.1240692    0.0000127   3125.491  1040.625    EM
                                                    312.945   607.940
   163 -0.97723671D+04    0.1191674    0.0000122   3129.278  1037.707    EM
                                                    313.102   606.913
   164 -0.97722527D+04    0.1144714    0.0000117   3132.980  1034.860    EM
                                                    313.249   605.910
   165 -0.97721427D+04    0.1099686    0.0000113   3136.599  1032.083    EM
                                                    313.387   604.931
   166 -0.97720371D+04    0.1056472    0.0000108   3140.135  1029.376    EM
                                                    313.515   603.974
   167 -0.97719356D+04    0.1014972    0.0000104   3143.591  1026.736    EM
                                                    313.634   603.039
   168 -0.97718381D+04    0.0975079    0.0000100   3146.968  1024.163    EM
                                                    313.745   602.124
   169 -0.97717444D+04    0.0936710    0.0000096   3150.266  1021.656    EM
                                                    313.848   601.230
   170 -0.97716544D+04    0.0899779    0.0000092   3153.489  1019.213    EM
                                                    313.944   600.354
   171 -0.97715680D+04    0.0864208    0.0000088   3156.636  1016.834    EM
                                                    314.033   599.497
   172 -0.97714850D+04    0.0829928    0.0000085   3159.709  1014.516    EM
                                                    314.116   598.659
   173 -0.97714053D+04    0.0796876    0.0000082   3162.711  1012.259    EM
                                                    314.193   597.837
   174 -0.97713288D+04    0.0764993    0.0000078   3165.640  1010.062    EM
                                                    314.264   597.033
   175 -0.97712554D+04    0.0734414    0.0000075   3168.500  1007.924    EM
                                                    314.331   596.245
   176 -0.97711849D+04    0.0704520    0.0000072   3171.292  1005.842    EM
                                                    314.393   595.473
   177 -0.97711173D+04    0.0675843    0.0000069   3174.016  1003.816    EM
                                                    314.451   594.717
   178 -0.97710525D+04    0.0648150    0.0000066   3176.674  1001.844    EM
                                                    314.505   593.977
   179 -0.97709904D+04    0.0621405    0.0000064   3179.267   999.927    EM
                                                    314.555   593.251
   180 -0.97709308D+04    0.0595566    0.0000061   3181.796   998.061    EM
                                                    314.602   592.540
   181 -0.97708738D+04    0.0570613    0.0000058   3184.262   996.247    EM
                                                    314.647   591.844
   182 -0.97708191D+04    0.0546514    0.0000056   3186.667   994.482    EM
                                                    314.689   591.162
   183 -0.97707668D+04    0.0523237    0.0000054   3189.011   992.767    EM
                                                    314.728   590.494
   184 -0.97707167D+04    0.0500764    0.0000051   3191.296   991.099    EM
                                                    314.765   589.840
   185 -0.97706688D+04    0.0479069    0.0000049   3193.523   989.477    EM
                                                    314.800   589.199
   186 -0.97706230D+04    0.0458253    0.0000047   3195.693   987.901    EM
                                                    314.834   588.572
   187 -0.97705792D+04    0.0437925    0.0000045   3197.808   986.369    EM
                                                    314.866   587.958
   188 -0.97705373D+04    0.0418441    0.0000043   3199.867   984.880    EM
                                                    314.897   587.356
   189 -0.97704974D+04    0.0399655    0.0000041   3201.872   983.434    EM
                                                    314.926   586.768
   190 -0.97704592D+04    0.0381551    0.0000039   3203.825   982.029    EM
                                                    314.955   586.192
   191 -0.97704228D+04    0.0364109    0.0000037   3205.725   980.664    EM
                                                    314.982   585.628
   192 -0.97703881D+04    0.0347311    0.0000036   3207.576   979.338    EM
                                                    315.009   585.077
   193 -0.97703550D+04    0.0331144    0.0000034   3209.376   978.051    EM
                                                    315.035   584.537
   194 -0.97703234D+04    0.0315589    0.0000032   3211.129   976.800    EM
                                                    315.061   584.010
   195 -0.97702933D+04    0.0300711    0.0000031   3212.834   975.586    EM
                                                    315.086   583.494
   196 -0.97702647D+04    0.0286333    0.0000029   3214.492   974.406    EM
                                                    315.111   582.991
   197 -0.97702374D+04    0.0272519    0.0000028   3216.106   973.262    EM
                                                    315.135   582.498
   198 -0.97702115D+04    0.0259257    0.0000027   3217.674   972.150    EM
                                                    315.159   582.017
   199 -0.97701869D+04    0.0246532    0.0000025   3219.199   971.072    EM
                                                    315.183   581.547
   200 -0.97701634D+04    0.0234330    0.0000024   3220.682   970.025    EM
                                                    315.206   581.087
   201 -0.97701412D+04    0.0222634    0.0000023   3222.123   969.009    EM
                                                    315.230   580.639
   202 -0.97701200D+04    0.0211431    0.0000022   3223.523   968.023    EM
                                                    315.253   580.201
   203 -0.97701000D+04    0.0200706    0.0000021   3224.883   967.067    EM
                                                    315.276   579.774
   204 -0.97700809D+04    0.0190444    0.0000019   3226.205   966.139    EM
                                                    315.299   579.357
   205 -0.97700628D+04    0.0180632    0.0000018   3227.488   965.239    EM
                                                    315.322   578.950
   206 -0.97700457D+04    0.0171255    0.0000018   3228.735   964.367    EM
                                                    315.345   578.553
   207 -0.97700295D+04    0.0162298    0.0000017   3229.945   963.520    EM
                                                    315.368   578.166
   208 -0.97700141D+04    0.0153749    0.0000016   3231.121   962.699    EM
                                                    315.391   577.789
   209 -0.97699996D+04    0.0145592    0.0000015   3232.261   961.903    EM
                                                    315.414   577.422
   210 -0.97699858D+04    0.0137814    0.0000014   3233.369   961.131    EM
                                                    315.437   577.064
   211 -0.97699727D+04    0.0130403    0.0000013   3234.443   960.383    EM
                                                    315.460   576.715
   212 -0.97699604D+04    0.0123343    0.0000013   3235.486   959.657    EM
                                                    315.482   576.375
   213 -0.97699487D+04    0.0116623    0.0000012   3236.497   958.954    EM
                                                    315.505   576.044
   214 -0.97699377D+04    0.0110229    0.0000011   3237.479   958.272    EM
                                                    315.527   575.722
   215 -0.97699273D+04    0.0104149    0.0000011   3238.431   957.611    EM
                                                    315.550   575.409
   216 -0.97699175D+04    0.0098371    0.0000010   3239.354   956.971    EM
                                                    315.572   575.104
   217 -0.97699082D+04    0.0092882    0.0000010   3240.249   956.350    EM
                                                    315.594   574.807
   218 -0.97698994D+04    0.0087671    0.0000009   3241.117   955.749    EM
                                                    315.616   574.519
   219 -0.97698911D+04    0.0082725    0.0000008   3241.958   955.166    EM
                                                    315.638   574.238
   220 -0.97698093D+04    0.0818717    0.0000084   3259.231   944.525    QN
                                                    314.752   568.492
   221 -0.97697959D+04    0.0133588    0.0000014   3259.044   944.667    EM
                                                    314.874   568.414
   222 -0.97697909D+04    0.0050034    0.0000005   3259.012   944.654    EM
                                                    314.984   568.349
   223 -0.97697876D+04    0.0032967    0.0000003   3259.067   944.563    EM
                                                    315.077   568.293
   224 -0.97697850D+04    0.0025872    0.0000003   3259.176   944.430    EM
                                                    315.155   568.240
   225 -0.97697829D+04    0.0021593    0.0000002   3259.318   944.271    EM
                                                    315.222   568.189
   226 -0.97697810D+04    0.0018555    0.0000002   3259.483   944.097    EM
                                                    315.282   568.138
   227 -0.97697794D+04    0.0016225    0.0000002   3259.664   943.913    EM
                                                    315.336   568.088
   228 -0.97697779D+04    0.0014363    0.0000001   3259.853   943.725    EM
                                                    315.385   568.037
   229 -0.97697767D+04    0.0012834    0.0000001   3260.049   943.536    EM
                                                    315.430   567.985
   230 -0.97697755D+04    0.0011554    0.0000001   3260.247   943.347    EM
                                                    315.473   567.934
   231 -0.97697745D+04    0.0010467    0.0000001   3260.445   943.160    EM
                                                    315.513   567.882
   232 -0.97697735D+04    0.0009531    0.0000001   3260.643   942.976    EM
                                                    315.552   567.829


SAMPLE STATISTICS FOR ESTIMATED FACTOR SCORES


     SAMPLE STATISTICS


           Means
              C#1           C#2           C#3           FU            FC
              ________      ________      ________      ________      ________
                1.952         3.350         1.326        -0.039        -0.862


           Means
              B_POS_1B      B_POS_3B      B_POS_2B      B_POS_4B      B_SEL_5B
              ________      ________      ________      ________      ________
               -0.039        -0.054        -0.257        -0.222         0.019


           Means
              B_SEL_2B      B_SEL_1B      C_C#1         C_C#2         C_C#3
              ________      ________      ________      ________      ________
                0.007         0.012         1.952         3.350         1.326


           Means
              C_FU          C_FC          CB_POS_1      CB_POS_3      CB_POS_2
              ________      ________      ________      ________      ________
               -0.039        -0.862        -0.039        -0.054        -0.257


           Means
              CB_POS_4      CB_SEL_5      CB_SEL_2      CB_SEL_1
              ________      ________      ________      ________
               -0.222         0.019         0.007         0.012


           Covariances
              C#1           C#2           C#3           FU            FC
              ________      ________      ________      ________      ________
 C#1            1.035
 C#2            2.086         4.458
 C#3            0.849         1.711         0.696
 FU             0.070         0.123         0.057         0.057
 FC             1.046         2.106         0.857         0.071         1.058
 B_POS_1B       0.070         0.123         0.057         0.057         0.071
 B_POS_3B       0.096         0.168         0.078         0.079         0.097
 B_POS_2B       0.455         0.801         0.372         0.375         0.462
 B_POS_4B       0.394         0.694         0.322         0.325         0.400
 B_SEL_5B      -0.033        -0.058        -0.027        -0.027        -0.033
 B_SEL_2B      -0.013        -0.023        -0.011        -0.011        -0.013
 B_SEL_1B      -0.020        -0.036        -0.017        -0.017        -0.021
 C_C#1          1.035         2.086         0.849         0.070         1.046
 C_C#2          2.086         4.458         1.711         0.123         2.106
 C_C#3          0.849         1.711         0.696         0.057         0.857
 C_FU           0.070         0.123         0.057         0.057         0.071
 C_FC           1.046         2.106         0.857         0.071         1.058
 CB_POS_1       0.070         0.123         0.057         0.057         0.071
 CB_POS_3       0.096         0.168         0.078         0.079         0.097
 CB_POS_2       0.455         0.801         0.372         0.375         0.462
 CB_POS_4       0.394         0.694         0.322         0.325         0.400
 CB_SEL_5      -0.033        -0.058        -0.027        -0.027        -0.033
 CB_SEL_2      -0.013        -0.023        -0.011        -0.011        -0.013
 CB_SEL_1      -0.020        -0.036        -0.017        -0.017        -0.021


           Covariances
              B_POS_1B      B_POS_3B      B_POS_2B      B_POS_4B      B_SEL_5B
              ________      ________      ________      ________      ________
 B_POS_1B       0.057
 B_POS_3B       0.079         0.108
 B_POS_2B       0.375         0.515         2.450
 B_POS_4B       0.325         0.446         2.123         1.840
 B_SEL_5B      -0.027        -0.037        -0.177        -0.154         0.013
 B_SEL_2B      -0.011        -0.015        -0.070        -0.061         0.005
 B_SEL_1B      -0.017        -0.023        -0.110        -0.096         0.008
 C_C#1          0.070         0.096         0.455         0.394        -0.033
 C_C#2          0.123         0.168         0.801         0.694        -0.058
 C_C#3          0.057         0.078         0.372         0.322        -0.027
 C_FU           0.057         0.079         0.375         0.325        -0.027
 C_FC           0.071         0.097         0.462         0.400        -0.033
 CB_POS_1       0.057         0.079         0.375         0.325        -0.027
 CB_POS_3       0.079         0.108         0.515         0.446        -0.037
 CB_POS_2       0.375         0.515         2.450         2.123        -0.177
 CB_POS_4       0.325         0.446         2.123         1.840        -0.154
 CB_SEL_5      -0.027        -0.037        -0.177        -0.154         0.013
 CB_SEL_2      -0.011        -0.015        -0.070        -0.061         0.005
 CB_SEL_1      -0.017        -0.023        -0.110        -0.096         0.008


           Covariances
              B_SEL_2B      B_SEL_1B      C_C#1         C_C#2         C_C#3
              ________      ________      ________      ________      ________
 B_SEL_2B       0.002
 B_SEL_1B       0.003         0.005
 C_C#1         -0.013        -0.020         1.035
 C_C#2         -0.023        -0.036         2.086         4.458
 C_C#3         -0.011        -0.017         0.849         1.711         0.696
 C_FU          -0.011        -0.017         0.070         0.123         0.057
 C_FC          -0.013        -0.021         1.046         2.106         0.857
 CB_POS_1      -0.011        -0.017         0.070         0.123         0.057
 CB_POS_3      -0.015        -0.023         0.096         0.168         0.078
 CB_POS_2      -0.070        -0.110         0.455         0.801         0.372
 CB_POS_4      -0.061        -0.096         0.394         0.694         0.322
 CB_SEL_5       0.005         0.008        -0.033        -0.058        -0.027
 CB_SEL_2       0.002         0.003        -0.013        -0.023        -0.011
 CB_SEL_1       0.003         0.005        -0.020        -0.036        -0.017


           Covariances
              C_FU          C_FC          CB_POS_1      CB_POS_3      CB_POS_2
              ________      ________      ________      ________      ________
 C_FU           0.057
 C_FC           0.071         1.058
 CB_POS_1       0.057         0.071         0.057
 CB_POS_3       0.079         0.097         0.079         0.108
 CB_POS_2       0.375         0.462         0.375         0.515         2.450
 CB_POS_4       0.325         0.400         0.325         0.446         2.123
 CB_SEL_5      -0.027        -0.033        -0.027        -0.037        -0.177
 CB_SEL_2      -0.011        -0.013        -0.011        -0.015        -0.070
 CB_SEL_1      -0.017        -0.021        -0.017        -0.023        -0.110


           Covariances
              CB_POS_4      CB_SEL_5      CB_SEL_2      CB_SEL_1
              ________      ________      ________      ________
 CB_POS_4       1.840
 CB_SEL_5      -0.154         0.013
 CB_SEL_2      -0.061         0.005         0.002
 CB_SEL_1      -0.096         0.008         0.003         0.005


           Correlations
              C#1           C#2           C#3           FU            FC
              ________      ________      ________      ________      ________
 C#1            1.000
 C#2            0.971         1.000
 C#3            1.000         0.971         1.000
 FU             0.285         0.242         0.285         1.000
 FC             0.999         0.970         0.998         0.287         1.000
 B_POS_1B       0.285         0.242         0.285         1.000         0.287
 B_POS_3B       0.285         0.242         0.285         1.000         0.287
 B_POS_2B       0.285         0.242         0.285         1.000         0.287
 B_POS_4B       0.285         0.242         0.285         1.000         0.287
 B_SEL_5B      -0.285        -0.242        -0.285        -1.000        -0.287
 B_SEL_2B      -0.285        -0.242        -0.285        -1.000        -0.287
 B_SEL_1B      -0.285        -0.242        -0.285        -1.000        -0.287
 C_C#1          1.000         0.971         1.000         0.285         0.999
 C_C#2          0.971         1.000         0.971         0.242         0.970
 C_C#3          1.000         0.971         1.000         0.285         0.998
 C_FU           0.285         0.242         0.285         1.000         0.287
 C_FC           0.999         0.970         0.998         0.287         1.000
 CB_POS_1       0.285         0.242         0.285         1.000         0.287
 CB_POS_3       0.285         0.242         0.285         1.000         0.287
 CB_POS_2       0.285         0.242         0.285         1.000         0.287
 CB_POS_4       0.285         0.242         0.285         1.000         0.287
 CB_SEL_5      -0.285        -0.242        -0.285        -1.000        -0.287
 CB_SEL_2      -0.285        -0.242        -0.285        -1.000        -0.287
 CB_SEL_1      -0.285        -0.242        -0.285        -1.000        -0.287


           Correlations
              B_POS_1B      B_POS_3B      B_POS_2B      B_POS_4B      B_SEL_5B
              ________      ________      ________      ________      ________
 B_POS_1B       1.000
 B_POS_3B       1.000         1.000
 B_POS_2B       1.000         1.000         1.000
 B_POS_4B       1.000         1.000         1.000         1.000
 B_SEL_5B      -1.000        -1.000        -1.000        -1.000         1.000
 B_SEL_2B      -1.000        -1.000        -1.000        -1.000         1.000
 B_SEL_1B      -1.000        -1.000        -1.000        -1.000         1.000
 C_C#1          0.285         0.285         0.285         0.285        -0.285
 C_C#2          0.242         0.242         0.242         0.242        -0.242
 C_C#3          0.285         0.285         0.285         0.285        -0.285
 C_FU           1.000         1.000         1.000         1.000        -1.000
 C_FC           0.287         0.287         0.287         0.287        -0.287
 CB_POS_1       1.000         1.000         1.000         1.000        -1.000
 CB_POS_3       1.000         1.000         1.000         1.000        -1.000
 CB_POS_2       1.000         1.000         1.000         1.000        -1.000
 CB_POS_4       1.000         1.000         1.000         1.000        -1.000
 CB_SEL_5      -1.000        -1.000        -1.000        -1.000         1.000
 CB_SEL_2      -1.000        -1.000        -1.000        -1.000         1.000
 CB_SEL_1      -1.000        -1.000        -1.000        -1.000         1.000


           Correlations
              B_SEL_2B      B_SEL_1B      C_C#1         C_C#2         C_C#3
              ________      ________      ________      ________      ________
 B_SEL_2B       1.000
 B_SEL_1B       1.000         1.000
 C_C#1         -0.285        -0.285         1.000
 C_C#2         -0.242        -0.242         0.971         1.000
 C_C#3         -0.285        -0.285         1.000         0.971         1.000
 C_FU          -1.000        -1.000         0.285         0.242         0.285
 C_FC          -0.287        -0.287         0.999         0.970         0.998
 CB_POS_1      -1.000        -1.000         0.285         0.242         0.285
 CB_POS_3      -1.000        -1.000         0.285         0.242         0.285
 CB_POS_2      -1.000        -1.000         0.285         0.242         0.285
 CB_POS_4      -1.000        -1.000         0.285         0.242         0.285
 CB_SEL_5       1.000         1.000        -0.285        -0.242        -0.285
 CB_SEL_2       1.000         1.000        -0.285        -0.242        -0.285
 CB_SEL_1       1.000         1.000        -0.285        -0.242        -0.285


           Correlations
              C_FU          C_FC          CB_POS_1      CB_POS_3      CB_POS_2
              ________      ________      ________      ________      ________
 C_FU           1.000
 C_FC           0.287         1.000
 CB_POS_1       1.000         0.287         1.000
 CB_POS_3       1.000         0.287         1.000         1.000
 CB_POS_2       1.000         0.287         1.000         1.000         1.000
 CB_POS_4       1.000         0.287         1.000         1.000         1.000
 CB_SEL_5      -1.000        -0.287        -1.000        -1.000        -1.000
 CB_SEL_2      -1.000        -0.287        -1.000        -1.000        -1.000
 CB_SEL_1      -1.000        -0.287        -1.000        -1.000        -1.000


           Correlations
              CB_POS_4      CB_SEL_5      CB_SEL_2      CB_SEL_1
              ________      ________      ________      ________
 CB_POS_4       1.000
 CB_SEL_5      -1.000         1.000
 CB_SEL_2      -1.000         1.000         1.000
 CB_SEL_1      -1.000         1.000         1.000         1.000


PLOT INFORMATION

The following plots are available:

  Histograms (sample values, estimated factor scores)
  Scatterplots (sample values, estimated factor scores)
  Sample proportions, estimated and conditional estimated probabilities
  Item characteristic curves
  Information curves
  Latent variable distribution plots

DIAGRAM INFORMATION

  Mplus diagrams are currently not available for Mixture analysis.
  No diagram output was produced.


     Beginning Time:  09:55:44
        Ending Time:  10:49:57
       Elapsed Time:  00:54:13



MUTHEN & MUTHEN
3463 Stoner Ave.
Los Angeles, CA  90066

Tel: (310) 391-9971
Fax: (310) 391-8971
Web: www.StatModel.com
Support: Support@StatModel.com

Copyright (c) 1998-2019 Muthen & Muthen
