Mplus VERSION 8.3
MUTHEN & MUTHEN
02/06/2020   9:49 AM

INPUT INSTRUCTIONS

  TITLE:
  model05_parametric_mlca
  DATA:
  FILE = "/Users/agarber/Desktop/multi_level_lca/mlca_mplus/model05_parametric.dat";

  VARIABLE:
  NAMES = pop source level d_middle d_high distcode schlcode postcode grade gender
       d_female race i1 i2 i3 i4 i5 i6 i7 i8 i9 i10 i11 i12 i13 i14 i15 i16 i17 i18
       i19 i20 i21 i22 i23 i24 i25 i26 i27 i28 i29 i30 i31 i32 i33 i34 i35 i36 i37 i38
       i39 i40 pun_1 pos_1 sel_1 pun_2 pos_2 sel_2 pun_3 pos_3 sel_3 pun_4 pos_4 sel_4
       pun_5 pos_5 sel_5 i9rev i14rev i24rev i27rev ii1rev ii4rev ii7rev ii10rev
       ii13rev pos_1b pos_3b pos_2b pos_4b sel_5b sel_2b sel_1b;
   MISSING=.;
   usevar = pos_1b-sel_1b;
       categorical = pos_1b-sel_1b;
       classes = c(4);

       cluster = schlcode;
  ANALYSIS:
  estimator = mlr;
      type = mixture twolevel;
      starts = 20 10;
      processors = 10;
  MODEL:
  %WITHIN%
       %OVERALL%

       %BETWEEN%
       %OVERALL%
       FU by pos_1b-sel_1b;
       [FU@0];
       FC BY C#1 C#2 C#3;
       FC WITH FU;

       %C#1%
       [pos_1b$1-sel_1b$1];
       %C#2%
       [pos_1b$1-sel_1b$1];
       %C#3%
       [pos_1b$1-sel_1b$1];
       %C#4%
       [pos_1b$1-sel_1b$1];
  OUTPUT:
  TECH8;
  PLOT:
  type = plot3;
      series = pos_1b-sel_1b(*);



*** WARNING
  One or more individual-level variables have no variation within a
  cluster for the following clusters.

     Variable   Cluster IDs with no within-cluster variation

      POS_1B      4055 246 456 410 638 124 260 132 668 128 244 28 256 724 11 640 14 318 330 324
                  314 270 733 271 721 662 20 422 112 242 320 672 10 710 240 722 334 21 339 312
                  322 170 254
      POS_3B      4055 4040 246 420 456 753 410 180 638 658 352 124 260 358 132 668 128 244 28
                  256 642 11 584 640 23 14 151 332 318 32 330 324 264 314 733 761 634 660 271
                  721 662 20 675 422 112 412 242 320 672 10 712 710 240 722 334 21 350 312 322
                  254
      POS_2B      4055 246 456 753 260 128 256 156 584 640 151 330 314 271 662 712 720 21 759
      POS_4B      246 753 410 180 124 132 266 668 128 640 14 151 330 324 314 761 634 110 271 721
                  662 112 242 672 712 720 334 759 254
      SEL_5B      246 456 753 410 638 658 124 358 432 356 668 128 28 130 640 332 32 324 270 660
                  673 271 721 252 20 422 242 672 712 326 722 334 322
      SEL_2B      246 753 410 250 638 124 432 132 668 128 28 130 640 14 270 271 721 422 712
      SEL_1B      4055 246 410 250 638 124 432 128 28 640 14 332 270 271 721 20 310 242 10 722
                  334 759 636

*** WARNING
  Data set contains cases with missing on all variables.
  These cases were not included in the analysis.
  Number of cases with missing on all variables:  4
   2 WARNING(S) FOUND IN THE INPUT INSTRUCTIONS




model05_parametric_mlca

SUMMARY OF ANALYSIS

Number of groups                                                 1
Number of observations                                        5087

Number of dependent variables                                    7
Number of independent variables                                  0
Number of continuous latent variables                            2
Number of categorical latent variables                           1

Observed dependent variables

  Binary and ordered categorical (ordinal)
   POS_1B      POS_3B      POS_2B      POS_4B      SEL_5B      SEL_2B
   SEL_1B

Continuous latent variables
   FU          FC

Categorical latent variables
   C

Variables with special functions

  Cluster variable      SCHLCODE

Estimator                                                      MLR
Information matrix                                        OBSERVED
Optimization Specifications for the Quasi-Newton Algorithm for
Continuous Outcomes
  Maximum number of iterations                                 100
  Convergence criterion                                  0.100D-05
Optimization Specifications for the EM Algorithm
  Maximum number of iterations                                 500
  Convergence criteria
    Loglikelihood change                                 0.100D-02
    Relative loglikelihood change                        0.100D-05
    Derivative                                           0.100D-02
Optimization Specifications for the M step of the EM Algorithm for
Categorical Latent variables
  Number of M step iterations                                    1
  M step convergence criterion                           0.100D-02
  Basis for M step termination                           ITERATION
Optimization Specifications for the M step of the EM Algorithm for
Censored, Binary or Ordered Categorical (Ordinal), Unordered
Categorical (Nominal) and Count Outcomes
  Number of M step iterations                                    1
  M step convergence criterion                           0.100D-02
  Basis for M step termination                           ITERATION
  Maximum value for logit thresholds                            15
  Minimum value for logit thresholds                           -15
  Minimum expected cell size for chi-square              0.100D-01
Maximum number of iterations for H1                           2000
Convergence criterion for H1                             0.100D-03
Optimization algorithm                                         EMA
Integration Specifications
  Type                                                    STANDARD
  Number of integration points                                  15
  Dimensions of numerical integration                            2
  Adaptive quadrature                                           ON
Random Starts Specifications
  Number of initial stage random starts                         20
  Number of final stage optimizations                           10
  Number of initial stage iterations                            10
  Initial stage convergence criterion                    0.100D+01
  Random starts scale                                    0.500D+01
  Random seed for generating random starts                       0
Link                                                         LOGIT
Cholesky                                                        ON

Input data file(s)
  /Users/agarber/Desktop/multi_level_lca/mlca_mplus/model05_parametric.dat
Input data format  FREE


SUMMARY OF DATA

     Number of missing data patterns             1
     Number of y missing data patterns           0
     Number of u missing data patterns           1
     Number of clusters                        130



COVARIANCE COVERAGE OF DATA

Minimum covariance coverage value   0.100


UNIVARIATE PROPORTIONS AND COUNTS FOR CATEGORICAL VARIABLES

    POS_1B
      Category 1    0.076          389.000
      Category 2    0.924         4698.000
    POS_3B
      Category 1    0.057          290.000
      Category 2    0.943         4797.000
    POS_2B
      Category 1    0.173          880.000
      Category 2    0.827         4207.000
    POS_4B
      Category 1    0.214         1090.000
      Category 2    0.786         3997.000
    SEL_5B
      Category 1    0.127          646.000
      Category 2    0.873         4441.000
    SEL_2B
      Category 1    0.174          884.000
      Category 2    0.826         4203.000
    SEL_1B
      Category 1    0.145          740.000
      Category 2    0.855         4347.000


RANDOM STARTS RESULTS RANKED FROM THE BEST TO THE WORST LOGLIKELIHOOD VALUES

Final stage loglikelihood values at local maxima, seeds, and initial stage start numbers:

           -9832.084  195873           6
           -9832.086  unperturbed      0
           -9832.101  27071            15
           -9833.932  399671           13
           -9835.613  573096           20
           -9846.894  608496           4
           -9855.989  107446           12
           -9894.046  939021           8
           -9924.194  851945           18
          -10027.024  127215           9



THE BEST LOGLIKELIHOOD VALUE HAS BEEN REPLICATED.  RERUN WITH AT LEAST TWICE THE
RANDOM STARTS TO CHECK THAT THE BEST LOGLIKELIHOOD IS STILL OBTAINED AND REPLICATED.


THE MODEL ESTIMATION TERMINATED NORMALLY



MODEL FIT INFORMATION

Number of Free Parameters                       42

Loglikelihood

          H0 Value                       -9832.084
          H0 Scaling Correction Factor      1.5227
            for MLR

Information Criteria

          Akaike (AIC)                   19748.169
          Bayesian (BIC)                 20022.615
          Sample-Size Adjusted BIC       19889.153
            (n* = (n + 2) / 24)



FINAL CLASS COUNTS AND PROPORTIONS FOR THE LATENT CLASSES
BASED ON ESTIMATED POSTERIOR PROBABILITIES

    Latent
   Classes

       1       3247.50724          0.63839
       2        953.79221          0.18750
       3        571.63769          0.11237
       4        314.06286          0.06174


FINAL CLASS COUNTS AND PROPORTIONS FOR THE LATENT CLASSES
BASED ON THEIR MOST LIKELY LATENT CLASS MEMBERSHIP

Class Counts and Proportions

    Latent
   Classes

       1             3438          0.67584
       2              795          0.15628
       3              555          0.10910
       4              299          0.05878


CLASSIFICATION QUALITY

     Entropy                         0.773


Average Latent Class Probabilities for Most Likely Latent Class Membership (Row)
by Latent Class (Column)

           1        2        3        4

    1   0.916    0.074    0.010    0.000
    2   0.103    0.805    0.073    0.019
    3   0.031    0.090    0.817    0.062
    4   0.000    0.028    0.088    0.883


Classification Probabilities for the Most Likely Latent Class Membership (Column)
by Latent Class (Row)

           1        2        3        4

    1   0.969    0.025    0.005    0.000
    2   0.268    0.671    0.052    0.009
    3   0.059    0.101    0.793    0.046
    4   0.000    0.049    0.110    0.841


Logits for the Classification Probabilities for the Most Likely Latent Class Membership (Column)
by Latent Class (Row)

              1        2        3        4

    1     13.784   10.137    8.582    0.000
    2      3.402    4.319    1.767    0.000
    3      0.253    0.788    2.844    0.000
    4     -8.399   -2.846   -2.033    0.000


MODEL RESULTS

                                                    Two-Tailed
                    Estimate       S.E.  Est./S.E.    P-Value

Within Level

Between Level

Latent Class 1

 FU       BY
    POS_1B             1.000      0.000    999.000    999.000
    POS_3B             1.440      0.718      2.005      0.045
    POS_2B             6.271      7.210      0.870      0.384
    POS_4B             5.521      6.096      0.906      0.365
    SEL_5B            -0.203      1.771     -0.114      0.909
    SEL_2B            -0.028      1.693     -0.017      0.987
    SEL_1B            -0.260      1.275     -0.204      0.838

 FC       BY
    C#1                1.000      0.000    999.000    999.000
    C#2                0.532      0.081      6.594      0.000
    C#3                0.441      0.127      3.480      0.001

 FC       WITH
    FU                 0.105      0.114      0.924      0.355

 Means
    FU                 0.000      0.000    999.000    999.000

 Thresholds
    POS_1B$1          -5.674      0.535    -10.611      0.000
    POS_3B$1          -7.313      1.027     -7.125      0.000
    POS_2B$1          -4.489      0.331    -13.552      0.000
    POS_4B$1          -4.361      0.493     -8.843      0.000
    SEL_5B$1          -6.402      1.094     -5.851      0.000
    SEL_2B$1          -4.593      0.432    -10.643      0.000
    SEL_1B$1          -3.642      0.217    -16.807      0.000

 Variances
    FU                 0.078      0.199      0.393      0.695
    FC                 6.712      2.551      2.631      0.009

Latent Class 2

 FU       BY
    POS_1B             1.000      0.000    999.000    999.000
    POS_3B             1.440      0.718      2.005      0.045
    POS_2B             6.271      7.210      0.870      0.384
    POS_4B             5.521      6.096      0.906      0.365
    SEL_5B            -0.203      1.771     -0.114      0.909
    SEL_2B            -0.028      1.693     -0.017      0.987
    SEL_1B            -0.260      1.275     -0.204      0.838

 FC       BY
    C#1                1.000      0.000    999.000    999.000
    C#2                0.532      0.081      6.594      0.000
    C#3                0.441      0.127      3.480      0.001

 FC       WITH
    FU                 0.105      0.114      0.924      0.355

 Means
    FU                 0.000      0.000    999.000    999.000

 Thresholds
    POS_1B$1          -1.898      0.369     -5.139      0.000
    POS_3B$1          -2.306      0.408     -5.649      0.000
    POS_2B$1          -0.769      0.377     -2.042      0.041
    POS_4B$1           0.212      0.303      0.702      0.483
    SEL_5B$1          -3.529      0.659     -5.356      0.000
    SEL_2B$1          -2.033      0.383     -5.302      0.000
    SEL_1B$1          -1.877      0.221     -8.481      0.000

 Variances
    FU                 0.078      0.199      0.393      0.695
    FC                 6.712      2.551      2.631      0.009

Latent Class 3

 FU       BY
    POS_1B             1.000      0.000    999.000    999.000
    POS_3B             1.440      0.718      2.005      0.045
    POS_2B             6.271      7.210      0.870      0.384
    POS_4B             5.521      6.096      0.906      0.365
    SEL_5B            -0.203      1.771     -0.114      0.909
    SEL_2B            -0.028      1.693     -0.017      0.987
    SEL_1B            -0.260      1.275     -0.204      0.838

 FC       BY
    C#1                1.000      0.000    999.000    999.000
    C#2                0.532      0.081      6.594      0.000
    C#3                0.441      0.127      3.480      0.001

 FC       WITH
    FU                 0.105      0.114      0.924      0.355

 Means
    FU                 0.000      0.000    999.000    999.000

 Thresholds
    POS_1B$1          -2.552      0.309     -8.252      0.000
    POS_3B$1          -3.915      0.517     -7.576      0.000
    POS_2B$1          -2.443      0.474     -5.153      0.000
    POS_4B$1          -1.255      0.274     -4.583      0.000
    SEL_5B$1           0.562      0.202      2.783      0.005
    SEL_2B$1           1.325      0.301      4.408      0.000
    SEL_1B$1           0.155      0.173      0.898      0.369

 Variances
    FU                 0.078      0.199      0.393      0.695
    FC                 6.712      2.551      2.631      0.009

Latent Class 4

 FU       BY
    POS_1B             1.000      0.000    999.000    999.000
    POS_3B             1.440      0.718      2.005      0.045
    POS_2B             6.271      7.210      0.870      0.384
    POS_4B             5.521      6.096      0.906      0.365
    SEL_5B            -0.203      1.771     -0.114      0.909
    SEL_2B            -0.028      1.693     -0.017      0.987
    SEL_1B            -0.260      1.275     -0.204      0.838

 FC       BY
    C#1                1.000      0.000    999.000    999.000
    C#2                0.532      0.081      6.594      0.000
    C#3                0.441      0.127      3.480      0.001

 FC       WITH
    FU                 0.105      0.114      0.924      0.355

 Means
    FU                 0.000      0.000    999.000    999.000

 Thresholds
    POS_1B$1           0.492      0.309      1.591      0.112
    POS_3B$1           0.130      0.283      0.458      0.647
    POS_2B$1           1.778      0.413      4.301      0.000
    POS_4B$1           1.480      0.355      4.166      0.000
    SEL_5B$1           1.393      0.437      3.186      0.001
    SEL_2B$1           2.473      0.681      3.632      0.000
    SEL_1B$1           0.944      0.260      3.627      0.000

 Variances
    FU                 0.078      0.199      0.393      0.695
    FC                 6.712      2.551      2.631      0.009

Categorical Latent Variables

Within Level

 Intercepts
    C#1                3.914      0.589      6.650      0.000
    C#2                2.387      0.500      4.778      0.000
    C#3                1.707      0.488      3.498      0.000

Between Level


QUALITY OF NUMERICAL RESULTS

     Condition Number for the Information Matrix              0.125E-03
       (ratio of smallest to largest eigenvalue)


TECHNICAL 8 OUTPUT


  INITIAL STAGE ITERATIONS


  TECHNICAL 8 OUTPUT FOR UNPERTURBED STARTING VALUE SET


  ITER  LOGLIKELIHOOD    ABS CHANGE   REL CHANGE      CLASS COUNTS    ALGORITHM
     1 -0.11872569D+05    0.0000000    0.0000000   1539.654  1200.977    EM
                                                   1200.977  1145.391
     2 -0.10887422D+05  985.1465507    0.0829767   1724.554  1136.407    EM
                                                   1136.407  1089.631
     3 -0.10512617D+05  374.8052812    0.0344255   1813.318  1122.333    EM
                                                   1122.333  1029.017
     4 -0.10345462D+05  167.1544080    0.0159004   1837.959  1121.963    EM
                                                   1121.963  1005.114
     5 -0.10258333D+05   87.1290988    0.0084220   1836.690  1127.957    EM
                                                   1127.957   994.395
     6 -0.10203029D+05   55.3044349    0.0053912   1833.394  1133.179    EM
                                                   1133.179   987.248
     7 -0.10166875D+05   36.1539186    0.0035434   1838.087  1134.198    EM
                                                   1134.198   980.516
     8 -0.10144167D+05   22.7076615    0.0022335   1852.359  1130.481    EM
                                                   1130.481   973.679
     9 -0.10130237D+05   13.9296799    0.0013732   1873.977  1122.946    EM
                                                   1122.946   967.132
    10 -0.10121476D+05    8.7614751    0.0008649   1899.947  1112.913    EM
                                                   1112.913   961.227


  TECHNICAL 8 OUTPUT FOR STARTING VALUE SET 1


  ITER  LOGLIKELIHOOD    ABS CHANGE   REL CHANGE      CLASS COUNTS    ALGORITHM
     1 -0.33771291D+05    0.0000000    0.0000000     91.986   690.727    EM
                                                   1255.719  3048.569
     2 -0.12195906D+05 ************    0.6388676    494.090   550.993    EM
                                                    546.304  3495.613
     3 -0.10524613D+05 1671.2935570    0.1370373    629.838   524.713    EM
                                                    562.641  3369.808
     4 -0.10360133D+05  164.4794852    0.0156281    735.427   533.159    EM
                                                    588.244  3230.170
     5 -0.10294415D+05   65.7186097    0.0063434    791.966   537.003    EM
                                                    582.407  3175.624
     6 -0.10253794D+05   40.6209114    0.0039459    825.338   540.003    EM
                                                    565.412  3156.247
     7 -0.10222003D+05   31.7912521    0.0031004    845.394   553.029    EM
                                                    551.467  3137.110
     8 -0.10196732D+05   25.2706207    0.0024722    859.314   581.393    EM
                                                    539.948  3106.345
     9 -0.10170282D+05   26.4502756    0.0025940    866.488   625.339    EM
                                                    527.726  3067.447
    10 -0.10137475D+05   32.8064296    0.0032257    862.085   677.545    EM
                                                    516.359  3031.011


  TECHNICAL 8 OUTPUT FOR STARTING VALUE SET 2


  ITER  LOGLIKELIHOOD    ABS CHANGE   REL CHANGE      CLASS COUNTS    ALGORITHM
     1 -0.27549531D+05    0.0000000    0.0000000     98.100  2587.515    EM
                                                   2349.027    52.358
     2 -0.34502355D+05 ************   -0.2523754    234.343  1743.467    EM
                                                   3035.645    73.546
     3 -0.12192443D+05 ************    0.6466200    444.651  1524.566    EM
                                                   3052.372    65.411
     4 -0.11871743D+05  320.7002975    0.0263032    617.140  1355.527    EM
                                                   3048.061    66.272
     5 -0.11553552D+05  318.1911440    0.0268024    978.448  1022.525    EM
                                                   2998.836    87.191
     6 -0.11160971D+05  392.5809935    0.0339792   1357.366   791.916    EM
                                                   2803.515   134.203
     7 -0.10698386D+05  462.5849765    0.0414467   1657.880   614.405    EM
                                                   2560.533   254.182
     8 -0.10457292D+05  241.0941444    0.0225356   1877.474   545.251    EM
                                                   2361.157   303.118
     9 -0.10346512D+05  110.7792474    0.0105935   2014.813   518.547    EM
                                                   2210.992   342.648
    10 -0.10272257D+05   74.2555759    0.0071769   2116.938   506.545    EM
                                                   2093.269   370.248


  FINAL STAGE ITERATIONS


  TECHNICAL 8 OUTPUT FOR UNPERTURBED STARTING VALUE SET




  ITER  LOGLIKELIHOOD    ABS CHANGE   REL CHANGE      CLASS COUNTS    ALGORITHM
     1 -0.11872569D+05    0.0000000    0.0000000   1539.654  1200.977    EM
                                                   1200.977  1145.391
     2 -0.10887422D+05  985.1465507    0.0829767   1724.554  1136.407    EM
                                                   1136.407  1089.631
     3 -0.10512617D+05  374.8052812    0.0344255   1813.318  1122.333    EM
                                                   1122.333  1029.017
     4 -0.10345462D+05  167.1544080    0.0159004   1837.959  1121.963    EM
                                                   1121.963  1005.114
     5 -0.10258333D+05   87.1290988    0.0084220   1836.690  1127.957    EM
                                                   1127.957   994.395
     6 -0.10203029D+05   55.3044349    0.0053912   1833.394  1133.179    EM
                                                   1133.179   987.248
     7 -0.10166875D+05   36.1539186    0.0035434   1838.087  1134.198    EM
                                                   1134.198   980.516
     8 -0.10144167D+05   22.7076615    0.0022335   1852.359  1130.481    EM
                                                   1130.481   973.679
     9 -0.10130237D+05   13.9296799    0.0013732   1873.977  1122.946    EM
                                                   1122.946   967.132
    10 -0.10121476D+05    8.7614751    0.0008649   1899.947  1112.913    EM
                                                   1112.913   961.227
    11 -0.10115561D+05    5.9154100    0.0005844   1927.838  1101.561    EM
                                                   1101.561   956.040
    12 -0.10111217D+05    4.3440570    0.0004294   1956.025  1089.739    EM
                                                   1089.739   951.497
    13 -0.10107803D+05    3.4139982    0.0003376   1983.550  1077.982    EM
                                                   1077.982   947.486
    14 -0.10104995D+05    2.8077923    0.0002778   2009.923  1066.584    EM
                                                   1066.584   943.909
    15 -0.10102616D+05    2.3783862    0.0002354   2034.957  1055.675    EM
                                                   1055.675   940.693
    16 -0.10100560D+05    2.0564822    0.0002036   2058.633  1045.290    EM
                                                   1045.290   937.786
    17 -0.10098754D+05    1.8063596    0.0001788   2081.018  1035.417    EM
                                                   1035.417   935.148
    18 -0.10097146D+05    1.6074200    0.0001592   2102.214  1026.018    EM
                                                   1026.018   932.749
    19 -0.10095700D+05    1.4465693    0.0001433   2122.336  1017.050    EM
                                                   1017.050   930.564
    20 -0.10094385D+05    1.3148779    0.0001302   2141.494  1008.468    EM
                                                   1008.468   928.570
    21 -0.10093179D+05    1.2059396    0.0001195   2159.787  1000.232    EM
                                                   1000.232   926.748
    22 -0.10092064D+05    1.1149982    0.0001105   2177.307   992.306    EM
                                                    992.306   925.080
    23 -0.10091025D+05    1.0384359    0.0001029   2194.131   984.659    EM
                                                    984.659   923.551
    24 -0.10090052D+05    0.9734487    0.0000965   2210.329   977.263    EM
                                                    977.263   922.145
    25 -0.10089134D+05    0.9178359    0.0000910   2225.961   970.094    EM
                                                    970.094   920.850
    26 -0.10088264D+05    0.8698494    0.0000862   2241.079   963.133    EM
                                                    963.133   919.654
    27 -0.10087436D+05    0.8280904    0.0000821   2255.730   956.361    EM
                                                    956.361   918.547
    28 -0.10086645D+05    0.7914321    0.0000785   2269.954   949.764    EM
                                                    949.764   917.518
    29 -0.10085886D+05    0.7589596    0.0000752   2283.786   943.327    EM
                                                    943.327   916.560
    30 -0.10085156D+05    0.7299276    0.0000724   2297.256   937.040    EM
                                                    937.040   915.665
    31 -0.10084452D+05    0.7037263    0.0000698   2310.392   930.892    EM
                                                    930.892   914.825
    32 -0.10083772D+05    0.6798546    0.0000674   2323.217   924.874    EM
                                                    924.874   914.035
    33 -0.10083114D+05    0.6578997    0.0000652   2335.752   918.980    EM
                                                    918.980   913.289
    34 -0.10082477D+05    0.6375209    0.0000632   2348.014   913.202    EM
                                                    913.202   912.582
    35 -0.10081858D+05    0.6184371    0.0000613   2360.020   907.535    EM
                                                    907.535   911.911
    36 -0.10081258D+05    0.6004163    0.0000596   2371.783   901.974    EM
                                                    901.974   911.269
    37 -0.10080675D+05    0.5832679    0.0000579   2383.316   896.514    EM
                                                    896.514   910.656
    38 -0.10080108D+05    0.5668359    0.0000562   2394.627   891.154    EM
                                                    891.154   910.066
    39 -0.10079557D+05    0.5509933    0.0000547   2405.727   885.888    EM
                                                    885.888   909.497
    40 -0.10079021D+05    0.5356383    0.0000531   2416.623   880.715    EM
                                                    880.715   908.947
    41 -0.10078500D+05    0.5206903    0.0000517   2427.322   875.632    EM
                                                    875.632   908.413
    42 -0.10077994D+05    0.5060869    0.0000502   2437.830   870.638    EM
                                                    870.638   907.893
    43 -0.10077503D+05    0.4917815    0.0000488   2448.152   865.731    EM
                                                    865.731   907.386
    44 -0.10077025D+05    0.4777407    0.0000474   2458.292   860.909    EM
                                                    860.909   906.890
    45 -0.10076561D+05    0.4639428    0.0000460   2468.255   856.171    EM
                                                    856.171   906.403
    46 -0.10076111D+05    0.4503754    0.0000447   2478.043   851.516    EM
                                                    851.516   905.925
    47 -0.10075673D+05    0.4370346    0.0000434   2487.661   846.943    EM
                                                    846.943   905.454
    48 -0.10075250D+05    0.4239230    0.0000421   2497.110   842.451    EM
                                                    842.451   904.989
    49 -0.10074839D+05    0.4110488    0.0000408   2506.394   838.038    EM
                                                    838.038   904.530
    50 -0.10074440D+05    0.3984243    0.0000395   2515.516   833.704    EM
                                                    833.704   904.075
    51 -0.10074054D+05    0.3860651    0.0000383   2524.478   829.449    EM
                                                    829.449   903.625
    52 -0.10073680D+05    0.3739888    0.0000371   2533.283   825.269    EM
                                                    825.269   903.178
    53 -0.10073318D+05    0.3622148    0.0000360   2541.934   821.166    EM
                                                    821.166   902.735
    54 -0.10072967D+05    0.3507692    0.0000348   2550.433   817.136    EM
                                                    817.136   902.294
    55 -0.10072627D+05    0.3396587    0.0000337   2558.785   813.179    EM
                                                    813.179   901.857
    56 -0.10072298D+05    0.3289103    0.0000327   2566.991   809.294    EM
                                                    809.294   901.421
    57 -0.10071980D+05    0.3185429    0.0000316   2575.057   805.477    EM
                                                    805.477   900.989
    58 -0.10070163D+05    1.8173124    0.0001804   2796.242   553.279    FS
                                                    850.995   886.484
    59 -0.10056750D+05   13.4125514    0.0013319   2801.340   555.656    EM
                                                    845.619   884.384
    60 -0.10048146D+05    8.6037820    0.0008555   2804.015   555.412    EM
                                                    846.363   881.209
    61 -0.10040777D+05    7.3692553    0.0007334   2804.553   552.826    EM
                                                    852.613   877.008
    62 -0.10034353D+05    6.4240363    0.0006398   2803.637   548.219    EM
                                                    863.106   872.038
    63 -0.10028962D+05    5.3907113    0.0005372   2801.758   542.259    EM
                                                    876.347   866.636
    64 -0.10024555D+05    4.4072539    0.0004395   2799.207   535.659    EM
                                                    891.050   861.084
    65 -0.10020997D+05    3.5579381    0.0003549   2796.171   528.967    EM
                                                    906.281   855.580
    66 -0.10018141D+05    2.8565829    0.0002851   2792.772   522.530    EM
                                                    921.442   850.256
    67 -0.10016585D+05    1.5554671    0.0001553   2777.822   456.174    QN
                                                    997.705   855.299
    68 -0.10012948D+05    3.6370582    0.0003631   2775.768   452.148    EM
                                                   1010.517   848.568
    69 -0.10011048D+05    1.9002711    0.0001898   2773.151   447.288    EM
                                                   1024.089   842.472
    70 -0.10009589D+05    1.4591194    0.0001458   2769.990   442.171    EM
                                                   1037.711   837.128
    71 -0.10008415D+05    1.1739468    0.0001173   2766.416   437.028    EM
                                                   1051.087   832.470
    72 -0.10007442D+05    0.9725047    0.0000972   2762.535   431.883    EM
                                                   1064.174   828.407
    73 -0.10006614D+05    0.8282771    0.0000828   2758.425   426.721    EM
                                                   1076.990   824.864
    74 -0.10005888D+05    0.7255044    0.0000725   2754.144   421.513    EM
                                                   1089.570   821.773
    75 -0.10005235D+05    0.6533916    0.0000653   2749.740   416.233    EM
                                                   1101.948   819.079
    76 -0.10004631D+05    0.6042167    0.0000604   2745.253   410.860    EM
                                                   1114.153   816.734
    77 -0.10004058D+05    0.5723402    0.0000572   2740.718   405.379    EM
                                                   1126.205   814.698
    78 -0.10003505D+05    0.5535748    0.0000553   2736.169   399.781    EM
                                                   1138.115   812.935
    79 -0.10002960D+05    0.5447527    0.0000545   2731.637   394.062    EM
                                                   1149.887   811.415
    80 -0.10002417D+05    0.5434323    0.0000543   2727.149   388.224    EM
                                                   1161.516   810.111
    81 -0.10001869D+05    0.5476919    0.0000548   2722.736   382.274    EM
                                                   1172.991   808.999
    82 -0.10001313D+05    0.5560032    0.0000556   2718.426   376.221    EM
                                                   1184.295   808.058
    83 -0.10000746D+05    0.5671533    0.0000567   2714.248   370.081    EM
                                                   1195.403   807.267
    84 -0.10000166D+05    0.5802193    0.0000580   2710.235   363.869    EM
                                                   1206.286   806.610
    85 -0.99995710D+04    0.5945709    0.0000595   2706.417   357.603    EM
                                                   1216.911   806.069
    86 -0.99989611D+04    0.6099014    0.0000610   2702.829   351.302    EM
                                                   1227.241   805.627
    87 -0.99983349D+04    0.6262637    0.0000626   2699.510   344.982    EM
                                                   1237.238   805.271
    88 -0.99976908D+04    0.6440997    0.0000644   2696.496   338.657    EM
                                                   1246.864   804.983
    89 -0.99970265D+04    0.6642340    0.0000664   2693.830   332.339    EM
                                                   1256.082   804.749
    90 -0.99963387D+04    0.6878104    0.0000688   2691.552   326.033    EM
                                                   1264.861   804.555
    91 -0.99956226D+04    0.7161178    0.0000716   2689.703   319.739    EM
                                                   1273.173   804.385
    92 -0.99948722D+04    0.7503635    0.0000751   2688.322   313.453    EM
                                                   1281.001   804.224
    93 -0.99940810D+04    0.7912675    0.0000792   2687.438   307.167    EM
                                                   1288.337   804.058
    94 -0.99932423D+04    0.8386851    0.0000839   2687.074   300.872    EM
                                                   1295.181   803.873
    95 -0.99923510D+04    0.8913075    0.0000892   2687.236   294.560    EM
                                                   1301.548   803.657
    96 -0.99914043D+04    0.9467052    0.0000947   2687.916   288.227    EM
                                                   1307.459   803.398
    97 -0.99904026D+04    1.0016822    0.0001003   2689.094   281.878    EM
                                                   1312.940   803.088
    98 -0.99893495D+04    1.0530701    0.0001054   2690.739   275.519    EM
                                                   1318.020   802.722
    99 -0.99882509D+04    1.0986162    0.0001100   2692.820   269.162    EM
                                                   1322.722   802.295
   100 -0.99871133D+04    1.1376446    0.0001139   2695.307   262.820    EM
                                                   1327.068   801.805
   101 -0.99859420D+04    1.1712534    0.0001173   2698.175   256.501    EM
                                                   1331.076   801.249
   102 -0.99847399D+04    1.2020960    0.0001204   2701.405   250.207    EM
                                                   1334.764   800.623
   103 -0.99835060D+04    1.2338663    0.0001236   2704.986   243.935    EM
                                                   1338.156   799.923
   104 -0.99822353D+04    1.2707427    0.0001273   2708.905   237.672    EM
                                                   1341.282   799.141
   105 -0.99809184D+04    1.3168618    0.0001319   2713.150   231.406    EM
                                                   1344.178   798.266
   106 -0.99795424D+04    1.3760310    0.0001379   2717.706   225.122    EM
                                                   1346.888   797.284
   107 -0.99780906D+04    1.4517642    0.0001455   2722.550   218.815    EM
                                                   1349.457   796.178
   108 -0.99765428D+04    1.5478720    0.0001551   2727.653   212.494    EM
                                                   1351.928   794.926
   109 -0.99748729D+04    1.6698339    0.0001674   2732.976   206.190    EM
                                                   1354.337   793.497
   110 -0.99730457D+04    1.8272452    0.0001832   2738.470   199.968    EM
                                                   1356.716   791.845
   111 -0.99693390D+04    3.7066739    0.0003717   2752.918   172.448    QN
                                                   1380.877   780.757
   112 -0.99636278D+04    5.7111955    0.0005729   2758.913   169.936    EM
                                                   1380.028   778.123
   113 -0.99593896D+04    4.2381873    0.0004254   2763.941   168.291    EM
                                                   1380.263   774.504
   114 -0.99538590D+04    5.5306868    0.0005553   2768.135   168.680    EM
                                                   1381.196   768.989
   115 -0.99455932D+04    8.2657034    0.0008304   2770.724   172.596    EM
                                                   1382.872   760.808
   116 -0.99330388D+04   12.5544232    0.0012623   2770.734   181.083    EM
                                                   1385.337   749.846
   117 -0.99160857D+04   16.9530972    0.0017067   2767.897   193.123    EM
                                                   1388.061   737.920
   118 -0.98983074D+04   17.7783076    0.0017929   2763.614   205.365    EM
                                                   1389.692   728.329
   119 -0.98842060D+04   14.1013886    0.0014246   2760.148   215.405    EM
                                                   1388.900   722.547
   120 -0.98746348D+04    9.5712233    0.0009683   2758.962   223.290    EM
                                                   1385.171   719.577
   121 -0.98682884D+04    6.3464352    0.0006427   2760.364   229.836    EM
                                                   1378.781   718.019
   122 -0.98639472D+04    4.3411458    0.0004399   2764.066   235.572    EM
                                                   1370.362   717.001
   123 -0.98608422D+04    3.1050747    0.0003148   2769.623   240.729    EM
                                                   1360.561   716.087
   124 -0.98585126D+04    2.3295489    0.0002362   2776.600   245.413    EM
                                                   1349.907   715.080
   125 -0.98566823D+04    1.8302815    0.0001857   2784.617   249.686    EM
                                                   1338.799   713.898
   126 -0.98551849D+04    1.4974384    0.0001519   2793.357   253.598    EM
                                                   1327.527   712.518
   127 -0.98539191D+04    1.2657606    0.0001284   2802.566   257.193    EM
                                                   1316.298   710.944
   128 -0.98528222D+04    1.0969352    0.0001113   2812.041   260.506    EM
                                                   1305.256   709.196
   129 -0.98518536D+04    0.9685762    0.0000983   2821.627   263.573    EM
                                                   1294.502   707.298
   130 -0.98509862D+04    0.8674536    0.0000880   2831.206   266.422    EM
                                                   1284.098   705.274
   131 -0.98502006D+04    0.7855399    0.0000797   2840.691   269.078    EM
                                                   1274.084   703.147
   132 -0.98494828D+04    0.7177706    0.0000729   2850.021   271.563    EM
                                                   1264.478   700.938
   133 -0.98488220D+04    0.6608152    0.0000671   2859.153   273.895    EM
                                                   1255.288   698.664
   134 -0.98482096D+04    0.6123948    0.0000622   2868.061   276.090    EM
                                                   1246.511   696.339
   135 -0.98476387D+04    0.5708985    0.0000580   2876.729   278.160    EM
                                                   1238.136   693.975
   136 -0.98471036D+04    0.5351717    0.0000543   2885.153   280.117    EM
                                                   1230.149   691.582
   137 -0.98465992D+04    0.5043363    0.0000512   2893.329   281.968    EM
                                                   1222.537   689.166
   138 -0.98461214D+04    0.4777901    0.0000485   2901.266   283.721    EM
                                                   1215.280   686.733
   139 -0.98456664D+04    0.4550742    0.0000462   2908.974   285.380    EM
                                                   1208.358   684.288
   140 -0.98452305D+04    0.4358747    0.0000443   2916.466   286.949    EM
                                                   1201.753   681.833
   141 -0.98448105D+04    0.4199884    0.0000427   2923.758   288.429    EM
                                                   1195.445   679.369
   142 -0.98444032D+04    0.4072975    0.0000414   2930.868   289.821    EM
                                                   1189.414   676.897
   143 -0.98440054D+04    0.3977662    0.0000404   2937.817   291.125    EM
                                                   1183.642   674.416
   144 -0.98436140D+04    0.3914049    0.0000398   2944.624   292.340    EM
                                                   1178.109   671.927
   145 -0.98432258D+04    0.3882402    0.0000394   2951.310   293.463    EM
                                                   1172.799   669.428
   146 -0.98428375D+04    0.3882564    0.0000394   2957.897   294.493    EM
                                                   1167.692   666.918
   147 -0.98424462D+04    0.3913014    0.0000398   2964.404   295.430    EM
                                                   1162.770   664.396
   148 -0.98420493D+04    0.3969601    0.0000403   2970.844   296.278    EM
                                                   1158.014   661.864
   149 -0.98416449D+04    0.4044164    0.0000411   2977.230   297.042    EM
                                                   1153.405   659.324
   150 -0.98412325D+04    0.4123765    0.0000419   2983.565   297.733    EM
                                                   1148.923   656.779
   151 -0.98408133D+04    0.4191455    0.0000426   2989.848   298.367    EM
                                                   1144.548   654.237
   152 -0.98403904D+04    0.4229328    0.0000430   2996.073   298.960    EM
                                                   1140.261   651.705
   153 -0.98399681D+04    0.4223064    0.0000429   3002.233   299.530    EM
                                                   1136.043   649.193
   154 -0.98395515D+04    0.4165903    0.0000423   3008.320   300.091    EM
                                                   1131.876   646.712
   155 -0.98391455D+04    0.4059682    0.0000413   3014.329   300.653    EM
                                                   1127.747   644.270
   156 -0.98387542D+04    0.3913204    0.0000398   3020.256   301.224    EM
                                                   1123.645   641.876
   157 -0.98383804D+04    0.3738368    0.0000380   3026.098   301.805    EM
                                                   1119.563   639.534
   158 -0.98380257D+04    0.3547152    0.0000361   3031.853   302.396    EM
                                                   1115.499   637.252
   159 -0.98376907D+04    0.3349561    0.0000340   3037.518   302.996    EM
                                                   1111.455   635.030
   160 -0.98373754D+04    0.3152953    0.0000320   3043.090   303.601    EM
                                                   1107.436   632.873
   161 -0.98370792D+04    0.2962158    0.0000301   3048.564   304.207    EM
                                                   1103.448   630.781
   162 -0.98368012D+04    0.2780011    0.0000283   3053.937   304.810    EM
                                                   1099.499   628.755
   163 -0.98365404D+04    0.2607920    0.0000265   3059.203   305.405    EM
                                                   1095.596   626.796
   164 -0.98362958D+04    0.2446356    0.0000249   3064.360   305.989    EM
                                                   1091.748   624.902
   165 -0.98360662D+04    0.2295239    0.0000233   3069.403   306.559    EM
                                                   1087.963   623.075
   166 -0.98358508D+04    0.2154179    0.0000219   3074.330   307.112    EM
                                                   1084.247   621.311
   167 -0.98356486D+04    0.2022642    0.0000206   3079.138   307.646    EM
                                                   1080.604   619.611
   168 -0.98354586D+04    0.1900035    0.0000193   3083.828   308.159    EM
                                                   1077.040   617.973
   169 -0.98352800D+04    0.1785763    0.0000182   3088.397   308.649    EM
                                                   1073.559   616.395
   170 -0.98337479D+04    1.5321286    0.0001558   3181.611   308.371    QN
                                                   1001.650   595.368
   171 -0.98332901D+04    0.4577456    0.0000465   3181.644   308.674    EM
                                                   1001.764   594.919
   172 -0.98331343D+04    0.1557663    0.0000158   3182.212   308.988    EM
                                                   1001.387   594.413
   173 -0.98330268D+04    0.1075349    0.0000109   3183.204   309.296    EM
                                                   1000.658   593.843
   174 -0.98329428D+04    0.0840202    0.0000085   3184.461   309.581    EM
                                                    999.723   593.235
   175 -0.98328734D+04    0.0693439    0.0000071   3185.881   309.846    EM
                                                    998.663   592.609
   176 -0.98328143D+04    0.0591754    0.0000060   3187.401   310.092    EM
                                                    997.530   591.976
   177 -0.98327626D+04    0.0516748    0.0000053   3188.977   310.323    EM
                                                    996.356   591.345
   178 -0.98327167D+04    0.0458817    0.0000047   3190.577   310.541    EM
                                                    995.163   590.720
   179 -0.98326755D+04    0.0412432    0.0000042   3192.180   310.748    EM
                                                    993.967   590.105
   180 -0.98326381D+04    0.0374215    0.0000038   3193.773   310.945    EM
                                                    992.780   589.502
   181 -0.98326038D+04    0.0342001    0.0000035   3195.345   311.134    EM
                                                    991.608   588.913
   182 -0.98325724D+04    0.0314349    0.0000032   3196.888   311.313    EM
                                                    990.459   588.340
   183 -0.98325434D+04    0.0290260    0.0000030   3198.399   311.485    EM
                                                    989.335   587.781
   184 -0.98325165D+04    0.0269025    0.0000027   3199.874   311.648    EM
                                                    988.240   587.239
   185 -0.98324915D+04    0.0250113    0.0000025   3201.312   311.803    EM
                                                    987.173   586.711
   186 -0.98324682D+04    0.0233137    0.0000024   3202.712   311.951    EM
                                                    986.137   586.199
   187 -0.98324464D+04    0.0217790    0.0000022   3204.073   312.092    EM
                                                    985.132   585.703
   188 -0.98324260D+04    0.0203834    0.0000021   3205.397   312.225    EM
                                                    984.158   585.220
   189 -0.98324069D+04    0.0191080    0.0000019   3206.682   312.352    EM
                                                    983.214   584.752
   190 -0.98323890D+04    0.0179372    0.0000018   3207.931   312.472    EM
                                                    982.299   584.298
   191 -0.98323721D+04    0.0168585    0.0000017   3209.143   312.586    EM
                                                    981.414   583.857
   192 -0.98323562D+04    0.0158613    0.0000016   3210.319   312.694    EM
                                                    980.557   583.429
   193 -0.98323413D+04    0.0149369    0.0000015   3211.462   312.797    EM
                                                    979.727   583.014
   194 -0.98323272D+04    0.0140778    0.0000014   3212.571   312.894    EM
                                                    978.925   582.611
   195 -0.98323139D+04    0.0132778    0.0000014   3213.647   312.986    EM
                                                    978.148   582.219
   196 -0.98323014D+04    0.0125312    0.0000013   3214.693   313.073    EM
                                                    977.396   581.839
   197 -0.98322896D+04    0.0118333    0.0000012   3215.707   313.156    EM
                                                    976.667   581.470
   198 -0.98322784D+04    0.0111800    0.0000011   3216.692   313.234    EM
                                                    975.963   581.111
   199 -0.98322678D+04    0.0105676    0.0000011   3217.649   313.308    EM
                                                    975.280   580.762
   200 -0.98322578D+04    0.0099928    0.0000010   3218.578   313.379    EM
                                                    974.619   580.424
   201 -0.98322484D+04    0.0094529    0.0000010   3219.481   313.445    EM
                                                    973.979   580.095
   202 -0.98322394D+04    0.0089450    0.0000009   3220.357   313.509    EM
                                                    973.359   579.776
   203 -0.98322310D+04    0.0084670    0.0000009   3221.208   313.569    EM
                                                    972.757   579.465
   204 -0.98322230D+04    0.0080168    0.0000008   3222.035   313.626    EM
                                                    972.175   579.164
   205 -0.98322154D+04    0.0075923    0.0000008   3222.839   313.680    EM
                                                    971.610   578.871
   206 -0.98322082D+04    0.0071920    0.0000007   3223.620   313.732    EM
                                                    971.062   578.586
   207 -0.98322014D+04    0.0068141    0.0000007   3224.379   313.781    EM
                                                    970.531   578.309
   208 -0.98321949D+04    0.0064573    0.0000007   3225.116   313.828    EM
                                                    970.016   578.040
   209 -0.98321888D+04    0.0061203    0.0000006   3225.833   313.872    EM
                                                    969.516   577.778
   210 -0.98321830D+04    0.0058017    0.0000006   3226.530   313.915    EM
                                                    969.031   577.524
   211 -0.98321775D+04    0.0055005    0.0000006   3227.208   313.955    EM
                                                    968.560   577.277
   212 -0.98321723D+04    0.0052155    0.0000005   3227.866   313.994    EM
                                                    968.103   577.037
   213 -0.98321673D+04    0.0049460    0.0000005   3228.507   314.030    EM
                                                    967.659   576.804
   214 -0.98321626D+04    0.0046908    0.0000005   3229.129   314.066    EM
                                                    967.228   576.577
   215 -0.98321057D+04    0.0569661    0.0000058   3247.030   313.263    QN
                                                    954.443   572.264
   216 -0.98320933D+04    0.0123833    0.0000013   3246.714   313.498    EM
                                                    954.677   572.112
   217 -0.98320902D+04    0.0030706    0.0000003   3246.530   313.683    EM
                                                    954.809   571.978
   218 -0.98320885D+04    0.0017212    0.0000002   3246.425   313.826    EM
                                                    954.890   571.860
   219 -0.98320872D+04    0.0012336    0.0000001   3246.378   313.938    EM
                                                    954.932   571.752
   220 -0.98320863D+04    0.0009810    0.0000001   3246.375   314.027    EM
                                                    954.944   571.654


SAMPLE STATISTICS FOR ESTIMATED FACTOR SCORES


     SAMPLE STATISTICS


           Means
              C#1           C#2           C#3           FU            FC
              ________      ________      ________      ________      ________
                3.607         2.224         1.571        -0.011        -0.307


           Means
              B_POS_1B      B_POS_3B      B_POS_2B      B_POS_4B      B_SEL_5B
              ________      ________      ________      ________      ________
               -0.011        -0.016        -0.069        -0.061         0.002


           Means
              B_SEL_2B      B_SEL_1B      C_C#1         C_C#2         C_C#3
              ________      ________      ________      ________      ________
                0.000         0.003         3.607         2.224         1.571


           Means
              C_FU          C_FC          CB_POS_1      CB_POS_3      CB_POS_2
              ________      ________      ________      ________      ________
               -0.011        -0.307        -0.011        -0.016        -0.069


           Means
              CB_POS_4      CB_SEL_5      CB_SEL_2      CB_SEL_1
              ________      ________      ________      ________
               -0.061         0.002         0.000         0.003


           Covariances
              C#1           C#2           C#3           FU            FC
              ________      ________      ________      ________      ________
 C#1            5.920
 C#2            3.148         1.674
 C#3            2.611         1.388         1.151
 FU             0.162         0.086         0.071         0.063
 FC             5.920         3.148         2.611         0.162         5.920
 B_POS_1B       0.162         0.086         0.071         0.063         0.162
 B_POS_3B       0.233         0.124         0.103         0.091         0.233
 B_POS_2B       1.013         0.539         0.447         0.395         1.013
 B_POS_4B       0.892         0.474         0.393         0.348         0.892
 B_SEL_5B      -0.033        -0.017        -0.014        -0.013        -0.033
 B_SEL_2B      -0.005        -0.002        -0.002        -0.002        -0.005
 B_SEL_1B      -0.042        -0.022        -0.019        -0.016        -0.042
 C_C#1          5.920         3.148         2.611         0.162         5.920
 C_C#2          3.148         1.674         1.388         0.086         3.148
 C_C#3          2.611         1.388         1.151         0.071         2.611
 C_FU           0.162         0.086         0.071         0.063         0.162
 C_FC           5.920         3.148         2.611         0.162         5.920
 CB_POS_1       0.162         0.086         0.071         0.063         0.162
 CB_POS_3       0.233         0.124         0.103         0.091         0.233
 CB_POS_2       1.013         0.539         0.447         0.395         1.013
 CB_POS_4       0.892         0.474         0.393         0.348         0.892
 CB_SEL_5      -0.033        -0.017        -0.014        -0.013        -0.033
 CB_SEL_2      -0.005        -0.002        -0.002        -0.002        -0.005
 CB_SEL_1      -0.042        -0.022        -0.019        -0.016        -0.042


           Covariances
              B_POS_1B      B_POS_3B      B_POS_2B      B_POS_4B      B_SEL_5B
              ________      ________      ________      ________      ________
 B_POS_1B       0.063
 B_POS_3B       0.091         0.131
 B_POS_2B       0.395         0.569         2.480
 B_POS_4B       0.348         0.501         2.184         1.923
 B_SEL_5B      -0.013        -0.018        -0.080        -0.071         0.003
 B_SEL_2B      -0.002        -0.003        -0.011        -0.010         0.000
 B_SEL_1B      -0.016        -0.024        -0.103        -0.091         0.003
 C_C#1          0.162         0.233         1.013         0.892        -0.033
 C_C#2          0.086         0.124         0.539         0.474        -0.017
 C_C#3          0.071         0.103         0.447         0.393        -0.014
 C_FU           0.063         0.091         0.395         0.348        -0.013
 C_FC           0.162         0.233         1.013         0.892        -0.033
 CB_POS_1       0.063         0.091         0.395         0.348        -0.013
 CB_POS_3       0.091         0.131         0.569         0.501        -0.018
 CB_POS_2       0.395         0.569         2.480         2.184        -0.080
 CB_POS_4       0.348         0.501         2.184         1.923        -0.071
 CB_SEL_5      -0.013        -0.018        -0.080        -0.071         0.003
 CB_SEL_2      -0.002        -0.003        -0.011        -0.010         0.000
 CB_SEL_1      -0.016        -0.024        -0.103        -0.091         0.003


           Covariances
              B_SEL_2B      B_SEL_1B      C_C#1         C_C#2         C_C#3
              ________      ________      ________      ________      ________
 B_SEL_2B       0.000
 B_SEL_1B       0.000         0.004
 C_C#1         -0.005        -0.042         5.920
 C_C#2         -0.002        -0.022         3.148         1.674
 C_C#3         -0.002        -0.019         2.611         1.388         1.151
 C_FU          -0.002        -0.016         0.162         0.086         0.071
 C_FC          -0.005        -0.042         5.920         3.148         2.611
 CB_POS_1      -0.002        -0.016         0.162         0.086         0.071
 CB_POS_3      -0.003        -0.024         0.233         0.124         0.103
 CB_POS_2      -0.011        -0.103         1.013         0.539         0.447
 CB_POS_4      -0.010        -0.091         0.892         0.474         0.393
 CB_SEL_5       0.000         0.003        -0.033        -0.017        -0.014
 CB_SEL_2       0.000         0.000        -0.005        -0.002        -0.002
 CB_SEL_1       0.000         0.004        -0.042        -0.022        -0.019


           Covariances
              C_FU          C_FC          CB_POS_1      CB_POS_3      CB_POS_2
              ________      ________      ________      ________      ________
 C_FU           0.063
 C_FC           0.162         5.920
 CB_POS_1       0.063         0.162         0.063
 CB_POS_3       0.091         0.233         0.091         0.131
 CB_POS_2       0.395         1.013         0.395         0.569         2.480
 CB_POS_4       0.348         0.892         0.348         0.501         2.184
 CB_SEL_5      -0.013        -0.033        -0.013        -0.018        -0.080
 CB_SEL_2      -0.002        -0.005        -0.002        -0.003        -0.011
 CB_SEL_1      -0.016        -0.042        -0.016        -0.024        -0.103


           Covariances
              CB_POS_4      CB_SEL_5      CB_SEL_2      CB_SEL_1
              ________      ________      ________      ________
 CB_POS_4       1.923
 CB_SEL_5      -0.071         0.003
 CB_SEL_2      -0.010         0.000         0.000
 CB_SEL_1      -0.091         0.003         0.000         0.004


           Correlations
              C#1           C#2           C#3           FU            FC
              ________      ________      ________      ________      ________
 C#1            1.000
 C#2            1.000         1.000
 C#3            1.000         1.000         1.000
 FU             0.264         0.264         0.264         1.000
 FC             1.000         1.000         1.000         0.264         1.000
 B_POS_1B       0.264         0.264         0.264         1.000         0.264
 B_POS_3B       0.264         0.264         0.264         1.000         0.264
 B_POS_2B       0.264         0.264         0.264         1.000         0.264
 B_POS_4B       0.264         0.264         0.264         1.000         0.264
 B_SEL_5B      -0.264        -0.264        -0.264        -1.000        -0.264
 B_SEL_2B      -0.264        -0.264        -0.264        -1.000        -0.264
 B_SEL_1B      -0.264        -0.264        -0.264        -1.000        -0.264
 C_C#1          1.000         1.000         1.000         0.264         1.000
 C_C#2          1.000         1.000         1.000         0.264         1.000
 C_C#3          1.000         1.000         1.000         0.264         1.000
 C_FU           0.264         0.264         0.264         1.000         0.264
 C_FC           1.000         1.000         1.000         0.264         1.000
 CB_POS_1       0.264         0.264         0.264         1.000         0.264
 CB_POS_3       0.264         0.264         0.264         1.000         0.264
 CB_POS_2       0.264         0.264         0.264         1.000         0.264
 CB_POS_4       0.264         0.264         0.264         1.000         0.264
 CB_SEL_5      -0.264        -0.264        -0.264        -1.000        -0.264
 CB_SEL_2      -0.264        -0.264        -0.264        -1.000        -0.264
 CB_SEL_1      -0.264        -0.264        -0.264        -1.000        -0.264


           Correlations
              B_POS_1B      B_POS_3B      B_POS_2B      B_POS_4B      B_SEL_5B
              ________      ________      ________      ________      ________
 B_POS_1B       1.000
 B_POS_3B       1.000         1.000
 B_POS_2B       1.000         1.000         1.000
 B_POS_4B       1.000         1.000         1.000         1.000
 B_SEL_5B      -1.000        -1.000        -1.000        -1.000         1.000
 B_SEL_2B      -1.000        -1.000        -1.000        -1.000         1.000
 B_SEL_1B      -1.000        -1.000        -1.000        -1.000         1.000
 C_C#1          0.264         0.264         0.264         0.264        -0.264
 C_C#2          0.264         0.264         0.264         0.264        -0.264
 C_C#3          0.264         0.264         0.264         0.264        -0.264
 C_FU           1.000         1.000         1.000         1.000        -1.000
 C_FC           0.264         0.264         0.264         0.264        -0.264
 CB_POS_1       1.000         1.000         1.000         1.000        -1.000
 CB_POS_3       1.000         1.000         1.000         1.000        -1.000
 CB_POS_2       1.000         1.000         1.000         1.000        -1.000
 CB_POS_4       1.000         1.000         1.000         1.000        -1.000
 CB_SEL_5      -1.000        -1.000        -1.000        -1.000         1.000
 CB_SEL_2      -1.000        -1.000        -1.000        -1.000         1.000
 CB_SEL_1      -1.000        -1.000        -1.000        -1.000         1.000


           Correlations
              B_SEL_2B      B_SEL_1B      C_C#1         C_C#2         C_C#3
              ________      ________      ________      ________      ________
 B_SEL_2B       1.000
 B_SEL_1B       1.000         1.000
 C_C#1         -0.264        -0.264         1.000
 C_C#2         -0.264        -0.264         1.000         1.000
 C_C#3         -0.264        -0.264         1.000         1.000         1.000
 C_FU          -1.000        -1.000         0.264         0.264         0.264
 C_FC          -0.264        -0.264         1.000         1.000         1.000
 CB_POS_1      -1.000        -1.000         0.264         0.264         0.264
 CB_POS_3      -1.000        -1.000         0.264         0.264         0.264
 CB_POS_2      -1.000        -1.000         0.264         0.264         0.264
 CB_POS_4      -1.000        -1.000         0.264         0.264         0.264
 CB_SEL_5       1.000         1.000        -0.264        -0.264        -0.264
 CB_SEL_2       1.000         1.000        -0.264        -0.264        -0.264
 CB_SEL_1       1.000         1.000        -0.264        -0.264        -0.264


           Correlations
              C_FU          C_FC          CB_POS_1      CB_POS_3      CB_POS_2
              ________      ________      ________      ________      ________
 C_FU           1.000
 C_FC           0.264         1.000
 CB_POS_1       1.000         0.264         1.000
 CB_POS_3       1.000         0.264         1.000         1.000
 CB_POS_2       1.000         0.264         1.000         1.000         1.000
 CB_POS_4       1.000         0.264         1.000         1.000         1.000
 CB_SEL_5      -1.000        -0.264        -1.000        -1.000        -1.000
 CB_SEL_2      -1.000        -0.264        -1.000        -1.000        -1.000
 CB_SEL_1      -1.000        -0.264        -1.000        -1.000        -1.000


           Correlations
              CB_POS_4      CB_SEL_5      CB_SEL_2      CB_SEL_1
              ________      ________      ________      ________
 CB_POS_4       1.000
 CB_SEL_5      -1.000         1.000
 CB_SEL_2      -1.000         1.000         1.000
 CB_SEL_1      -1.000         1.000         1.000         1.000


PLOT INFORMATION

The following plots are available:

  Histograms (sample values, estimated factor scores)
  Scatterplots (sample values, estimated factor scores)
  Sample proportions and estimated probabilities
  Item characteristic curves
  Information curves
  Latent variable distribution plots

DIAGRAM INFORMATION

  Mplus diagrams are currently not available for Mixture analysis.
  No diagram output was produced.


     Beginning Time:  09:49:02
        Ending Time:  10:23:47
       Elapsed Time:  00:34:45



MUTHEN & MUTHEN
3463 Stoner Ave.
Los Angeles, CA  90066

Tel: (310) 391-9971
Fax: (310) 391-8971
Web: www.StatModel.com
Support: Support@StatModel.com

Copyright (c) 1998-2019 Muthen & Muthen
