Mplus VERSION 8.3 (Mac)
MUTHEN & MUTHEN
01/29/2020   8:47 PM

INPUT INSTRUCTIONS

  TITLE:
  CFA 1 - non-normal, no missing
  MONTECARLO:
  NAMES ARE y1-y10;
       NOBSERVATIONS = 100000;
       NREPS = 1;
       SEED = 53487;
       CLASSES = C(1);
       GENCLASSES = C(2);
       SAVE = cfa0_5.sav;
  MODEL POPULATION:
  %OVERALL%
  f1 BY y1-y5*.8;
  f2 BY y6-y10*.8;
  f1@1 f2@1;
  y1-y5*.36 y6-y10*9;
  f1 WITH f2*.95;
  [C#1@-2.5];   ! parameter we will tune to adjust the size of the outliers

  %C#1%         ! outlier class

  [f1@0 f2@15]; ! means (factor 2 set to 15 to tune skewness & kurtosis)
  f1@1 f2@5;    ! variances (factor 2 set to 5  to tune skewness & kurtosis)

  %C#2%         ! majority class

  [f1@0 f2@0];
  f1@1 f2@1;
  ANALYSIS:
  TYPE = MIXTURE;
       ESTIMATOR = MLR;
  MODEL:
  %OVERALL%
       f1 BY y1-y5*.8;
       f2 BY y6-y10*4;
       f1@1 f2@1;
       y1-y5*.36 y6-y10*9;
       f1 WITH f2*.20;

     [y6-y10*1.42];
  OUTPUT:
   SAMPSTAT TECH9;



INPUT READING TERMINATED NORMALLY




CFA 1 - non-normal, no missing

SUMMARY OF ANALYSIS

Number of groups                                                 1
Number of observations                                      100000

Number of replications
    Requested                                                    1
    Completed                                                    1
Value of seed                                                53487

Number of dependent variables                                   10
Number of independent variables                                  0
Number of continuous latent variables                            2
Number of categorical latent variables                           1

Observed dependent variables

  Continuous
   Y1          Y2          Y3          Y4          Y5          Y6
   Y7          Y8          Y9          Y10

Continuous latent variables
   F1          F2

Categorical latent variables
   C


Estimator                                                      MLR
Information matrix                                        OBSERVED
Optimization Specifications for the Quasi-Newton Algorithm for
Continuous Outcomes
  Maximum number of iterations                                 100
  Convergence criterion                                  0.100D-05
Optimization Specifications for the EM Algorithm
  Maximum number of iterations                                 500
  Convergence criteria
    Loglikelihood change                                 0.100D-06
    Relative loglikelihood change                        0.100D-06
    Derivative                                           0.100D-05
Optimization Specifications for the M step of the EM Algorithm for
Categorical Latent variables
  Number of M step iterations                                    1
  M step convergence criterion                           0.100D-05
  Basis for M step termination                           ITERATION
Optimization Specifications for the M step of the EM Algorithm for
Censored, Binary or Ordered Categorical (Ordinal), Unordered
Categorical (Nominal) and Count Outcomes
  Number of M step iterations                                    1
  M step convergence criterion                           0.100D-05
  Basis for M step termination                           ITERATION
  Maximum value for logit thresholds                            15
  Minimum value for logit thresholds                           -15
  Minimum expected cell size for chi-square              0.100D-01
Optimization algorithm                                         EMA


SAMPLE STATISTICS FOR THE FIRST REPLICATION


     SAMPLE STATISTICS


           Means
              Y1            Y2            Y3            Y4            Y5
              ________      ________      ________      ________      ________
                0.001         0.003         0.003        -0.001         0.003


           Means
              Y6            Y7            Y8            Y9            Y10
              ________      ________      ________      ________      ________
                0.916         0.924         0.914         0.948         0.921


           Covariances
              Y1            Y2            Y3            Y4            Y5
              ________      ________      ________      ________      ________
 Y1             1.003
 Y2             0.643         1.003
 Y3             0.641         0.641         1.002
 Y4             0.645         0.643         0.643         1.005
 Y5             0.643         0.642         0.642         0.643         0.999
 Y6             0.603         0.636         0.625         0.621         0.625
 Y7             0.608         0.619         0.604         0.619         0.618
 Y8             0.599         0.617         0.595         0.625         0.622
 Y9             0.596         0.609         0.595         0.614         0.614
 Y10            0.620         0.631         0.601         0.637         0.613


           Covariances
              Y6            Y7            Y8            Y9            Y10
              ________      ________      ________      ________      ________
 Y6            19.998
 Y7            11.166        20.240
 Y8            11.092        11.169        20.111
 Y9            11.095        11.121        11.097        20.105
 Y10           11.070        11.119        11.120        11.073        20.033


           Correlations
              Y1            Y2            Y3            Y4            Y5
              ________      ________      ________      ________      ________
 Y1             1.000
 Y2             0.641         1.000
 Y3             0.640         0.640         1.000
 Y4             0.643         0.641         0.641         1.000
 Y5             0.642         0.642         0.642         0.642         1.000
 Y6             0.135         0.142         0.140         0.139         0.140
 Y7             0.135         0.137         0.134         0.137         0.137
 Y8             0.133         0.137         0.133         0.139         0.139
 Y9             0.133         0.136         0.133         0.137         0.137
 Y10            0.138         0.141         0.134         0.142         0.137


           Correlations
              Y6            Y7            Y8            Y9            Y10
              ________      ________      ________      ________      ________
 Y6             1.000
 Y7             0.555         1.000
 Y8             0.553         0.554         1.000
 Y9             0.553         0.551         0.552         1.000
 Y10            0.553         0.552         0.554         0.552         1.000




MODEL FIT INFORMATION

Number of Free Parameters                       31

Loglikelihood

    H0 Value

        Mean                          -1923413.638
        Std Dev                              0.000
        Number of successful computations        1

             Proportions                   Percentiles
        Expected    Observed         Expected       Observed
           0.990       0.000     -1923413.638   -1923413.638
           0.980       0.000     -1923413.638   -1923413.638
           0.950       0.000     -1923413.638   -1923413.638
           0.900       0.000     -1923413.638   -1923413.638
           0.800       0.000     -1923413.638   -1923413.638
           0.700       0.000     -1923413.638   -1923413.638
           0.500       0.000     -1923413.638   -1923413.638
           0.300       0.000     -1923413.638   -1923413.638
           0.200       0.000     -1923413.638   -1923413.638
           0.100       0.000     -1923413.638   -1923413.638
           0.050       0.000     -1923413.638   -1923413.638
           0.020       0.000     -1923413.638   -1923413.638
           0.010       0.000     -1923413.638   -1923413.638

Information Criteria

    Akaike (AIC)

        Mean                           3846889.276
        Std Dev                              0.000
        Number of successful computations        1

             Proportions                   Percentiles
        Expected    Observed         Expected       Observed
           0.990       0.000      3846889.276    3846889.276
           0.980       0.000      3846889.276    3846889.276
           0.950       0.000      3846889.276    3846889.276
           0.900       0.000      3846889.276    3846889.276
           0.800       0.000      3846889.276    3846889.276
           0.700       0.000      3846889.276    3846889.276
           0.500       0.000      3846889.276    3846889.276
           0.300       0.000      3846889.276    3846889.276
           0.200       0.000      3846889.276    3846889.276
           0.100       0.000      3846889.276    3846889.276
           0.050       0.000      3846889.276    3846889.276
           0.020       0.000      3846889.276    3846889.276
           0.010       0.000      3846889.276    3846889.276

    Bayesian (BIC)

        Mean                           3847184.177
        Std Dev                              0.000
        Number of successful computations        1

             Proportions                   Percentiles
        Expected    Observed         Expected       Observed
           0.990       0.000      3847184.177    3847184.177
           0.980       0.000      3847184.177    3847184.177
           0.950       0.000      3847184.177    3847184.177
           0.900       0.000      3847184.177    3847184.177
           0.800       0.000      3847184.177    3847184.177
           0.700       0.000      3847184.177    3847184.177
           0.500       0.000      3847184.177    3847184.177
           0.300       0.000      3847184.177    3847184.177
           0.200       0.000      3847184.177    3847184.177
           0.100       0.000      3847184.177    3847184.177
           0.050       0.000      3847184.177    3847184.177
           0.020       0.000      3847184.177    3847184.177
           0.010       0.000      3847184.177    3847184.177

    Sample-Size Adjusted BIC (n* = (n + 2) / 24)

        Mean                           3847085.658
        Std Dev                              0.000
        Number of successful computations        1

             Proportions                   Percentiles
        Expected    Observed         Expected       Observed
           0.990       0.000      3847085.658    3847085.658
           0.980       0.000      3847085.658    3847085.658
           0.950       0.000      3847085.658    3847085.658
           0.900       0.000      3847085.658    3847085.658
           0.800       0.000      3847085.658    3847085.658
           0.700       0.000      3847085.658    3847085.658
           0.500       0.000      3847085.658    3847085.658
           0.300       0.000      3847085.658    3847085.658
           0.200       0.000      3847085.658    3847085.658
           0.100       0.000      3847085.658    3847085.658
           0.050       0.000      3847085.658    3847085.658
           0.020       0.000      3847085.658    3847085.658
           0.010       0.000      3847085.658    3847085.658



FINAL CLASS COUNTS AND PROPORTIONS FOR THE LATENT CLASSES
BASED ON THE ESTIMATED MODEL

    Latent
   Classes

       1     100000.00000          1.00000


FINAL CLASS COUNTS AND PROPORTIONS FOR THE LATENT CLASSES
BASED ON ESTIMATED POSTERIOR PROBABILITIES

    Latent
   Classes

       1     100000.00000          1.00000


FINAL CLASS COUNTS AND PROPORTIONS FOR THE LATENT CLASSES
BASED ON THEIR MOST LIKELY LATENT CLASS MEMBERSHIP

Class Counts and Proportions

    Latent
   Classes

       1           100000          1.00000


Average Latent Class Probabilities for Most Likely Latent Class Membership (Row)
by Latent Class (Column)

           1

    1   1.000


Classification Probabilities for the Most Likely Latent Class Membership (Column)
by Latent Class (Row)

           1

    1   1.000


Logits for the Classification Probabilities for the Most Likely Latent Class Membership (Column)
by Latent Class (Row)

              1

    1      0.000


MODEL RESULTS

                              ESTIMATES              S. E.     M. S. E.  95%  % Sig
                 Population   Average   Std. Dev.   Average             Cover Coeff
Latent Class 1

 F1       BY
  Y1                  0.800     0.8020     0.0000     0.0027     0.0000 1.000 1.000
  Y2                  0.800     0.8013     0.0000     0.0027     0.0000 1.000 1.000
  Y3                  0.800     0.8000     0.0000     0.0027     0.0000 1.000 1.000
  Y4                  0.800     0.8031     0.0000     0.0027     0.0000 1.000 1.000
  Y5                  0.800     0.8015     0.0000     0.0027     0.0000 1.000 1.000

 F2       BY
  Y6                  4.000     3.3315     0.0000     0.0197     0.4469 0.000 1.000
  Y7                  4.000     3.3459     0.0000     0.0198     0.4278 0.000 1.000
  Y8                  4.000     3.3362     0.0000     0.0197     0.4406 0.000 1.000
  Y9                  4.000     3.3267     0.0000     0.0199     0.4534 0.000 1.000
  Y10                 4.000     3.3272     0.0000     0.0197     0.4527 0.000 1.000

 F1       WITH
  F2                  0.200     0.2301     0.0000     0.0036     0.0009 0.000 1.000

 Means
  F1                  0.000     0.0000     0.0000     0.0000     0.0000 1.000 0.000
  F2                  0.000     0.0000     0.0000     0.0000     0.0000 1.000 0.000

 Intercepts
  Y1                  0.000     0.0006     0.0000     0.0032     0.0000 1.000 0.000
  Y2                  0.000     0.0029     0.0000     0.0032     0.0000 1.000 0.000
  Y3                  0.000     0.0029     0.0000     0.0032     0.0000 1.000 0.000
  Y4                  0.000    -0.0012     0.0000     0.0032     0.0000 1.000 0.000
  Y5                  0.000     0.0032     0.0000     0.0032     0.0000 1.000 0.000
  Y6                  1.420     0.9163     0.0000     0.0141     0.2538 0.000 1.000
  Y7                  1.420     0.9238     0.0000     0.0142     0.2463 0.000 1.000
  Y8                  1.420     0.9137     0.0000     0.0142     0.2564 0.000 1.000
  Y9                  1.420     0.9476     0.0000     0.0142     0.2232 0.000 1.000
  Y10                 1.420     0.9208     0.0000     0.0142     0.2492 0.000 1.000

 Variances
  F1                  1.000     1.0000     0.0000     0.0000     0.0000 1.000 0.000
  F2                  1.000     1.0000     0.0000     0.0000     0.0000 1.000 0.000

 Residual Variances
  Y1                  0.360     0.3597     0.0000     0.0020     0.0000 1.000 1.000
  Y2                  0.360     0.3604     0.0000     0.0020     0.0000 1.000 1.000
  Y3                  0.360     0.3617     0.0000     0.0020     0.0000 1.000 1.000
  Y4                  0.360     0.3598     0.0000     0.0020     0.0000 1.000 1.000
  Y5                  0.360     0.3563     0.0000     0.0020     0.0000 1.000 1.000
  Y6                  9.000     8.8986     0.0000     0.0502     0.0103 0.000 1.000
  Y7                  9.000     9.0449     0.0000     0.0508     0.0020 1.000 1.000
  Y8                  9.000     8.9808     0.0000     0.0507     0.0004 1.000 1.000
  Y9                  9.000     9.0379     0.0000     0.0506     0.0014 1.000 1.000
  Y10                 9.000     8.9633     0.0000     0.0503     0.0013 1.000 1.000


QUALITY OF NUMERICAL RESULTS

     Average Condition Number for the Information Matrix      0.221E-03
       (ratio of smallest to largest eigenvalue)


TECHNICAL 1 OUTPUT


     PARAMETER SPECIFICATION FOR LATENT CLASS 1


           NU
              Y1            Y2            Y3            Y4            Y5
              ________      ________      ________      ________      ________
                    1             2             3             4             5


           NU
              Y6            Y7            Y8            Y9            Y10
              ________      ________      ________      ________      ________
                    6             7             8             9            10


           LAMBDA
              F1            F2
              ________      ________
 Y1                11             0
 Y2                12             0
 Y3                13             0
 Y4                14             0
 Y5                15             0
 Y6                 0            16
 Y7                 0            17
 Y8                 0            18
 Y9                 0            19
 Y10                0            20


           THETA
              Y1            Y2            Y3            Y4            Y5
              ________      ________      ________      ________      ________
 Y1                21
 Y2                 0            22
 Y3                 0             0            23
 Y4                 0             0             0            24
 Y5                 0             0             0             0            25
 Y6                 0             0             0             0             0
 Y7                 0             0             0             0             0
 Y8                 0             0             0             0             0
 Y9                 0             0             0             0             0
 Y10                0             0             0             0             0


           THETA
              Y6            Y7            Y8            Y9            Y10
              ________      ________      ________      ________      ________
 Y6                26
 Y7                 0            27
 Y8                 0             0            28
 Y9                 0             0             0            29
 Y10                0             0             0             0            30


           ALPHA
              F1            F2
              ________      ________
                    0             0


           BETA
              F1            F2
              ________      ________
 F1                 0             0
 F2                 0             0


           PSI
              F1            F2
              ________      ________
 F1                 0
 F2                31             0


     PARAMETER SPECIFICATION FOR LATENT CLASS REGRESSION MODEL PART


           ALPHA(C)
              C#1
              ________
                    0


     STARTING VALUES FOR LATENT CLASS 1


           NU
              Y1            Y2            Y3            Y4            Y5
              ________      ________      ________      ________      ________
                0.000         0.000         0.000         0.000         0.000


           NU
              Y6            Y7            Y8            Y9            Y10
              ________      ________      ________      ________      ________
                1.420         1.420         1.420         1.420         1.420


           LAMBDA
              F1            F2
              ________      ________
 Y1             0.800         0.000
 Y2             0.800         0.000
 Y3             0.800         0.000
 Y4             0.800         0.000
 Y5             0.800         0.000
 Y6             0.000         4.000
 Y7             0.000         4.000
 Y8             0.000         4.000
 Y9             0.000         4.000
 Y10            0.000         4.000


           THETA
              Y1            Y2            Y3            Y4            Y5
              ________      ________      ________      ________      ________
 Y1             0.360
 Y2             0.000         0.360
 Y3             0.000         0.000         0.360
 Y4             0.000         0.000         0.000         0.360
 Y5             0.000         0.000         0.000         0.000         0.360
 Y6             0.000         0.000         0.000         0.000         0.000
 Y7             0.000         0.000         0.000         0.000         0.000
 Y8             0.000         0.000         0.000         0.000         0.000
 Y9             0.000         0.000         0.000         0.000         0.000
 Y10            0.000         0.000         0.000         0.000         0.000


           THETA
              Y6            Y7            Y8            Y9            Y10
              ________      ________      ________      ________      ________
 Y6             9.000
 Y7             0.000         9.000
 Y8             0.000         0.000         9.000
 Y9             0.000         0.000         0.000         9.000
 Y10            0.000         0.000         0.000         0.000         9.000


           ALPHA
              F1            F2
              ________      ________
                0.000         0.000


           BETA
              F1            F2
              ________      ________
 F1             0.000         0.000
 F2             0.000         0.000


           PSI
              F1            F2
              ________      ________
 F1             1.000
 F2             0.200         1.000


     STARTING VALUES FOR LATENT CLASS REGRESSION MODEL PART


           ALPHA(C)
              C#1
              ________
                0.000


     POPULATION VALUES FOR LATENT CLASS 1


           NU
              Y1            Y2            Y3            Y4            Y5
              ________      ________      ________      ________      ________
                0.000         0.000         0.000         0.000         0.000


           NU
              Y6            Y7            Y8            Y9            Y10
              ________      ________      ________      ________      ________
                0.000         0.000         0.000         0.000         0.000


           LAMBDA
              F1            F2
              ________      ________
 Y1             0.800         0.000
 Y2             0.800         0.000
 Y3             0.800         0.000
 Y4             0.800         0.000
 Y5             0.800         0.000
 Y6             0.000         0.800
 Y7             0.000         0.800
 Y8             0.000         0.800
 Y9             0.000         0.800
 Y10            0.000         0.800


           THETA
              Y1            Y2            Y3            Y4            Y5
              ________      ________      ________      ________      ________
 Y1             0.360
 Y2             0.000         0.360
 Y3             0.000         0.000         0.360
 Y4             0.000         0.000         0.000         0.360
 Y5             0.000         0.000         0.000         0.000         0.360
 Y6             0.000         0.000         0.000         0.000         0.000
 Y7             0.000         0.000         0.000         0.000         0.000
 Y8             0.000         0.000         0.000         0.000         0.000
 Y9             0.000         0.000         0.000         0.000         0.000
 Y10            0.000         0.000         0.000         0.000         0.000


           THETA
              Y6            Y7            Y8            Y9            Y10
              ________      ________      ________      ________      ________
 Y6             9.000
 Y7             0.000         9.000
 Y8             0.000         0.000         9.000
 Y9             0.000         0.000         0.000         9.000
 Y10            0.000         0.000         0.000         0.000         9.000


           ALPHA
              F1            F2
              ________      ________
                0.000        15.000


           BETA
              F1            F2
              ________      ________
 F1             0.000         0.000
 F2             0.000         0.000


           PSI
              F1            F2
              ________      ________
 F1             1.000
 F2             0.950         5.000


     POPULATION VALUES FOR LATENT CLASS 2


           NU
              Y1            Y2            Y3            Y4            Y5
              ________      ________      ________      ________      ________
                0.000         0.000         0.000         0.000         0.000


           NU
              Y6            Y7            Y8            Y9            Y10
              ________      ________      ________      ________      ________
                0.000         0.000         0.000         0.000         0.000


           LAMBDA
              F1            F2
              ________      ________
 Y1             0.800         0.000
 Y2             0.800         0.000
 Y3             0.800         0.000
 Y4             0.800         0.000
 Y5             0.800         0.000
 Y6             0.000         0.800
 Y7             0.000         0.800
 Y8             0.000         0.800
 Y9             0.000         0.800
 Y10            0.000         0.800


           THETA
              Y1            Y2            Y3            Y4            Y5
              ________      ________      ________      ________      ________
 Y1             0.360
 Y2             0.000         0.360
 Y3             0.000         0.000         0.360
 Y4             0.000         0.000         0.000         0.360
 Y5             0.000         0.000         0.000         0.000         0.360
 Y6             0.000         0.000         0.000         0.000         0.000
 Y7             0.000         0.000         0.000         0.000         0.000
 Y8             0.000         0.000         0.000         0.000         0.000
 Y9             0.000         0.000         0.000         0.000         0.000
 Y10            0.000         0.000         0.000         0.000         0.000


           THETA
              Y6            Y7            Y8            Y9            Y10
              ________      ________      ________      ________      ________
 Y6             9.000
 Y7             0.000         9.000
 Y8             0.000         0.000         9.000
 Y9             0.000         0.000         0.000         9.000
 Y10            0.000         0.000         0.000         0.000         9.000


           ALPHA
              F1            F2
              ________      ________
                0.000         0.000


           BETA
              F1            F2
              ________      ________
 F1             0.000         0.000
 F2             0.000         0.000


           PSI
              F1            F2
              ________      ________
 F1             1.000
 F2             0.950         1.000


     POPULATION VALUES FOR LATENT CLASS REGRESSION MODEL PART


           ALPHA(C)
              C#1           C#2
              ________      ________
               -2.500         0.000


TECHNICAL 9 OUTPUT

  Error messages for each replication (if any)



SAVEDATA INFORMATION

  Order of variables

    Y1
    Y2
    Y3
    Y4
    Y5
    Y6
    Y7
    Y8
    Y9
    Y10
    C

  Save file
    cfa0_5.sav

  Save file format           Free
  Save file record length    10000


     Beginning Time:  20:47:18
        Ending Time:  20:47:19
       Elapsed Time:  00:00:01



MUTHEN & MUTHEN
3463 Stoner Ave.
Los Angeles, CA  90066

Tel: (310) 391-9971
Fax: (310) 391-8971
Web: www.StatModel.com
Support: Support@StatModel.com

Copyright (c) 1998-2019 Muthen & Muthen
