Mplus VERSION 8.3 (Mac)
MUTHEN & MUTHEN
02/05/2020   7:12 AM

INPUT INSTRUCTIONS

  TITLE:
  model04_parametric_mlca
  DATA:
  FILE = "/Users/agarber/Desktop/multi_level_lca/mlca_mplus/model04_parametric.dat";

  VARIABLE:
  NAMES = pop source level d_middle d_high distcode schlcode postcode grade gender
       d_female race i1 i2 i3 i4 i5 i6 i7 i8 i9 i10 i11 i12 i13 i14 i15 i16 i17 i18
       i19 i20 i21 i22 i23 i24 i25 i26 i27 i28 i29 i30 i31 i32 i33 i34 i35 i36 i37 i38
       i39 i40 pun_1 pos_1 sel_1 pun_2 pos_2 sel_2 pun_3 pos_3 sel_3 pun_4 pos_4 sel_4
       pun_5 pos_5 sel_5 i9rev i14rev i24rev i27rev ii1rev ii4rev ii7rev ii10rev
       ii13rev pos_1b pos_3b pos_2b pos_4b sel_5b sel_2b sel_1b;
   MISSING=.;
   usevar = pos_1b-sel_1b;
       categorical = pos_1b-sel_1b;
       classes = c(4);

       cluster = schlcode;
  ANALYSIS:
      estimator = mlr;
      integration = montecarlo;
      type = mixture twolevel;
      starts = 20 10;
      processors = 10;
  MODEL:
       %WITHIN%
       %OVERALL%

       %BETWEEN%
       %OVERALL%
       FU by pos_1b-sel_1b;
       [FU@0];
       FU WITH C#1 C#2;
       C#1;
       C#2;
       C#1 WITH C#2;

       %C#1%
       [pos_1b$1-sel_1b$1];
       %C#2%
       [pos_1b$1-sel_1b$1];
       %C#3%
       [pos_1b$1-sel_1b$1];
       %C#4%
       [pos_1b$1-sel_1b$1];
  OUTPUT:
  TECH8;
  PLOT:
  type = plot3;
      series = pos_1b-sel_1b(*);



*** WARNING
  One or more individual-level variables have no variation within a
  cluster for the following clusters.

     Variable   Cluster IDs with no within-cluster variation

      POS_1B      4055 246 456 410 638 124 260 132 668 128 244 28 256 724 11 640 14 318 330 324
                  314 270 733 271 721 662 20 422 112 242 320 672 10 710 240 722 334 21 339 312
                  322 170 254
      POS_3B      4055 4040 246 420 456 753 410 180 638 658 352 124 260 358 132 668 128 244 28
                  256 642 11 584 640 23 14 151 332 318 32 330 324 264 314 733 761 634 660 271
                  721 662 20 675 422 112 412 242 320 672 10 712 710 240 722 334 21 350 312 322
                  254
      POS_2B      4055 246 456 753 260 128 256 156 584 640 151 330 314 271 662 712 720 21 759
      POS_4B      246 753 410 180 124 132 266 668 128 640 14 151 330 324 314 761 634 110 271 721
                  662 112 242 672 712 720 334 759 254
      SEL_5B      246 456 753 410 638 658 124 358 432 356 668 128 28 130 640 332 32 324 270 660
                  673 271 721 252 20 422 242 672 712 326 722 334 322
      SEL_2B      246 753 410 250 638 124 432 132 668 128 28 130 640 14 270 271 721 422 712
      SEL_1B      4055 246 410 250 638 124 432 128 28 640 14 332 270 271 721 20 310 242 10 722
                  334 759 636

*** WARNING
  Data set contains cases with missing on all variables.
  These cases were not included in the analysis.
  Number of cases with missing on all variables:  4
   2 WARNING(S) FOUND IN THE INPUT INSTRUCTIONS




model04_parametric_mlca

