Mplus VERSION 8.3 (Mac)
MUTHEN & MUTHEN
01/20/2020   7:17 PM

INPUT INSTRUCTIONS

  TITLE:
  FACTOR ANALYSIS EFA - LAB 2 DEMO
  DATA:
  FILE = "/Users/agarber/Desktop/FA_W20/Lab3_FA/efa_mplus/lab3_efa1_female.dat";

  VARIABLE:
  NAMES = BYS20A BYS20B BYS20C BYS20D BYS20E BYS20F BYS20G BYS20H BYS20I BYS20J BYS20K
       BYS20L BYS20M BYS20N BYS21A BYS21B BYS21C BYS21D BYS21E BYSEX;
   MISSING=.;
   ! within mplus you can choose a number of sequential columns
      ! using (var1_name - var_last_name)

      usevar = BYS20A-BYS21E;

      useobs = BYSEX == 2;
  ANALYSIS:
  type = efa 1 4;
    estimator = mlr;
    parallel=50; ! run parallel analysis

  OUTPUT:
  sampstat;
  PLOT:
  type = plot3;



*** WARNING
  Data set contains cases with missing on all variables.
  These cases were not included in the analysis.
  Number of cases with missing on all variables:  18
   1 WARNING(S) FOUND IN THE INPUT INSTRUCTIONS




FACTOR ANALYSIS EFA - LAB 2 DEMO

SUMMARY OF ANALYSIS

Number of groups                                                 1
Number of observations                                         359

Number of dependent variables                                   19
Number of independent variables                                  0
Number of continuous latent variables                            0

Observed dependent variables

  Continuous
   BYS20A      BYS20B      BYS20C      BYS20D      BYS20E      BYS20F
   BYS20G      BYS20H      BYS20I      BYS20J      BYS20K      BYS20L
   BYS20M      BYS20N      BYS21A      BYS21B      BYS21C      BYS21D
   BYS21E


Estimator                                                      MLR
Rotation                                                    GEOMIN
Row standardization                                    CORRELATION
Type of rotation                                           OBLIQUE
Epsilon value                                               Varies
Information matrix                                        OBSERVED
Maximum number of iterations                                  1000
Convergence criterion                                    0.500D-04
Maximum number of steepest descent iterations                   20
Maximum number of iterations for H1                           2000
Convergence criterion for H1                             0.100D-03
Optimization Specifications for the Exploratory Factor Analysis
Rotation Algorithm
  Number of random starts                                       30
  Maximum number of iterations                               10000
  Derivative convergence criterion                       0.100D-04

Input data file(s)
  /Users/agarber/Desktop/FA_W20/Lab3_FA/efa_mplus/lab3_efa1_female.dat

Input data format  FREE


SUMMARY OF DATA

     Number of missing data patterns            26


COVARIANCE COVERAGE OF DATA

Minimum covariance coverage value   0.100


     PROPORTION OF DATA PRESENT


           Covariance Coverage
              BYS20A        BYS20B        BYS20C        BYS20D        BYS20E
              ________      ________      ________      ________      ________
 BYS20A         0.997
 BYS20B         0.994         0.997
 BYS20C         0.992         0.992         0.994
 BYS20D         0.983         0.986         0.983         0.986
 BYS20E         0.978         0.978         0.975         0.969         0.981
 BYS20F         0.983         0.983         0.981         0.975         0.969
 BYS20G         0.978         0.978         0.975         0.972         0.969
 BYS20H         0.989         0.986         0.983         0.981         0.972
 BYS20I         0.981         0.981         0.975         0.975         0.964
 BYS20J         0.981         0.983         0.978         0.978         0.967
 BYS20K         0.986         0.983         0.981         0.975         0.967
 BYS20L         0.983         0.986         0.981         0.981         0.969
 BYS20M         0.978         0.981         0.975         0.972         0.964
 BYS20N         0.986         0.986         0.983         0.981         0.972
 BYS21A         0.992         0.994         0.989         0.983         0.975
 BYS21B         0.978         0.978         0.975         0.967         0.961
 BYS21C         0.989         0.989         0.986         0.981         0.975
 BYS21D         0.986         0.986         0.983         0.975         0.969
 BYS21E         0.992         0.992         0.989         0.981         0.975


           Covariance Coverage
              BYS20F        BYS20G        BYS20H        BYS20I        BYS20J
              ________      ________      ________      ________      ________
 BYS20F         0.986
 BYS20G         0.969         0.981
 BYS20H         0.978         0.975         0.989
 BYS20I         0.969         0.967         0.981         0.981
 BYS20J         0.972         0.969         0.978         0.975         0.983
 BYS20K         0.972         0.972         0.981         0.975         0.975
 BYS20L         0.975         0.972         0.981         0.978         0.981
 BYS20M         0.967         0.964         0.972         0.969         0.972
 BYS20N         0.978         0.978         0.983         0.978         0.981
 BYS21A         0.981         0.975         0.983         0.978         0.981
 BYS21B         0.967         0.961         0.972         0.964         0.964
 BYS21C         0.981         0.975         0.986         0.978         0.978
 BYS21D         0.978         0.969         0.981         0.972         0.972
 BYS21E         0.981         0.975         0.983         0.975         0.978


           Covariance Coverage
              BYS20K        BYS20L        BYS20M        BYS20N        BYS21A
              ________      ________      ________      ________      ________
 BYS20K         0.986
 BYS20L         0.978         0.986
 BYS20M         0.972         0.975         0.981
 BYS20N         0.983         0.983         0.975         0.989
 BYS21A         0.981         0.983         0.978         0.983         0.994
 BYS21B         0.967         0.967         0.961         0.969         0.978
 BYS21C         0.978         0.981         0.972         0.983         0.986
 BYS21D         0.978         0.975         0.969         0.978         0.983
 BYS21E         0.983         0.981         0.975         0.983         0.992


           Covariance Coverage
              BYS21B        BYS21C        BYS21D        BYS21E
              ________      ________      ________      ________
 BYS21B         0.981
 BYS21C         0.975         0.992
 BYS21D         0.972         0.983         0.989
 BYS21E         0.978         0.986         0.986         0.994


SAMPLE STATISTICS


     ESTIMATED SAMPLE STATISTICS


           Means
              BYS20A        BYS20B        BYS20C        BYS20D        BYS20E
              ________      ________      ________      ________      ________
                2.204         2.181         1.756         2.105         2.087


           Means
              BYS20F        BYS20G        BYS20H        BYS20I        BYS20J
              ________      ________      ________      ________      ________
                2.188         2.274         3.161         3.065         3.271


           Means
              BYS20K        BYS20L        BYS20M        BYS20N        BYS21A
              ________      ________      ________      ________      ________
                2.522         2.424         3.067         3.031         1.941


           Means
              BYS21B        BYS21C        BYS21D        BYS21E
              ________      ________      ________      ________
                2.428         2.348         2.293         2.205


           Covariances
              BYS20A        BYS20B        BYS20C        BYS20D        BYS20E
              ________      ________      ________      ________      ________
 BYS20A         0.352
 BYS20B         0.049         0.562
 BYS20C         0.055         0.094         0.425
 BYS20D        -0.063        -0.033        -0.017         0.515
 BYS20E         0.130         0.094         0.081        -0.055         0.371
 BYS20F         0.126         0.122         0.073        -0.083         0.208
 BYS20G         0.092         0.121         0.090        -0.071         0.203
 BYS20H        -0.077        -0.057        -0.011         0.045        -0.130
 BYS20I        -0.031        -0.043        -0.083         0.086        -0.079
 BYS20J        -0.090        -0.042        -0.110         0.039        -0.088
 BYS20K        -0.034        -0.067        -0.078         0.159        -0.036
 BYS20L        -0.069        -0.146        -0.137         0.141        -0.162
 BYS20M        -0.091        -0.022        -0.004         0.049        -0.053
 BYS20N        -0.103        -0.051        -0.075         0.139        -0.016
 BYS21A         0.060         0.030         0.079        -0.068         0.084
 BYS21B         0.134         0.116         0.062        -0.042         0.177
 BYS21C         0.085         0.179         0.095        -0.083         0.151
 BYS21D         0.022         0.080         0.093        -0.039         0.044
 BYS21E        -0.008         0.039         0.055        -0.017         0.050


           Covariances
              BYS20F        BYS20G        BYS20H        BYS20I        BYS20J
              ________      ________      ________      ________      ________
 BYS20F         0.444
 BYS20G         0.217         0.541
 BYS20H        -0.133        -0.129         0.393
 BYS20I        -0.077        -0.086         0.205         0.499
 BYS20J        -0.085        -0.109         0.157         0.141         0.473
 BYS20K        -0.008        -0.061         0.091         0.183         0.161
 BYS20L        -0.093        -0.117         0.107         0.209         0.137
 BYS20M        -0.069        -0.053         0.082         0.085         0.195
 BYS20N        -0.085        -0.031         0.103         0.119         0.148
 BYS21A         0.073         0.071        -0.051        -0.041        -0.095
 BYS21B         0.186         0.159        -0.133        -0.071        -0.137
 BYS21C         0.169         0.166        -0.146        -0.098        -0.103
 BYS21D         0.098         0.100        -0.031        -0.036        -0.058
 BYS21E         0.079         0.116        -0.053        -0.034        -0.023


           Covariances
              BYS20K        BYS20L        BYS20M        BYS20N        BYS21A
              ________      ________      ________      ________      ________
 BYS20K         0.722
 BYS20L         0.300         0.647
 BYS20M         0.158         0.164         0.602
 BYS20N         0.112         0.109         0.281         0.649
 BYS21A        -0.097        -0.085        -0.078        -0.055         0.358
 BYS21B         0.006        -0.112        -0.067        -0.050         0.137
 BYS21C        -0.132        -0.206        -0.027        -0.016         0.111
 BYS21D        -0.001        -0.134        -0.013         0.007         0.057
 BYS21E        -0.061        -0.143        -0.004         0.039         0.110


           Covariances
              BYS21B        BYS21C        BYS21D        BYS21E
              ________      ________      ________      ________
 BYS21B         0.572
 BYS21C         0.241         0.755
 BYS21D         0.044         0.167         0.455
 BYS21E         0.080         0.186         0.134         0.428


           Correlations
              BYS20A        BYS20B        BYS20C        BYS20D        BYS20E
              ________      ________      ________      ________      ________
 BYS20A         1.000
 BYS20B         0.111         1.000
 BYS20C         0.142         0.193         1.000
 BYS20D        -0.147        -0.062        -0.037         1.000
 BYS20E         0.359         0.205         0.203        -0.126         1.000
 BYS20F         0.318         0.244         0.167        -0.172         0.513
 BYS20G         0.210         0.220         0.189        -0.134         0.453
 BYS20H        -0.207        -0.121        -0.027         0.101        -0.341
 BYS20I        -0.074        -0.081        -0.180         0.170        -0.183
 BYS20J        -0.221        -0.081        -0.245         0.080        -0.211
 BYS20K        -0.068        -0.105        -0.141         0.261        -0.070
 BYS20L        -0.144        -0.242        -0.262         0.244        -0.331
 BYS20M        -0.198        -0.038        -0.007         0.089        -0.113
 BYS20N        -0.216        -0.084        -0.144         0.240        -0.033
 BYS21A         0.168         0.067         0.202        -0.159         0.230
 BYS21B         0.299         0.205         0.126        -0.078         0.385
 BYS21C         0.164         0.274         0.168        -0.134         0.285
 BYS21D         0.054         0.158         0.211        -0.081         0.108
 BYS21E        -0.022         0.079         0.130        -0.036         0.125


           Correlations
              BYS20F        BYS20G        BYS20H        BYS20I        BYS20J
              ________      ________      ________      ________      ________
 BYS20F         1.000
 BYS20G         0.442         1.000
 BYS20H        -0.318        -0.280         1.000
 BYS20I        -0.164        -0.166         0.463         1.000
 BYS20J        -0.185        -0.216         0.364         0.290         1.000
 BYS20K        -0.014        -0.097         0.170         0.305         0.275
 BYS20L        -0.174        -0.197         0.211         0.367         0.248
 BYS20M        -0.133        -0.093         0.169         0.155         0.365
 BYS20N        -0.158        -0.052         0.203         0.209         0.267
 BYS21A         0.184         0.161        -0.136        -0.097        -0.232
 BYS21B         0.370         0.285        -0.280        -0.132        -0.263
 BYS21C         0.291         0.259        -0.268        -0.159        -0.173
 BYS21D         0.218         0.201        -0.072        -0.076        -0.125
 BYS21E         0.181         0.242        -0.130        -0.075        -0.052


           Correlations
              BYS20K        BYS20L        BYS20M        BYS20N        BYS21A
              ________      ________      ________      ________      ________
 BYS20K         1.000
 BYS20L         0.439         1.000
 BYS20M         0.240         0.263         1.000
 BYS20N         0.164         0.169         0.450         1.000
 BYS21A        -0.192        -0.176        -0.169        -0.114         1.000
 BYS21B         0.009        -0.184        -0.115        -0.081         0.303
 BYS21C        -0.179        -0.295        -0.040        -0.022         0.213
 BYS21D        -0.003        -0.247        -0.025         0.012         0.142
 BYS21E        -0.110        -0.271        -0.008         0.073         0.282


           Correlations
              BYS21B        BYS21C        BYS21D        BYS21E
              ________      ________      ________      ________
 BYS21B         1.000
 BYS21C         0.367         1.000
 BYS21D         0.085         0.286         1.000
 BYS21E         0.161         0.328         0.303         1.000


     MAXIMUM LOG-LIKELIHOOD VALUE FOR THE UNRESTRICTED (H1) MODEL IS -6469.377


UNIVARIATE SAMPLE STATISTICS


     UNIVARIATE HIGHER-ORDER MOMENT DESCRIPTIVE STATISTICS

         Variable/         Mean/     Skewness/   Minimum/ % with                Percentiles
        Sample Size      Variance    Kurtosis    Maximum  Min/Max      20%/60%    40%/80%    Median

     BYS20A                2.204       0.866       1.000    6.15%       2.000      2.000      2.000
             358.000       0.352       1.503       4.000    3.35%       2.000      3.000
     BYS20B                2.182       0.327       1.000   16.20%       2.000      2.000      2.000
             358.000       0.562      -0.090       4.000    4.47%       2.000      3.000
     BYS20C                1.756       0.537       1.000   35.29%       1.000      2.000      2.000
             357.000       0.425       0.369       4.000    1.12%       2.000      2.000
     BYS20D                2.102       0.306       1.000   18.36%       2.000      2.000      2.000
             354.000       0.515      -0.036       4.000    2.82%       2.000      3.000
     BYS20E                2.091       0.646       1.000   11.65%       2.000      2.000      2.000
             352.000       0.367       1.546       4.000    2.56%       2.000      2.000
     BYS20F                2.184       0.290       1.000   12.15%       2.000      2.000      2.000
             354.000       0.444       0.194       4.000    2.54%       2.000      3.000
     BYS20G                2.276       0.074       1.000   13.35%       2.000      2.000      2.000
             352.000       0.541      -0.347       4.000    3.69%       2.000      3.000
     BYS20H                3.161      -0.408       1.000    1.13%       3.000      3.000      3.000
             355.000       0.394       0.597       4.000   27.89%       3.000      4.000
     BYS20I                3.060      -0.616       1.000    3.12%       3.000      3.000      3.000
             352.000       0.499       0.687       4.000   25.00%       3.000      4.000
     BYS20J                3.266      -0.610       1.000    1.13%       3.000      3.000      3.000
             353.000       0.473       0.062       4.000   39.38%       3.000      4.000
     BYS20K                2.520      -0.254       1.000   13.84%       2.000      2.000      3.000
             354.000       0.724      -0.598       4.000    9.89%       3.000      3.000
     BYS20L                2.424      -0.029       1.000   12.43%       2.000      2.000      2.000
             354.000       0.645      -0.507       4.000    7.63%       3.000      3.000
     BYS20M                3.068      -0.482       1.000    2.84%       2.000      3.000      3.000
             352.000       0.603      -0.270       4.000   30.97%       3.000      4.000
     BYS20N                3.031      -0.637       1.000    5.07%       2.000      3.000      3.000
             355.000       0.650       0.072       4.000   29.01%       3.000      4.000
     BYS21A                1.941       0.335       1.000   19.89%       1.000      2.000      2.000
             357.000       0.358       0.945       4.000    1.12%       2.000      2.000
     BYS21B                2.429       0.359       1.000    7.39%       2.000      2.000      2.000
             352.000       0.575      -0.233       4.000    9.09%       3.000      3.000
     BYS21C                2.348       0.240       1.000   15.73%       2.000      2.000      2.000
             356.000       0.755      -0.591       4.000   10.67%       2.000      3.000
     BYS21D                2.293       0.285       1.000    8.73%       2.000      2.000      2.000
             355.000       0.455       0.071       4.000    3.66%       2.000      3.000
     BYS21E                2.207       0.540       1.000    9.52%       2.000      2.000      2.000
             357.000       0.428       0.666       4.000    3.64%       2.000      3.000


     NO CONVERGENCE.  NUMBER OF ITERATIONS EXCEEDED.
     PROBLEM OCCURRED IN EXPLORATORY FACTOR ANALYSIS WITH 4 FACTOR(S).




SUMMARY OF MODEL FIT INFORMATION


                   Number of                   Degrees of
     Model        Parameters      Chi-Square    Freedom     P-Value

     1-factor          57            571.323       152       0.0000
     2-factor          75            434.808       134       0.0000
     3-factor          92            296.242       117       0.0000
     4-factor         N/A

                                               Degrees of
     Models Compared              Chi-Square    Freedom     P-Value

     1-factor against 2-factor       105.173        18       0.0000
     2-factor against 3-factor       152.321        17       0.0000



RESULTS FOR EXPLORATORY FACTOR ANALYSIS


           EIGENVALUES FOR SAMPLE CORRELATION MATRIX
                  1             2             3             4             5
              ________      ________      ________      ________      ________
                4.432         1.865         1.517         1.148         1.078


           EIGENVALUES FOR SAMPLE CORRELATION MATRIX
                  6             7             8             9            10
              ________      ________      ________      ________      ________
                1.034         0.932         0.896         0.816         0.750


           EIGENVALUES FOR SAMPLE CORRELATION MATRIX
                 11            12            13            14            15
              ________      ________      ________      ________      ________
                0.680         0.627         0.607         0.535         0.494


           EIGENVALUES FOR SAMPLE CORRELATION MATRIX
                 16            17            18            19
              ________      ________      ________      ________
                0.477         0.422         0.373         0.317


           AVERAGE EIGENVALUES FROM PARALLEL ANALYSIS
                  1             2             3             4             5
              ________      ________      ________      ________      ________
                1.423         1.348         1.285         1.233         1.185


           AVERAGE EIGENVALUES FROM PARALLEL ANALYSIS
                  6             7             8             9            10
              ________      ________      ________      ________      ________
                1.146         1.102         1.058         1.020         0.986


           AVERAGE EIGENVALUES FROM PARALLEL ANALYSIS
                 11            12            13            14            15
              ________      ________      ________      ________      ________
                0.950         0.919         0.879         0.845         0.809


           AVERAGE EIGENVALUES FROM PARALLEL ANALYSIS
                 16            17            18            19
              ________      ________      ________      ________
                0.768         0.726         0.685         0.636


           95 PERCENTILE EIGENVALUES FROM PARALLEL ANALYSIS
                  1             2             3             4             5
              ________      ________      ________      ________      ________
                1.501         1.391         1.335         1.277         1.217


           95 PERCENTILE EIGENVALUES FROM PARALLEL ANALYSIS
                  6             7             8             9            10
              ________      ________      ________      ________      ________
                1.179         1.148         1.088         1.053         1.015


           95 PERCENTILE EIGENVALUES FROM PARALLEL ANALYSIS
                 11            12            13            14            15
              ________      ________      ________      ________      ________
                0.973         0.943         0.916         0.872         0.836


           95 PERCENTILE EIGENVALUES FROM PARALLEL ANALYSIS
                 16            17            18            19
              ________      ________      ________      ________
                0.797         0.759         0.734         0.684


EXPLORATORY FACTOR ANALYSIS WITH 1 FACTOR(S):


MODEL FIT INFORMATION

Number of Free Parameters                       57

Loglikelihood

          H0 Value                       -6800.468
          H0 Scaling Correction Factor      1.1695
            for MLR
          H1 Value                       -6469.377
          H1 Scaling Correction Factor      1.1619
            for MLR

Information Criteria

          Akaike (AIC)                   13714.936
          Bayesian (BIC)                 13936.286
          Sample-Size Adjusted BIC       13755.453
            (n* = (n + 2) / 24)

Chi-Square Test of Model Fit

          Value                            571.323*
          Degrees of Freedom                   152
          P-Value                           0.0000
          Scaling Correction Factor         1.1590
            for MLR

*   The chi-square value for MLM, MLMV, MLR, ULSMV, WLSM and WLSMV cannot be used
    for chi-square difference testing in the regular way.  MLM, MLR and WLSM
    chi-square difference testing is described on the Mplus website.  MLMV, WLSMV,
    and ULSMV difference testing is done using the DIFFTEST option.

RMSEA (Root Mean Square Error Of Approximation)

          Estimate                           0.088
          90 Percent C.I.                    0.080  0.095
          Probability RMSEA <= .05           0.000

CFI/TLI

          CFI                                0.622
          TLI                                0.575

Chi-Square Test of Model Fit for the Baseline Model

          Value                           1280.123
          Degrees of Freedom                   171
          P-Value                           0.0000

SRMR (Standardized Root Mean Square Residual)

          Value                              0.081



MINIMUM ROTATION FUNCTION VALUE       3.66663



           GEOMIN ROTATED LOADINGS (* significant at 5% level)
                  1
              ________
 BYS20A         0.420*
 BYS20B         0.342*
 BYS20C         0.345*
 BYS20D        -0.282*
 BYS20E         0.621*
 BYS20F         0.595*
 BYS20G         0.545*
 BYS20H        -0.527*
 BYS20I        -0.421*
 BYS20J        -0.478*
 BYS20K        -0.319*
 BYS20L        -0.530*
 BYS20M        -0.317*
 BYS20N        -0.281*
 BYS21A         0.396*
 BYS21B         0.526*
 BYS21C         0.511*
 BYS21D         0.305*
 BYS21E         0.320*


           GEOMIN FACTOR CORRELATIONS (* significant at 5% level)
                  1
              ________
      1         1.000


           ESTIMATED RESIDUAL VARIANCES
              BYS20A        BYS20B        BYS20C        BYS20D        BYS20E
              ________      ________      ________      ________      ________
                0.824         0.883         0.881         0.920         0.615


           ESTIMATED RESIDUAL VARIANCES
              BYS20F        BYS20G        BYS20H        BYS20I        BYS20J
              ________      ________      ________      ________      ________
                0.646         0.703         0.722         0.822         0.772


           ESTIMATED RESIDUAL VARIANCES
              BYS20K        BYS20L        BYS20M        BYS20N        BYS21A
              ________      ________      ________      ________      ________
                0.898         0.719         0.900         0.921         0.843


           ESTIMATED RESIDUAL VARIANCES
              BYS21B        BYS21C        BYS21D        BYS21E
              ________      ________      ________      ________
                0.723         0.739         0.907         0.898


           S.E. GEOMIN ROTATED LOADINGS
                  1
              ________
 BYS20A         0.068
 BYS20B         0.060
 BYS20C         0.058
 BYS20D         0.068
 BYS20E         0.056
 BYS20F         0.048
 BYS20G         0.048
 BYS20H         0.057
 BYS20I         0.072
 BYS20J         0.056
 BYS20K         0.071
 BYS20L         0.059
 BYS20M         0.070
 BYS20N         0.073
 BYS21A         0.061
 BYS21B         0.055
 BYS21C         0.051
 BYS21D         0.078
 BYS21E         0.071


           S.E. GEOMIN FACTOR CORRELATIONS
                  1
              ________
      1         0.000


           S.E. ESTIMATED RESIDUAL VARIANCES
              BYS20A        BYS20B        BYS20C        BYS20D        BYS20E
              ________      ________      ________      ________      ________
                0.057         0.041         0.040         0.038         0.070


           S.E. ESTIMATED RESIDUAL VARIANCES
              BYS20F        BYS20G        BYS20H        BYS20I        BYS20J
              ________      ________      ________      ________      ________
                0.057         0.052         0.060         0.060         0.054


           S.E. ESTIMATED RESIDUAL VARIANCES
              BYS20K        BYS20L        BYS20M        BYS20N        BYS21A
              ________      ________      ________      ________      ________
                0.046         0.063         0.045         0.041         0.048


           S.E. ESTIMATED RESIDUAL VARIANCES
              BYS21B        BYS21C        BYS21D        BYS21E
              ________      ________      ________      ________
                0.058         0.052         0.047         0.046


           Est./S.E. GEOMIN ROTATED LOADINGS
                  1
              ________
 BYS20A         6.158
 BYS20B         5.695
 BYS20C         5.961
 BYS20D        -4.134
 BYS20E        11.043
 BYS20F        12.419
 BYS20G        11.336
 BYS20H        -9.241
 BYS20I        -5.888
 BYS20J        -8.483
 BYS20K        -4.469
 BYS20L        -8.953
 BYS20M        -4.496
 BYS20N        -3.841
 BYS21A         6.533
 BYS21B         9.625
 BYS21C        10.055
 BYS21D         3.923
 BYS21E         4.497


           Est./S.E. GEOMIN FACTOR CORRELATIONS
                  1
              ________
      1         0.000


           Est./S.E. ESTIMATED RESIDUAL VARIANCES
              BYS20A        BYS20B        BYS20C        BYS20D        BYS20E
              ________      ________      ________      ________      ________
               14.369        21.469        22.098        23.914         8.805


           Est./S.E. ESTIMATED RESIDUAL VARIANCES
              BYS20F        BYS20G        BYS20H        BYS20I        BYS20J
              ________      ________      ________      ________      ________
               11.348        13.384        11.993        13.638        14.341


           Est./S.E. ESTIMATED RESIDUAL VARIANCES
              BYS20K        BYS20L        BYS20M        BYS20N        BYS21A
              ________      ________      ________      ________      ________
               19.680        11.463        20.149        22.425        17.589


           Est./S.E. ESTIMATED RESIDUAL VARIANCES
              BYS21B        BYS21C        BYS21D        BYS21E
              ________      ________      ________      ________
               12.558        14.237        19.100        19.696


EXPLORATORY FACTOR ANALYSIS WITH 2 FACTOR(S):


MODEL FIT INFORMATION

Number of Free Parameters                       75

Loglikelihood

          H0 Value                       -6698.671
          H0 Scaling Correction Factor      1.3534
            for MLR
          H1 Value                       -6469.377
          H1 Scaling Correction Factor      1.1619
            for MLR

Information Criteria

          Akaike (AIC)                   13547.343
          Bayesian (BIC)                 13838.592
          Sample-Size Adjusted BIC       13600.654
            (n* = (n + 2) / 24)

Chi-Square Test of Model Fit

          Value                            434.808*
          Degrees of Freedom                   134
          P-Value                           0.0000
          Scaling Correction Factor         1.0547
            for MLR

*   The chi-square value for MLM, MLMV, MLR, ULSMV, WLSM and WLSMV cannot be used
    for chi-square difference testing in the regular way.  MLM, MLR and WLSM
    chi-square difference testing is described on the Mplus website.  MLMV, WLSMV,
    and ULSMV difference testing is done using the DIFFTEST option.

RMSEA (Root Mean Square Error Of Approximation)

          Estimate                           0.079
          90 Percent C.I.                    0.071  0.087
          Probability RMSEA <= .05           0.000

CFI/TLI

          CFI                                0.729
          TLI                                0.654

Chi-Square Test of Model Fit for the Baseline Model

          Value                           1280.123
          Degrees of Freedom                   171
          P-Value                           0.0000

SRMR (Standardized Root Mean Square Residual)

          Value                              0.061



MINIMUM ROTATION FUNCTION VALUE       0.76884



           GEOMIN ROTATED LOADINGS (* significant at 5% level)
                  1             2
              ________      ________
 BYS20A         0.386*       -0.095
 BYS20B         0.317*       -0.072
 BYS20C         0.219        -0.201
 BYS20D        -0.077         0.308*
 BYS20E         0.700*        0.004
 BYS20F         0.716*        0.056
 BYS20G         0.599*       -0.007
 BYS20H        -0.351*        0.289*
 BYS20I        -0.084         0.497*
 BYS20J        -0.168         0.465*
 BYS20K         0.138         0.661*
 BYS20L        -0.176         0.545*
 BYS20M         0.010         0.482*
 BYS20N         0.029         0.444*
 BYS21A         0.264*       -0.208*
 BYS21B         0.574*        0.005
 BYS21C         0.450*       -0.128
 BYS21D         0.284        -0.054
 BYS21E         0.284        -0.073


           GEOMIN FACTOR CORRELATIONS (* significant at 5% level)
                  1             2
              ________      ________
      1         1.000
      2        -0.357         1.000


           ESTIMATED RESIDUAL VARIANCES
              BYS20A        BYS20B        BYS20C        BYS20D        BYS20E
              ________      ________      ________      ________      ________
                0.816         0.878         0.880         0.882         0.512


           ESTIMATED RESIDUAL VARIANCES
              BYS20F        BYS20G        BYS20H        BYS20I        BYS20J
              ________      ________      ________      ________      ________
                0.513         0.638         0.721         0.716         0.700


           ESTIMATED RESIDUAL VARIANCES
              BYS20K        BYS20L        BYS20M        BYS20N        BYS21A
              ________      ________      ________      ________      ________
                0.609         0.603         0.771         0.812         0.848


           ESTIMATED RESIDUAL VARIANCES
              BYS21B        BYS21C        BYS21D        BYS21E
              ________      ________      ________      ________
                0.672         0.740         0.905         0.899


           S.E. GEOMIN ROTATED LOADINGS
                  1             2
              ________      ________
 BYS20A         0.098         0.131
 BYS20B         0.105         0.125
 BYS20C         0.146         0.125
 BYS20D         0.146         0.103
 BYS20E         0.052         0.043
 BYS20F         0.099         0.086
 BYS20G         0.060         0.089
 BYS20H         0.095         0.102
 BYS20I         0.195         0.100
 BYS20J         0.122         0.099
 BYS20K         0.337         0.254
 BYS20L         0.308         0.252
 BYS20M         0.028         0.154
 BYS20N         0.072         0.203
 BYS21A         0.128         0.106
 BYS21B         0.069         0.068
 BYS21C         0.174         0.193
 BYS21D         0.155         0.180
 BYS21E         0.199         0.235


           S.E. GEOMIN FACTOR CORRELATIONS
                  1             2
              ________      ________
      1         0.000
      2         0.279         0.000


           S.E. ESTIMATED RESIDUAL VARIANCES
              BYS20A        BYS20B        BYS20C        BYS20D        BYS20E
              ________      ________      ________      ________      ________
                0.062         0.040         0.039         0.046         0.069


           S.E. ESTIMATED RESIDUAL VARIANCES
              BYS20F        BYS20G        BYS20H        BYS20I        BYS20J
              ________      ________      ________      ________      ________
                0.094         0.049         0.062         0.061         0.095


           S.E. ESTIMATED RESIDUAL VARIANCES
              BYS20K        BYS20L        BYS20M        BYS20N        BYS21A
              ________      ________      ________      ________      ________
                0.206         0.143         0.154         0.173         0.047


           S.E. ESTIMATED RESIDUAL VARIANCES
              BYS21B        BYS21C        BYS21D        BYS21E
              ________      ________      ________      ________
                0.063         0.059         0.052         0.052


           Est./S.E. GEOMIN ROTATED LOADINGS
                  1             2
              ________      ________
 BYS20A         3.945        -0.721
 BYS20B         3.022        -0.574
 BYS20C         1.503        -1.609
 BYS20D        -0.523         2.999
 BYS20E        13.474         0.104
 BYS20F         7.221         0.651
 BYS20G        10.022        -0.082
 BYS20H        -3.683         2.829
 BYS20I        -0.433         4.973
 BYS20J        -1.371         4.693
 BYS20K         0.409         2.598
 BYS20L        -0.571         2.161
 BYS20M         0.363         3.132
 BYS20N         0.404         2.187
 BYS21A         2.062        -1.966
 BYS21B         8.287         0.067
 BYS21C         2.589        -0.660
 BYS21D         1.833        -0.298
 BYS21E         1.428        -0.311


           Est./S.E. GEOMIN FACTOR CORRELATIONS
                  1             2
              ________      ________
      1         0.000
      2        -1.281         0.000


           Est./S.E. ESTIMATED RESIDUAL VARIANCES
              BYS20A        BYS20B        BYS20C        BYS20D        BYS20E
              ________      ________      ________      ________      ________
               13.146        21.765        22.611        19.090         7.413


           Est./S.E. ESTIMATED RESIDUAL VARIANCES
              BYS20F        BYS20G        BYS20H        BYS20I        BYS20J
              ________      ________      ________      ________      ________
                5.438        12.971        11.717        11.639         7.401


           Est./S.E. ESTIMATED RESIDUAL VARIANCES
              BYS20K        BYS20L        BYS20M        BYS20N        BYS21A
              ________      ________      ________      ________      ________
                2.961         4.215         4.992         4.691        18.123


           Est./S.E. ESTIMATED RESIDUAL VARIANCES
              BYS21B        BYS21C        BYS21D        BYS21E
              ________      ________      ________      ________
               10.587        12.521        17.433        17.282


           FACTOR STRUCTURE
                  1             2
              ________      ________
 BYS20A         0.420        -0.233
 BYS20B         0.342        -0.185
 BYS20C         0.291        -0.279
 BYS20D        -0.187         0.335
 BYS20E         0.698        -0.246
 BYS20F         0.696        -0.200
 BYS20G         0.601        -0.221
 BYS20H        -0.455         0.414
 BYS20I        -0.262         0.528
 BYS20J        -0.334         0.525
 BYS20K        -0.098         0.612
 BYS20L        -0.371         0.608
 BYS20M        -0.162         0.478
 BYS20N        -0.129         0.433
 BYS21A         0.339        -0.302
 BYS21B         0.573        -0.201
 BYS21C         0.496        -0.289
 BYS21D         0.304        -0.155
 BYS21E         0.310        -0.175


EXPLORATORY FACTOR ANALYSIS WITH 3 FACTOR(S):


MODEL FIT INFORMATION

Number of Free Parameters                       92

Loglikelihood

          H0 Value                       -6628.456
          H0 Scaling Correction Factor      1.2737
            for MLR
          H1 Value                       -6469.377
          H1 Scaling Correction Factor      1.1619
            for MLR

Information Criteria

          Akaike (AIC)                   13440.913
          Bayesian (BIC)                 13798.178
          Sample-Size Adjusted BIC       13506.309
            (n* = (n + 2) / 24)

Chi-Square Test of Model Fit

          Value                            296.242*
          Degrees of Freedom                   117
          P-Value                           0.0000
          Scaling Correction Factor         1.0740
            for MLR

*   The chi-square value for MLM, MLMV, MLR, ULSMV, WLSM and WLSMV cannot be used
    for chi-square difference testing in the regular way.  MLM, MLR and WLSM
    chi-square difference testing is described on the Mplus website.  MLMV, WLSMV,
    and ULSMV difference testing is done using the DIFFTEST option.

RMSEA (Root Mean Square Error Of Approximation)

          Estimate                           0.065
          90 Percent C.I.                    0.056  0.075
          Probability RMSEA <= .05           0.004

CFI/TLI

          CFI                                0.838
          TLI                                0.764

Chi-Square Test of Model Fit for the Baseline Model

          Value                           1280.123
          Degrees of Freedom                   171
          P-Value                           0.0000

SRMR (Standardized Root Mean Square Residual)

          Value                              0.045



MINIMUM ROTATION FUNCTION VALUE       0.57634



           GEOMIN ROTATED LOADINGS (* significant at 5% level)
                  1             2             3
              ________      ________      ________
 BYS20A         0.443*       -0.153        -0.187
 BYS20B         0.254*       -0.054         0.186*
 BYS20C         0.145        -0.176         0.197
 BYS20D        -0.036         0.311*       -0.055
 BYS20E         0.677*        0.000         0.087
 BYS20F         0.728*        0.040         0.010
 BYS20G         0.557*        0.009         0.149
 BYS20H        -0.350*        0.289*        0.015
 BYS20I        -0.027         0.473*       -0.103
 BYS20J        -0.157         0.497*        0.078
 BYS20K         0.261*        0.629*       -0.235
 BYS20L        -0.001         0.526        -0.403
 BYS20M         0.003         0.596*        0.249
 BYS20N        -0.006         0.577*        0.336
 BYS21A         0.207*       -0.187         0.155
 BYS21B         0.567*        0.001         0.051
 BYS21C         0.347*       -0.054         0.392*
 BYS21D         0.179         0.009         0.372*
 BYS21E         0.146         0.020         0.498*


           GEOMIN FACTOR CORRELATIONS (* significant at 5% level)
                  1             2             3
              ________      ________      ________
      1         1.000
      2        -0.420*        1.000
      3         0.174        -0.179         1.000


           ESTIMATED RESIDUAL VARIANCES
              BYS20A        BYS20B        BYS20C        BYS20D        BYS20E
              ________      ________      ________      ________      ________
                0.728         0.866         0.865         0.882         0.514


           ESTIMATED RESIDUAL VARIANCES
              BYS20F        BYS20G        BYS20H        BYS20I        BYS20J
              ________      ________      ________      ________      ________
                0.491         0.643         0.713         0.736         0.675


           ESTIMATED RESIDUAL VARIANCES
              BYS20K        BYS20L        BYS20M        BYS20N        BYS21A
              ________      ________      ________      ________      ________
                0.587         0.485         0.637         0.621         0.843


           ESTIMATED RESIDUAL VARIANCES
              BYS21B        BYS21C        BYS21D        BYS21E
              ________      ________      ________      ________
                0.666         0.652         0.809         0.710


           S.E. GEOMIN ROTATED LOADINGS
                  1             2             3
              ________      ________      ________
 BYS20A         0.075         0.114         0.148
 BYS20B         0.075         0.104         0.095
 BYS20C         0.083         0.117         0.216
 BYS20D         0.089         0.115         0.348
 BYS20E         0.059         0.045         0.131
 BYS20F         0.061         0.103         0.107
 BYS20G         0.071         0.057         0.104
 BYS20H         0.087         0.083         0.189
 BYS20I         0.086         0.149         0.454
 BYS20J         0.086         0.085         0.471
 BYS20K         0.082         0.272         0.669
 BYS20L         0.009         0.277         0.561
 BYS20M         0.044         0.099         0.600
 BYS20N         0.038         0.114         0.572
 BYS21A         0.091         0.108         0.231
 BYS21B         0.077         0.074         0.114
 BYS21C         0.104         0.141         0.103
 BYS21D         0.112         0.101         0.122
 BYS21E         0.125         0.160         0.125


           S.E. GEOMIN FACTOR CORRELATIONS
                  1             2             3
              ________      ________      ________
      1         0.000
      2         0.206         0.000
      3         0.315         0.579         0.000


           S.E. ESTIMATED RESIDUAL VARIANCES
              BYS20A        BYS20B        BYS20C        BYS20D        BYS20E
              ________      ________      ________      ________      ________
                0.063         0.040         0.044         0.043         0.066


           S.E. ESTIMATED RESIDUAL VARIANCES
              BYS20F        BYS20G        BYS20H        BYS20I        BYS20J
              ________      ________      ________      ________      ________
                0.059         0.049         0.058         0.059         0.062


           S.E. ESTIMATED RESIDUAL VARIANCES
              BYS20K        BYS20L        BYS20M        BYS20N        BYS21A
              ________      ________      ________      ________      ________
                0.079         0.081         0.102         0.108         0.050


           S.E. ESTIMATED RESIDUAL VARIANCES
              BYS21B        BYS21C        BYS21D        BYS21E
              ________      ________      ________      ________
                0.062         0.061         0.084         0.114


           Est./S.E. GEOMIN ROTATED LOADINGS
                  1             2             3
              ________      ________      ________
 BYS20A         5.918        -1.342        -1.267
 BYS20B         3.396        -0.518         1.963
 BYS20C         1.750        -1.512         0.915
 BYS20D        -0.407         2.709        -0.159
 BYS20E        11.539        -0.005         0.660
 BYS20F        11.966         0.386         0.098
 BYS20G         7.798         0.160         1.430
 BYS20H        -4.001         3.481         0.080
 BYS20I        -0.312         3.169        -0.227
 BYS20J        -1.833         5.869         0.165
 BYS20K         3.197         2.316        -0.351
 BYS20L        -0.103         1.895        -0.718
 BYS20M         0.057         6.014         0.414
 BYS20N        -0.153         5.085         0.588
 BYS21A         2.271        -1.732         0.672
 BYS21B         7.348         0.011         0.449
 BYS21C         3.348        -0.385         3.800
 BYS21D         1.609         0.088         3.044
 BYS21E         1.173         0.123         4.000


           Est./S.E. GEOMIN FACTOR CORRELATIONS
                  1             2             3
              ________      ________      ________
      1         0.000
      2        -2.039         0.000
      3         0.552        -0.308         0.000


           Est./S.E. ESTIMATED RESIDUAL VARIANCES
              BYS20A        BYS20B        BYS20C        BYS20D        BYS20E
              ________      ________      ________      ________      ________
               11.644        21.433        19.477        20.525         7.737


           Est./S.E. ESTIMATED RESIDUAL VARIANCES
              BYS20F        BYS20G        BYS20H        BYS20I        BYS20J
              ________      ________      ________      ________      ________
                8.291        13.182        12.341        12.487        10.965


           Est./S.E. ESTIMATED RESIDUAL VARIANCES
              BYS20K        BYS20L        BYS20M        BYS20N        BYS21A
              ________      ________      ________      ________      ________
                7.409         5.967         6.274         5.765        16.739


           Est./S.E. ESTIMATED RESIDUAL VARIANCES
              BYS21B        BYS21C        BYS21D        BYS21E
              ________      ________      ________      ________
               10.779        10.675         9.592         6.219


           FACTOR STRUCTURE
                  1             2             3
              ________      ________      ________
 BYS20A         0.474        -0.305        -0.083
 BYS20B         0.309        -0.194         0.240
 BYS20C         0.253        -0.272         0.254
 BYS20D        -0.176         0.336        -0.117
 BYS20E         0.692        -0.300         0.205
 BYS20F         0.713        -0.268         0.130
 BYS20G         0.580        -0.252         0.244
 BYS20H        -0.468         0.433        -0.097
 BYS20I        -0.244         0.503        -0.192
 BYS20J        -0.352         0.549        -0.038
 BYS20K        -0.044         0.562        -0.302
 BYS20L        -0.292         0.598        -0.497
 BYS20M        -0.204         0.551         0.143
 BYS20N        -0.190         0.520         0.232
 BYS21A         0.313        -0.302         0.225
 BYS21B         0.576        -0.247         0.150
 BYS21C         0.438        -0.270         0.462
 BYS21D         0.240        -0.133         0.401
 BYS21E         0.225        -0.131         0.520


PLOT INFORMATION

The following plots are available:

  Histograms (sample values)
  Scatterplots (sample values)
  Eigenvalues for exploratory factor analysis

     Beginning Time:  19:17:10
        Ending Time:  19:17:13
       Elapsed Time:  00:00:03



MUTHEN & MUTHEN
3463 Stoner Ave.
Los Angeles, CA  90066

Tel: (310) 391-9971
Fax: (310) 391-8971
Web: www.StatModel.com
Support: Support@StatModel.com

Copyright (c) 1998-2019 Muthen & Muthen
