Mplus VERSION 8.3 (Mac)
MUTHEN & MUTHEN
03/10/2020   2:00 PM

INPUT INSTRUCTIONS

  TITLE:
  Higher Order FA Models - HSLS SCIENCE
  DATA:
  FILE = "/Users/agarber/Desktop/FA_W20/Lab10_FA/2nd_order_FA/cfa_baseline.dat";

  VARIABLE:
  NAMES = STU_ID X1STDOB X1SES X1SEX X1RACE X1PAR1ED X1PAR2ED X1TXMTSC X2TXMTSC
       X3TGPA9T X3TGPAAC X1STUEDE X1PAREDE S1MPERS1 S1MPERS2 S1MUSELI S1MUSECL
       S1MUSEJO S1MTESTS S1MTEXTB S1MSKILL S1MASSEX S1MENJNG S1MWASTE S1MBORIN
       S1MENJYS S1SPERS1 S1SPERS2 S1SUSELI S1SUSECL S1SUSEJO S1STESTS S1STEXTB
       S1SSKILL S1SASSEX S1SENJNG S1SWASTE S1SBORIN S1SENJYS S1SAFE S1PROUD S1TALKPR
       S1SCHWAS S1GOODGR S1NOHWDN S1NOPAPE S1NOBOOK S1LATE;
   MISSING=.;
   usevar =
   S1SPERS1 S1SPERS2 S1SUSELI S1SUSECL
   S1SUSEJO S1STESTS S1STEXTB S1SSKILL
   S1SASSEX S1SENJNG S1SWASTE S1SBORIN;
  ANALYSIS:
  estimator=mlr;
  MODEL:
  SCI_ID BY S1SPERS1* S1SPERS2;
    SCI_ID@1;

    SCI_UT BY S1SUSELI* S1SUSECL S1SUSEJO;
    SCI_UT@1;

    SCI_EFF BY S1STESTS* S1STEXTB S1SSKILL S1SASSEX ;
    SCI_EFF@1;

    SCI_INT BY S1SENJNG* S1SWASTE S1SBORIN;
    SCI_INT@1;

    ! Regress the higher-order factor on the 4 sub-factors
    F2NDORDR BY SCI_ID SCI_UT SCI_EFF SCI_INT
  OUTPUT:
  sampstat standardized residual modindices (3.84);
  PLOT:
  type = plot3;



*** WARNING
  Data set contains cases with missing on all variables.
  These cases were not included in the analysis.
  Number of cases with missing on all variables:  257
   1 WARNING(S) FOUND IN THE INPUT INSTRUCTIONS




Higher Order FA Models - HSLS SCIENCE

SUMMARY OF ANALYSIS

Number of groups                                                 1
Number of observations                                        2743

Number of dependent variables                                   12
Number of independent variables                                  0
Number of continuous latent variables                            5

Observed dependent variables

  Continuous
   S1SPERS1    S1SPERS2    S1SUSELI    S1SUSECL    S1SUSEJO    S1STESTS
   S1STEXTB    S1SSKILL    S1SASSEX    S1SENJNG    S1SWASTE    S1SBORIN

Continuous latent variables
   SCI_ID      SCI_UT      SCI_EFF     SCI_INT     F2NDORDR


Estimator                                                      MLR
Information matrix                                        OBSERVED
Maximum number of iterations                                  1000
Convergence criterion                                    0.500D-04
Maximum number of steepest descent iterations                   20
Maximum number of iterations for H1                           2000
Convergence criterion for H1                             0.100D-03

Input data file(s)
  /Users/agarber/Desktop/FA_W20/Lab10_FA/2nd_order_FA/cfa_baseline.dat

Input data format  FREE


SUMMARY OF DATA

     Number of missing data patterns            36


COVARIANCE COVERAGE OF DATA

Minimum covariance coverage value   0.100


     PROPORTION OF DATA PRESENT


           Covariance Coverage
              S1SPERS1      S1SPERS2      S1SUSELI      S1SUSECL      S1SUSEJO
              ________      ________      ________      ________      ________
 S1SPERS1       0.996
 S1SPERS2       0.984         0.986
 S1SUSELI       0.808         0.802         0.811
 S1SUSECL       0.808         0.801         0.809         0.810
 S1SUSEJO       0.805         0.799         0.807         0.806         0.808
 S1STESTS       0.817         0.808         0.808         0.808         0.806
 S1STEXTB       0.815         0.808         0.807         0.806         0.804
 S1SSKILL       0.814         0.807         0.806         0.806         0.803
 S1SASSEX       0.813         0.806         0.806         0.805         0.803
 S1SENJNG       0.816         0.808         0.809         0.809         0.806
 S1SWASTE       0.816         0.808         0.809         0.808         0.806
 S1SBORIN       0.814         0.807         0.807         0.806         0.805


           Covariance Coverage
              S1STESTS      S1STEXTB      S1SSKILL      S1SASSEX      S1SENJNG
              ________      ________      ________      ________      ________
 S1STESTS       0.819
 S1STEXTB       0.815         0.817
 S1SSKILL       0.814         0.813         0.816
 S1SASSEX       0.814         0.812         0.812         0.816
 S1SENJNG       0.816         0.814         0.814         0.813         0.819
 S1SWASTE       0.816         0.814         0.813         0.813         0.816
 S1SBORIN       0.814         0.813         0.812         0.812         0.815


           Covariance Coverage
              S1SWASTE      S1SBORIN
              ________      ________
 S1SWASTE       0.818
 S1SBORIN       0.816         0.816


SAMPLE STATISTICS


     ESTIMATED SAMPLE STATISTICS


           Means
              S1SPERS1      S1SPERS2      S1SUSELI      S1SUSECL      S1SUSEJO
              ________      ________      ________      ________      ________
                2.335         2.240         2.633         3.199         2.875


           Means
              S1STESTS      S1STEXTB      S1SSKILL      S1SASSEX      S1SENJNG
              ________      ________      ________      ________      ________
                2.848         2.635         2.849         2.989         2.765


           Means
              S1SWASTE      S1SBORIN
              ________      ________
                3.080         2.690


           Covariances
              S1SPERS1      S1SPERS2      S1SUSELI      S1SUSECL      S1SUSEJO
              ________      ________      ________      ________      ________
 S1SPERS1       0.826
 S1SPERS2       0.558         0.723
 S1SUSELI       0.191         0.152         0.589
 S1SUSECL       0.170         0.137         0.232         0.451
 S1SUSEJO       0.265         0.217         0.308         0.309         0.687
 S1STESTS       0.278         0.221         0.144         0.137         0.151
 S1STEXTB       0.300         0.252         0.152         0.133         0.167
 S1SSKILL       0.284         0.233         0.151         0.149         0.171
 S1SASSEX       0.254         0.211         0.130         0.137         0.153
 S1SENJNG       0.325         0.259         0.241         0.203         0.242
 S1SWASTE       0.217         0.183         0.216         0.200         0.242
 S1SBORIN       0.260         0.208         0.208         0.153         0.235


           Covariances
              S1STESTS      S1STEXTB      S1SSKILL      S1SASSEX      S1SENJNG
              ________      ________      ________      ________      ________
 S1STESTS       0.530
 S1STEXTB       0.359         0.605
 S1SSKILL       0.335         0.359         0.510
 S1SASSEX       0.345         0.311         0.339         0.471
 S1SENJNG       0.279         0.262         0.249         0.243         0.693
 S1SWASTE       0.195         0.164         0.188         0.175         0.378
 S1SBORIN       0.211         0.183         0.194         0.180         0.459


           Covariances
              S1SWASTE      S1SBORIN
              ________      ________
 S1SWASTE       0.638
 S1SBORIN       0.462         0.837


           Correlations
              S1SPERS1      S1SPERS2      S1SUSELI      S1SUSECL      S1SUSEJO
              ________      ________      ________      ________      ________
 S1SPERS1       1.000
 S1SPERS2       0.722         1.000
 S1SUSELI       0.273         0.233         1.000
 S1SUSECL       0.278         0.240         0.450         1.000
 S1SUSEJO       0.352         0.307         0.485         0.555         1.000
 S1STESTS       0.421         0.357         0.257         0.280         0.250
 S1STEXTB       0.425         0.381         0.255         0.255         0.259
 S1SSKILL       0.437         0.383         0.276         0.312         0.289
 S1SASSEX       0.407         0.362         0.248         0.299         0.268
 S1SENJNG       0.430         0.365         0.378         0.363         0.350
 S1SWASTE       0.299         0.270         0.352         0.373         0.366
 S1SBORIN       0.312         0.268         0.296         0.250         0.310


           Correlations
              S1STESTS      S1STEXTB      S1SSKILL      S1SASSEX      S1SENJNG
              ________      ________      ________      ________      ________
 S1STESTS       1.000
 S1STEXTB       0.633         1.000
 S1SSKILL       0.644         0.645         1.000
 S1SASSEX       0.692         0.583         0.692         1.000
 S1SENJNG       0.460         0.404         0.420         0.425         1.000
 S1SWASTE       0.335         0.265         0.330         0.320         0.569
 S1SBORIN       0.316         0.257         0.297         0.287         0.603


           Correlations
              S1SWASTE      S1SBORIN
              ________      ________
 S1SWASTE       1.000
 S1SBORIN       0.633         1.000


     MAXIMUM LOG-LIKELIHOOD VALUE FOR THE UNRESTRICTED (H1) MODEL IS -26355.565


UNIVARIATE SAMPLE STATISTICS


     UNIVARIATE HIGHER-ORDER MOMENT DESCRIPTIVE STATISTICS

         Variable/         Mean/     Skewness/   Minimum/ % with                Percentiles
        Sample Size      Variance    Kurtosis    Maximum  Min/Max      20%/60%    40%/80%    Median

     S1SPERS1              2.336       0.115       1.000   19.76%       2.000      2.000      2.000
            2733.000       0.825      -0.810       4.000   10.32%       3.000      3.000
     S1SPERS2              2.241       0.170       1.000   20.34%       1.000      2.000      2.000
            2704.000       0.723      -0.656       4.000    6.66%       2.000      3.000
     S1SUSELI              2.641      -0.099       1.000    6.12%       2.000      2.000      3.000
            2224.000       0.589      -0.364       4.000   11.83%       3.000      3.000
     S1SUSECL              3.206      -0.750       1.000    2.43%       3.000      3.000      3.000
            2223.000       0.451       1.211       4.000   32.52%       3.000      4.000
     S1SUSEJO              2.886      -0.412       1.000    5.96%       2.000      3.000      3.000
            2216.000       0.687      -0.343       4.000   23.33%       3.000      4.000
     S1STESTS              2.858      -0.281       1.000    3.25%       2.000      3.000      3.000
            2246.000       0.530      -0.100       4.000   17.14%       3.000      3.000
     S1STEXTB              2.646      -0.149       1.000    6.74%       2.000      2.000      3.000
            2241.000       0.606      -0.362       4.000   12.14%       3.000      3.000
     S1SSKILL              2.860      -0.289       1.000    3.04%       2.000      3.000      3.000
            2239.000       0.510      -0.022       4.000   16.44%       3.000      3.000
     S1SASSEX              2.998      -0.423       1.000    2.28%       3.000      3.000      3.000
            2237.000       0.469       0.368       4.000   21.10%       3.000      4.000
     S1SENJNG              2.778      -0.367       1.000    7.70%       2.000      3.000      3.000
            2246.000       0.693      -0.353       4.000   18.30%       3.000      3.000
     S1SWASTE              3.088      -0.748       1.000    4.99%       3.000      3.000      3.000
            2245.000       0.637       0.321       4.000   31.63%       3.000      4.000
     S1SBORIN              2.699      -0.267       1.000   11.43%       2.000      3.000      3.000
            2239.000       0.837      -0.729       4.000   19.92%       3.000      3.000


THE MODEL ESTIMATION TERMINATED NORMALLY



MODEL FIT INFORMATION

Number of Free Parameters                       40

Loglikelihood

          H0 Value                      -26588.793
          H0 Scaling Correction Factor      1.1798
            for MLR
          H1 Value                      -26355.565
          H1 Scaling Correction Factor      1.1877
            for MLR

Information Criteria

          Akaike (AIC)                   53257.586
          Bayesian (BIC)                 53494.258
          Sample-Size Adjusted BIC       53367.165
            (n* = (n + 2) / 24)

Chi-Square Test of Model Fit

          Value                            390.662*
          Degrees of Freedom                    50
          P-Value                           0.0000
          Scaling Correction Factor         1.1940
            for MLR

*   The chi-square value for MLM, MLMV, MLR, ULSMV, WLSM and WLSMV cannot be used
    for chi-square difference testing in the regular way.  MLM, MLR and WLSM
    chi-square difference testing is described on the Mplus website.  MLMV, WLSMV,
    and ULSMV difference testing is done using the DIFFTEST option.

RMSEA (Root Mean Square Error Of Approximation)

          Estimate                           0.050
          90 Percent C.I.                    0.045  0.054
          Probability RMSEA <= .05           0.513

CFI/TLI

          CFI                                0.966
          TLI                                0.956

Chi-Square Test of Model Fit for the Baseline Model

          Value                          10230.981
          Degrees of Freedom                    66
          P-Value                           0.0000

SRMR (Standardized Root Mean Square Residual)

          Value                              0.038



MODEL RESULTS

                                                    Two-Tailed
                    Estimate       S.E.  Est./S.E.    P-Value

 SCI_ID   BY
    S1SPERS1           0.590      0.022     26.349      0.000
    S1SPERS2           0.481      0.017     28.075      0.000

 SCI_UT   BY
    S1SUSELI           0.353      0.015     23.283      0.000
    S1SUSECL           0.343      0.016     21.098      0.000
    S1SUSEJO           0.451      0.019     23.365      0.000

 SCI_EFF  BY
    S1STESTS           0.399      0.014     27.528      0.000
    S1STEXTB           0.394      0.015     26.696      0.000
    S1SSKILL           0.395      0.014     27.615      0.000
    S1SASSEX           0.378      0.014     26.664      0.000

 SCI_INT  BY
    S1SENJNG           0.424      0.018     23.502      0.000
    S1SWASTE           0.386      0.021     18.715      0.000
    S1SBORIN           0.448      0.024     18.748      0.000

 F2NDORDR BY
    SCI_ID             1.000      0.000    999.000    999.000
    SCI_UT             0.998      0.100      9.950      0.000
    SCI_EFF            1.126      0.082     13.755      0.000
    SCI_INT            1.227      0.130      9.444      0.000

 Intercepts
    S1SPERS1           2.335      0.017    134.512      0.000
    S1SPERS2           2.240      0.016    137.567      0.000
    S1SUSELI           2.632      0.016    162.776      0.000
    S1SUSECL           3.199      0.014    224.846      0.000
    S1SUSEJO           2.876      0.017    164.650      0.000
    S1STESTS           2.849      0.015    187.656      0.000
    S1STEXTB           2.637      0.016    162.882      0.000
    S1SSKILL           2.850      0.015    191.449      0.000
    S1SASSEX           2.989      0.014    208.286      0.000
    S1SENJNG           2.766      0.017    160.035      0.000
    S1SWASTE           3.078      0.017    183.169      0.000
    S1SBORIN           2.688      0.019    140.032      0.000

 Variances
    F2NDORDR           0.966      0.121      8.007      0.000

 Residual Variances
    S1SPERS1           0.141      0.019      7.394      0.000
    S1SPERS2           0.269      0.016     16.917      0.000
    S1SUSELI           0.345      0.014     25.135      0.000
    S1SUSECL           0.220      0.012     18.932      0.000
    S1SUSEJO           0.289      0.017     16.818      0.000
    S1STESTS           0.176      0.009     19.400      0.000
    S1STEXTB           0.259      0.010     26.578      0.000
    S1SSKILL           0.162      0.008     20.634      0.000
    S1SASSEX           0.153      0.009     16.984      0.000
    S1SENJNG           0.252      0.018     13.827      0.000
    S1SWASTE           0.272      0.014     19.126      0.000
    S1SBORIN           0.345      0.019     18.465      0.000
    SCI_ID             1.000      0.000    999.000    999.000
    SCI_UT             1.000      0.000    999.000    999.000
    SCI_EFF            1.000      0.000    999.000    999.000
    SCI_INT            1.000      0.000    999.000    999.000


STANDARDIZED MODEL RESULTS


STDYX Standardization

                                                    Two-Tailed
                    Estimate       S.E.  Est./S.E.    P-Value

 SCI_ID   BY
    S1SPERS1           0.910      0.013     70.949      0.000
    S1SPERS2           0.793      0.014     55.876      0.000

 SCI_UT   BY
    S1SUSELI           0.643      0.018     34.812      0.000
    S1SUSECL           0.716      0.018     40.315      0.000
    S1SUSEJO           0.761      0.016     47.228      0.000

 SCI_EFF  BY
    S1STESTS           0.817      0.011     77.262      0.000
    S1STEXTB           0.756      0.012     65.568      0.000
    S1SSKILL           0.826      0.010     80.333      0.000
    S1SASSEX           0.822      0.012     68.831      0.000

 SCI_INT  BY
    S1SENJNG           0.798      0.016     49.128      0.000
    S1SWASTE           0.757      0.015     49.310      0.000
    S1SBORIN           0.767      0.015     51.672      0.000

 F2NDORDR BY
    SCI_ID             0.701      0.022     31.483      0.000
    SCI_UT             0.700      0.024     29.586      0.000
    SCI_EFF            0.742      0.020     37.993      0.000
    SCI_INT            0.770      0.022     34.444      0.000

 Intercepts
    S1SPERS1           2.571      0.031     82.278      0.000
    S1SPERS2           2.636      0.033     80.885      0.000
    S1SUSELI           3.430      0.053     65.140      0.000
    S1SUSECL           4.765      0.101     47.040      0.000
    S1SUSEJO           3.468      0.058     60.154      0.000
    S1STESTS           3.914      0.064     60.787      0.000
    S1STEXTB           3.390      0.052     64.669      0.000
    S1SSKILL           3.992      0.067     59.785      0.000
    S1SASSEX           4.358      0.079     55.107      0.000
    S1SENJNG           3.324      0.055     60.822      0.000
    S1SWASTE           3.855      0.075     51.696      0.000
    S1SBORIN           2.937      0.045     65.509      0.000

 Variances
    F2NDORDR           1.000      0.000    999.000    999.000

 Residual Variances
    S1SPERS1           0.171      0.023      7.318      0.000
    S1SPERS2           0.372      0.022     16.528      0.000
    S1SUSELI           0.586      0.024     24.639      0.000
    S1SUSECL           0.487      0.025     19.161      0.000
    S1SUSEJO           0.420      0.025     17.115      0.000
    S1STESTS           0.332      0.017     19.228      0.000
    S1STEXTB           0.428      0.017     24.549      0.000
    S1SSKILL           0.318      0.017     18.761      0.000
    S1SASSEX           0.325      0.020     16.546      0.000
    S1SENJNG           0.363      0.026     14.012      0.000
    S1SWASTE           0.427      0.023     18.342      0.000
    S1SBORIN           0.412      0.023     18.116      0.000
    SCI_ID             0.509      0.031     16.298      0.000
    SCI_UT             0.510      0.033     15.391      0.000
    SCI_EFF            0.449      0.029     15.500      0.000
    SCI_INT            0.408      0.034     11.852      0.000


STDY Standardization

                                                    Two-Tailed
                    Estimate       S.E.  Est./S.E.    P-Value

 SCI_ID   BY
    S1SPERS1           0.910      0.013     70.949      0.000
    S1SPERS2           0.793      0.014     55.876      0.000

 SCI_UT   BY
    S1SUSELI           0.643      0.018     34.812      0.000
    S1SUSECL           0.716      0.018     40.315      0.000
    S1SUSEJO           0.761      0.016     47.228      0.000

 SCI_EFF  BY
    S1STESTS           0.817      0.011     77.262      0.000
    S1STEXTB           0.756      0.012     65.568      0.000
    S1SSKILL           0.826      0.010     80.333      0.000
    S1SASSEX           0.822      0.012     68.831      0.000

 SCI_INT  BY
    S1SENJNG           0.798      0.016     49.128      0.000
    S1SWASTE           0.757      0.015     49.310      0.000
    S1SBORIN           0.767      0.015     51.672      0.000

 F2NDORDR BY
    SCI_ID             0.701      0.022     31.483      0.000
    SCI_UT             0.700      0.024     29.586      0.000
    SCI_EFF            0.742      0.020     37.993      0.000
    SCI_INT            0.770      0.022     34.444      0.000

 Intercepts
    S1SPERS1           2.571      0.031     82.278      0.000
    S1SPERS2           2.636      0.033     80.885      0.000
    S1SUSELI           3.430      0.053     65.140      0.000
    S1SUSECL           4.765      0.101     47.040      0.000
    S1SUSEJO           3.468      0.058     60.154      0.000
    S1STESTS           3.914      0.064     60.787      0.000
    S1STEXTB           3.390      0.052     64.669      0.000
    S1SSKILL           3.992      0.067     59.785      0.000
    S1SASSEX           4.358      0.079     55.107      0.000
    S1SENJNG           3.324      0.055     60.822      0.000
    S1SWASTE           3.855      0.075     51.696      0.000
    S1SBORIN           2.937      0.045     65.509      0.000

 Variances
    F2NDORDR           1.000      0.000    999.000    999.000

 Residual Variances
    S1SPERS1           0.171      0.023      7.318      0.000
    S1SPERS2           0.372      0.022     16.528      0.000
    S1SUSELI           0.586      0.024     24.639      0.000
    S1SUSECL           0.487      0.025     19.161      0.000
    S1SUSEJO           0.420      0.025     17.115      0.000
    S1STESTS           0.332      0.017     19.228      0.000
    S1STEXTB           0.428      0.017     24.549      0.000
    S1SSKILL           0.318      0.017     18.761      0.000
    S1SASSEX           0.325      0.020     16.546      0.000
    S1SENJNG           0.363      0.026     14.012      0.000
    S1SWASTE           0.427      0.023     18.342      0.000
    S1SBORIN           0.412      0.023     18.116      0.000
    SCI_ID             0.509      0.031     16.298      0.000
    SCI_UT             0.510      0.033     15.391      0.000
    SCI_EFF            0.449      0.029     15.500      0.000
    SCI_INT            0.408      0.034     11.852      0.000


STD Standardization

                                                    Two-Tailed
                    Estimate       S.E.  Est./S.E.    P-Value

 SCI_ID   BY
    S1SPERS1           0.827      0.015     53.483      0.000
    S1SPERS2           0.674      0.016     42.956      0.000

 SCI_UT   BY
    S1SUSELI           0.494      0.018     27.845      0.000
    S1SUSECL           0.481      0.017     27.727      0.000
    S1SUSEJO           0.631      0.017     36.623      0.000

 SCI_EFF  BY
    S1STESTS           0.595      0.013     45.311      0.000
    S1STEXTB           0.588      0.014     41.035      0.000
    S1SSKILL           0.590      0.014     43.316      0.000
    S1SASSEX           0.564      0.014     40.131      0.000

 SCI_INT  BY
    S1SENJNG           0.664      0.017     38.373      0.000
    S1SWASTE           0.605      0.018     33.259      0.000
    S1SBORIN           0.702      0.018     39.712      0.000

 F2NDORDR BY
    SCI_ID             0.701      0.022     31.483      0.000
    SCI_UT             0.700      0.024     29.586      0.000
    SCI_EFF            0.742      0.020     37.993      0.000
    SCI_INT            0.770      0.022     34.444      0.000

 Intercepts
    S1SPERS1           2.335      0.017    134.512      0.000
    S1SPERS2           2.240      0.016    137.567      0.000
    S1SUSELI           2.632      0.016    162.776      0.000
    S1SUSECL           3.199      0.014    224.846      0.000
    S1SUSEJO           2.876      0.017    164.650      0.000
    S1STESTS           2.849      0.015    187.656      0.000
    S1STEXTB           2.637      0.016    162.882      0.000
    S1SSKILL           2.850      0.015    191.449      0.000
    S1SASSEX           2.989      0.014    208.286      0.000
    S1SENJNG           2.766      0.017    160.035      0.000
    S1SWASTE           3.078      0.017    183.169      0.000
    S1SBORIN           2.688      0.019    140.032      0.000

 Variances
    F2NDORDR           1.000      0.000    999.000    999.000

 Residual Variances
    S1SPERS1           0.141      0.019      7.394      0.000
    S1SPERS2           0.269      0.016     16.917      0.000
    S1SUSELI           0.345      0.014     25.135      0.000
    S1SUSECL           0.220      0.012     18.932      0.000
    S1SUSEJO           0.289      0.017     16.818      0.000
    S1STESTS           0.176      0.009     19.400      0.000
    S1STEXTB           0.259      0.010     26.578      0.000
    S1SSKILL           0.162      0.008     20.634      0.000
    S1SASSEX           0.153      0.009     16.984      0.000
    S1SENJNG           0.252      0.018     13.827      0.000
    S1SWASTE           0.272      0.014     19.126      0.000
    S1SBORIN           0.345      0.019     18.465      0.000
    SCI_ID             0.509      0.031     16.298      0.000
    SCI_UT             0.510      0.033     15.391      0.000
    SCI_EFF            0.449      0.029     15.500      0.000
    SCI_INT            0.408      0.034     11.852      0.000


R-SQUARE

    Observed                                        Two-Tailed
    Variable        Estimate       S.E.  Est./S.E.    P-Value

    S1SPERS1           0.829      0.023     35.475      0.000
    S1SPERS2           0.628      0.022     27.938      0.000
    S1SUSELI           0.414      0.024     17.406      0.000
    S1SUSECL           0.513      0.025     20.158      0.000
    S1SUSEJO           0.580      0.025     23.614      0.000
    S1STESTS           0.668      0.017     38.631      0.000
    S1STEXTB           0.572      0.017     32.784      0.000
    S1SSKILL           0.682      0.017     40.167      0.000
    S1SASSEX           0.675      0.020     34.416      0.000
    S1SENJNG           0.637      0.026     24.564      0.000
    S1SWASTE           0.573      0.023     24.655      0.000
    S1SBORIN           0.588      0.023     25.836      0.000

     Latent                                         Two-Tailed
    Variable        Estimate       S.E.  Est./S.E.    P-Value

    SCI_ID             0.491      0.031     15.741      0.000
    SCI_UT             0.490      0.033     14.793      0.000
    SCI_EFF            0.551      0.029     18.996      0.000
    SCI_INT            0.592      0.034     17.222      0.000


QUALITY OF NUMERICAL RESULTS

     Condition Number for the Information Matrix              0.120E-02
       (ratio of smallest to largest eigenvalue)


RESIDUAL OUTPUT


     ESTIMATED MODEL AND RESIDUALS (OBSERVED - ESTIMATED)


           Model Estimated Means
              S1SPERS1      S1SPERS2      S1SUSELI      S1SUSECL      S1SUSEJO
              ________      ________      ________      ________      ________
                2.335         2.240         2.632         3.199         2.876


           Model Estimated Means
              S1STESTS      S1STEXTB      S1SSKILL      S1SASSEX      S1SENJNG
              ________      ________      ________      ________      ________
                2.849         2.637         2.850         2.989         2.766


           Model Estimated Means
              S1SWASTE      S1SBORIN
              ________      ________
                3.078         2.688


           Residuals for Means
              S1SPERS1      S1SPERS2      S1SUSELI      S1SUSECL      S1SUSEJO
              ________      ________      ________      ________      ________
                0.000         0.000         0.000         0.001        -0.001


           Residuals for Means
              S1STESTS      S1STEXTB      S1SSKILL      S1SASSEX      S1SENJNG
              ________      ________      ________      ________      ________
               -0.001        -0.002        -0.001        -0.001        -0.001


           Residuals for Means
              S1SWASTE      S1SBORIN
              ________      ________
                0.002         0.002


           Standardized Residuals (z-scores) for Means
              S1SPERS1      S1SPERS2      S1SUSELI      S1SUSECL      S1SUSEJO
              ________      ________      ________      ________      ________
               -1.047        -1.394         0.732       999.000        -0.595


           Standardized Residuals (z-scores) for Means
              S1STESTS      S1STEXTB      S1SSKILL      S1SASSEX      S1SENJNG
              ________      ________      ________      ________      ________
              999.000       -10.154       999.000       999.000        -1.691


           Standardized Residuals (z-scores) for Means
              S1SWASTE      S1SBORIN
              ________      ________
              999.000         3.611


           Normalized Residuals for Means
              S1SPERS1      S1SPERS2      S1SUSELI      S1SUSECL      S1SUSEJO
              ________      ________      ________      ________      ________
               -0.017        -0.012         0.025         0.059        -0.029


           Normalized Residuals for Means
              S1STESTS      S1STEXTB      S1SSKILL      S1SASSEX      S1SENJNG
              ________      ________      ________      ________      ________
               -0.052        -0.106        -0.086        -0.045        -0.060


           Normalized Residuals for Means
              S1SWASTE      S1SBORIN
              ________      ________
                0.107         0.101


           Model Estimated Covariances
              S1SPERS1      S1SPERS2      S1SUSELI      S1SUSECL      S1SUSEJO
              ________      ________      ________      ________      ________
 S1SPERS1       0.825
 S1SPERS2       0.557         0.722
 S1SUSELI       0.200         0.163         0.589
 S1SUSECL       0.195         0.159         0.237         0.451
 S1SUSEJO       0.256         0.209         0.312         0.303         0.688
 S1STESTS       0.256         0.208         0.153         0.148         0.195
 S1STEXTB       0.253         0.206         0.151         0.147         0.193
 S1SSKILL       0.254         0.207         0.151         0.147         0.193
 S1SASSEX       0.243         0.198         0.145         0.141         0.185
 S1SENJNG       0.296         0.241         0.177         0.172         0.226
 S1SWASTE       0.270         0.220         0.161         0.157         0.206
 S1SBORIN       0.313         0.255         0.187         0.182         0.239


           Model Estimated Covariances
              S1STESTS      S1STEXTB      S1SSKILL      S1SASSEX      S1SENJNG
              ________      ________      ________      ________      ________
 S1STESTS       0.530
 S1STEXTB       0.350         0.605
 S1SSKILL       0.351         0.347         0.510
 S1SASSEX       0.335         0.332         0.332         0.471
 S1SENJNG       0.226         0.223         0.224         0.214         0.692
 S1SWASTE       0.205         0.203         0.204         0.195         0.401
 S1SBORIN       0.238         0.236         0.236         0.226         0.466


           Model Estimated Covariances
              S1SWASTE      S1SBORIN
              ________      ________
 S1SWASTE       0.637
 S1SBORIN       0.424         0.837


           Model Estimated Correlations
              S1SPERS1      S1SPERS2      S1SUSELI      S1SUSECL      S1SUSEJO
              ________      ________      ________      ________      ________
 S1SPERS1       1.000
 S1SPERS2       0.722         1.000
 S1SUSELI       0.287         0.250         1.000
 S1SUSECL       0.320         0.278         0.461         1.000
 S1SUSEJO       0.340         0.296         0.490         0.545         1.000
 S1STESTS       0.387         0.337         0.273         0.304         0.323
 S1STEXTB       0.358         0.312         0.253         0.281         0.299
 S1SSKILL       0.391         0.340         0.276         0.307         0.327
 S1SASSEX       0.389         0.339         0.275         0.306         0.325
 S1SENJNG       0.392         0.341         0.277         0.308         0.327
 S1SWASTE       0.372         0.324         0.263         0.292         0.311
 S1SBORIN       0.377         0.328         0.266         0.296         0.315


           Model Estimated Correlations
              S1STESTS      S1STEXTB      S1SSKILL      S1SASSEX      S1SENJNG
              ________      ________      ________      ________      ________
 S1STESTS       1.000
 S1STEXTB       0.618         1.000
 S1SSKILL       0.675         0.624         1.000
 S1SASSEX       0.671         0.621         0.678         1.000
 S1SENJNG       0.372         0.345         0.376         0.375         1.000
 S1SWASTE       0.353         0.327         0.357         0.355         0.604
 S1SBORIN       0.358         0.331         0.362         0.360         0.612


           Model Estimated Correlations
              S1SWASTE      S1SBORIN
              ________      ________
 S1SWASTE       1.000
 S1SBORIN       0.581         1.000


           Residuals for Covariances
              S1SPERS1      S1SPERS2      S1SUSELI      S1SUSECL      S1SUSEJO
              ________      ________      ________      ________      ________
 S1SPERS1       0.001
 S1SPERS2       0.000         0.000
 S1SUSELI      -0.010        -0.011         0.000
 S1SUSECL      -0.026        -0.022        -0.005         0.000
 S1SUSEJO       0.009         0.008        -0.003         0.005         0.000
 S1STESTS       0.023         0.012        -0.009        -0.011        -0.044
 S1STEXTB       0.047         0.046         0.001        -0.013        -0.026
 S1SSKILL       0.030         0.026         0.000         0.002        -0.022
 S1SASSEX       0.011         0.014        -0.014        -0.003        -0.032
 S1SENJNG       0.029         0.017         0.065         0.031         0.016
 S1SWASTE      -0.053        -0.037         0.055         0.043         0.037
 S1SBORIN      -0.053        -0.047         0.021        -0.028        -0.003


           Residuals for Covariances
              S1STESTS      S1STEXTB      S1SSKILL      S1SASSEX      S1SENJNG
              ________      ________      ________      ________      ________
 S1STESTS       0.000
 S1STEXTB       0.009         0.000
 S1SSKILL      -0.016         0.012         0.000
 S1SASSEX       0.010        -0.021         0.007         0.000
 S1SENJNG       0.053         0.038         0.026         0.029         0.000
 S1SWASTE      -0.011        -0.039        -0.016        -0.020        -0.023
 S1SBORIN      -0.028        -0.053        -0.042        -0.046        -0.007


           Residuals for Covariances
              S1SWASTE      S1SBORIN
              ________      ________
 S1SWASTE       0.000
 S1SBORIN       0.038         0.000


           Residuals for Correlations
              S1SPERS1      S1SPERS2      S1SUSELI      S1SUSECL      S1SUSEJO
              ________      ________      ________      ________      ________
 S1SPERS1       0.000
 S1SPERS2       0.000         0.000
 S1SUSELI      -0.014        -0.017         0.000
 S1SUSECL      -0.042        -0.039        -0.011         0.000
 S1SUSEJO       0.012         0.011        -0.005         0.010         0.000
 S1STESTS       0.034         0.020        -0.016        -0.023        -0.073
 S1STEXTB       0.067         0.069         0.002        -0.026        -0.040
 S1SSKILL       0.046         0.043         0.000         0.004        -0.037
 S1SASSEX       0.018         0.023        -0.027        -0.007        -0.057
 S1SENJNG       0.038         0.024         0.101         0.055         0.023
 S1SWASTE      -0.073        -0.054         0.090         0.081         0.055
 S1SBORIN      -0.064        -0.060         0.030        -0.046        -0.004


           Residuals for Correlations
              S1STESTS      S1STEXTB      S1SSKILL      S1SASSEX      S1SENJNG
              ________      ________      ________      ________      ________
 S1STESTS       0.000
 S1STEXTB       0.015         0.000
 S1SSKILL      -0.031         0.021         0.000
 S1SASSEX       0.020        -0.039         0.013         0.000
 S1SENJNG       0.088         0.059         0.043         0.051         0.000
 S1SWASTE      -0.019        -0.062        -0.028        -0.036        -0.035
 S1SBORIN      -0.042        -0.074        -0.064        -0.073        -0.009


           Residuals for Correlations
              S1SWASTE      S1SBORIN
              ________      ________
 S1SWASTE       0.000
 S1SBORIN       0.052         0.000


           Standardized Residuals (z-scores) for Covariances
              S1SPERS1      S1SPERS2      S1SUSELI      S1SUSECL      S1SUSEJO
              ________      ________      ________      ________      ________
 S1SPERS1       0.669
 S1SPERS2       0.493         0.376
 S1SUSELI      -0.955        -1.068         0.072
 S1SUSECL      -3.221        -2.672        -1.202         0.093
 S1SUSEJO       0.995         0.800        -0.729       999.000       999.000
 S1STESTS       8.951         2.549        -0.981        -1.383        -4.505
 S1STEXTB       9.035         6.718         0.113        -1.520        -2.331
 S1SSKILL     999.000         5.841        -0.006         0.278        -2.374
 S1SASSEX     999.000         2.963        -1.631        -0.408        -3.428
 S1SENJNG       4.754         2.400        11.189         4.763         2.268
 S1SWASTE      -5.104        -3.877         6.664         4.888         4.179
 S1SBORIN      -4.690        -4.081         2.224        -3.370        -0.311


           Standardized Residuals (z-scores) for Covariances
              S1STESTS      S1STEXTB      S1SSKILL      S1SASSEX      S1SENJNG
              ________      ________      ________      ________      ________
 S1STESTS       0.518
 S1STEXTB       2.452       999.000
 S1SSKILL      -4.628         6.763       999.000
 S1SASSEX       7.954        -4.762         4.890         0.532
 S1SENJNG      10.386         5.489         4.735         5.849       999.000
 S1SWASTE      -1.191        -3.844        -1.784        -2.245        -3.582
 S1SBORIN      -2.870        -4.779        -4.224        -4.734        -1.196


           Standardized Residuals (z-scores) for Covariances
              S1SWASTE      S1SBORIN
              ________      ________
 S1SWASTE       0.155
 S1SBORIN     999.000        -0.804


           Normalized Residuals for Covariances
              S1SPERS1      S1SPERS2      S1SUSELI      S1SUSECL      S1SUSEJO
              ________      ________      ________      ________      ________
 S1SPERS1       0.035
 S1SPERS2       0.023         0.016
 S1SUSELI      -0.611        -0.747         0.002
 S1SUSECL      -1.832        -1.690        -0.381         0.002
 S1SUSEJO       0.543         0.494        -0.209         0.354        -0.015
 S1STESTS       1.538         0.881        -0.661        -0.907        -3.050
 S1STEXTB       3.004         3.056         0.081        -1.040        -1.662
 S1SSKILL       2.042         1.837        -0.004         0.173        -1.526
 S1SASSEX       0.797         0.992        -1.092        -0.264        -2.273
 S1SENJNG       1.650         1.076         4.261         2.147         0.944
 S1SWASTE      -3.141        -2.398         3.607         2.929         2.201
 S1SBORIN      -2.921        -2.685         1.277        -1.901        -0.180


           Normalized Residuals for Covariances
              S1STESTS      S1STEXTB      S1SSKILL      S1SASSEX      S1SENJNG
              ________      ________      ________      ________      ________
 S1STESTS       0.013
 S1STEXTB       0.618         0.014
 S1SSKILL      -1.156         0.819         0.007
 S1SASSEX       0.735        -1.471         0.465         0.014
 S1SENJNG       3.637         2.528         1.745         2.050         0.004
 S1SWASTE      -0.738        -2.561        -1.076        -1.376        -1.325
 S1SBORIN      -1.794        -3.247        -2.658        -2.992        -0.370


           Normalized Residuals for Covariances
              S1SWASTE      S1SBORIN
              ________      ________
 S1SWASTE       0.006
 S1SBORIN       2.088        -0.016


MODEL MODIFICATION INDICES

NOTE:  Modification indices for direct effects of observed dependent variables
regressed on covariates may not be included.  To include these, request
MODINDICES (ALL).

Minimum M.I. value for printing the modification index     3.840

                                   M.I.     E.P.C.  Std E.P.C.  StdYX E.P.C.

BY Statements

SCI_ID   BY S1SUSECL               9.903    -0.041     -0.057       -0.086
SCI_ID   BY S1SUSEJO               3.876     0.032      0.045        0.054
SCI_ID   BY S1STEXTB              11.722     0.042      0.059        0.076
SCI_ID   BY S1SENJNG              46.286     0.102      0.143        0.172
SCI_ID   BY S1SWASTE              25.018    -0.072     -0.101       -0.126
SCI_ID   BY S1SBORIN              27.571    -0.087     -0.121       -0.133
SCI_UT   BY S1STESTS               4.191    -0.024     -0.033       -0.046
SCI_UT   BY S1SENJNG              23.877     0.079      0.111        0.133
SCI_UT   BY S1SWASTE              20.651     0.071      0.099        0.124
SCI_UT   BY S1SBORIN              25.260    -0.090     -0.126       -0.137
SCI_EFF  BY S1SPERS1               9.745     0.068      0.101        0.111
SCI_EFF  BY S1SUSEJO              18.040    -0.068     -0.102       -0.122
SCI_EFF  BY S1SENJNG              88.234     0.138      0.206        0.248
SCI_EFF  BY S1SWASTE              11.614    -0.048     -0.071       -0.090
SCI_EFF  BY S1SBORIN              53.717    -0.118     -0.176       -0.193
SCI_INT  BY S1SPERS1               5.435    -0.055     -0.086       -0.095
SCI_INT  BY S1SUSELI              22.477     0.070      0.109        0.142
SCI_INT  BY S1STESTS               4.945     0.024      0.037        0.051
F2NDORDR BY S1SUSELI               6.213     0.086      0.084        0.110
F2NDORDR BY S1SENJNG             115.446     0.454      0.447        0.537
F2NDORDR BY S1SWASTE               5.004    -0.088     -0.087       -0.108
F2NDORDR BY S1SBORIN              75.597    -0.395     -0.388       -0.424

ON/BY Statements

SCI_ID   ON SCI_EFF  /
SCI_EFF  BY SCI_ID                47.745     0.384      0.409        0.409
SCI_ID   ON SCI_INT  /
SCI_INT  BY SCI_ID                25.944    -0.308     -0.344       -0.344
SCI_UT   ON SCI_EFF  /
SCI_EFF  BY SCI_UT                25.952    -0.283     -0.301       -0.301
SCI_UT   ON SCI_INT  /
SCI_INT  BY SCI_UT                47.737     0.417      0.467        0.467
SCI_EFF  ON SCI_ID   /
SCI_ID   BY SCI_EFF               47.744     0.384      0.361        0.361
SCI_EFF  ON SCI_UT   /
SCI_UT   BY SCI_EFF               25.947    -0.283     -0.265       -0.265
SCI_INT  ON SCI_ID   /
SCI_ID   BY SCI_INT               25.946    -0.308     -0.276       -0.276
SCI_INT  ON SCI_UT   /
SCI_UT   BY SCI_INT               47.741     0.417      0.373        0.373

WITH Statements

S1SUSEJO WITH S1SUSECL             6.210     0.038      0.038        0.150
S1STESTS WITH S1SUSEJO             8.244    -0.020     -0.020       -0.090
S1STEXTB WITH S1SPERS2             3.951     0.015      0.015        0.056
S1STEXTB WITH S1STESTS             6.321     0.018      0.018        0.084
S1SSKILL WITH S1STESTS            50.584    -0.048     -0.048       -0.283
S1SSKILL WITH S1STEXTB            12.939     0.025      0.025        0.123
S1SASSEX WITH S1STESTS            20.018     0.029      0.029        0.176
S1SASSEX WITH S1STEXTB            43.410    -0.044     -0.044       -0.223
S1SASSEX WITH S1SSKILL             9.537     0.020      0.020        0.125
S1SENJNG WITH S1SPERS1             8.263     0.024      0.024        0.128
S1SENJNG WITH S1SUSELI             9.180     0.027      0.027        0.091
S1SENJNG WITH S1SUSEJO             7.456    -0.024     -0.024       -0.090
S1SENJNG WITH S1STESTS            12.840     0.023      0.023        0.111
S1SENJNG WITH S1STEXTB             7.424     0.021      0.021        0.081
S1SWASTE WITH S1SPERS1            15.544    -0.033     -0.033       -0.167
S1SWASTE WITH S1SUSECL            18.806     0.032      0.032        0.130
S1SWASTE WITH S1STEXTB            12.058    -0.026     -0.026       -0.098
S1SWASTE WITH S1SENJNG            75.606    -0.118     -0.118       -0.450
S1SBORIN WITH S1SUSECL            19.865    -0.037     -0.037       -0.135
S1SBORIN WITH S1SENJNG             5.003    -0.035     -0.035       -0.120
S1SBORIN WITH S1SWASTE           115.450     0.151      0.151        0.493
SCI_EFF  WITH SCI_ID              47.739     0.384      0.384        0.384
SCI_EFF  WITH SCI_UT              25.951    -0.283     -0.283       -0.283
SCI_INT  WITH SCI_ID              25.949    -0.308     -0.308       -0.308
SCI_INT  WITH SCI_UT              47.738     0.417      0.417        0.417


SAMPLE STATISTICS FOR ESTIMATED FACTOR SCORES


     SAMPLE STATISTICS


           Means
              SCI_ID        SCI_ID_S      SCI_UT        SCI_UT_S      SCI_EFF
              ________      ________      ________      ________      ________
                0.000         0.499         0.000         0.759         0.000


           Means
              SCI_EFF_      SCI_INT       SCI_INT_      F2NDORDR      F2NDORDR
              ________      ________      ________      ________      ________
                0.639         0.000         0.759         0.000         0.527


           Covariances
              SCI_ID        SCI_ID_S      SCI_UT        SCI_UT_S      SCI_EFF
              ________      ________      ________      ________      ________
 SCI_ID         1.716
 SCI_ID_S      -0.001         0.001
 SCI_UT         0.907        -0.002         1.331
 SCI_UT_S      -0.023         0.002        -0.011         0.054
 SCI_EFF        1.104        -0.002         0.915        -0.013         1.721
 SCI_EFF_      -0.028         0.002        -0.014         0.071        -0.016
 SCI_INT        1.100         0.000         1.078        -0.014         1.165
 SCI_INT_      -0.026         0.002        -0.013         0.063        -0.015
 F2NDORDR       0.898        -0.001         0.791        -0.011         0.928
 F2NDORDR      -0.010         0.001        -0.005         0.023        -0.005


           Covariances
              SCI_EFF_      SCI_INT       SCI_INT_      F2NDORDR      F2NDORDR
              ________      ________      ________      ________      ________
 SCI_EFF_       0.097
 SCI_INT       -0.017         1.800
 SCI_INT_       0.086        -0.016         0.077
 F2NDORDR      -0.014         0.981        -0.013         0.678
 F2NDORDR       0.032        -0.006         0.028        -0.005         0.010


           Correlations
              SCI_ID        SCI_ID_S      SCI_UT        SCI_UT_S      SCI_EFF
              ________      ________      ________      ________      ________
 SCI_ID         1.000
 SCI_ID_S      -0.027         1.000
 SCI_UT         0.600        -0.056         1.000
 SCI_UT_S      -0.076         0.217        -0.041         1.000
 SCI_EFF        0.643        -0.037         0.604        -0.041         1.000
 SCI_EFF_      -0.070         0.236        -0.040         0.979        -0.039
 SCI_INT        0.626         0.000         0.697        -0.044         0.662
 SCI_INT_      -0.072         0.215        -0.041         0.980        -0.041
 F2NDORDR       0.833        -0.032         0.832        -0.059         0.859
 F2NDORDR      -0.072         0.246        -0.042         0.986        -0.041


           Correlations
              SCI_EFF_      SCI_INT       SCI_INT_      F2NDORDR      F2NDORDR
              ________      ________      ________      ________      ________
 SCI_EFF_       1.000
 SCI_INT       -0.040         1.000
 SCI_INT_       0.995        -0.043         1.000
 F2NDORDR      -0.055         0.888        -0.057         1.000
 F2NDORDR       0.998        -0.042         0.998        -0.057         1.000


PLOT INFORMATION

The following plots are available:

  Histograms (sample values, estimated factor scores, estimated values, residuals)
  Scatterplots (sample values, estimated factor scores, estimated values, residuals)
  Latent variable distribution plots

     Beginning Time:  14:00:44
        Ending Time:  14:00:44
       Elapsed Time:  00:00:00



MUTHEN & MUTHEN
3463 Stoner Ave.
Los Angeles, CA  90066

Tel: (310) 391-9971
Fax: (310) 391-8971
Web: www.StatModel.com
Support: Support@StatModel.com

Copyright (c) 1998-2019 Muthen & Muthen
