Mplus VERSION 8.3 (Mac)
MUTHEN & MUTHEN
02/28/2020   1:09 PM

INPUT INSTRUCTIONS

  TITLE:
  CFA - ULI - LAB 6 DEMO
  DATA:
  FILE = "/Users/agarber/Desktop/FA_W20/Lab6_FA/cfa_mplus/lab6_cfa_ULI.dat";

  VARIABLE:
  NAMES = BYS44E BYS44A BYS44D BYS24C BYS24A BYS24B BYS91 BYS22B BYS24D BYS24E BYS90K
       BYS90Q BYS90L BYS90M BYS90E BYS90G BYS22D BYS22E BYS22A BYS22G BYS22F BYS22C
       BYS22H BYS87E BYS87B BYS87D BYS27D BYS27G BYS27H BYS27A BYS27B BYS88A BYS87A
       BYS87C BYS87F BYS21D BYS21A BYS21E BYS20C BYS20B BYS20G BYS20E BYS20F BYS21B
       BYS21C BYS38C BYS38A BYS38B BYS24F BYS24G BYS48A BYS48B BY10FLP BYS20A BYS43
       BYS44B BYS34A BYS35A BYS36A BYS36B BYS34B BYS35B BYS27C BYS88B BYS27I BYS27E
       BYS27F BYS89G BYS89C BYS89F BYS89M BYS89I BYS89K BYS89P BYS89D BYS89H BYS89J
       BYS89V BYS89O BYS89S BYS89A BYS89B BYS89L BYS89R BYS89U BYS89E BYS89Q BYS89N
       BYS89T BYS28 BYS37 BYS90F BYS90H BYS90B BYS90A BYS90D BYS86I BYS86D BYS86C
       BYS86A BYS86B BYS42 BYS90C BYS44C BYS90J BYS85F BYS85G BYS85A BYS85B BYS85C
       BYS85D BYS44H BYS45A BYS47A BYS45B BYS45C BYS20H BYS20I BYS20D BYS20K BYS20L
       BYS47B BYS20J BYS20M BYS20N;
   MISSING=.;
   usevar =
  BYS89H
  BYS89J
  BYS89N
  BYS89V
  BYS89D
  BYS87E
  BYS21A
  BYS21E
  BYS20C
  BYS27G
  ;
  ANALYSIS:
  estimator = mlr;
  MODEL:
  FACTOR_1 by
  BYS89H
  BYS89J
  BYS89N
  BYS89V
  BYS89D;
      FACTOR_2 by
  BYS87E
  BYS21A
  BYS21E
  BYS20C
  BYS27G;
  OUTPUT:
  sampstat standardized residual modindices (3.84);
  PLOT:
  type = plot3;



*** WARNING
  Data set contains cases with missing on all variables.
  These cases were not included in the analysis.
  Number of cases with missing on all variables:  73
   1 WARNING(S) FOUND IN THE INPUT INSTRUCTIONS




CFA - ULI - LAB 6 DEMO

SUMMARY OF ANALYSIS

Number of groups                                                 1
Number of observations                                         721

Number of dependent variables                                   10
Number of independent variables                                  0
Number of continuous latent variables                            2

Observed dependent variables

  Continuous
   BYS89H      BYS89J      BYS89N      BYS89V      BYS89D      BYS87E
   BYS21A      BYS21E      BYS20C      BYS27G

Continuous latent variables
   FACTOR_1    FACTOR_2


Estimator                                                      MLR
Information matrix                                        OBSERVED
Maximum number of iterations                                  1000
Convergence criterion                                    0.500D-04
Maximum number of steepest descent iterations                   20
Maximum number of iterations for H1                           2000
Convergence criterion for H1                             0.100D-03

Input data file(s)
  /Users/agarber/Desktop/FA_W20/Lab6_FA/cfa_mplus/lab6_cfa_ULI.dat

Input data format  FREE


SUMMARY OF DATA

     Number of missing data patterns            42


COVARIANCE COVERAGE OF DATA

Minimum covariance coverage value   0.100


     PROPORTION OF DATA PRESENT


           Covariance Coverage
              BYS89H        BYS89J        BYS89N        BYS89V        BYS89D
              ________      ________      ________      ________      ________
 BYS89H         0.736
 BYS89J         0.720         0.732
 BYS89N         0.720         0.716         0.732
 BYS89V         0.696         0.698         0.698         0.706
 BYS89D         0.728         0.720         0.718         0.700         0.749
 BYS87E         0.723         0.717         0.718         0.695         0.731
 BYS21A         0.732         0.730         0.728         0.702         0.745
 BYS21E         0.731         0.728         0.727         0.702         0.745
 BYS20C         0.727         0.723         0.724         0.696         0.739
 BYS27G         0.734         0.730         0.730         0.703         0.745


           Covariance Coverage
              BYS87E        BYS21A        BYS21E        BYS20C        BYS27G
              ________      ________      ________      ________      ________
 BYS87E         0.781
 BYS21A         0.777         0.994
 BYS21E         0.775         0.990         0.992
 BYS20C         0.773         0.983         0.982         0.988
 BYS27G         0.777         0.986         0.983         0.979         0.990


SAMPLE STATISTICS


     ESTIMATED SAMPLE STATISTICS


           Means
              BYS89H        BYS89J        BYS89N        BYS89V        BYS89D
              ________      ________      ________      ________      ________
                2.642         2.693         2.955         2.722         2.696


           Means
              BYS87E        BYS21A        BYS21E        BYS20C        BYS27G
              ________      ________      ________      ________      ________
                2.314         2.008         2.229         1.795         1.800


           Covariances
              BYS89H        BYS89J        BYS89N        BYS89V        BYS89D
              ________      ________      ________      ________      ________
 BYS89H         0.949
 BYS89J         0.482         0.793
 BYS89N         0.361         0.312         0.908
 BYS89V         0.425         0.547         0.341         0.813
 BYS89D         0.645         0.401         0.336         0.333         0.844
 BYS87E        -0.185        -0.125        -0.184        -0.214        -0.180
 BYS21A        -0.046        -0.073        -0.074        -0.062        -0.077
 BYS21E        -0.098        -0.099        -0.049        -0.065        -0.072
 BYS20C        -0.082        -0.046        -0.082        -0.070        -0.065
 BYS27G        -0.263        -0.129        -0.098        -0.140        -0.184


           Covariances
              BYS87E        BYS21A        BYS21E        BYS20C        BYS27G
              ________      ________      ________      ________      ________
 BYS87E         0.820
 BYS21A         0.036         0.413
 BYS21E         0.045         0.176         0.490
 BYS20C         0.079         0.073         0.038         0.427
 BYS27G         0.128         0.114         0.123         0.123         0.614


           Correlations
              BYS89H        BYS89J        BYS89N        BYS89V        BYS89D
              ________      ________      ________      ________      ________
 BYS89H         1.000
 BYS89J         0.555         1.000
 BYS89N         0.389         0.368         1.000
 BYS89V         0.484         0.681         0.397         1.000
 BYS89D         0.721         0.490         0.383         0.402         1.000
 BYS87E        -0.209        -0.156        -0.213        -0.262        -0.216
 BYS21A        -0.074        -0.128        -0.120        -0.107        -0.130
 BYS21E        -0.143        -0.159        -0.073        -0.103        -0.112
 BYS20C        -0.128        -0.080        -0.132        -0.119        -0.108
 BYS27G        -0.345        -0.185        -0.132        -0.198        -0.255


           Correlations
              BYS87E        BYS21A        BYS21E        BYS20C        BYS27G
              ________      ________      ________      ________      ________
 BYS87E         1.000
 BYS21A         0.062         1.000
 BYS21E         0.071         0.390         1.000
 BYS20C         0.133         0.174         0.083         1.000
 BYS27G         0.180         0.226         0.223         0.240         1.000


     MAXIMUM LOG-LIKELIHOOD VALUE FOR THE UNRESTRICTED (H1) MODEL IS -6569.435


UNIVARIATE SAMPLE STATISTICS


     UNIVARIATE HIGHER-ORDER MOMENT DESCRIPTIVE STATISTICS

         Variable/         Mean/     Skewness/   Minimum/ % with                Percentiles
        Sample Size      Variance    Kurtosis    Maximum  Min/Max      20%/60%    40%/80%    Median

     BYS89H                2.629      -0.066       1.000   13.37%       2.000      2.000      3.000
             531.000       0.953      -1.020       4.000   22.60%       3.000      4.000
     BYS89J                2.697      -0.032       1.000    7.77%       2.000      2.000      3.000
             528.000       0.791      -0.852       4.000   21.21%       3.000      4.000
     BYS89N                2.958      -0.456       1.000    7.77%       2.000      3.000      3.000
             528.000       0.907      -0.855       4.000   35.61%       3.000      4.000
     BYS89V                2.731       0.000       1.000    6.68%       2.000      2.000      3.000
             509.000       0.806      -0.960       4.000   23.77%       3.000      4.000
     BYS89D                2.700      -0.133       1.000    9.81%       2.000      2.000      3.000
             540.000       0.843      -0.857       4.000   21.85%       3.000      4.000
     BYS87E                2.318       0.292       1.000   18.29%       2.000      2.000      2.000
             563.000       0.821      -0.675       4.000   11.90%       2.000      3.000
     BYS21A                2.008       0.340       1.000   18.69%       2.000      2.000      2.000
             717.000       0.413       0.485       4.000    1.53%       2.000      2.000
     BYS21E                2.229       0.360       1.000   11.61%       2.000      2.000      2.000
             715.000       0.490       0.159       4.000    4.06%       2.000      3.000
     BYS20C                1.795       0.600       1.000   32.02%       1.000      2.000      2.000
             712.000       0.427       0.834       4.000    1.69%       2.000      2.000
     BYS27G                1.800       0.751       1.000   39.64%       1.000      2.000      2.000
             714.000       0.614       0.088       4.000    3.08%       2.000      2.000


THE MODEL ESTIMATION TERMINATED NORMALLY



MODEL FIT INFORMATION

Number of Free Parameters                       31

Loglikelihood

          H0 Value                       -6705.301
          H0 Scaling Correction Factor      1.2164
            for MLR
          H1 Value                       -6569.435
          H1 Scaling Correction Factor      1.1188
            for MLR

Information Criteria

          Akaike (AIC)                   13472.602
          Bayesian (BIC)                 13614.601
          Sample-Size Adjusted BIC       13516.168
            (n* = (n + 2) / 24)

Chi-Square Test of Model Fit

          Value                            263.839*
          Degrees of Freedom                    34
          P-Value                           0.0000
          Scaling Correction Factor         1.0299
            for MLR

*   The chi-square value for MLM, MLMV, MLR, ULSMV, WLSM and WLSMV cannot be used
    for chi-square difference testing in the regular way.  MLM, MLR and WLSM
    chi-square difference testing is described on the Mplus website.  MLMV, WLSMV,
    and ULSMV difference testing is done using the DIFFTEST option.

RMSEA (Root Mean Square Error Of Approximation)

          Estimate                           0.097
          90 Percent C.I.                    0.086  0.108
          Probability RMSEA <= .05           0.000

CFI/TLI

          CFI                                0.799
          TLI                                0.733

Chi-Square Test of Model Fit for the Baseline Model

          Value                           1185.755
          Degrees of Freedom                    45
          P-Value                           0.0000

SRMR (Standardized Root Mean Square Residual)

          Value                              0.063



MODEL RESULTS

                                                    Two-Tailed
                    Estimate       S.E.  Est./S.E.    P-Value

 FACTOR_1 BY
    BYS89H             1.000      0.000    999.000    999.000
    BYS89J             0.774      0.085      9.157      0.000
    BYS89N             0.583      0.065      8.960      0.000
    BYS89V             0.711      0.091      7.838      0.000
    BYS89D             0.865      0.034     25.634      0.000

 FACTOR_2 BY
    BYS87E             1.000      0.000    999.000    999.000
    BYS21A             1.210      0.466      2.597      0.009
    BYS21E             1.254      0.470      2.668      0.008
    BYS20C             0.824      0.219      3.761      0.000
    BYS27G             1.579      0.356      4.432      0.000

 FACTOR_2 WITH
    FACTOR_1          -0.107      0.041     -2.601      0.009

 Intercepts
    BYS89H             2.628      0.042     62.935      0.000
    BYS89J             2.692      0.039     69.896      0.000
    BYS89N             2.960      0.041     71.940      0.000
    BYS89V             2.726      0.039     69.188      0.000
    BYS89D             2.695      0.039     68.783      0.000
    BYS87E             2.315      0.038     60.656      0.000
    BYS21A             2.008      0.024     83.720      0.000
    BYS21E             2.229      0.026     85.198      0.000
    BYS20C             1.795      0.024     73.288      0.000
    BYS27G             1.800      0.029     61.353      0.000

 Variances
    FACTOR_1           0.676      0.067     10.096      0.000
    FACTOR_2           0.072      0.036      1.988      0.047

 Residual Variances
    BYS89H             0.279      0.057      4.865      0.000
    BYS89J             0.388      0.053      7.297      0.000
    BYS89N             0.678      0.050     13.499      0.000
    BYS89V             0.468      0.062      7.578      0.000
    BYS89D             0.338      0.049      6.898      0.000
    BYS87E             0.750      0.049     15.180      0.000
    BYS21A             0.307      0.035      8.659      0.000
    BYS21E             0.377      0.040      9.444      0.000
    BYS20C             0.378      0.027     13.849      0.000
    BYS27G             0.435      0.049      8.841      0.000


STANDARDIZED MODEL RESULTS


STDYX Standardization

                                                    Two-Tailed
                    Estimate       S.E.  Est./S.E.    P-Value

 FACTOR_1 BY
    BYS89H             0.841      0.036     23.555      0.000
    BYS89J             0.714      0.049     14.703      0.000
    BYS89N             0.503      0.045     11.089      0.000
    BYS89V             0.649      0.059     11.068      0.000
    BYS89D             0.774      0.038     20.251      0.000

 FACTOR_2 BY
    BYS87E             0.296      0.074      4.019      0.000
    BYS21A             0.506      0.086      5.862      0.000
    BYS21E             0.481      0.080      6.005      0.000
    BYS20C             0.338      0.060      5.639      0.000
    BYS27G             0.541      0.075      7.257      0.000

 FACTOR_2 WITH
    FACTOR_1          -0.483      0.077     -6.247      0.000

 Intercepts
    BYS89H             2.689      0.075     35.943      0.000
    BYS89J             3.023      0.085     35.591      0.000
    BYS89N             3.108      0.099     31.513      0.000
    BYS89V             3.030      0.081     37.485      0.000
    BYS89D             2.933      0.084     34.944      0.000
    BYS87E             2.554      0.066     38.962      0.000
    BYS21A             3.126      0.092     34.140      0.000
    BYS21E             3.185      0.086     36.899      0.000
    BYS20C             2.746      0.081     33.808      0.000
    BYS27G             2.296      0.053     43.062      0.000

 Variances
    FACTOR_1           1.000      0.000    999.000    999.000
    FACTOR_2           1.000      0.000    999.000    999.000

 Residual Variances
    BYS89H             0.292      0.060      4.868      0.000
    BYS89J             0.490      0.069      7.050      0.000
    BYS89N             0.747      0.046     16.366      0.000
    BYS89V             0.578      0.076      7.593      0.000
    BYS89D             0.401      0.059      6.775      0.000
    BYS87E             0.912      0.044     20.884      0.000
    BYS21A             0.744      0.087      8.511      0.000
    BYS21E             0.768      0.077      9.968      0.000
    BYS20C             0.885      0.041     21.790      0.000
    BYS27G             0.707      0.081      8.763      0.000


STDY Standardization

                                                    Two-Tailed
                    Estimate       S.E.  Est./S.E.    P-Value

 FACTOR_1 BY
    BYS89H             0.841      0.036     23.555      0.000
    BYS89J             0.714      0.049     14.703      0.000
    BYS89N             0.503      0.045     11.089      0.000
    BYS89V             0.649      0.059     11.068      0.000
    BYS89D             0.774      0.038     20.251      0.000

 FACTOR_2 BY
    BYS87E             0.296      0.074      4.019      0.000
    BYS21A             0.506      0.086      5.862      0.000
    BYS21E             0.481      0.080      6.005      0.000
    BYS20C             0.338      0.060      5.639      0.000
    BYS27G             0.541      0.075      7.257      0.000

 FACTOR_2 WITH
    FACTOR_1          -0.483      0.077     -6.247      0.000

 Intercepts
    BYS89H             2.689      0.075     35.943      0.000
    BYS89J             3.023      0.085     35.591      0.000
    BYS89N             3.108      0.099     31.513      0.000
    BYS89V             3.030      0.081     37.485      0.000
    BYS89D             2.933      0.084     34.944      0.000
    BYS87E             2.554      0.066     38.962      0.000
    BYS21A             3.126      0.092     34.140      0.000
    BYS21E             3.185      0.086     36.899      0.000
    BYS20C             2.746      0.081     33.808      0.000
    BYS27G             2.296      0.053     43.062      0.000

 Variances
    FACTOR_1           1.000      0.000    999.000    999.000
    FACTOR_2           1.000      0.000    999.000    999.000

 Residual Variances
    BYS89H             0.292      0.060      4.868      0.000
    BYS89J             0.490      0.069      7.050      0.000
    BYS89N             0.747      0.046     16.366      0.000
    BYS89V             0.578      0.076      7.593      0.000
    BYS89D             0.401      0.059      6.775      0.000
    BYS87E             0.912      0.044     20.884      0.000
    BYS21A             0.744      0.087      8.511      0.000
    BYS21E             0.768      0.077      9.968      0.000
    BYS20C             0.885      0.041     21.790      0.000
    BYS27G             0.707      0.081      8.763      0.000


STD Standardization

                                                    Two-Tailed
                    Estimate       S.E.  Est./S.E.    P-Value

 FACTOR_1 BY
    BYS89H             0.822      0.041     20.193      0.000
    BYS89J             0.636      0.049     12.887      0.000
    BYS89N             0.479      0.045     10.559      0.000
    BYS89V             0.584      0.056     10.353      0.000
    BYS89D             0.711      0.042     17.039      0.000

 FACTOR_2 BY
    BYS87E             0.269      0.068      3.975      0.000
    BYS21A             0.325      0.059      5.519      0.000
    BYS21E             0.337      0.058      5.770      0.000
    BYS20C             0.221      0.041      5.413      0.000
    BYS27G             0.424      0.062      6.800      0.000

 FACTOR_2 WITH
    FACTOR_1          -0.483      0.077     -6.247      0.000

 Intercepts
    BYS89H             2.628      0.042     62.935      0.000
    BYS89J             2.692      0.039     69.896      0.000
    BYS89N             2.960      0.041     71.940      0.000
    BYS89V             2.726      0.039     69.188      0.000
    BYS89D             2.695      0.039     68.783      0.000
    BYS87E             2.315      0.038     60.656      0.000
    BYS21A             2.008      0.024     83.720      0.000
    BYS21E             2.229      0.026     85.198      0.000
    BYS20C             1.795      0.024     73.288      0.000
    BYS27G             1.800      0.029     61.353      0.000

 Variances
    FACTOR_1           1.000      0.000    999.000    999.000
    FACTOR_2           1.000      0.000    999.000    999.000

 Residual Variances
    BYS89H             0.279      0.057      4.865      0.000
    BYS89J             0.388      0.053      7.297      0.000
    BYS89N             0.678      0.050     13.499      0.000
    BYS89V             0.468      0.062      7.578      0.000
    BYS89D             0.338      0.049      6.898      0.000
    BYS87E             0.750      0.049     15.180      0.000
    BYS21A             0.307      0.035      8.659      0.000
    BYS21E             0.377      0.040      9.444      0.000
    BYS20C             0.378      0.027     13.849      0.000
    BYS27G             0.435      0.049      8.841      0.000


R-SQUARE

    Observed                                        Two-Tailed
    Variable        Estimate       S.E.  Est./S.E.    P-Value

    BYS89H             0.708      0.060     11.777      0.000
    BYS89J             0.510      0.069      7.351      0.000
    BYS89N             0.253      0.046      5.545      0.000
    BYS89V             0.422      0.076      5.534      0.000
    BYS89D             0.599      0.059     10.125      0.000
    BYS87E             0.088      0.044      2.009      0.045
    BYS21A             0.256      0.087      2.931      0.003
    BYS21E             0.232      0.077      3.003      0.003
    BYS20C             0.115      0.041      2.820      0.005
    BYS27G             0.293      0.081      3.629      0.000


QUALITY OF NUMERICAL RESULTS

     Condition Number for the Information Matrix              0.138E-03
       (ratio of smallest to largest eigenvalue)


RESIDUAL OUTPUT


     ESTIMATED MODEL AND RESIDUALS (OBSERVED - ESTIMATED)


           Model Estimated Means
              BYS89H        BYS89J        BYS89N        BYS89V        BYS89D
              ________      ________      ________      ________      ________
                2.628         2.692         2.960         2.726         2.695


           Model Estimated Means
              BYS87E        BYS21A        BYS21E        BYS20C        BYS27G
              ________      ________      ________      ________      ________
                2.315         2.008         2.229         1.795         1.800


           Residuals for Means
              BYS89H        BYS89J        BYS89N        BYS89V        BYS89D
              ________      ________      ________      ________      ________
                0.014         0.001        -0.005        -0.004         0.001


           Residuals for Means
              BYS87E        BYS21A        BYS21E        BYS20C        BYS27G
              ________      ________      ________      ________      ________
               -0.001         0.000         0.000         0.000         0.000


           Standardized Residuals (z-scores) for Means
              BYS89H        BYS89J        BYS89N        BYS89V        BYS89D
              ________      ________      ________      ________      ________
              999.000       999.000        -2.475       999.000         0.351


           Standardized Residuals (z-scores) for Means
              BYS87E        BYS21A        BYS21E        BYS20C        BYS27G
              ________      ________      ________      ________      ________
              999.000       999.000         0.010        -2.578       999.000


           Normalized Residuals for Means
              BYS89H        BYS89J        BYS89N        BYS89V        BYS89D
              ________      ________      ________      ________      ________
                0.341         0.026        -0.129        -0.096         0.022


           Normalized Residuals for Means
              BYS87E        BYS21A        BYS21E        BYS20C        BYS27G
              ________      ________      ________      ________      ________
               -0.017        -0.015         0.000        -0.019         0.001


           Model Estimated Covariances
              BYS89H        BYS89J        BYS89N        BYS89V        BYS89D
              ________      ________      ________      ________      ________
 BYS89H         0.955
 BYS89J         0.523         0.793
 BYS89N         0.394         0.305         0.907
 BYS89V         0.480         0.372         0.280         0.809
 BYS89D         0.585         0.453         0.341         0.415         0.844
 BYS87E        -0.107        -0.082        -0.062        -0.076        -0.092
 BYS21A        -0.129        -0.100        -0.075        -0.092        -0.112
 BYS21E        -0.134        -0.103        -0.078        -0.095        -0.116
 BYS20C        -0.088        -0.068        -0.051        -0.062        -0.076
 BYS27G        -0.168        -0.130        -0.098        -0.120        -0.146


           Model Estimated Covariances
              BYS87E        BYS21A        BYS21E        BYS20C        BYS27G
              ________      ________      ________      ________      ________
 BYS87E         0.822
 BYS21A         0.087         0.413
 BYS21E         0.090         0.109         0.490
 BYS20C         0.059         0.072         0.075         0.427
 BYS27G         0.114         0.138         0.143         0.094         0.614


           Model Estimated Correlations
              BYS89H        BYS89J        BYS89N        BYS89V        BYS89D
              ________      ________      ________      ________      ________
 BYS89H         1.000
 BYS89J         0.601         1.000
 BYS89N         0.423         0.359         1.000
 BYS89V         0.546         0.464         0.327         1.000
 BYS89D         0.651         0.553         0.389         0.503         1.000
 BYS87E        -0.120        -0.102        -0.072        -0.093        -0.111
 BYS21A        -0.205        -0.174        -0.123        -0.159        -0.189
 BYS21E        -0.195        -0.166        -0.117        -0.151        -0.180
 BYS20C        -0.137        -0.117        -0.082        -0.106        -0.126
 BYS27G        -0.220        -0.187        -0.131        -0.170        -0.202


           Model Estimated Correlations
              BYS87E        BYS21A        BYS21E        BYS20C        BYS27G
              ________      ________      ________      ________      ________
 BYS87E         1.000
 BYS21A         0.150         1.000
 BYS21E         0.143         0.244         1.000
 BYS20C         0.100         0.171         0.163         1.000
 BYS27G         0.160         0.274         0.260         0.183         1.000


           Residuals for Covariances
              BYS89H        BYS89J        BYS89N        BYS89V        BYS89D
              ________      ________      ________      ________      ________
 BYS89H        -0.006
 BYS89J        -0.041        -0.001
 BYS89N        -0.032         0.007         0.001
 BYS89V        -0.055         0.175         0.061         0.004
 BYS89D         0.061        -0.052        -0.005        -0.083        -0.001
 BYS87E        -0.078        -0.043        -0.121        -0.138        -0.088
 BYS21A         0.082         0.026         0.002         0.030         0.035
 BYS21E         0.036         0.004         0.029         0.030         0.044
 BYS20C         0.006         0.021        -0.031        -0.008         0.011
 BYS27G        -0.095         0.001         0.000        -0.020        -0.038


           Residuals for Covariances
              BYS87E        BYS21A        BYS21E        BYS20C        BYS27G
              ________      ________      ________      ________      ________
 BYS87E        -0.002
 BYS21A        -0.051         0.000
 BYS21E        -0.045         0.066         0.000
 BYS20C         0.019         0.001        -0.036         0.000
 BYS27G         0.014        -0.024        -0.020         0.029         0.000


           Residuals for Correlations
              BYS89H        BYS89J        BYS89N        BYS89V        BYS89D
              ________      ________      ________      ________      ________
 BYS89H         0.000
 BYS89J        -0.046         0.000
 BYS89N        -0.034         0.009         0.000
 BYS89V        -0.062         0.217         0.070         0.000
 BYS89D         0.070        -0.063        -0.006        -0.101         0.000
 BYS87E        -0.089        -0.053        -0.141        -0.170        -0.106
 BYS21A         0.131         0.046         0.003         0.051         0.059
 BYS21E         0.052         0.007         0.044         0.047         0.068
 BYS20C         0.009         0.037        -0.050        -0.013         0.019
 BYS27G        -0.125         0.002         0.000        -0.028        -0.053


           Residuals for Correlations
              BYS87E        BYS21A        BYS21E        BYS20C        BYS27G
              ________      ________      ________      ________      ________
 BYS87E         0.000
 BYS21A        -0.088         0.000
 BYS21E        -0.071         0.147         0.000
 BYS20C         0.033         0.003        -0.080         0.000
 BYS27G         0.020        -0.048        -0.037         0.057         0.000


           Standardized Residuals (z-scores) for Covariances
              BYS89H        BYS89J        BYS89N        BYS89V        BYS89D
              ________      ________      ________      ________      ________
 BYS89H       999.000
 BYS89J        -4.212       999.000
 BYS89N        -1.832       999.000         0.566
 BYS89V       -21.827       999.000       999.000         0.757
 BYS89D       999.000        -3.474        -0.310        -4.947        -0.437
 BYS87E       -17.706        -1.871        -3.832        -5.826        -6.549
 BYS21A         4.044         1.309         0.059         1.385         1.619
 BYS21E         1.721         0.211         1.068         1.292         1.987
 BYS20C         0.459         1.191        -1.293        -0.370         0.685
 BYS27G       999.000       999.000        -0.011       999.000       999.000


           Standardized Residuals (z-scores) for Covariances
              BYS87E        BYS21A        BYS21E        BYS20C        BYS27G
              ________      ________      ________      ________      ________
 BYS87E       999.000
 BYS21A        -2.730         0.162
 BYS21E        -2.056       999.000         0.367
 BYS20C         1.146         0.120        -2.840         0.027
 BYS27G       999.000        -2.189        -1.826       999.000       999.000


           Normalized Residuals for Covariances
              BYS89H        BYS89J        BYS89N        BYS89V        BYS89D
              ________      ________      ________      ________      ________
 BYS89H        -0.150
 BYS89J        -1.079        -0.016
 BYS89N        -0.740         0.180         0.026
 BYS89V        -1.345         4.671         1.497         0.099
 BYS89D         1.525        -1.405        -0.128        -2.100        -0.019
 BYS87E        -1.898        -1.121        -3.048        -3.668        -2.320
 BYS21A         2.977         1.015         0.053         1.103         1.276
 BYS21E         1.223         0.161         0.956         1.021         1.540
 BYS20C         0.214         0.841        -1.103        -0.285         0.417
 BYS27G        -2.904         0.046        -0.006        -0.633        -1.197


           Normalized Residuals for Covariances
              BYS87E        BYS21A        BYS21E        BYS20C        BYS27G
              ________      ________      ________      ________      ________
 BYS87E        -0.058
 BYS21A        -1.954         0.004
 BYS21E        -1.543         3.257         0.018
 BYS20C         0.716         0.061        -1.854         0.001
 BYS27G         0.435        -1.051        -0.891         1.232        -0.002


MODEL MODIFICATION INDICES

NOTE:  Modification indices for direct effects of observed dependent variables
regressed on covariates may not be included.  To include these, request
MODINDICES (ALL).

Minimum M.I. value for printing the modification index     3.840

                                   M.I.     E.P.C.  Std E.P.C.  StdYX E.P.C.

BY Statements

FACTOR_1 BY BYS87E                15.207    -0.263     -0.216       -0.238
FACTOR_1 BY BYS21A                11.005     0.167      0.137        0.214
FACTOR_1 BY BYS21E                 4.130     0.110      0.090        0.129
FACTOR_1 BY BYS27G                 9.248    -0.192     -0.158       -0.202

WITH Statements

BYS89J   WITH BYS89H              19.004    -0.120     -0.120       -0.366
BYS89N   WITH BYS89H               4.101    -0.056     -0.056       -0.129
BYS89V   WITH BYS89H              25.441    -0.135     -0.135       -0.373
BYS89V   WITH BYS89J             118.762     0.262      0.262        0.615
BYS89V   WITH BYS89N               6.655     0.073      0.073        0.130
BYS89D   WITH BYS89H             105.007     0.314      0.314        1.023
BYS89D   WITH BYS89J              20.379    -0.111     -0.111       -0.307
BYS89D   WITH BYS89V              38.450    -0.153     -0.153       -0.383
BYS87E   WITH BYS89N               5.092    -0.075     -0.075       -0.105
BYS87E   WITH BYS89V               9.118    -0.087     -0.087       -0.148
BYS21A   WITH BYS89H              12.013     0.061      0.061        0.207
BYS21A   WITH BYS87E               7.652    -0.069     -0.069       -0.144
BYS21E   WITH BYS87E               5.190    -0.062     -0.062       -0.116
BYS21E   WITH BYS21A              60.866     0.155      0.155        0.455
BYS20C   WITH BYS21E               9.997    -0.056     -0.056       -0.150
BYS27G   WITH BYS89H              19.919    -0.095     -0.095       -0.272
BYS27G   WITH BYS89J               4.280     0.045      0.045        0.109
BYS27G   WITH BYS21A               9.364    -0.074     -0.074       -0.201
BYS27G   WITH BYS21E               4.948    -0.056     -0.056       -0.139
BYS27G   WITH BYS20C               6.518     0.053      0.053        0.131


SAMPLE STATISTICS FOR ESTIMATED FACTOR SCORES


     SAMPLE STATISTICS


           Means
              FACTOR_1      FACTOR_1      FACTOR_2      FACTOR_2
              ________      ________      ________      ________
                0.000         0.422         0.000         0.172


           Covariances
              FACTOR_1      FACTOR_1      FACTOR_2      FACTOR_2
              ________      ________      ________      ________
 FACTOR_1       0.460
 FACTOR_1       0.000         0.038
 FACTOR_2      -0.089        -0.001         0.042
 FACTOR_2       0.000         0.001         0.000         0.000


           Correlations
              FACTOR_1      FACTOR_1      FACTOR_2      FACTOR_2
              ________      ________      ________      ________
 FACTOR_1       1.000
 FACTOR_1       0.001         1.000
 FACTOR_2      -0.636        -0.025         1.000
 FACTOR_2       0.014         0.834        -0.022         1.000


PLOT INFORMATION

The following plots are available:

  Histograms (sample values, estimated factor scores, estimated values, residuals)
  Scatterplots (sample values, estimated factor scores, estimated values, residuals)
  Latent variable distribution plots

     Beginning Time:  13:09:13
        Ending Time:  13:09:13
       Elapsed Time:  00:00:00



MUTHEN & MUTHEN
3463 Stoner Ave.
Los Angeles, CA  90066

Tel: (310) 391-9971
Fax: (310) 391-8971
Web: www.StatModel.com
Support: Support@StatModel.com

Copyright (c) 1998-2019 Muthen & Muthen
