Mplus VERSION 8.3 (Mac)
MUTHEN & MUTHEN
02/28/2020   1:11 PM

INPUT INSTRUCTIONS

  TITLE:
  CFA - mod1 - LAB 6 DEMO
  DATA:
  FILE = "/Users/agarber/Desktop/FA_W20/Lab6_FA/cfa_mplus/lab6_cfa_mod1.dat";

  VARIABLE:
  NAMES = BYS44E BYS44A BYS44D BYS24C BYS24A BYS24B BYS91 BYS22B BYS24D BYS24E BYS90K
       BYS90Q BYS90L BYS90M BYS90E BYS90G BYS22D BYS22E BYS22A BYS22G BYS22F BYS22C
       BYS22H BYS87E BYS87B BYS87D BYS27D BYS27G BYS27H BYS27A BYS27B BYS88A BYS87A
       BYS87C BYS87F BYS21D BYS21A BYS21E BYS20C BYS20B BYS20G BYS20E BYS20F BYS21B
       BYS21C BYS38C BYS38A BYS38B BYS24F BYS24G BYS48A BYS48B BY10FLP BYS20A BYS43
       BYS44B BYS34A BYS35A BYS36A BYS36B BYS34B BYS35B BYS27C BYS88B BYS27I BYS27E
       BYS27F BYS89G BYS89C BYS89F BYS89M BYS89I BYS89K BYS89P BYS89D BYS89H BYS89J
       BYS89V BYS89O BYS89S BYS89A BYS89B BYS89L BYS89R BYS89U BYS89E BYS89Q BYS89N
       BYS89T BYS28 BYS37 BYS90F BYS90H BYS90B BYS90A BYS90D BYS86I BYS86D BYS86C
       BYS86A BYS86B BYS42 BYS90C BYS44C BYS90J BYS85F BYS85G BYS85A BYS85B BYS85C
       BYS85D BYS44H BYS45A BYS47A BYS45B BYS45C BYS20H BYS20I BYS20D BYS20K BYS20L
       BYS47B BYS20J BYS20M BYS20N;
   MISSING=.;
   usevar =
  BYS89H
  BYS89J
  BYS89N
  BYS89V
  BYS89D
  BYS87E
  BYS21A
  BYS21E
  BYS20C
  BYS27G;
  ANALYSIS:
  estimator = mlr;
  MODEL:
  FACTOR_1 by
  BYS89H* !estimate first variable loading
  BYS89J
  BYS89N
  BYS89V
  BYS89D;

      FACTOR_1@1; !fix variance of factor to 1
      FACTOR_2 by
  BYS87E*
  BYS21A
  BYS21E
  BYS20C
  BYS27G;

      FACTOR_2@1;

      ! ****CHANGE TO REFLECT YOUR MODS****
  BYS89V WITH BYS89J; !estimate residual correlation mod indice
  OUTPUT:
  sampstat standardized residual modindices (3.84);
  PLOT:
  type = plot3;



*** WARNING
  Data set contains cases with missing on all variables.
  These cases were not included in the analysis.
  Number of cases with missing on all variables:  73
   1 WARNING(S) FOUND IN THE INPUT INSTRUCTIONS




CFA - mod1 - LAB 6 DEMO

SUMMARY OF ANALYSIS

Number of groups                                                 1
Number of observations                                         721

Number of dependent variables                                   10
Number of independent variables                                  0
Number of continuous latent variables                            2

Observed dependent variables

  Continuous
   BYS89H      BYS89J      BYS89N      BYS89V      BYS89D      BYS87E
   BYS21A      BYS21E      BYS20C      BYS27G

Continuous latent variables
   FACTOR_1    FACTOR_2


Estimator                                                      MLR
Information matrix                                        OBSERVED
Maximum number of iterations                                  1000
Convergence criterion                                    0.500D-04
Maximum number of steepest descent iterations                   20
Maximum number of iterations for H1                           2000
Convergence criterion for H1                             0.100D-03

Input data file(s)
  /Users/agarber/Desktop/FA_W20/Lab6_FA/cfa_mplus/lab6_cfa_mod1.dat

Input data format  FREE


SUMMARY OF DATA

     Number of missing data patterns            42


COVARIANCE COVERAGE OF DATA

Minimum covariance coverage value   0.100


     PROPORTION OF DATA PRESENT


           Covariance Coverage
              BYS89H        BYS89J        BYS89N        BYS89V        BYS89D
              ________      ________      ________      ________      ________
 BYS89H         0.736
 BYS89J         0.720         0.732
 BYS89N         0.720         0.716         0.732
 BYS89V         0.696         0.698         0.698         0.706
 BYS89D         0.728         0.720         0.718         0.700         0.749
 BYS87E         0.723         0.717         0.718         0.695         0.731
 BYS21A         0.732         0.730         0.728         0.702         0.745
 BYS21E         0.731         0.728         0.727         0.702         0.745
 BYS20C         0.727         0.723         0.724         0.696         0.739
 BYS27G         0.734         0.730         0.730         0.703         0.745


           Covariance Coverage
              BYS87E        BYS21A        BYS21E        BYS20C        BYS27G
              ________      ________      ________      ________      ________
 BYS87E         0.781
 BYS21A         0.777         0.994
 BYS21E         0.775         0.990         0.992
 BYS20C         0.773         0.983         0.982         0.988
 BYS27G         0.777         0.986         0.983         0.979         0.990


SAMPLE STATISTICS


     ESTIMATED SAMPLE STATISTICS


           Means
              BYS89H        BYS89J        BYS89N        BYS89V        BYS89D
              ________      ________      ________      ________      ________
                2.642         2.693         2.955         2.722         2.696


           Means
              BYS87E        BYS21A        BYS21E        BYS20C        BYS27G
              ________      ________      ________      ________      ________
                2.314         2.008         2.229         1.795         1.800


           Covariances
              BYS89H        BYS89J        BYS89N        BYS89V        BYS89D
              ________      ________      ________      ________      ________
 BYS89H         0.949
 BYS89J         0.482         0.793
 BYS89N         0.361         0.312         0.908
 BYS89V         0.425         0.547         0.341         0.813
 BYS89D         0.645         0.401         0.336         0.333         0.844
 BYS87E        -0.185        -0.125        -0.184        -0.214        -0.180
 BYS21A        -0.046        -0.073        -0.074        -0.062        -0.077
 BYS21E        -0.098        -0.099        -0.049        -0.065        -0.072
 BYS20C        -0.082        -0.046        -0.082        -0.070        -0.065
 BYS27G        -0.263        -0.129        -0.098        -0.140        -0.184


           Covariances
              BYS87E        BYS21A        BYS21E        BYS20C        BYS27G
              ________      ________      ________      ________      ________
 BYS87E         0.820
 BYS21A         0.036         0.413
 BYS21E         0.045         0.176         0.490
 BYS20C         0.079         0.073         0.038         0.427
 BYS27G         0.128         0.114         0.123         0.123         0.614


           Correlations
              BYS89H        BYS89J        BYS89N        BYS89V        BYS89D
              ________      ________      ________      ________      ________
 BYS89H         1.000
 BYS89J         0.555         1.000
 BYS89N         0.389         0.368         1.000
 BYS89V         0.484         0.681         0.397         1.000
 BYS89D         0.721         0.490         0.383         0.402         1.000
 BYS87E        -0.209        -0.156        -0.213        -0.262        -0.216
 BYS21A        -0.074        -0.128        -0.120        -0.107        -0.130
 BYS21E        -0.143        -0.159        -0.073        -0.103        -0.112
 BYS20C        -0.128        -0.080        -0.132        -0.119        -0.108
 BYS27G        -0.345        -0.185        -0.132        -0.198        -0.255


           Correlations
              BYS87E        BYS21A        BYS21E        BYS20C        BYS27G
              ________      ________      ________      ________      ________
 BYS87E         1.000
 BYS21A         0.062         1.000
 BYS21E         0.071         0.390         1.000
 BYS20C         0.133         0.174         0.083         1.000
 BYS27G         0.180         0.226         0.223         0.240         1.000


     MAXIMUM LOG-LIKELIHOOD VALUE FOR THE UNRESTRICTED (H1) MODEL IS -6569.435


UNIVARIATE SAMPLE STATISTICS


     UNIVARIATE HIGHER-ORDER MOMENT DESCRIPTIVE STATISTICS

         Variable/         Mean/     Skewness/   Minimum/ % with                Percentiles
        Sample Size      Variance    Kurtosis    Maximum  Min/Max      20%/60%    40%/80%    Median

     BYS89H                2.629      -0.066       1.000   13.37%       2.000      2.000      3.000
             531.000       0.953      -1.020       4.000   22.60%       3.000      4.000
     BYS89J                2.697      -0.032       1.000    7.77%       2.000      2.000      3.000
             528.000       0.791      -0.852       4.000   21.21%       3.000      4.000
     BYS89N                2.958      -0.456       1.000    7.77%       2.000      3.000      3.000
             528.000       0.907      -0.855       4.000   35.61%       3.000      4.000
     BYS89V                2.731       0.000       1.000    6.68%       2.000      2.000      3.000
             509.000       0.806      -0.960       4.000   23.77%       3.000      4.000
     BYS89D                2.700      -0.133       1.000    9.81%       2.000      2.000      3.000
             540.000       0.843      -0.857       4.000   21.85%       3.000      4.000
     BYS87E                2.318       0.292       1.000   18.29%       2.000      2.000      2.000
             563.000       0.821      -0.675       4.000   11.90%       2.000      3.000
     BYS21A                2.008       0.340       1.000   18.69%       2.000      2.000      2.000
             717.000       0.413       0.485       4.000    1.53%       2.000      2.000
     BYS21E                2.229       0.360       1.000   11.61%       2.000      2.000      2.000
             715.000       0.490       0.159       4.000    4.06%       2.000      3.000
     BYS20C                1.795       0.600       1.000   32.02%       1.000      2.000      2.000
             712.000       0.427       0.834       4.000    1.69%       2.000      2.000
     BYS27G                1.800       0.751       1.000   39.64%       1.000      2.000      2.000
             714.000       0.614       0.088       4.000    3.08%       2.000      2.000


THE MODEL ESTIMATION TERMINATED NORMALLY



MODEL FIT INFORMATION

Number of Free Parameters                       32

Loglikelihood

          H0 Value                       -6642.921
          H0 Scaling Correction Factor      1.1901
            for MLR
          H1 Value                       -6569.435
          H1 Scaling Correction Factor      1.1188
            for MLR

Information Criteria

          Akaike (AIC)                   13349.842
          Bayesian (BIC)                 13496.422
          Sample-Size Adjusted BIC       13394.813
            (n* = (n + 2) / 24)

Chi-Square Test of Model Fit

          Value                            140.012*
          Degrees of Freedom                    33
          P-Value                           0.0000
          Scaling Correction Factor         1.0497
            for MLR

*   The chi-square value for MLM, MLMV, MLR, ULSMV, WLSM and WLSMV cannot be used
    for chi-square difference testing in the regular way.  MLM, MLR and WLSM
    chi-square difference testing is described on the Mplus website.  MLMV, WLSMV,
    and ULSMV difference testing is done using the DIFFTEST option.

RMSEA (Root Mean Square Error Of Approximation)

          Estimate                           0.067
          90 Percent C.I.                    0.056  0.079
          Probability RMSEA <= .05           0.007

CFI/TLI

          CFI                                0.906
          TLI                                0.872

Chi-Square Test of Model Fit for the Baseline Model

          Value                           1185.755
          Degrees of Freedom                    45
          P-Value                           0.0000

SRMR (Standardized Root Mean Square Residual)

          Value                              0.057



MODEL RESULTS

                                                    Two-Tailed
                    Estimate       S.E.  Est./S.E.    P-Value

 FACTOR_1 BY
    BYS89H             0.866      0.031     27.787      0.000
    BYS89J             0.560      0.038     14.774      0.000
    BYS89N             0.454      0.046      9.889      0.000
    BYS89V             0.496      0.044     11.315      0.000
    BYS89D             0.739      0.032     22.973      0.000

 FACTOR_2 BY
    BYS87E             0.267      0.066      4.072      0.000
    BYS21A             0.318      0.061      5.241      0.000
    BYS21E             0.331      0.060      5.537      0.000
    BYS20C             0.223      0.040      5.513      0.000
    BYS27G             0.435      0.064      6.807      0.000

 FACTOR_2 WITH
    FACTOR_1          -0.482      0.077     -6.225      0.000

 BYS89V   WITH
    BYS89J             0.266      0.033      8.134      0.000

 Intercepts
    BYS89H             2.630      0.042     63.179      0.000
    BYS89J             2.692      0.038     70.146      0.000
    BYS89N             2.961      0.041     72.001      0.000
    BYS89V             2.722      0.039     69.400      0.000
    BYS89D             2.695      0.039     68.777      0.000
    BYS87E             2.315      0.038     60.654      0.000
    BYS21A             2.008      0.024     83.720      0.000
    BYS21E             2.229      0.026     85.204      0.000
    BYS20C             1.795      0.024     73.293      0.000
    BYS27G             1.800      0.029     61.355      0.000

 Variances
    FACTOR_1           1.000      0.000    999.000    999.000
    FACTOR_2           1.000      0.000    999.000    999.000

 Residual Variances
    BYS89H             0.204      0.041      4.956      0.000
    BYS89J             0.477      0.037     12.800      0.000
    BYS89N             0.701      0.049     14.208      0.000
    BYS89V             0.565      0.043     13.270      0.000
    BYS89D             0.298      0.035      8.556      0.000
    BYS87E             0.750      0.049     15.452      0.000
    BYS21A             0.312      0.036      8.728      0.000
    BYS21E             0.380      0.040      9.455      0.000
    BYS20C             0.378      0.027     13.848      0.000
    BYS27G             0.425      0.052      8.253      0.000


STANDARDIZED MODEL RESULTS


STDYX Standardization

                                                    Two-Tailed
                    Estimate       S.E.  Est./S.E.    P-Value

 FACTOR_1 BY
    BYS89H             0.886      0.024     36.624      0.000
    BYS89J             0.630      0.036     17.321      0.000
    BYS89N             0.477      0.046     10.361      0.000
    BYS89V             0.551      0.045     12.341      0.000
    BYS89D             0.805      0.026     31.025      0.000

 FACTOR_2 BY
    BYS87E             0.294      0.071      4.117      0.000
    BYS21A             0.495      0.089      5.549      0.000
    BYS21E             0.473      0.082      5.752      0.000
    BYS20C             0.341      0.059      5.748      0.000
    BYS27G             0.555      0.076      7.255      0.000

 FACTOR_2 WITH
    FACTOR_1          -0.482      0.077     -6.225      0.000

 BYS89V   WITH
    BYS89J             0.513      0.043     11.815      0.000

 Intercepts
    BYS89H             2.693      0.075     35.936      0.000
    BYS89J             3.027      0.084     35.826      0.000
    BYS89N             3.109      0.099     31.521      0.000
    BYS89V             3.023      0.080     37.586      0.000
    BYS89D             2.932      0.084     34.963      0.000
    BYS87E             2.554      0.066     38.972      0.000
    BYS21A             3.126      0.092     34.141      0.000
    BYS21E             3.185      0.086     36.900      0.000
    BYS20C             2.746      0.081     33.808      0.000
    BYS27G             2.296      0.053     43.062      0.000

 Variances
    FACTOR_1           1.000      0.000    999.000    999.000
    FACTOR_2           1.000      0.000    999.000    999.000

 Residual Variances
    BYS89H             0.214      0.043      4.992      0.000
    BYS89J             0.603      0.046     13.156      0.000
    BYS89N             0.772      0.044     17.579      0.000
    BYS89V             0.697      0.049     14.172      0.000
    BYS89D             0.353      0.042      8.455      0.000
    BYS87E             0.913      0.042     21.702      0.000
    BYS21A             0.755      0.088      8.564      0.000
    BYS21E             0.776      0.078      9.974      0.000
    BYS20C             0.884      0.040     21.852      0.000
    BYS27G             0.692      0.085      8.152      0.000


STDY Standardization

                                                    Two-Tailed
                    Estimate       S.E.  Est./S.E.    P-Value

 FACTOR_1 BY
    BYS89H             0.886      0.024     36.624      0.000
    BYS89J             0.630      0.036     17.321      0.000
    BYS89N             0.477      0.046     10.361      0.000
    BYS89V             0.551      0.045     12.341      0.000
    BYS89D             0.805      0.026     31.025      0.000

 FACTOR_2 BY
    BYS87E             0.294      0.071      4.117      0.000
    BYS21A             0.495      0.089      5.549      0.000
    BYS21E             0.473      0.082      5.752      0.000
    BYS20C             0.341      0.059      5.748      0.000
    BYS27G             0.555      0.076      7.255      0.000

 FACTOR_2 WITH
    FACTOR_1          -0.482      0.077     -6.225      0.000

 BYS89V   WITH
    BYS89J             0.513      0.043     11.815      0.000

 Intercepts
    BYS89H             2.693      0.075     35.936      0.000
    BYS89J             3.027      0.084     35.826      0.000
    BYS89N             3.109      0.099     31.521      0.000
    BYS89V             3.023      0.080     37.586      0.000
    BYS89D             2.932      0.084     34.963      0.000
    BYS87E             2.554      0.066     38.972      0.000
    BYS21A             3.126      0.092     34.141      0.000
    BYS21E             3.185      0.086     36.900      0.000
    BYS20C             2.746      0.081     33.808      0.000
    BYS27G             2.296      0.053     43.062      0.000

 Variances
    FACTOR_1           1.000      0.000    999.000    999.000
    FACTOR_2           1.000      0.000    999.000    999.000

 Residual Variances
    BYS89H             0.214      0.043      4.992      0.000
    BYS89J             0.603      0.046     13.156      0.000
    BYS89N             0.772      0.044     17.579      0.000
    BYS89V             0.697      0.049     14.172      0.000
    BYS89D             0.353      0.042      8.455      0.000
    BYS87E             0.913      0.042     21.702      0.000
    BYS21A             0.755      0.088      8.564      0.000
    BYS21E             0.776      0.078      9.974      0.000
    BYS20C             0.884      0.040     21.852      0.000
    BYS27G             0.692      0.085      8.152      0.000


STD Standardization

                                                    Two-Tailed
                    Estimate       S.E.  Est./S.E.    P-Value

 FACTOR_1 BY
    BYS89H             0.866      0.031     27.787      0.000
    BYS89J             0.560      0.038     14.774      0.000
    BYS89N             0.454      0.046      9.889      0.000
    BYS89V             0.496      0.044     11.315      0.000
    BYS89D             0.739      0.032     22.973      0.000

 FACTOR_2 BY
    BYS87E             0.267      0.066      4.072      0.000
    BYS21A             0.318      0.061      5.241      0.000
    BYS21E             0.331      0.060      5.537      0.000
    BYS20C             0.223      0.040      5.513      0.000
    BYS27G             0.435      0.064      6.807      0.000

 FACTOR_2 WITH
    FACTOR_1          -0.482      0.077     -6.225      0.000

 BYS89V   WITH
    BYS89J             0.266      0.033      8.134      0.000

 Intercepts
    BYS89H             2.630      0.042     63.179      0.000
    BYS89J             2.692      0.038     70.146      0.000
    BYS89N             2.961      0.041     72.001      0.000
    BYS89V             2.722      0.039     69.400      0.000
    BYS89D             2.695      0.039     68.777      0.000
    BYS87E             2.315      0.038     60.654      0.000
    BYS21A             2.008      0.024     83.720      0.000
    BYS21E             2.229      0.026     85.204      0.000
    BYS20C             1.795      0.024     73.293      0.000
    BYS27G             1.800      0.029     61.355      0.000

 Variances
    FACTOR_1           1.000      0.000    999.000    999.000
    FACTOR_2           1.000      0.000    999.000    999.000

 Residual Variances
    BYS89H             0.204      0.041      4.956      0.000
    BYS89J             0.477      0.037     12.800      0.000
    BYS89N             0.701      0.049     14.208      0.000
    BYS89V             0.565      0.043     13.270      0.000
    BYS89D             0.298      0.035      8.556      0.000
    BYS87E             0.750      0.049     15.452      0.000
    BYS21A             0.312      0.036      8.728      0.000
    BYS21E             0.380      0.040      9.455      0.000
    BYS20C             0.378      0.027     13.848      0.000
    BYS27G             0.425      0.052      8.253      0.000


R-SQUARE

    Observed                                        Two-Tailed
    Variable        Estimate       S.E.  Est./S.E.    P-Value

    BYS89H             0.786      0.043     18.312      0.000
    BYS89J             0.397      0.046      8.661      0.000
    BYS89N             0.228      0.044      5.181      0.000
    BYS89V             0.303      0.049      6.170      0.000
    BYS89D             0.647      0.042     15.513      0.000
    BYS87E             0.087      0.042      2.059      0.040
    BYS21A             0.245      0.088      2.775      0.006
    BYS21E             0.224      0.078      2.876      0.004
    BYS20C             0.116      0.040      2.874      0.004
    BYS27G             0.308      0.085      3.627      0.000


QUALITY OF NUMERICAL RESULTS

     Condition Number for the Information Matrix              0.312E-01
       (ratio of smallest to largest eigenvalue)


RESIDUAL OUTPUT


     ESTIMATED MODEL AND RESIDUALS (OBSERVED - ESTIMATED)


           Model Estimated Means
              BYS89H        BYS89J        BYS89N        BYS89V        BYS89D
              ________      ________      ________      ________      ________
                2.630         2.692         2.961         2.722         2.695


           Model Estimated Means
              BYS87E        BYS21A        BYS21E        BYS20C        BYS27G
              ________      ________      ________      ________      ________
                2.315         2.008         2.229         1.795         1.800


           Residuals for Means
              BYS89H        BYS89J        BYS89N        BYS89V        BYS89D
              ________      ________      ________      ________      ________
                0.011         0.001        -0.007         0.000         0.001


           Residuals for Means
              BYS87E        BYS21A        BYS21E        BYS20C        BYS27G
              ________      ________      ________      ________      ________
                0.000         0.000         0.000         0.000         0.000


           Standardized Residuals (z-scores) for Means
              BYS89H        BYS89J        BYS89N        BYS89V        BYS89D
              ________      ________      ________      ________      ________
              999.000       999.000        -2.657         0.141         0.443


           Standardized Residuals (z-scores) for Means
              BYS87E        BYS21A        BYS21E        BYS20C        BYS27G
              ________      ________      ________      ________      ________
              999.000       999.000         0.000        -1.379       999.000


           Normalized Residuals for Means
              BYS89H        BYS89J        BYS89N        BYS89V        BYS89D
              ________      ________      ________      ________      ________
                0.277         0.026        -0.158         0.004         0.028


           Normalized Residuals for Means
              BYS87E        BYS21A        BYS21E        BYS20C        BYS27G
              ________      ________      ________      ________      ________
               -0.007        -0.017         0.000        -0.019         0.001


           Model Estimated Covariances
              BYS89H        BYS89J        BYS89N        BYS89V        BYS89D
              ________      ________      ________      ________      ________
 BYS89H         0.954
 BYS89J         0.485         0.791
 BYS89N         0.394         0.255         0.907
 BYS89V         0.429         0.544         0.225         0.811
 BYS89D         0.640         0.414         0.336         0.367         0.845
 BYS87E        -0.111        -0.072        -0.058        -0.064        -0.095
 BYS21A        -0.133        -0.086        -0.070        -0.076        -0.113
 BYS21E        -0.138        -0.089        -0.073        -0.079        -0.118
 BYS20C        -0.093        -0.060        -0.049        -0.053        -0.079
 BYS27G        -0.182        -0.118        -0.095        -0.104        -0.155


           Model Estimated Covariances
              BYS87E        BYS21A        BYS21E        BYS20C        BYS27G
              ________      ________      ________      ________      ________
 BYS87E         0.822
 BYS21A         0.085         0.413
 BYS21E         0.088         0.105         0.490
 BYS20C         0.059         0.071         0.074         0.427
 BYS27G         0.116         0.138         0.144         0.097         0.614


           Model Estimated Correlations
              BYS89H        BYS89J        BYS89N        BYS89V        BYS89D
              ________      ________      ________      ________      ________
 BYS89H         1.000
 BYS89J         0.559         1.000
 BYS89N         0.423         0.301         1.000
 BYS89V         0.488         0.680         0.263         1.000
 BYS89D         0.713         0.507         0.384         0.443         1.000
 BYS87E        -0.126        -0.089        -0.068        -0.078        -0.114
 BYS21A        -0.211        -0.150        -0.114        -0.131        -0.192
 BYS21E        -0.202        -0.144        -0.109        -0.126        -0.184
 BYS20C        -0.146        -0.104        -0.078        -0.091        -0.132
 BYS27G        -0.237        -0.169        -0.128        -0.147        -0.215


           Model Estimated Correlations
              BYS87E        BYS21A        BYS21E        BYS20C        BYS27G
              ________      ________      ________      ________      ________
 BYS87E         1.000
 BYS21A         0.146         1.000
 BYS21E         0.139         0.234         1.000
 BYS20C         0.100         0.169         0.161         1.000
 BYS27G         0.163         0.275         0.263         0.189         1.000


           Residuals for Covariances
              BYS89H        BYS89J        BYS89N        BYS89V        BYS89D
              ________      ________      ________      ________      ________
 BYS89H        -0.006
 BYS89J        -0.004         0.002
 BYS89N        -0.032         0.058         0.001
 BYS89V        -0.005         0.002         0.116         0.002
 BYS89D         0.005        -0.013         0.000        -0.034        -0.001
 BYS87E        -0.073        -0.053        -0.125        -0.150        -0.085
 BYS21A         0.086         0.012        -0.004         0.014         0.036
 BYS21E         0.040        -0.009         0.024         0.014         0.046
 BYS20C         0.011         0.014        -0.033        -0.017         0.015
 BYS27G        -0.082        -0.011        -0.003        -0.036        -0.028


           Residuals for Covariances
              BYS87E        BYS21A        BYS21E        BYS20C        BYS27G
              ________      ________      ________      ________      ________
 BYS87E        -0.002
 BYS21A        -0.049         0.000
 BYS21E        -0.043         0.070         0.000
 BYS20C         0.019         0.002        -0.036         0.000
 BYS27G         0.012        -0.024        -0.021         0.026         0.000


           Residuals for Correlations
              BYS89H        BYS89J        BYS89N        BYS89V        BYS89D
              ________      ________      ________      ________      ________
 BYS89H         0.000
 BYS89J        -0.003         0.000
 BYS89N        -0.034         0.068         0.000
 BYS89V        -0.004         0.001         0.134         0.000
 BYS89D         0.008        -0.017         0.000        -0.041         0.000
 BYS87E        -0.084        -0.066        -0.145        -0.184        -0.102
 BYS21A         0.137         0.022        -0.006         0.024         0.061
 BYS21E         0.059        -0.015         0.036         0.022         0.072
 BYS20C         0.017         0.024        -0.053        -0.028         0.025
 BYS27G        -0.108        -0.016        -0.004        -0.050        -0.040


           Residuals for Correlations
              BYS87E        BYS21A        BYS21E        BYS20C        BYS27G
              ________      ________      ________      ________      ________
 BYS87E         0.000
 BYS21A        -0.083         0.000
 BYS21E        -0.068         0.156         0.000
 BYS20C         0.033         0.005        -0.078         0.000
 BYS27G         0.017        -0.049        -0.039         0.051         0.000


           Standardized Residuals (z-scores) for Covariances
              BYS89H        BYS89J        BYS89N        BYS89V        BYS89D
              ________      ________      ________      ________      ________
 BYS89H       999.000
 BYS89J        -0.650         1.810
 BYS89N        -2.419         2.524         0.606
 BYS89V       999.000       999.000         5.853         0.426
 BYS89D       999.000        -1.148        -0.034        -2.173        -0.606
 BYS87E       999.000        -1.914        -3.803        -5.260        -5.914
 BYS21A         4.342         0.571        -0.155         0.600         1.736
 BYS21E         1.994        -0.405         0.867         0.555         2.118
 BYS20C         0.970         0.695        -1.374        -0.745         0.903
 BYS27G       999.000       999.000        -0.142        -3.245       999.000


           Standardized Residuals (z-scores) for Covariances
              BYS87E        BYS21A        BYS21E        BYS20C        BYS27G
              ________      ________      ________      ________      ________
 BYS87E       999.000
 BYS21A        -2.579         0.139
 BYS21E        -1.936       999.000         0.370
 BYS20C         1.097         0.251        -2.858         0.035
 BYS27G       999.000        -2.318        -1.982       999.000       999.000


           Normalized Residuals for Covariances
              BYS89H        BYS89J        BYS89N        BYS89V        BYS89D
              ________      ________      ________      ________      ________
 BYS89H        -0.138
 BYS89J        -0.094         0.045
 BYS89N        -0.734         1.389         0.026
 BYS89V        -0.112         0.061         2.829         0.056
 BYS89D         0.130        -0.365        -0.010        -0.864        -0.028
 BYS87E        -1.779        -1.391        -3.139        -3.983        -2.242
 BYS21A         3.112         0.479        -0.138         0.519         1.340
 BYS21E         1.385        -0.339         0.782         0.479         1.627
 BYS20C         0.401         0.539        -1.186        -0.619         0.546
 BYS27G        -2.494        -0.371        -0.085        -1.118        -0.897


           Normalized Residuals for Covariances
              BYS87E        BYS21A        BYS21E        BYS20C        BYS27G
              ________      ________      ________      ________      ________
 BYS87E        -0.052
 BYS21A        -1.857         0.004
 BYS21E        -1.471         3.467         0.018
 BYS20C         0.715         0.121        -1.817         0.001
 BYS27G         0.368        -1.065        -0.944         1.102        -0.003


MODEL MODIFICATION INDICES

NOTE:  Modification indices for direct effects of observed dependent variables
regressed on covariates may not be included.  To include these, request
MODINDICES (ALL).

Minimum M.I. value for printing the modification index     3.840

                                   M.I.     E.P.C.  Std E.P.C.  StdYX E.P.C.

BY Statements

FACTOR_1 BY BYS87E                12.239    -0.195     -0.195       -0.215
FACTOR_1 BY BYS21A                12.204     0.144      0.144        0.224
FACTOR_1 BY BYS21E                 4.134     0.090      0.090        0.129
FACTOR_1 BY BYS27G                11.624    -0.181     -0.181       -0.231

WITH Statements

BYS89N   WITH BYS89H               7.698    -0.084     -0.084       -0.222
BYS89V   WITH BYS89N              11.917     0.088      0.088        0.140
BYS89D   WITH BYS89H              12.464     0.193      0.193        0.782
BYS89D   WITH BYS89V               4.128    -0.041     -0.041       -0.099
BYS87E   WITH BYS89J               4.009     0.049      0.049        0.081
BYS87E   WITH BYS89N               5.974    -0.083     -0.083       -0.115
BYS87E   WITH BYS89V              15.269    -0.103     -0.103       -0.158
BYS21A   WITH BYS89H              15.279     0.067      0.067        0.267
BYS21A   WITH BYS87E               6.553    -0.064     -0.064       -0.133
BYS21E   WITH BYS89J               3.936    -0.035     -0.035       -0.083
BYS21E   WITH BYS87E               4.508    -0.058     -0.058       -0.108
BYS21E   WITH BYS21A              61.845     0.154      0.154        0.448
BYS20C   WITH BYS21E               9.218    -0.055     -0.055       -0.144
BYS27G   WITH BYS89H              16.128    -0.084     -0.084       -0.285
BYS27G   WITH BYS21A               9.653    -0.076     -0.076       -0.208
BYS27G   WITH BYS21E               5.676    -0.061     -0.061       -0.153
BYS27G   WITH BYS20C               5.526     0.050      0.050        0.124


SAMPLE STATISTICS FOR ESTIMATED FACTOR SCORES


     SAMPLE STATISTICS


           Means
              FACTOR_1      FACTOR_1      FACTOR_2      FACTOR_2
              ________      ________      ________      ________
                0.000         0.503         0.000         0.641


           Covariances
              FACTOR_1      FACTOR_1      FACTOR_2      FACTOR_2
              ________      ________      ________      ________
 FACTOR_1       0.688
 FACTOR_1       0.001         0.059
 FACTOR_2      -0.404        -0.005         0.589
 FACTOR_2       0.000         0.005         0.000         0.001


           Correlations
              FACTOR_1      FACTOR_1      FACTOR_2      FACTOR_2
              ________      ________      ________      ________
 FACTOR_1       1.000
 FACTOR_1       0.003         1.000
 FACTOR_2      -0.635        -0.026         1.000
 FACTOR_2       0.012         0.834        -0.022         1.000


PLOT INFORMATION

The following plots are available:

  Histograms (sample values, estimated factor scores, estimated values, residuals)
  Scatterplots (sample values, estimated factor scores, estimated values, residuals)
  Latent variable distribution plots

     Beginning Time:  13:11:46
        Ending Time:  13:11:46
       Elapsed Time:  00:00:00



MUTHEN & MUTHEN
3463 Stoner Ave.
Los Angeles, CA  90066

Tel: (310) 391-9971
Fax: (310) 391-8971
Web: www.StatModel.com
Support: Support@StatModel.com

Copyright (c) 1998-2019 Muthen & Muthen
