Mplus VERSION 8.3
MUTHEN & MUTHEN
02/06/2020   9:52 AM

INPUT INSTRUCTIONS

  TITLE:
  model06_non_parametric_mlca
  DATA:
  FILE = "/Users/agarber/Desktop/multi_level_lca/mlca_mplus/model06_non_parametric.dat";

  VARIABLE:
  NAMES = pop source level d_middle d_high distcode schlcode postcode grade gender
       d_female race i1 i2 i3 i4 i5 i6 i7 i8 i9 i10 i11 i12 i13 i14 i15 i16 i17 i18
       i19 i20 i21 i22 i23 i24 i25 i26 i27 i28 i29 i30 i31 i32 i33 i34 i35 i36 i37 i38
       i39 i40 pun_1 pos_1 sel_1 pun_2 pos_2 sel_2 pun_3 pos_3 sel_3 pun_4 pos_4 sel_4
       pun_5 pos_5 sel_5 i9rev i14rev i24rev i27rev ii1rev ii4rev ii7rev ii10rev
       ii13rev pos_1b pos_3b pos_2b pos_4b sel_5b sel_2b sel_1b;
   MISSING=.;
   usevar = pos_1b-sel_1b;
       categorical = pos_1b-sel_1b;
       classes = CB(2) c(4);

       cluster = schlcode;      ! level 2 units are schools
       between = CB;
  ANALYSIS:
  estimator = mlr;
      type = mixture twolevel;
      starts = 20 10;
      processors = 10;
  MODEL:
  %WITHIN%
       %OVERALL%

       %BETWEEN%
       %OVERALL%
       FU BY pos_1b-sel_1b;
       [FU@0];
       C on CB;

       MODEL CB:
       %BETWEEN%
       %CB#1%
       [FU@0];
       %CB#2%
       [FU];

       MODEL C:
       %BETWEEN%
       %C#1%
       [pos_1b$1-sel_1b$1];
       %C#2%
       [pos_1b$1-sel_1b$1];
       %C#3%
       [pos_1b$1-sel_1b$1];
       %C#4%
       [pos_1b$1-sel_1b$1];
  OUTPUT:
  TECH8;
  PLOT:
  type = plot3;
      series = pos_1b-sel_1b(*);



*** WARNING
  One or more individual-level variables have no variation within a
  cluster for the following clusters.

     Variable   Cluster IDs with no within-cluster variation

      POS_1B      4055 246 456 410 638 124 260 132 668 128 244 28 256 724 11 640 14 318 330 324
                  314 270 733 271 721 662 20 422 112 242 320 672 10 710 240 722 334 21 339 312
                  322 170 254
      POS_3B      4055 4040 246 420 456 753 410 180 638 658 352 124 260 358 132 668 128 244 28
                  256 642 11 584 640 23 14 151 332 318 32 330 324 264 314 733 761 634 660 271
                  721 662 20 675 422 112 412 242 320 672 10 712 710 240 722 334 21 350 312 322
                  254
      POS_2B      4055 246 456 753 260 128 256 156 584 640 151 330 314 271 662 712 720 21 759
      POS_4B      246 753 410 180 124 132 266 668 128 640 14 151 330 324 314 761 634 110 271 721
                  662 112 242 672 712 720 334 759 254
      SEL_5B      246 456 753 410 638 658 124 358 432 356 668 128 28 130 640 332 32 324 270 660
                  673 271 721 252 20 422 242 672 712 326 722 334 322
      SEL_2B      246 753 410 250 638 124 432 132 668 128 28 130 640 14 270 271 721 422 712
      SEL_1B      4055 246 410 250 638 124 432 128 28 640 14 332 270 271 721 20 310 242 10 722
                  334 759 636

*** WARNING
  Data set contains cases with missing on all variables.
  These cases were not included in the analysis.
  Number of cases with missing on all variables:  4
   2 WARNING(S) FOUND IN THE INPUT INSTRUCTIONS




model06_non_parametric_mlca

SUMMARY OF ANALYSIS

Number of groups                                                 1
Number of observations                                        5087

Number of dependent variables                                    7
Number of independent variables                                  0
Number of continuous latent variables                            1
Number of categorical latent variables                           2

Observed dependent variables

  Binary and ordered categorical (ordinal)
   POS_1B      POS_3B      POS_2B      POS_4B      SEL_5B      SEL_2B
   SEL_1B

Continuous latent variables
   FU

Categorical latent variables
   CB          C

Variables with special functions

  Cluster variable      SCHLCODE

Estimator                                                      MLR
Information matrix                                        OBSERVED
Optimization Specifications for the Quasi-Newton Algorithm for
Continuous Outcomes
  Maximum number of iterations                                 100
  Convergence criterion                                  0.100D-05
Optimization Specifications for the EM Algorithm
  Maximum number of iterations                                 500
  Convergence criteria
    Loglikelihood change                                 0.100D-02
    Relative loglikelihood change                        0.100D-05
    Derivative                                           0.100D-02
Optimization Specifications for the M step of the EM Algorithm for
Categorical Latent variables
  Number of M step iterations                                    1
  M step convergence criterion                           0.100D-02
  Basis for M step termination                           ITERATION
Optimization Specifications for the M step of the EM Algorithm for
Censored, Binary or Ordered Categorical (Ordinal), Unordered
Categorical (Nominal) and Count Outcomes
  Number of M step iterations                                    1
  M step convergence criterion                           0.100D-02
  Basis for M step termination                           ITERATION
  Maximum value for logit thresholds                            15
  Minimum value for logit thresholds                           -15
  Minimum expected cell size for chi-square              0.100D-01
Maximum number of iterations for H1                           2000
Convergence criterion for H1                             0.100D-03
Optimization algorithm                                         EMA
Integration Specifications
  Type                                                    STANDARD
  Number of integration points                                  15
  Dimensions of numerical integration                            1
  Adaptive quadrature                                           ON
Random Starts Specifications
  Number of initial stage random starts                         20
  Number of final stage optimizations                           10
  Number of initial stage iterations                            10
  Initial stage convergence criterion                    0.100D+01
  Random starts scale                                    0.500D+01
  Random seed for generating random starts                       0
Parameterization                                             LOGIT
Link                                                         LOGIT
Cholesky                                                        ON

Input data file(s)
  /Users/agarber/Desktop/multi_level_lca/mlca_mplus/model06_non_parametric.dat
Input data format  FREE


SUMMARY OF DATA

     Number of missing data patterns             1
     Number of y missing data patterns           0
     Number of u missing data patterns           1
     Number of clusters                        130



COVARIANCE COVERAGE OF DATA

Minimum covariance coverage value   0.100


UNIVARIATE PROPORTIONS AND COUNTS FOR CATEGORICAL VARIABLES

    POS_1B
      Category 1    0.076          389.000
      Category 2    0.924         4698.000
    POS_3B
      Category 1    0.057          290.000
      Category 2    0.943         4797.000
    POS_2B
      Category 1    0.173          880.000
      Category 2    0.827         4207.000
    POS_4B
      Category 1    0.214         1090.000
      Category 2    0.786         3997.000
    SEL_5B
      Category 1    0.127          646.000
      Category 2    0.873         4441.000
    SEL_2B
      Category 1    0.174          884.000
      Category 2    0.826         4203.000
    SEL_1B
      Category 1    0.145          740.000
      Category 2    0.855         4347.000


RANDOM STARTS RESULTS RANKED FROM THE BEST TO THE WORST LOGLIKELIHOOD VALUES

Final stage loglikelihood values at local maxima, seeds, and initial stage start numbers:

           -9847.624  127215           9
           -9847.629  107446           12
           -9849.532  399671           13
           -9853.905  851945           18
           -9870.078  195873           6
           -9888.523  608496           4
           -9926.005  27071            15
           -9995.623  unperturbed      0
           -9995.845  939021           8
          -10171.416  573096           20



THE BEST LOGLIKELIHOOD VALUE HAS BEEN REPLICATED.  RERUN WITH AT LEAST TWICE THE
RANDOM STARTS TO CHECK THAT THE BEST LOGLIKELIHOOD IS STILL OBTAINED AND REPLICATED.

     ONE OR MORE PARAMETERS WERE FIXED TO AVOID SINGULARITY OF THE
     INFORMATION MATRIX. THE SINGULARITY IS MOST LIKELY BECAUSE THE
     MODEL IS NOT IDENTIFIED, OR BECAUSE OF EMPTY CELLS IN THE JOINT
     DISTRIBUTION OF THE CATEGORICAL VARIABLES IN THE MODEL.
     THE FOLLOWING PARAMETERS WERE FIXED:
     Parameter 27, %BETWEEN% %CB#1.C#3%: [ SEL_5B$1 ] (equality/label)


THE MODEL ESTIMATION TERMINATED NORMALLY



MODEL FIT INFORMATION

Number of Free Parameters                       43

Loglikelihood

          H0 Value                       -9847.624
          H0 Scaling Correction Factor      1.5248
            for MLR

Information Criteria

          Akaike (AIC)                   19781.247
          Bayesian (BIC)                 20062.228
          Sample-Size Adjusted BIC       19925.589
            (n* = (n + 2) / 24)



MODEL RESULTS USE THE LATENT CLASS VARIABLE ORDER

   CB  C

  Latent Class Variable Patterns

         CB         C
      Class     Class

         1         1
         1         2
         1         3
         1         4
         2         1
         2         2
         2         3
         2         4


FINAL CLASS COUNTS AND PROPORTIONS FOR THE LATENT CLASS PATTERNS
BASED ON ESTIMATED POSTERIOR PROBABILITIES

  Latent Class
    Pattern

    1  1        280.12650          0.05507
    1  2         94.33210          0.01854
    1  3       2045.91334          0.40218
    1  4         14.59192          0.00287
    2  1        754.85474          0.14839
    2  2        539.42089          0.10604
    2  3       1049.29002          0.20627
    2  4        308.47048          0.06064


FINAL CLASS COUNTS AND PROPORTIONS FOR EACH LATENT CLASS VARIABLE
BASED ON ESTIMATED POSTERIOR PROBABILITIES

  Latent Class
    Variable    Class

    CB             1      2434.96387          0.47866
                   2      2652.03613          0.52134
    C              1      1034.98120          0.20346
                   2       633.75299          0.12458
                   3      3095.20337          0.60845
                   4       323.06241          0.06351


FINAL CLASS COUNTS AND PROPORTIONS FOR THE LATENT CLASS PATTERNS
BASED ON THEIR MOST LIKELY LATENT CLASS PATTERN

Class Counts and Proportions

  Latent Class
    Pattern

    1  1              188          0.03696
    1  2              104          0.02044
    1  3             2177          0.42795
    1  4               14          0.00275
    2  1              582          0.11441
    2  2              516          0.10144
    2  3             1227          0.24120
    2  4              279          0.05485


FINAL CLASS COUNTS AND PROPORTIONS FOR EACH LATENT CLASS VARIABLE
BASED ON THEIR MOST LIKELY LATENT CLASS PATTERN

  Latent Class
    Variable    Class

    CB             1            2483          0.48811
                   2            2604          0.51189
    C              1             770          0.15137
                   2             620          0.12188
                   3            3404          0.66916
                   4             293          0.05760


CLASSIFICATION QUALITY

     Entropy                         0.792


Average Latent Class Probabilities for Most Likely Latent Class Pattern (Row)
by Latent Class Pattern (Column)

  Latent Class Variable Patterns

  Latent Class         CB         C
   Pattern No.      Class     Class

         1             1         1
         2             1         2
         3             1         3
         4             1         4
         5             2         1
         6             2         2
         7             2         3
         8             2         4

           1        2        3        4        5        6        7        8

    1   0.723    0.027    0.207    0.007    0.031    0.001    0.001    0.002
    2   0.100    0.715    0.060    0.024    0.006    0.073    0.001    0.023
    3   0.058    0.004    0.906    0.000    0.010    0.001    0.021    0.000
    4   0.089    0.081    0.000    0.685    0.002    0.008    0.000    0.134
    5   0.006    0.000    0.004    0.000    0.806    0.085    0.070    0.030
    6   0.001    0.007    0.001    0.000    0.074    0.824    0.013    0.080
    7   0.001    0.000    0.022    0.000    0.173    0.024    0.779    0.000
    8   0.001    0.002    0.000    0.004    0.031    0.087    0.000    0.876


MODEL RESULTS

                                                    Two-Tailed
                    Estimate       S.E.  Est./S.E.    P-Value

Within Level

Between Level

Latent Class Pattern 1 1

 FU       BY
    POS_1B             1.000      0.000    999.000    999.000
    POS_3B             1.271      0.219      5.811      0.000
    POS_2B             3.336      0.942      3.543      0.000
    POS_4B             2.985      0.752      3.969      0.000
    SEL_5B             0.610      0.257      2.378      0.017
    SEL_2B             0.727      0.253      2.876      0.004
    SEL_1B             0.340      0.236      1.441      0.149

 Means
    FU                 0.000      0.000    999.000    999.000

 Thresholds
    POS_1B$1          -2.306      0.528     -4.366      0.000
    POS_3B$1          -2.770      0.623     -4.449      0.000
    POS_2B$1          -1.302      0.536     -2.428      0.015
    POS_4B$1          -0.293      0.531     -0.552      0.581
    SEL_5B$1          -3.954      0.762     -5.187      0.000
    SEL_2B$1          -2.484      0.546     -4.545      0.000
    SEL_1B$1          -2.181      0.360     -6.054      0.000

 Variances
    FU                 0.363      0.231      1.571      0.116

Latent Class Pattern 1 2

 FU       BY
    POS_1B             1.000      0.000    999.000    999.000
    POS_3B             1.271      0.219      5.811      0.000
    POS_2B             3.336      0.942      3.543      0.000
    POS_4B             2.985      0.752      3.969      0.000
    SEL_5B             0.610      0.257      2.378      0.017
    SEL_2B             0.727      0.253      2.876      0.004
    SEL_1B             0.340      0.236      1.441      0.149

 Means
    FU                 0.000      0.000    999.000    999.000

 Thresholds
    POS_1B$1          -2.649      0.297     -8.903      0.000
    POS_3B$1          -4.250      0.559     -7.606      0.000
    POS_2B$1          -2.861      0.404     -7.084      0.000
    POS_4B$1          -1.705      0.407     -4.189      0.000
    SEL_5B$1           0.330      0.238      1.388      0.165
    SEL_2B$1           1.135      0.284      3.993      0.000
    SEL_1B$1           0.024      0.185      0.130      0.897

 Variances
    FU                 0.363      0.231      1.571      0.116

Latent Class Pattern 1 3

 FU       BY
    POS_1B             1.000      0.000    999.000    999.000
    POS_3B             1.271      0.219      5.811      0.000
    POS_2B             3.336      0.942      3.543      0.000
    POS_4B             2.985      0.752      3.969      0.000
    SEL_5B             0.610      0.257      2.378      0.017
    SEL_2B             0.727      0.253      2.876      0.004
    SEL_1B             0.340      0.236      1.441      0.149

 Means
    FU                 0.000      0.000    999.000    999.000

 Thresholds
    POS_1B$1          -5.841      0.469    -12.456      0.000
    POS_3B$1          -7.438      0.939     -7.919      0.000
    POS_2B$1          -4.911      0.514     -9.550      0.000
    POS_4B$1          -4.696      0.716     -6.563      0.000
    SEL_5B$1         -56.266      0.000    999.000    999.000
    SEL_2B$1          -5.286      0.873     -6.056      0.000
    SEL_1B$1          -3.649      0.206    -17.708      0.000

 Variances
    FU                 0.363      0.231      1.571      0.116

Latent Class Pattern 1 4

 FU       BY
    POS_1B             1.000      0.000    999.000    999.000
    POS_3B             1.271      0.219      5.811      0.000
    POS_2B             3.336      0.942      3.543      0.000
    POS_4B             2.985      0.752      3.969      0.000
    SEL_5B             0.610      0.257      2.378      0.017
    SEL_2B             0.727      0.253      2.876      0.004
    SEL_1B             0.340      0.236      1.441      0.149

 Means
    FU                 0.000      0.000    999.000    999.000

 Thresholds
    POS_1B$1           0.318      0.253      1.257      0.209
    POS_3B$1          -0.002      0.276     -0.006      0.995
    POS_2B$1           1.128      0.534      2.112      0.035
    POS_4B$1           0.943      0.563      1.674      0.094
    SEL_5B$1           0.962      0.514      1.874      0.061
    SEL_2B$1           1.907      0.734      2.597      0.009
    SEL_1B$1           0.658      0.360      1.827      0.068

 Variances
    FU                 0.363      0.231      1.571      0.116

Latent Class Pattern 2 1

 FU       BY
    POS_1B             1.000      0.000    999.000    999.000
    POS_3B             1.271      0.219      5.811      0.000
    POS_2B             3.336      0.942      3.543      0.000
    POS_4B             2.985      0.752      3.969      0.000
    SEL_5B             0.610      0.257      2.378      0.017
    SEL_2B             0.727      0.253      2.876      0.004
    SEL_1B             0.340      0.236      1.441      0.149

 Means
    FU                -0.128      0.181     -0.706      0.480

 Thresholds
    POS_1B$1          -2.306      0.528     -4.366      0.000
    POS_3B$1          -2.770      0.623     -4.449      0.000
    POS_2B$1          -1.302      0.536     -2.428      0.015
    POS_4B$1          -0.293      0.531     -0.552      0.581
    SEL_5B$1          -3.954      0.762     -5.187      0.000
    SEL_2B$1          -2.484      0.546     -4.545      0.000
    SEL_1B$1          -2.181      0.360     -6.054      0.000

 Variances
    FU                 0.363      0.231      1.571      0.116

Latent Class Pattern 2 2

 FU       BY
    POS_1B             1.000      0.000    999.000    999.000
    POS_3B             1.271      0.219      5.811      0.000
    POS_2B             3.336      0.942      3.543      0.000
    POS_4B             2.985      0.752      3.969      0.000
    SEL_5B             0.610      0.257      2.378      0.017
    SEL_2B             0.727      0.253      2.876      0.004
    SEL_1B             0.340      0.236      1.441      0.149

 Means
    FU                -0.128      0.181     -0.706      0.480

 Thresholds
    POS_1B$1          -2.649      0.297     -8.903      0.000
    POS_3B$1          -4.250      0.559     -7.606      0.000
    POS_2B$1          -2.861      0.404     -7.084      0.000
    POS_4B$1          -1.705      0.407     -4.189      0.000
    SEL_5B$1           0.330      0.238      1.388      0.165
    SEL_2B$1           1.135      0.284      3.993      0.000
    SEL_1B$1           0.024      0.185      0.130      0.897

 Variances
    FU                 0.363      0.231      1.571      0.116

Latent Class Pattern 2 3

 FU       BY
    POS_1B             1.000      0.000    999.000    999.000
    POS_3B             1.271      0.219      5.811      0.000
    POS_2B             3.336      0.942      3.543      0.000
    POS_4B             2.985      0.752      3.969      0.000
    SEL_5B             0.610      0.257      2.378      0.017
    SEL_2B             0.727      0.253      2.876      0.004
    SEL_1B             0.340      0.236      1.441      0.149

 Means
    FU                -0.128      0.181     -0.706      0.480

 Thresholds
    POS_1B$1          -5.841      0.469    -12.456      0.000
    POS_3B$1          -7.438      0.939     -7.919      0.000
    POS_2B$1          -4.911      0.514     -9.550      0.000
    POS_4B$1          -4.696      0.716     -6.563      0.000
    SEL_5B$1         -56.266      0.000    999.000    999.000
    SEL_2B$1          -5.286      0.873     -6.056      0.000
    SEL_1B$1          -3.649      0.206    -17.708      0.000

 Variances
    FU                 0.363      0.231      1.571      0.116

Latent Class Pattern 2 4

 FU       BY
    POS_1B             1.000      0.000    999.000    999.000
    POS_3B             1.271      0.219      5.811      0.000
    POS_2B             3.336      0.942      3.543      0.000
    POS_4B             2.985      0.752      3.969      0.000
    SEL_5B             0.610      0.257      2.378      0.017
    SEL_2B             0.727      0.253      2.876      0.004
    SEL_1B             0.340      0.236      1.441      0.149

 Means
    FU                -0.128      0.181     -0.706      0.480

 Thresholds
    POS_1B$1           0.318      0.253      1.257      0.209
    POS_3B$1          -0.002      0.276     -0.006      0.995
    POS_2B$1           1.128      0.534      2.112      0.035
    POS_4B$1           0.943      0.563      1.674      0.094
    SEL_5B$1           0.962      0.514      1.874      0.061
    SEL_2B$1           1.907      0.734      2.597      0.009
    SEL_1B$1           0.658      0.360      1.827      0.068

 Variances
    FU                 0.363      0.231      1.571      0.116

Categorical Latent Variables

Within Level

 Intercepts
    C#1                0.895      0.198      4.509      0.000
    C#2                0.559      0.234      2.392      0.017
    C#3                1.224      0.196      6.258      0.000

Between Level

 C#1        ON
    CB#1               2.060      0.609      3.385      0.001

 C#2        ON
    CB#1               1.307      0.623      2.098      0.036

 C#3        ON
    CB#1               3.718      0.607      6.124      0.000

 Means
    CB#1               0.165      0.234      0.704      0.481


QUALITY OF NUMERICAL RESULTS

     Condition Number for the Information Matrix              0.142E-02
       (ratio of smallest to largest eigenvalue)


TECHNICAL 8 OUTPUT


  INITIAL STAGE ITERATIONS


  TECHNICAL 8 OUTPUT FOR UNPERTURBED STARTING VALUE SET


  ITER  LOGLIKELIHOOD    ABS CHANGE   REL CHANGE      CLASS COUNTS    ALGORITHM
     1 -0.11848821D+05    0.0000000    0.0000000    767.159   688.188    EM
                                                    538.355   549.799
                                                    767.159   688.188
                                                    538.355   549.799
     2 -0.10916913D+05  931.9080844    0.0786499    829.276   688.593    EM
                                                    467.969   516.214
                                                    870.018   726.914
                                                    484.897   503.120
     3 -0.10603047D+05  313.8657901    0.0287504    833.396   673.082    EM
                                                    434.599   497.746
                                                    955.039   776.351
                                                    467.188   449.598
     4 -0.10451002D+05  152.0450091    0.0143397    795.251   636.694    EM
                                                    431.662   548.151
                                                   1029.325   827.964
                                                    458.480   359.474
     5 -0.10324991D+05  126.0108977    0.0120573    717.642   571.418    EM
                                                    433.988   634.043
                                                   1122.943   897.718
                                                    454.513   254.735
     6 -0.10202641D+05  122.3494498    0.0118498    681.669   536.719    EM
                                                    451.784   691.342
                                                   1170.479   928.136
                                                    435.231   191.640
     7 -0.10126781D+05   75.8605861    0.0074354    691.995   532.926    EM
                                                    489.281   729.855
                                                   1169.087   919.108
                                                    403.671   151.078
     8 -0.10083027D+05   43.7536934    0.0043206    714.677   533.522    EM
                                                    523.053   751.556
                                                   1157.978   906.139
                                                    374.021   126.054
     9 -0.10059307D+05   23.7202368    0.0023525    738.149   532.830    EM
                                                    546.025   762.355
                                                   1148.590   899.449
                                                    348.577   111.026
    10 -0.10046602D+05   12.7050771    0.0012630    759.080   530.397    EM
                                                    559.319   767.026
                                                   1142.533   899.847
                                                    326.921   101.877


  TECHNICAL 8 OUTPUT FOR STARTING VALUE SET 1


  ITER  LOGLIKELIHOOD    ABS CHANGE   REL CHANGE      CLASS COUNTS    ALGORITHM
     1 -0.34508553D+05    0.0000000    0.0000000   1302.630   355.925    EM
                                                   1831.845   851.086
                                                    402.766    35.042
                                                    173.261   134.446
     2 -0.12771064D+05 ************    0.6299160   1536.186   252.264    EM
                                                   1841.118   908.789
                                                    319.722    20.556
                                                    127.256    81.110
     3 -0.11571979D+05 1199.0851780    0.0938908   1438.227   269.427    EM
                                                   1962.943   922.135
                                                    218.964    21.768
                                                    171.710    81.826
     4 -0.10880958D+05  691.0207690    0.0597150   1339.923   270.336    EM
                                                   2037.506   945.236
                                                    163.010    24.991
                                                    223.182    82.816
     5 -0.10617253D+05  263.7057160    0.0242355   1251.392   275.160    EM
                                                   2091.663   974.785
                                                    140.777    26.753
                                                    242.663    83.807
     6 -0.10530305D+05   86.9481233    0.0081893   1188.295   283.754    EM
                                                   2123.483   997.467
                                                    131.608    28.079
                                                    248.499    85.813
     7 -0.10492404D+05   37.9004041    0.0035992   1144.641   298.108    EM
                                                   2138.063  1012.188
                                                    127.290    30.459
                                                    248.546    87.705
     8 -0.10459431D+05   32.9732888    0.0031426   1111.394   321.196    EM
                                                   2139.378  1021.032
                                                    124.212    35.969
                                                    245.020    88.799
     9 -0.10409161D+05   50.2699920    0.0048062   1077.251   356.905    EM
                                                   2132.206  1026.639
                                                    120.288    48.086
                                                    237.761    87.865
    10 -0.10343596D+05   65.5649113    0.0062988   1039.184   397.050    EM
                                                   2124.568  1032.198
                                                    115.809    63.853
                                                    229.205    85.134


  TECHNICAL 8 OUTPUT FOR STARTING VALUE SET 2


  ITER  LOGLIKELIHOOD    ABS CHANGE   REL CHANGE      CLASS COUNTS    ALGORITHM
     1 -0.25985943D+05    0.0000000    0.0000000   2979.810    20.260    EM
                                                    150.471    27.648
                                                    719.325   646.775
                                                    494.424    48.286
     2 -0.11503563D+05 ************    0.5573159   3233.699    59.203    EM
                                                    178.113   118.322
                                                    626.163   484.305
                                                    248.206   138.990
     3 -0.10581485D+05  922.0776166    0.0801558   3294.231    76.656    EM
                                                    195.178   127.880
                                                    663.081   368.622
                                                    206.261   155.092
     4 -0.10420354D+05  161.1311276    0.0152276   3253.296    94.599    EM
                                                    208.840   116.902
                                                    712.619   339.079
                                                    189.730   171.936
     5 -0.10354517D+05   65.8368355    0.0063181   3265.647   114.543    EM
                                                    225.990   110.859
                                                    709.996   308.224
                                                    173.574   178.168
     6 -0.10322746D+05   31.7710033    0.0030683   3244.917   127.219    EM
                                                    232.509   102.412
                                                    733.763   293.612
                                                    170.421   182.148
     7 -0.10290115D+05   32.6310463    0.0031611   3259.573   138.202    EM
                                                    244.207    96.588
                                                    725.743   280.217
                                                    163.574   178.895
     8 -0.10275043D+05   15.0727207    0.0014648   3197.928   140.434    EM
                                                    240.147    89.251
                                                    783.780   285.532
                                                    168.358   181.569
     9 -0.10265609D+05    9.4336264    0.0009181   3209.867   146.688    EM
                                                    246.926    87.289
                                                    773.347   279.542
                                                    163.541   179.799
    10 -0.10249838D+05   15.7711454    0.0015363   3217.248   152.568    EM
                                                    254.881    85.191
                                                    770.191   271.734
                                                    161.156   174.031


  FINAL STAGE ITERATIONS


  TECHNICAL 8 OUTPUT FOR UNPERTURBED STARTING VALUE SET




  ITER  LOGLIKELIHOOD    ABS CHANGE   REL CHANGE      CLASS COUNTS    ALGORITHM
     1 -0.11848821D+05    0.0000000    0.0000000    767.159   688.188    EM
                                                    538.355   549.799
                                                    767.159   688.188
                                                    538.355   549.799
     2 -0.10916913D+05  931.9080844    0.0786499    829.276   688.593    EM
                                                    467.969   516.214
                                                    870.018   726.914
                                                    484.897   503.120
     3 -0.10603047D+05  313.8657901    0.0287504    833.396   673.082    EM
                                                    434.599   497.746
                                                    955.039   776.351
                                                    467.188   449.598
     4 -0.10451002D+05  152.0450091    0.0143397    795.251   636.694    EM
                                                    431.662   548.151
                                                   1029.325   827.964
                                                    458.480   359.474
     5 -0.10324991D+05  126.0108977    0.0120573    717.642   571.418    EM
                                                    433.988   634.043
                                                   1122.943   897.718
                                                    454.513   254.735
     6 -0.10202641D+05  122.3494498    0.0118498    681.669   536.719    EM
                                                    451.784   691.342
                                                   1170.479   928.136
                                                    435.231   191.640
     7 -0.10126781D+05   75.8605861    0.0074354    691.995   532.926    EM
                                                    489.281   729.855
                                                   1169.087   919.108
                                                    403.671   151.078
     8 -0.10083027D+05   43.7536934    0.0043206    714.677   533.522    EM
                                                    523.053   751.556
                                                   1157.978   906.139
                                                    374.021   126.054
     9 -0.10059307D+05   23.7202368    0.0023525    738.149   532.830    EM
                                                    546.025   762.355
                                                   1148.590   899.449
                                                    348.577   111.026
    10 -0.10046602D+05   12.7050771    0.0012630    759.080   530.397    EM
                                                    559.319   767.026
                                                   1142.533   899.847
                                                    326.921   101.877
    11 -0.10039227D+05    7.3747377    0.0007341    777.033   526.758    EM
                                                    566.060   768.475
                                                   1138.710   905.554
                                                    308.268    96.141
    12 -0.10034387D+05    4.8399167    0.0004821    792.523   522.437    EM
                                                    568.862   768.281
                                                   1135.811   914.675
                                                    291.972    92.439
    13 -0.10030837D+05    3.5499766    0.0003538    806.235   517.784    EM
                                                    569.433   767.260
                                                   1132.945   925.790
                                                    277.563    89.991
    14 -0.10027999D+05    2.8380967    0.0002829    818.738   512.979    EM
                                                    568.751   765.803
                                                   1129.688   937.975
                                                    264.718    88.347
    15 -0.10025581D+05    2.4182716    0.0002412    830.442   508.101    EM
                                                    567.352   764.092
                                                   1125.920   950.649
                                                    253.211    87.234
    16 -0.10023428D+05    2.1527679    0.0002147    841.633   503.181    EM
                                                    565.531   762.209
                                                   1121.659   963.435
                                                    242.873    86.479
    17 -0.10021461D+05    1.9669627    0.0001962    852.494   498.231    EM
                                                    563.462   760.203
                                                   1116.988   976.076
                                                    233.579    85.967
    18 -0.10019642D+05    1.8194668    0.0001816    863.131   493.257    EM
                                                    561.257   758.108
                                                   1112.002   988.391
                                                    225.231    85.622
    19 -0.10017952D+05    1.6893828    0.0001686    873.602   488.264    EM
                                                    559.003   755.958
                                                   1106.783  1000.255
                                                    217.747    85.388
    20 -0.10016384D+05    1.5678402    0.0001565    883.924   483.253    EM
                                                    556.757   753.781
                                                   1101.415  1011.582
                                                    211.058    85.229
    21 -0.10014932D+05    1.4521707    0.0001450    894.092   478.232    EM
                                                    554.560   751.601
                                                   1095.977  1022.318
                                                    205.101    85.120
    22 -0.10013590D+05    1.3421116    0.0001340    904.092   473.209    EM
                                                    552.437   749.435
                                                   1090.535  1032.432
                                                    199.818    85.042
    23 -0.10012352D+05    1.2380117    0.0001236    913.903   468.194    EM
                                                    550.403   747.299
                                                   1085.149  1041.911
                                                    195.154    84.986
    24 -0.10011212D+05    1.1402494    0.0001139    923.505   463.201    EM
                                                    548.467   745.207
                                                   1079.865  1050.756
                                                    191.056    84.943
    25 -0.10010163D+05    1.0490966    0.0001048    932.876   458.243    EM
                                                    546.631   743.170
                                                   1074.720  1058.980
                                                    187.472    84.908
    26 -0.10009198D+05    0.9646881    0.0000964    941.996   453.336    EM
                                                    544.896   741.196
                                                   1069.742  1066.603
                                                    184.353    84.877
    27 -0.10008311D+05    0.8870156    0.0000886    950.846   448.493    EM
                                                    543.260   739.295
                                                   1064.952  1073.651
                                                    181.654    84.850
    28 -0.10007495D+05    0.8159277    0.0000815    959.411   443.727    EM
                                                    541.722   737.470
                                                   1060.362  1080.154
                                                    179.329    84.824
    29 -0.10006744D+05    0.7511415    0.0000751    967.677   439.050    EM
                                                    540.276   735.727
                                                   1055.983  1086.146
                                                    177.340    84.801
    30 -0.10006052D+05    0.6922738    0.0000692    975.635   434.471    EM
                                                    538.921   734.066
                                                   1051.819  1091.660
                                                    175.648    84.780
    31 -0.10005413D+05    0.6388755    0.0000638    983.278   429.998    EM
                                                    537.651   732.489
                                                   1047.872  1096.731
                                                    174.219    84.761
    32 -0.10004822D+05    0.5904657    0.0000590    990.602   425.638    EM
                                                    536.464   730.995
                                                   1044.142  1101.391
                                                    173.023    84.745
    33 -0.10004276D+05    0.5465628    0.0000546    997.604   421.396    EM
                                                    535.356   729.582
                                                   1040.627  1105.673
                                                    172.030    84.732
    34 -0.10003769D+05    0.5067051    0.0000506   1004.287   417.276    EM
                                                    534.323   728.248
                                                   1037.322  1109.606
                                                    171.216    84.723
    35 -0.10003299D+05    0.4704642    0.0000470   1010.654   413.280    EM
                                                    533.361   726.989
                                                   1034.223  1113.218
                                                    170.558    84.718
    36 -0.10002861D+05    0.4374533    0.0000437   1016.711   409.409    EM
                                                    532.467   725.802
                                                   1031.322  1116.536
                                                    170.036    84.717
    37 -0.10002454D+05    0.4073268    0.0000407   1022.465   405.663    EM
                                                    531.637   724.683
                                                   1028.615  1119.583
                                                    169.633    84.721
    38 -0.10002074D+05    0.3797809    0.0000380   1027.924   402.041    EM
                                                    530.869   723.629
                                                   1026.092  1122.383
                                                    169.332    84.729
    39 -0.10001719D+05    0.3545471    0.0000354   1033.099   398.543    EM
                                                    530.159   722.635
                                                   1023.748  1124.954
                                                    169.120    84.742
    40 -0.10001388D+05    0.3313907    0.0000331   1038.000   395.167    EM
                                                    529.503   721.697
                                                   1021.574  1127.316
                                                    168.986    84.759
    41 -0.10001078D+05    0.3101043    0.0000310   1042.638   391.909    EM
                                                    528.898   720.811
                                                   1019.561  1129.486
                                                    168.917    84.779
    42 -0.10000787D+05    0.2905046    0.0000290   1047.025   388.767    EM
                                                    528.341   719.974
                                                   1017.703  1131.480
                                                    168.906    84.804
    43 -0.10000515D+05    0.2724296    0.0000272   1051.172   385.738    EM
                                                    527.829   719.183
                                                   1015.992  1133.310
                                                    168.944    84.832
    44 -0.10000259D+05    0.2557347    0.0000256   1055.093   382.818    EM
                                                    527.359   718.433
                                                   1014.419  1134.992
                                                    169.023    84.863
    45 -0.10000019D+05    0.2402909    0.0000240   1058.797   380.004    EM
                                                    526.928   717.722
                                                   1012.978  1136.535
                                                    169.139    84.897
    46 -0.99997931D+04    0.2259839    0.0000226   1062.298   377.291    EM
                                                    526.533   717.047
                                                   1011.660  1137.952
                                                    169.284    84.935
    47 -0.99995803D+04    0.2127102    0.0000213   1065.606   374.676    EM
                                                    526.171   716.405
                                                   1010.459  1139.252
                                                    169.456    84.974
    48 -0.99993800D+04    0.2003777    0.0000200   1068.732   372.155    EM
                                                    525.840   715.794
                                                   1009.368  1140.445
                                                    169.649    85.016
    49 -0.99991911D+04    0.1889040    0.0000189   1071.687   369.725    EM
                                                    525.537   715.211
                                                   1008.380  1141.538
                                                    169.861    85.061
    50 -0.99990128D+04    0.1782151    0.0000178   1074.480   367.381    EM
                                                    525.261   714.655
                                                   1007.490  1142.539
                                                    170.088    85.107
    51 -0.99988446D+04    0.1682447    0.0000168   1077.122   365.121    EM
                                                    525.008   714.123
                                                   1006.690  1143.456
                                                    170.327    85.154
    52 -0.99986857D+04    0.1589330    0.0000159   1079.621   362.939    EM
                                                    524.776   713.613
                                                   1005.976  1144.295
                                                    170.576    85.203
    53 -0.99985354D+04    0.1502263    0.0000150   1081.986   360.833    EM
                                                    524.565   713.125
                                                   1005.342  1145.061
                                                    170.834    85.254
    54 -0.99983934D+04    0.1420764    0.0000142   1084.225   358.800    EM
                                                    524.372   712.656
                                                   1004.783  1145.761
                                                    171.097    85.305
    55 -0.99982589D+04    0.1344396    0.0000134   1086.346   356.836    EM
                                                    524.195   712.206
                                                   1004.294  1146.398
                                                    171.366    85.358
    56 -0.99981316D+04    0.1272766    0.0000127   1088.356   354.939    EM
                                                    524.033   711.773
                                                   1003.871  1146.979
                                                    171.639    85.411
    57 -0.99980111D+04    0.1205518    0.0000121   1090.261   353.105    EM
                                                    523.885   711.355
                                                   1003.509  1147.506
                                                    171.913    85.465
    58 -0.99978969D+04    0.1142337    0.0000114   1092.069   351.332    EM
                                                    523.750   710.952
                                                   1003.203  1147.985
                                                    172.189    85.520
    59 -0.99977886D+04    0.1082900    0.0000108   1093.785   349.616    EM
                                                    523.625   710.564
                                                   1002.952  1148.418
                                                    172.466    85.575
    60 -0.99976859D+04    0.1026967    0.0000103   1095.414   347.956    EM
                                                    523.511   710.188
                                                   1002.749  1148.808
                                                    172.743    85.630
    61 -0.99975884D+04    0.0974288    0.0000097   1096.963   346.349    EM
                                                    523.406   709.825
                                                   1002.594  1149.160
                                                    173.019    85.686
    62 -0.99974960D+04    0.0924640    0.0000092   1098.435   344.792    EM
                                                    523.309   709.473
                                                   1002.481  1149.475
                                                    173.293    85.742
    63 -0.99974082D+04    0.0877816    0.0000088   1099.835   343.285    EM
                                                    523.220   709.133
                                                   1002.408  1149.756
                                                    173.566    85.798
    64 -0.99970340D+04    0.3742272    0.0000374   1105.510   335.382    QN
                                                    522.915   706.515
                                                   1018.509  1136.884
                                                    175.321    85.965
    65 -0.99969220D+04    0.1119393    0.0000112   1106.650   333.866    EM
                                                    522.804   706.183
                                                   1018.501  1137.828
                                                    175.052    86.115
    66 -0.99968496D+04    0.0724195    0.0000072   1107.939   332.442    EM
                                                    522.769   705.926
                                                   1018.339  1138.462
                                                    174.888    86.235
    67 -0.99967855D+04    0.0640978    0.0000064   1109.169   331.077    EM
                                                    522.734   705.686
                                                   1018.201  1138.981
                                                    174.818    86.334
    68 -0.99967267D+04    0.0588628    0.0000059   1110.324   329.774    EM
                                                    522.684   705.454
                                                   1018.104  1139.421
                                                    174.819    86.419
    69 -0.99966719D+04    0.0547544    0.0000055   1111.411   328.530    EM
                                                    522.620   705.228
                                                   1018.046  1139.793
                                                    174.876    86.496
    70 -0.99966206D+04    0.0512599    0.0000051   1112.436   327.343    EM
                                                    522.543   705.008
                                                   1018.024  1140.106
                                                    174.975    86.565
    71 -0.99965725D+04    0.0481752    0.0000048   1113.403   326.210    EM
                                                    522.457   704.794
                                                   1018.035  1140.368
                                                    175.105    86.629
    72 -0.99965271D+04    0.0453964    0.0000045   1114.318   325.127    EM
                                                    522.364   704.586
                                                   1018.074  1140.585
                                                    175.258    86.688
    73 -0.99964842D+04    0.0428614    0.0000043   1115.184   324.089    EM
                                                    522.267   704.384
                                                   1018.140  1140.762
                                                    175.429    86.745
    74 -0.99964437D+04    0.0405290    0.0000041   1116.005   323.095    EM
                                                    522.168   704.188
                                                   1018.230  1140.904
                                                    175.612    86.798
    75 -0.99964053D+04    0.0383695    0.0000038   1116.784   322.139    EM
                                                    522.068   703.998
                                                   1018.342  1141.016
                                                    175.803    86.849
    76 -0.99963689D+04    0.0363611    0.0000036   1117.525   321.221    EM
                                                    521.968   703.813
                                                   1018.474  1141.100
                                                    176.000    86.899
    77 -0.99959781D+04    0.3908912    0.0000391   1126.943   305.212    QN
                                                    519.945   697.942
                                                   1039.288  1126.102
                                                    184.261    87.307
    78 -0.99958269D+04    0.1511151    0.0000151   1127.018   304.276    EM
                                                    519.504   697.872
                                                   1039.424  1127.368
                                                    183.913    87.626
    79 -0.99957905D+04    0.0363972    0.0000036   1127.412   303.587    EM
                                                    519.308   697.914
                                                   1039.206  1128.112
                                                    183.610    87.851
    80 -0.99957721D+04    0.0183964    0.0000018   1127.844   303.008    EM
                                                    519.162   697.974
                                                   1038.961  1128.666
                                                    183.368    88.016
    81 -0.99957598D+04    0.0123833    0.0000012   1128.278   302.497    EM
                                                    519.029   698.027
                                                   1038.745  1129.106
                                                    183.177    88.142
    82 -0.99957501D+04    0.0096645    0.0000010   1128.702   302.031    EM
                                                    518.899   698.066
                                                   1038.571  1129.463
                                                    183.028    88.240
    83 -0.99957420D+04    0.0081229    0.0000008   1129.112   301.600    EM
                                                    518.772   698.091
                                                   1038.440  1129.756
                                                    182.911    88.318
    84 -0.99957349D+04    0.0071036    0.0000007   1129.504   301.194    EM
                                                    518.649   698.103
                                                   1038.349  1129.997
                                                    182.821    88.382
    85 -0.99957285D+04    0.0063609    0.0000006   1129.876   300.811    EM
                                                    518.531   698.105
                                                   1038.293  1130.197
                                                    182.752    88.434
    86 -0.99957227D+04    0.0057837    0.0000006   1130.227   300.447    EM
                                                    518.419   698.099
                                                   1038.269  1130.361
                                                    182.700    88.478
    87 -0.99957174D+04    0.0053143    0.0000005   1130.559   300.099    EM
                                                    518.311   698.085
                                                   1038.272  1130.495
                                                    182.662    88.516
    88 -0.99957125D+04    0.0049195    0.0000005   1130.872   299.768    EM
                                                    518.210   698.067
                                                   1038.299  1130.603
                                                    182.634    88.549
    89 -0.99957079D+04    0.0045790    0.0000005   1131.167   299.450    EM
                                                    518.113   698.044
                                                   1038.346  1130.688
                                                    182.614    88.577
    90 -0.99957036D+04    0.0042795    0.0000004   1131.445   299.146    EM
                                                    518.022   698.019
                                                   1038.411  1130.753
                                                    182.601    88.603
    91 -0.99956996D+04    0.0040124    0.0000004   1131.707   298.855    EM
                                                    517.935   697.991
                                                   1038.492  1130.801
                                                    182.593    88.627
    92 -0.99956959D+04    0.0037712    0.0000004   1131.955   298.576    EM
                                                    517.853   697.961
                                                   1038.585  1130.833
                                                    182.590    88.648
    93 -0.99956353D+04    0.0605056    0.0000061   1137.595   291.200    QN
                                                    515.633   694.567
                                                   1056.989  1119.338
                                                    182.582    89.095
    94 -0.99956262D+04    0.0091766    0.0000009   1137.536   291.184    EM
                                                    515.582   694.901
                                                   1056.767  1119.389
                                                    182.540    89.102
    95 -0.99956243D+04    0.0018787    0.0000002   1137.531   291.148    EM
                                                    515.486   695.113
                                                   1056.650  1119.429
                                                    182.512    89.131
    96 -0.99956234D+04    0.0009159    0.0000001   1137.549   291.108    EM
                                                    515.374   695.261
                                                   1056.596  1119.457
                                                    182.491    89.164


SAMPLE STATISTICS FOR ESTIMATED FACTOR SCORES


     SAMPLE STATISTICS


           Means
              CB#1          C#1           C#2           C#3           FU
              ________      ________      ________      ________      ________
                0.165         0.895         0.559         1.224        -0.090


           Means
              B_POS_1B      B_POS_3B      B_POS_2B      B_POS_4B      B_SEL_5B
              ________      ________      ________      ________      ________
               -0.090        -0.114        -0.300        -0.268        -0.055


           Means
              B_SEL_2B      B_SEL_1B      C_CB#1        C_C#1         C_C#2
              ________      ________      ________      ________      ________
               -0.065        -0.031         0.165         0.895         0.559


           Means
              C_C#3         C_FU          CB_POS_1      CB_POS_3      CB_POS_2
              ________      ________      ________      ________      ________
                1.224        -0.095        -0.095        -0.120        -0.316


           Means
              CB_POS_4      CB_SEL_5      CB_SEL_2      CB_SEL_1
              ________      ________      ________      ________
               -0.283        -0.058        -0.069        -0.032


           Covariances
              CB#1          C#1           C#2           C#3           FU
              ________      ________      ________      ________      ________
 CB#1           0.000
 C#1            0.000         0.000
 C#2            0.000         0.000         0.000
 C#3            0.000         0.000         0.000         0.000
 FU             0.000         0.000         0.000         0.000         0.309
 B_POS_1B       0.000         0.000         0.000         0.000         0.309
 B_POS_3B       0.000         0.000         0.000         0.000         0.393
 B_POS_2B       0.000         0.000         0.000         0.000         1.031
 B_POS_4B       0.000         0.000         0.000         0.000         0.923
 B_SEL_5B       0.000         0.000         0.000         0.000         0.189
 B_SEL_2B       0.000         0.000         0.000         0.000         0.225
 B_SEL_1B       0.000         0.000         0.000         0.000         0.105
 C_CB#1         0.000         0.000         0.000         0.000         0.000
 C_C#1          0.000         0.000         0.000         0.000         0.000
 C_C#2          0.000         0.000         0.000         0.000         0.000
 C_C#3          0.000         0.000         0.000         0.000         0.000
 C_FU           0.000         0.000         0.000         0.000         0.307
 CB_POS_1       0.000         0.000         0.000         0.000         0.307
 CB_POS_3       0.000         0.000         0.000         0.000         0.390
 CB_POS_2       0.000         0.000         0.000         0.000         1.024
 CB_POS_4       0.000         0.000         0.000         0.000         0.917
 CB_SEL_5       0.000         0.000         0.000         0.000         0.187
 CB_SEL_2       0.000         0.000         0.000         0.000         0.223
 CB_SEL_1       0.000         0.000         0.000         0.000         0.104


           Covariances
              B_POS_1B      B_POS_3B      B_POS_2B      B_POS_4B      B_SEL_5B
              ________      ________      ________      ________      ________
 B_POS_1B       0.309
 B_POS_3B       0.393         0.499
 B_POS_2B       1.031         1.310         3.441
 B_POS_4B       0.923         1.172         3.079         2.754
 B_SEL_5B       0.189         0.240         0.629         0.563         0.115
 B_SEL_2B       0.225         0.286         0.750         0.671         0.137
 B_SEL_1B       0.105         0.133         0.350         0.313         0.064
 C_CB#1         0.000         0.000         0.000         0.000         0.000
 C_C#1          0.000         0.000         0.000         0.000         0.000
 C_C#2          0.000         0.000         0.000         0.000         0.000
 C_C#3          0.000         0.000         0.000         0.000         0.000
 C_FU           0.307         0.390         1.024         0.917         0.187
 CB_POS_1       0.307         0.390         1.024         0.917         0.187
 CB_POS_3       0.390         0.496         1.302         1.165         0.238
 CB_POS_2       1.024         1.302         3.418         3.058         0.625
 CB_POS_4       0.917         1.165         3.058         2.736         0.559
 CB_SEL_5       0.187         0.238         0.625         0.559         0.114
 CB_SEL_2       0.223         0.284         0.745         0.667         0.136
 CB_SEL_1       0.104         0.133         0.348         0.311         0.064


           Covariances
              B_SEL_2B      B_SEL_1B      C_CB#1        C_C#1         C_C#2
              ________      ________      ________      ________      ________
 B_SEL_2B       0.164
 B_SEL_1B       0.076         0.036
 C_CB#1         0.000         0.000         0.000
 C_C#1          0.000         0.000         0.000         0.000
 C_C#2          0.000         0.000         0.000         0.000         0.000
 C_C#3          0.000         0.000         0.000         0.000         0.000
 C_FU           0.223         0.104         0.000         0.000         0.000
 CB_POS_1       0.223         0.104         0.000         0.000         0.000
 CB_POS_3       0.284         0.133         0.000         0.000         0.000
 CB_POS_2       0.745         0.348         0.000         0.000         0.000
 CB_POS_4       0.667         0.311         0.000         0.000         0.000
 CB_SEL_5       0.136         0.064         0.000         0.000         0.000
 CB_SEL_2       0.162         0.076         0.000         0.000         0.000
 CB_SEL_1       0.076         0.035         0.000         0.000         0.000


           Covariances
              C_C#3         C_FU          CB_POS_1      CB_POS_3      CB_POS_2
              ________      ________      ________      ________      ________
 C_C#3          0.000
 C_FU           0.000         0.307
 CB_POS_1       0.000         0.307         0.307
 CB_POS_3       0.000         0.390         0.390         0.495
 CB_POS_2       0.000         1.023         1.023         1.300         3.413
 CB_POS_4       0.000         0.915         0.915         1.163         3.053
 CB_SEL_5       0.000         0.187         0.187         0.238         0.624
 CB_SEL_2       0.000         0.223         0.223         0.283         0.744
 CB_SEL_1       0.000         0.104         0.104         0.132         0.348


           Covariances
              CB_POS_4      CB_SEL_5      CB_SEL_2      CB_SEL_1
              ________      ________      ________      ________
 CB_POS_4       2.732
 CB_SEL_5       0.558         0.114
 CB_SEL_2       0.666         0.136         0.162
 CB_SEL_1       0.311         0.064         0.076         0.035


           Correlations
              CB#1          C#1           C#2           C#3           FU
              ________      ________      ________      ________      ________
 CB#1           1.000
 C#1          999.000         1.000
 C#2          999.000       999.000         1.000
 C#3          999.000       999.000       999.000         1.000
 FU           999.000       999.000       999.000       999.000         1.000
 B_POS_1B     999.000       999.000       999.000       999.000         1.000
 B_POS_3B     999.000       999.000       999.000       999.000         1.000
 B_POS_2B     999.000       999.000       999.000       999.000         1.000
 B_POS_4B     999.000       999.000       999.000       999.000         1.000
 B_SEL_5B     999.000       999.000       999.000       999.000         1.000
 B_SEL_2B     999.000       999.000       999.000       999.000         1.000
 B_SEL_1B     999.000       999.000       999.000       999.000         1.000
 C_CB#1       999.000       999.000       999.000       999.000       999.000
 C_C#1        999.000       999.000       999.000       999.000       999.000
 C_C#2        999.000       999.000       999.000       999.000       999.000
 C_C#3        999.000       999.000       999.000       999.000       999.000
 C_FU         999.000       999.000       999.000       999.000         0.997
 CB_POS_1     999.000       999.000       999.000       999.000         0.997
 CB_POS_3     999.000       999.000       999.000       999.000         0.997
 CB_POS_2     999.000       999.000       999.000       999.000         0.997
 CB_POS_4     999.000       999.000       999.000       999.000         0.997
 CB_SEL_5     999.000       999.000       999.000       999.000         0.997
 CB_SEL_2     999.000       999.000       999.000       999.000         0.997
 CB_SEL_1     999.000       999.000       999.000       999.000         0.997


           Correlations
              B_POS_1B      B_POS_3B      B_POS_2B      B_POS_4B      B_SEL_5B
              ________      ________      ________      ________      ________
 B_POS_1B       1.000
 B_POS_3B       1.000         1.000
 B_POS_2B       1.000         1.000         1.000
 B_POS_4B       1.000         1.000         1.000         1.000
 B_SEL_5B       1.000         1.000         1.000         1.000         1.000
 B_SEL_2B       1.000         1.000         1.000         1.000         1.000
 B_SEL_1B       1.000         1.000         1.000         1.000         1.000
 C_CB#1       999.000       999.000       999.000       999.000       999.000
 C_C#1        999.000       999.000       999.000       999.000       999.000
 C_C#2        999.000       999.000       999.000       999.000       999.000
 C_C#3        999.000       999.000       999.000       999.000       999.000
 C_FU           0.997         0.997         0.997         0.997         0.997
 CB_POS_1       0.997         0.997         0.997         0.997         0.997
 CB_POS_3       0.997         0.997         0.997         0.997         0.997
 CB_POS_2       0.997         0.997         0.997         0.997         0.997
 CB_POS_4       0.997         0.997         0.997         0.997         0.997
 CB_SEL_5       0.997         0.997         0.997         0.997         0.997
 CB_SEL_2       0.997         0.997         0.997         0.997         0.997
 CB_SEL_1       0.997         0.997         0.997         0.997         0.997


           Correlations
              B_SEL_2B      B_SEL_1B      C_CB#1        C_C#1         C_C#2
              ________      ________      ________      ________      ________
 B_SEL_2B       1.000
 B_SEL_1B       1.000         1.000
 C_CB#1       999.000       999.000         1.000
 C_C#1        999.000       999.000       999.000         1.000
 C_C#2        999.000       999.000       999.000       999.000         1.000
 C_C#3        999.000       999.000       999.000       999.000       999.000
 C_FU           0.997         0.997       999.000       999.000       999.000
 CB_POS_1       0.997         0.997       999.000       999.000       999.000
 CB_POS_3       0.997         0.997       999.000       999.000       999.000
 CB_POS_2       0.997         0.997       999.000       999.000       999.000
 CB_POS_4       0.997         0.997       999.000       999.000       999.000
 CB_SEL_5       0.997         0.997       999.000       999.000       999.000
 CB_SEL_2       0.997         0.997       999.000       999.000       999.000
 CB_SEL_1       0.997         0.997       999.000       999.000       999.000


           Correlations
              C_C#3         C_FU          CB_POS_1      CB_POS_3      CB_POS_2
              ________      ________      ________      ________      ________
 C_C#3          1.000
 C_FU         999.000         1.000
 CB_POS_1     999.000         1.000         1.000
 CB_POS_3     999.000         1.000         1.000         1.000
 CB_POS_2     999.000         1.000         1.000         1.000         1.000
 CB_POS_4     999.000         1.000         1.000         1.000         1.000
 CB_SEL_5     999.000         1.000         1.000         1.000         1.000
 CB_SEL_2     999.000         1.000         1.000         1.000         1.000
 CB_SEL_1     999.000         1.000         1.000         1.000         1.000


           Correlations
              CB_POS_4      CB_SEL_5      CB_SEL_2      CB_SEL_1
              ________      ________      ________      ________
 CB_POS_4       1.000
 CB_SEL_5       1.000         1.000
 CB_SEL_2       1.000         1.000         1.000
 CB_SEL_1       1.000         1.000         1.000         1.000


PLOT INFORMATION

The following plots are available:

  Histograms (sample values, estimated factor scores)
  Scatterplots (sample values, estimated factor scores)
  Sample proportions and estimated probabilities
  Item characteristic curves
  Information curves
  Latent variable distribution plots

DIAGRAM INFORMATION

  Mplus diagrams are currently not available for Mixture analysis.
  No diagram output was produced.


     Beginning Time:  09:52:23
        Ending Time:  09:56:11
       Elapsed Time:  00:03:48



MUTHEN & MUTHEN
3463 Stoner Ave.
Los Angeles, CA  90066

Tel: (310) 391-9971
Fax: (310) 391-8971
Web: www.StatModel.com
Support: Support@StatModel.com

Copyright (c) 1998-2019 Muthen & Muthen
