Mplus VERSION 8.3
MUTHEN & MUTHEN
02/04/2020  10:18 AM

INPUT INSTRUCTIONS

  TITLE:
  model02_parametric_mlca
  DATA:
  FILE = "C:/Users/itgkiosk/Desktop/multi_level_lca/mlca_mplus/model02_parametric.dat";

  VARIABLE:
  NAMES = pop source level d_middle d_high distcode schlcode postcode grade gender
       d_female race i1 i2 i3 i4 i5 i6 i7 i8 i9 i10 i11 i12 i13 i14 i15 i16 i17 i18
       i19 i20 i21 i22 i23 i24 i25 i26 i27 i28 i29 i30 i31 i32 i33 i34 i35 i36 i37 i38
       i39 i40 pun_1 pos_1 sel_1 pun_2 pos_2 sel_2 pun_3 pos_3 sel_3 pun_4 pos_4 sel_4
       pun_5 pos_5 sel_5 i9rev i14rev i24rev i27rev ii1rev ii4rev ii7rev ii10rev
       ii13rev pos_1b pos_3b pos_2b pos_4b sel_5b sel_2b sel_1b;
   MISSING=.;
   usevar = pos_1b-sel_1b;
       categorical = pos_1b-sel_1b;
       classes = c(4);

       cluster = schlcode;      ! level 2 units are schools
       within = pos_1b-sel_1b;
  ANALYSIS:
  estimator = mlr;
      type = mixture twolevel;
      starts = 100 50;
      processors = 10;
  MODEL:
  %WITHIN%
       %OVERALL%

       %BETWEEN%
       %OVERALL%
       FC by C#1 C#2 C#3;
  PLOT:
  type = plot3;
      series = pos_1b-sel_1b(*);



*** WARNING
  One or more individual-level variables have no variation within a
  cluster for the following clusters.

     Variable   Cluster IDs with no within-cluster variation

      POS_1B      4055 246 456 410 638 124 260 132 668 128 244 28 256 724 11 640 14 318 330 324
                  314 270 733 271 721 662 20 422 112 242 320 672 10 710 240 722 334 21 339 312
                  322 170 254
      POS_3B      4055 4040 246 420 456 753 410 180 638 658 352 124 260 358 132 668 128 244 28
                  256 642 11 584 640 23 14 151 332 318 32 330 324 264 314 733 761 634 660 271
                  721 662 20 675 422 112 412 242 320 672 10 712 710 240 722 334 21 350 312 322
                  254
      POS_2B      4055 246 456 753 260 128 256 156 584 640 151 330 314 271 662 712 720 21 759
      POS_4B      246 753 410 180 124 132 266 668 128 640 14 151 330 324 314 761 634 110 271 721
                  662 112 242 672 712 720 334 759 254
      SEL_5B      246 456 753 410 638 658 124 358 432 356 668 128 28 130 640 332 32 324 270 660
                  673 271 721 252 20 422 242 672 712 326 722 334 322
      SEL_2B      246 753 410 250 638 124 432 132 668 128 28 130 640 14 270 271 721 422 712
      SEL_1B      4055 246 410 250 638 124 432 128 28 640 14 332 270 271 721 20 310 242 10 722
                  334 759 636

*** WARNING
  Data set contains cases with missing on all variables.
  These cases were not included in the analysis.
  Number of cases with missing on all variables:  4
   2 WARNING(S) FOUND IN THE INPUT INSTRUCTIONS




model01_parametric_mlca

SUMMARY OF ANALYSIS

Number of groups                                                 1
Number of observations                                        5087

Number of dependent variables                                    7
Number of independent variables                                  0
Number of continuous latent variables                            1
Number of categorical latent variables                           1

Observed dependent variables

  Binary and ordered categorical (ordinal)
   POS_1B      POS_3B      POS_2B      POS_4B      SEL_5B      SEL_2B
   SEL_1B

Continuous latent variables
   FC

Categorical latent variables
   C

Variables with special functions

  Cluster variable      SCHLCODE

  Within variables
   POS_1B      POS_3B      POS_2B      POS_4B      SEL_5B      SEL_2B
   SEL_1B


Estimator                                                      MLR
Information matrix                                        OBSERVED
Optimization Specifications for the Quasi-Newton Algorithm for
Continuous Outcomes
  Maximum number of iterations                                 100
  Convergence criterion                                  0.100D-05
Optimization Specifications for the EM Algorithm
  Maximum number of iterations                                 500
  Convergence criteria
    Loglikelihood change                                 0.100D-02
    Relative loglikelihood change                        0.100D-05
    Derivative                                           0.100D-02
Optimization Specifications for the M step of the EM Algorithm for
Categorical Latent variables
  Number of M step iterations                                    1
  M step convergence criterion                           0.100D-02
  Basis for M step termination                           ITERATION
Optimization Specifications for the M step of the EM Algorithm for
Censored, Binary or Ordered Categorical (Ordinal), Unordered
Categorical (Nominal) and Count Outcomes
  Number of M step iterations                                    1
  M step convergence criterion                           0.100D-02
  Basis for M step termination                           ITERATION
  Maximum value for logit thresholds                            15
  Minimum value for logit thresholds                           -15
  Minimum expected cell size for chi-square              0.100D-01
Maximum number of iterations for H1                           2000
Convergence criterion for H1                             0.100D-03
Optimization algorithm                                         EMA
Integration Specifications
  Type                                                    STANDARD
  Number of integration points                                  15
  Dimensions of numerical integration                            1
  Adaptive quadrature                                           ON
Random Starts Specifications
  Number of initial stage random starts                        100
  Number of final stage optimizations                           50
  Number of initial stage iterations                            10
  Initial stage convergence criterion                    0.100D+01
  Random starts scale                                    0.500D+01
  Random seed for generating random starts                       0
Link                                                         LOGIT
Cholesky                                                        ON

Input data file(s)
  C:/Users/itgkiosk/Desktop/multi_level_lca/mlca_mplus/model02_parametric.dat
Input data format  FREE


SUMMARY OF DATA

     Number of missing data patterns             1
     Number of y missing data patterns           0
     Number of u missing data patterns           1
     Number of clusters                        130



COVARIANCE COVERAGE OF DATA

Minimum covariance coverage value   0.100


UNIVARIATE PROPORTIONS AND COUNTS FOR CATEGORICAL VARIABLES

    POS_1B
      Category 1    0.076          389.000
      Category 2    0.924         4698.000
    POS_3B
      Category 1    0.057          290.000
      Category 2    0.943         4797.000
    POS_2B
      Category 1    0.173          880.000
      Category 2    0.827         4207.000
    POS_4B
      Category 1    0.214         1090.000
      Category 2    0.786         3997.000
    SEL_5B
      Category 1    0.127          646.000
      Category 2    0.873         4441.000
    SEL_2B
      Category 1    0.174          884.000
      Category 2    0.826         4203.000
    SEL_1B
      Category 1    0.145          740.000
      Category 2    0.855         4347.000


RANDOM STARTS RESULTS RANKED FROM THE BEST TO THE WORST LOGLIKELIHOOD VALUES

Final stage loglikelihood values at local maxima, seeds, and initial stage start numbers:

          -10025.484  415931           10
          -10025.485  565819           65
          -10025.487  533738           11
          -10025.488  481835           57
          -10025.488  813779           92
          -10025.495  569131           26
          -10025.500  789985           67
          -10025.503  467339           66
          -10027.281  253358           2
          -10027.311  407168           44
          -10029.711  391179           78
          -10033.630  153942           31
          -10041.569  170954           86
          -10041.744  341041           34
          -10043.213  399671           13
          -10043.247  93468            3
          -10043.334  68985            17
          -10043.359  392418           28
          -10043.460  992389           77
          -10043.528  475420           71
          -10059.190  846194           93
          -10061.438  967902           52
          -10064.157  120506           45
          -10065.950  370466           41
          -10070.986  207896           25
          -10075.889  373505           88
          -10092.517  268217           83
          -10107.426  848163           47
          -10107.603  436460           89
          -10115.562  987090           70
          -10117.280  685657           69
          -10117.397  107446           12
          -10126.091  963053           43
          -10129.579  848890           95
          -10129.688  645664           39
          -10131.277  366706           29
          -10156.662  195873           6
          -10159.819  76974            16
          -10160.746  85462            51
          -10167.835  131856           90
          -10194.050  364676           27
          -10289.654  247224           94
          -10321.150  285380           1
          -10391.680  576596           99
          -10394.334  957392           79
          -10427.176  136842           58
          -10474.131  626891           32
          -10507.508  749453           33
          -10577.395  915107           54

1 perturbed starting value run(s) did not converge.



THE BEST LOGLIKELIHOOD VALUE HAS BEEN REPLICATED.  RERUN WITH AT LEAST TWICE THE
RANDOM STARTS TO CHECK THAT THE BEST LOGLIKELIHOOD IS STILL OBTAINED AND REPLICATED.


THE MODEL ESTIMATION TERMINATED NORMALLY



MODEL FIT INFORMATION

Number of Free Parameters                       34

Loglikelihood

          H0 Value                      -10025.484
          H0 Scaling Correction Factor      1.5742
            for MLR

Information Criteria

          Akaike (AIC)                   20118.969
          Bayesian (BIC)                 20341.140
          Sample-Size Adjusted BIC       20233.099
            (n* = (n + 2) / 24)



FINAL CLASS COUNTS AND PROPORTIONS FOR THE LATENT CLASSES
BASED ON ESTIMATED POSTERIOR PROBABILITIES

    Latent
   Classes

       1        580.52545          0.11412
       2        797.02716          0.15668
       3       3363.48069          0.66119
       4        345.96669          0.06801


FINAL CLASS COUNTS AND PROPORTIONS FOR THE LATENT CLASSES
BASED ON THEIR MOST LIKELY LATENT CLASS MEMBERSHIP

Class Counts and Proportions

    Latent
   Classes

       1              555          0.10910
       2              769          0.15117
       3             3425          0.67328
       4              338          0.06644


CLASSIFICATION QUALITY

     Entropy                         0.845


Average Latent Class Probabilities for Most Likely Latent Class Membership (Row)
by Latent Class (Column)

           1        2        3        4

    1   0.863    0.052    0.060    0.025
    2   0.039    0.845    0.091    0.025
    3   0.017    0.031    0.952    0.000
    4   0.042    0.033    0.000    0.925


Classification Probabilities for the Most Likely Latent Class Membership (Column)
by Latent Class (Row)

           1        2        3        4

    1   0.825    0.051    0.099    0.025
    2   0.036    0.815    0.135    0.014
    3   0.010    0.021    0.969    0.000
    4   0.041    0.056    0.000    0.904


Logits for the Classification Probabilities for the Most Likely Latent Class Membership (Column)
by Latent Class (Row)

              1        2        3        4

    1      3.513    0.733    1.391    0.000
    2      0.964    4.080    2.278    0.000
    3      9.193    9.945   13.784    0.000
    4     -3.105   -2.790  -10.064    0.000


MODEL RESULTS

                                                    Two-Tailed
                    Estimate       S.E.  Est./S.E.    P-Value

Within Level

Latent Class 1

 Thresholds
    POS_1B$1          -2.012      0.201    -10.015      0.000
    POS_3B$1          -2.941      0.254    -11.568      0.000
    POS_2B$1          -2.652      0.337     -7.858      0.000
    POS_4B$1          -1.172      0.172     -6.822      0.000
    SEL_5B$1           0.441      0.146      3.011      0.003
    SEL_2B$1           1.186      0.210      5.646      0.000
    SEL_1B$1           0.159      0.139      1.142      0.253

Latent Class 2

 Thresholds
    POS_1B$1          -1.831      0.166    -11.002      0.000
    POS_3B$1          -2.125      0.193    -11.015      0.000
    POS_2B$1           0.277      0.253      1.094      0.274
    POS_4B$1           0.802      0.218      3.675      0.000
    SEL_5B$1          -3.750      0.424     -8.835      0.000
    SEL_2B$1          -2.384      0.231    -10.333      0.000
    SEL_1B$1          -2.188      0.189    -11.570      0.000

Latent Class 3

 Thresholds
    POS_1B$1          -5.459      0.426    -12.816      0.000
    POS_3B$1          -6.730      0.819     -8.215      0.000
    POS_2B$1          -4.013      0.216    -18.613      0.000
    POS_4B$1          -3.593      0.319    -11.252      0.000
    SEL_5B$1          -5.780      0.685     -8.437      0.000
    SEL_2B$1          -4.119      0.277    -14.876      0.000
    SEL_1B$1          -3.386      0.147    -23.060      0.000

Latent Class 4

 Thresholds
    POS_1B$1           0.270      0.161      1.680      0.093
    POS_3B$1          -0.014      0.110     -0.124      0.901
    POS_2B$1           2.949      0.579      5.091      0.000
    POS_4B$1           2.232      0.316      7.058      0.000
    SEL_5B$1           1.171      0.157      7.459      0.000
    SEL_2B$1           2.438      0.310      7.868      0.000
    SEL_1B$1           0.767      0.183      4.192      0.000

Between Level

Latent Class 1

 FC       BY
    C#1                1.000      0.000    999.000    999.000
    C#2                0.512      0.124      4.134      0.000
    C#3                1.449      0.087     16.587      0.000

 Variances
    FC                 5.429      1.664      3.262      0.001

Latent Class 2

 FC       BY
    C#1                1.000      0.000    999.000    999.000
    C#2                0.512      0.124      4.134      0.000
    C#3                1.449      0.087     16.587      0.000

 Variances
    FC                 5.429      1.664      3.262      0.001

Latent Class 3

 FC       BY
    C#1                1.000      0.000    999.000    999.000
    C#2                0.512      0.124      4.134      0.000
    C#3                1.449      0.087     16.587      0.000

 Variances
    FC                 5.429      1.664      3.262      0.001

Latent Class 4

 FC       BY
    C#1                1.000      0.000    999.000    999.000
    C#2                0.512      0.124      4.134      0.000
    C#3                1.449      0.087     16.587      0.000

 Variances
    FC                 5.429      1.664      3.262      0.001

Categorical Latent Variables

Within Level

 Intercepts
    C#1                2.641      0.391      6.754      0.000
    C#2                2.126      0.511      4.159      0.000
    C#3                4.545      0.452     10.054      0.000

Between Level


QUALITY OF NUMERICAL RESULTS

     Condition Number for the Information Matrix              0.411E-03
       (ratio of smallest to largest eigenvalue)


SAMPLE STATISTICS FOR ESTIMATED FACTOR SCORES


     SAMPLE STATISTICS


           Means
              C#1           C#2           C#3           FC            C_C#1
              ________      ________      ________      ________      ________
                2.396         2.001         4.190        -0.245         2.396


           Means
              C_C#2         C_C#3         C_FC
              ________      ________      ________
                2.001         4.190        -0.245


           Covariances
              C#1           C#2           C#3           FC            C_C#1
              ________      ________      ________      ________      ________
 C#1            4.863
 C#2            2.488         1.272
 C#3            7.046         3.604        10.210
 FC             4.863         2.488         7.046         4.863
 C_C#1          4.863         2.488         7.046         4.863         4.863
 C_C#2          2.488         1.272         3.604         2.488         2.488
 C_C#3          7.046         3.604        10.210         7.046         7.046
 C_FC           4.863         2.488         7.046         4.863         4.863


           Covariances
              C_C#2         C_C#3         C_FC
              ________      ________      ________
 C_C#2          1.272
 C_C#3          3.604        10.210
 C_FC           2.488         7.046         4.863


           Correlations
              C#1           C#2           C#3           FC            C_C#1
              ________      ________      ________      ________      ________
 C#1            1.000
 C#2            1.000         1.000
 C#3            1.000         1.000         1.000
 FC             1.000         1.000         1.000         1.000
 C_C#1          1.000         1.000         1.000         1.000         1.000
 C_C#2          1.000         1.000         1.000         1.000         1.000
 C_C#3          1.000         1.000         1.000         1.000         1.000
 C_FC           1.000         1.000         1.000         1.000         1.000


           Correlations
              C_C#2         C_C#3         C_FC
              ________      ________      ________
 C_C#2          1.000
 C_C#3          1.000         1.000
 C_FC           1.000         1.000         1.000


PLOT INFORMATION

The following plots are available:

  Histograms (sample values, estimated factor scores)
  Scatterplots (sample values, estimated factor scores)
  Sample proportions and estimated probabilities
  Item characteristic curves
  Information curves
  Latent variable distribution plots

DIAGRAM INFORMATION

  Mplus diagrams are currently not available for Mixture analysis.
  No diagram output was produced.


     Beginning Time:  10:18:39
        Ending Time:  10:23:24
       Elapsed Time:  00:04:45



MUTHEN & MUTHEN
3463 Stoner Ave.
Los Angeles, CA  90066

Tel: (310) 391-9971
Fax: (310) 391-8971
Web: www.StatModel.com
Support: Support@StatModel.com

Copyright (c) 1998-2019 Muthen & Muthen
