Mplus VERSION 8.3
MUTHEN & MUTHEN
02/04/2020  10:37 AM

INPUT INSTRUCTIONS

  TITLE:
  model03_non_parametric_mlca
  DATA:
  FILE = "C:/Users/itgkiosk/Desktop/multi_level_lca/mlca_mplus/model03_non_parametric.dat";

  VARIABLE:
  NAMES = pop source level d_middle d_high distcode schlcode postcode grade gender
       d_female race i1 i2 i3 i4 i5 i6 i7 i8 i9 i10 i11 i12 i13 i14 i15 i16 i17 i18
       i19 i20 i21 i22 i23 i24 i25 i26 i27 i28 i29 i30 i31 i32 i33 i34 i35 i36 i37 i38
       i39 i40 pun_1 pos_1 sel_1 pun_2 pos_2 sel_2 pun_3 pos_3 sel_3 pun_4 pos_4 sel_4
       pun_5 pos_5 sel_5 i9rev i14rev i24rev i27rev ii1rev ii4rev ii7rev ii10rev
       ii13rev pos_1b pos_3b pos_2b pos_4b sel_5b sel_2b sel_1b;
   MISSING=.;
   usevar = pos_1b-sel_1b;
       categorical = pos_1b-sel_1b;
       classes = cb(3) c(4);

       cluster = schlcode;      ! level 2 units are schools
       within = pos_1b-sel_1b;
       between = CB;
  ANALYSIS:
  estimator = mlr;
      type = mixture twolevel;
      starts = 100 50;
      processors = 10;
  MODEL:
  %WITHIN%
       %OVERALL%

       %BETWEEN%
       %OVERALL%
       C on CB;

       MODEL C:
       %WITHIN%
       %C#1%
       [pos_1b$1-sel_1b$1];
       %C#2%
       [pos_1b$1-sel_1b$1];
       %C#3%
       [pos_1b$1-sel_1b$1];
       %C#4%
       [pos_1b$1-sel_1b$1];
  PLOT:
  type = plot3;
      series = pos_1b-sel_1b(*);



*** WARNING
  One or more individual-level variables have no variation within a
  cluster for the following clusters.

     Variable   Cluster IDs with no within-cluster variation

      POS_1B      4055 246 456 410 638 124 260 132 668 128 244 28 256 724 11 640 14 318 330 324
                  314 270 733 271 721 662 20 422 112 242 320 672 10 710 240 722 334 21 339 312
                  322 170 254
      POS_3B      4055 4040 246 420 456 753 410 180 638 658 352 124 260 358 132 668 128 244 28
                  256 642 11 584 640 23 14 151 332 318 32 330 324 264 314 733 761 634 660 271
                  721 662 20 675 422 112 412 242 320 672 10 712 710 240 722 334 21 350 312 322
                  254
      POS_2B      4055 246 456 753 260 128 256 156 584 640 151 330 314 271 662 712 720 21 759
      POS_4B      246 753 410 180 124 132 266 668 128 640 14 151 330 324 314 761 634 110 271 721
                  662 112 242 672 712 720 334 759 254
      SEL_5B      246 456 753 410 638 658 124 358 432 356 668 128 28 130 640 332 32 324 270 660
                  673 271 721 252 20 422 242 672 712 326 722 334 322
      SEL_2B      246 753 410 250 638 124 432 132 668 128 28 130 640 14 270 271 721 422 712
      SEL_1B      4055 246 410 250 638 124 432 128 28 640 14 332 270 271 721 20 310 242 10 722
                  334 759 636

*** WARNING
  Data set contains cases with missing on all variables.
  These cases were not included in the analysis.
  Number of cases with missing on all variables:  4
   2 WARNING(S) FOUND IN THE INPUT INSTRUCTIONS




model03_non_parametric_mlca

SUMMARY OF ANALYSIS

Number of groups                                                 1
Number of observations                                        5087

Number of dependent variables                                    7
Number of independent variables                                  0
Number of continuous latent variables                            0
Number of categorical latent variables                           2

Observed dependent variables

  Binary and ordered categorical (ordinal)
   POS_1B      POS_3B      POS_2B      POS_4B      SEL_5B      SEL_2B
   SEL_1B

Categorical latent variables
   CB          C

Variables with special functions

  Cluster variable      SCHLCODE

  Within variables
   POS_1B      POS_3B      POS_2B      POS_4B      SEL_5B      SEL_2B
   SEL_1B


Estimator                                                      MLR
Information matrix                                        OBSERVED
Optimization Specifications for the Quasi-Newton Algorithm for
Continuous Outcomes
  Maximum number of iterations                                 100
  Convergence criterion                                  0.100D-05
Optimization Specifications for the EM Algorithm
  Maximum number of iterations                                 500
  Convergence criteria
    Loglikelihood change                                 0.100D-02
    Relative loglikelihood change                        0.100D-05
    Derivative                                           0.100D-02
Optimization Specifications for the M step of the EM Algorithm for
Categorical Latent variables
  Number of M step iterations                                    1
  M step convergence criterion                           0.100D-02
  Basis for M step termination                           ITERATION
Optimization Specifications for the M step of the EM Algorithm for
Censored, Binary or Ordered Categorical (Ordinal), Unordered
Categorical (Nominal) and Count Outcomes
  Number of M step iterations                                    1
  M step convergence criterion                           0.100D-02
  Basis for M step termination                           ITERATION
  Maximum value for logit thresholds                            15
  Minimum value for logit thresholds                           -15
  Minimum expected cell size for chi-square              0.100D-01
Maximum number of iterations for H1                           2000
Convergence criterion for H1                             0.100D-03
Optimization algorithm                                         EMA
Integration Specifications
  Type                                                    STANDARD
  Number of integration points                                  15
  Dimensions of numerical integration                            0
  Adaptive quadrature                                           ON
Random Starts Specifications
  Number of initial stage random starts                        100
  Number of final stage optimizations                           50
  Number of initial stage iterations                            10
  Initial stage convergence criterion                    0.100D+01
  Random starts scale                                    0.500D+01
  Random seed for generating random starts                       0
Parameterization                                             LOGIT
Link                                                         LOGIT
Cholesky                                                       OFF

Input data file(s)
  C:/Users/itgkiosk/Desktop/multi_level_lca/mlca_mplus/model03_non_parametric.da
Input data format  FREE


SUMMARY OF DATA

     Number of missing data patterns             1
     Number of y missing data patterns           0
     Number of u missing data patterns           1
     Number of clusters                        130



COVARIANCE COVERAGE OF DATA

Minimum covariance coverage value   0.100


UNIVARIATE PROPORTIONS AND COUNTS FOR CATEGORICAL VARIABLES

    POS_1B
      Category 1    0.076          389.000
      Category 2    0.924         4698.000
    POS_3B
      Category 1    0.057          290.000
      Category 2    0.943         4797.000
    POS_2B
      Category 1    0.173          880.000
      Category 2    0.827         4207.000
    POS_4B
      Category 1    0.214         1090.000
      Category 2    0.786         3997.000
    SEL_5B
      Category 1    0.127          646.000
      Category 2    0.873         4441.000
    SEL_2B
      Category 1    0.174          884.000
      Category 2    0.826         4203.000
    SEL_1B
      Category 1    0.145          740.000
      Category 2    0.855         4347.000


RANDOM STARTS RESULTS RANKED FROM THE BEST TO THE WORST LOGLIKELIHOOD VALUES

Final stage loglikelihood values at local maxima, seeds, and initial stage start numbers:

          -10018.788  903420           5
          -10018.789  341041           34
          -10018.790  68985            17
          -10018.790  576596           99
          -10018.790  127215           9
          -10018.790  436460           89
          -10018.790  136842           58
          -10018.790  603842           61
          -10018.790  848890           95
          -10018.790  284109           82
          -10018.790  260601           36
          -10018.790  318230           46
          -10018.790  392418           28
          -10018.790  227563           63
          -10018.791  967237           48
          -10018.791  846194           93
          -10018.791  311214           64
          -10018.791  372176           23
          -10018.791  568859           49
          -10018.791  471398           74
          -10018.791  967902           52
          -10018.791  887676           22
          -10018.791  207896           25
          -10018.791  120506           45
          -10018.791  370466           41
          -10018.791  992389           77
          -10018.791  422103           62
          -10018.791  107446           12
          -10019.774  645664           39
          -10021.769  247224           94
          -10039.661  749453           33
          -10050.393  915107           54
          -10055.854  789985           67
          -10086.913  551639           55
          -10086.913  481835           57
          -10086.913  608496           4
          -10086.913  364676           27
          -10086.913  696773           80
          -10086.913  415931           10
          -10086.913  637345           19
          -10086.913  570908           98
          -10086.913  544048           87
          -10086.913  170954           86
          -10086.913  957392           79
          -10086.914  851945           18
          -10086.914  93468            3
          -10099.214  533738           11
          -10114.934  830392           35
          -10159.673  569833           85
          -10159.673  784664           75



THE BEST LOGLIKELIHOOD VALUE HAS BEEN REPLICATED.  RERUN WITH AT LEAST TWICE THE
RANDOM STARTS TO CHECK THAT THE BEST LOGLIKELIHOOD IS STILL OBTAINED AND REPLICATED.


THE MODEL ESTIMATION TERMINATED NORMALLY



MODEL FIT INFORMATION

Number of Free Parameters                       39

Loglikelihood

          H0 Value                      -10018.788
          H0 Scaling Correction Factor      1.8481
            for MLR

Information Criteria

          Akaike (AIC)                   20115.575
          Bayesian (BIC)                 20370.419
          Sample-Size Adjusted BIC       20246.490
            (n* = (n + 2) / 24)



MODEL RESULTS USE THE LATENT CLASS VARIABLE ORDER

   CB  C

  Latent Class Variable Patterns

         CB         C
      Class     Class

         1         1
         1         2
         1         3
         1         4
         2         1
         2         2
         2         3
         2         4
         3         1
         3         2
         3         3
         3         4


FINAL CLASS COUNTS AND PROPORTIONS FOR THE LATENT CLASS PATTERNS
BASED ON ESTIMATED POSTERIOR PROBABILITIES

  Latent Class
    Pattern

    1  1          8.15556          0.00160
    1  2         45.41349          0.00893
    1  3       2050.34539          0.40306
    1  4        101.06554          0.01987
    2  1        235.92595          0.04638
    2  2        407.38023          0.08008
    2  3        314.19722          0.06176
    2  4         73.76863          0.01450
    3  1        102.24511          0.02010
    3  2        256.35679          0.05039
    3  3       1044.27465          0.20528
    3  4        447.87144          0.08804


FINAL CLASS COUNTS AND PROPORTIONS FOR EACH LATENT CLASS VARIABLE
BASED ON ESTIMATED POSTERIOR PROBABILITIES

  Latent Class
    Variable    Class

    CB             1      2204.97998          0.43345
                   2      1031.27209          0.20273
                   3      1850.74805          0.36382
    C              1       346.32663          0.06808
                   2       709.15051          0.13940
                   3      3408.81738          0.67010
                   4       622.70563          0.12241


FINAL CLASS COUNTS AND PROPORTIONS FOR THE LATENT CLASS PATTERNS
BASED ON THEIR MOST LIKELY LATENT CLASS PATTERN

Class Counts and Proportions

  Latent Class
    Pattern

    1  1                9          0.00177
    1  2               31          0.00609
    1  3             2096          0.41203
    1  4               95          0.01868
    2  1              236          0.04639
    2  2              404          0.07942
    2  3              337          0.06625
    2  4               70          0.01376
    3  1              102          0.02005
    3  2              293          0.05760
    3  3              989          0.19442
    3  4              425          0.08355


FINAL CLASS COUNTS AND PROPORTIONS FOR EACH LATENT CLASS VARIABLE
BASED ON THEIR MOST LIKELY LATENT CLASS PATTERN

  Latent Class
    Variable    Class

    CB             1            2231          0.43857
                   2            1047          0.20582
                   3            1809          0.35561
    C              1             347          0.06821
                   2             728          0.14311
                   3            3422          0.67270
                   4             590          0.11598


CLASSIFICATION QUALITY

     Entropy                         0.890


Average Latent Class Probabilities for Most Likely Latent Class Pattern (Row)
by Latent Class Pattern (Column)

  Latent Class Variable Patterns

  Latent Class         CB         C
   Pattern No.      Class     Class

         1             1         1
         2             1         2
         3             1         3
         4             1         4
         5             2         1
         6             2         2
         7             2         3
         8             2         4
         9             3         1
        10             3         2
        11             3         3
        12             3         4

           1        2        3        4        5        6        7        8        9

    1   0.769    0.057    0.000    0.116    0.000    0.000    0.000    0.000    0.052
    2   0.006    0.800    0.063    0.025    0.000    0.000    0.000    0.000    0.001
    3   0.000    0.007    0.961    0.008    0.000    0.000    0.000    0.000    0.000
    4   0.005    0.038    0.099    0.805    0.000    0.000    0.000    0.000    0.002
    5   0.000    0.000    0.000    0.000    0.923    0.042    0.000    0.019    0.012
    6   0.000    0.000    0.000    0.000    0.026    0.890    0.042    0.016    0.000
    7   0.000    0.000    0.000    0.000    0.000    0.086    0.852    0.020    0.000
    8   0.000    0.000    0.000    0.000    0.082    0.058    0.047    0.777    0.001
    9   0.005    0.001    0.000    0.002    0.015    0.000    0.000    0.000    0.863
   10   0.000    0.003    0.002    0.000    0.000    0.012    0.001    0.000    0.012
   11   0.000    0.000    0.024    0.000    0.000    0.001    0.007    0.000    0.000
   12   0.000    0.000    0.002    0.011    0.001    0.001    0.000    0.004    0.016

          10       11       12

    1   0.003    0.000    0.003
    2   0.103    0.001    0.001
    3   0.002    0.021    0.001
    4   0.002    0.000    0.049
    5   0.000    0.000    0.003
    6   0.019    0.004    0.001
    7   0.001    0.041    0.002
    8   0.000    0.000    0.034
    9   0.030    0.000    0.083
   10   0.673    0.231    0.067
   11   0.023    0.909    0.036
   12   0.042    0.044    0.878


MODEL RESULTS

                                                    Two-Tailed
                    Estimate       S.E.  Est./S.E.    P-Value

Within Level

Latent Class Pattern 1 1

 Thresholds
    POS_1B$1           0.258      0.162      1.590      0.112
    POS_3B$1          -0.032      0.110     -0.286      0.775
    POS_2B$1           2.756      0.493      5.592      0.000
    POS_4B$1           2.160      0.314      6.890      0.000
    SEL_5B$1           1.251      0.158      7.929      0.000
    SEL_2B$1           2.603      0.310      8.399      0.000
    SEL_1B$1           0.806      0.187      4.320      0.000

Latent Class Pattern 1 2

 Thresholds
    POS_1B$1          -1.762      0.163    -10.804      0.000
    POS_3B$1          -2.021      0.188    -10.764      0.000
    POS_2B$1           0.598      0.316      1.894      0.058
    POS_4B$1           0.908      0.215      4.229      0.000
    SEL_5B$1          -3.821      0.470     -8.128      0.000
    SEL_2B$1          -2.391      0.248     -9.651      0.000
    SEL_1B$1          -2.219      0.207    -10.739      0.000

Latent Class Pattern 1 3

 Thresholds
    POS_1B$1          -5.307      0.371    -14.306      0.000
    POS_3B$1          -6.362      0.629    -10.112      0.000
    POS_2B$1          -4.035      0.214    -18.898      0.000
    POS_4B$1          -3.289      0.281    -11.692      0.000
    SEL_5B$1          -6.197      0.828     -7.484      0.000
    SEL_2B$1          -4.257      0.303    -14.030      0.000
    SEL_1B$1          -3.396      0.153    -22.158      0.000

Latent Class Pattern 1 4

 Thresholds
    POS_1B$1          -2.019      0.201    -10.031      0.000
    POS_3B$1          -2.957      0.250    -11.820      0.000
    POS_2B$1          -2.743      0.342     -8.013      0.000
    POS_4B$1          -1.134      0.161     -7.032      0.000
    SEL_5B$1           0.281      0.163      1.718      0.086
    SEL_2B$1           0.995      0.236      4.221      0.000
    SEL_1B$1           0.060      0.138      0.436      0.663

Latent Class Pattern 2 1

 Thresholds
    POS_1B$1           0.258      0.162      1.590      0.112
    POS_3B$1          -0.032      0.110     -0.286      0.775
    POS_2B$1           2.756      0.493      5.592      0.000
    POS_4B$1           2.160      0.314      6.890      0.000
    SEL_5B$1           1.251      0.158      7.929      0.000
    SEL_2B$1           2.603      0.310      8.399      0.000
    SEL_1B$1           0.806      0.187      4.320      0.000

Latent Class Pattern 2 2

 Thresholds
    POS_1B$1          -1.762      0.163    -10.804      0.000
    POS_3B$1          -2.021      0.188    -10.764      0.000
    POS_2B$1           0.598      0.316      1.894      0.058
    POS_4B$1           0.908      0.215      4.229      0.000
    SEL_5B$1          -3.821      0.470     -8.128      0.000
    SEL_2B$1          -2.391      0.248     -9.651      0.000
    SEL_1B$1          -2.219      0.207    -10.739      0.000

Latent Class Pattern 2 3

 Thresholds
    POS_1B$1          -5.307      0.371    -14.306      0.000
    POS_3B$1          -6.362      0.629    -10.112      0.000
    POS_2B$1          -4.035      0.214    -18.898      0.000
    POS_4B$1          -3.289      0.281    -11.692      0.000
    SEL_5B$1          -6.197      0.828     -7.484      0.000
    SEL_2B$1          -4.257      0.303    -14.030      0.000
    SEL_1B$1          -3.396      0.153    -22.158      0.000

Latent Class Pattern 2 4

 Thresholds
    POS_1B$1          -2.019      0.201    -10.031      0.000
    POS_3B$1          -2.957      0.250    -11.820      0.000
    POS_2B$1          -2.743      0.342     -8.013      0.000
    POS_4B$1          -1.134      0.161     -7.032      0.000
    SEL_5B$1           0.281      0.163      1.718      0.086
    SEL_2B$1           0.995      0.236      4.221      0.000
    SEL_1B$1           0.060      0.138      0.436      0.663

Latent Class Pattern 3 1

 Thresholds
    POS_1B$1           0.258      0.162      1.590      0.112
    POS_3B$1          -0.032      0.110     -0.286      0.775
    POS_2B$1           2.756      0.493      5.592      0.000
    POS_4B$1           2.160      0.314      6.890      0.000
    SEL_5B$1           1.251      0.158      7.929      0.000
    SEL_2B$1           2.603      0.310      8.399      0.000
    SEL_1B$1           0.806      0.187      4.320      0.000

Latent Class Pattern 3 2

 Thresholds
    POS_1B$1          -1.762      0.163    -10.804      0.000
    POS_3B$1          -2.021      0.188    -10.764      0.000
    POS_2B$1           0.598      0.316      1.894      0.058
    POS_4B$1           0.908      0.215      4.229      0.000
    SEL_5B$1          -3.821      0.470     -8.128      0.000
    SEL_2B$1          -2.391      0.248     -9.651      0.000
    SEL_1B$1          -2.219      0.207    -10.739      0.000

Latent Class Pattern 3 3

 Thresholds
    POS_1B$1          -5.307      0.371    -14.306      0.000
    POS_3B$1          -6.362      0.629    -10.112      0.000
    POS_2B$1          -4.035      0.214    -18.898      0.000
    POS_4B$1          -3.289      0.281    -11.692      0.000
    SEL_5B$1          -6.197      0.828     -7.484      0.000
    SEL_2B$1          -4.257      0.303    -14.030      0.000
    SEL_1B$1          -3.396      0.153    -22.158      0.000

Latent Class Pattern 3 4

 Thresholds
    POS_1B$1          -2.019      0.201    -10.031      0.000
    POS_3B$1          -2.957      0.250    -11.820      0.000
    POS_2B$1          -2.743      0.342     -8.013      0.000
    POS_4B$1          -1.134      0.161     -7.032      0.000
    SEL_5B$1           0.281      0.163      1.718      0.086
    SEL_2B$1           0.995      0.236      4.221      0.000
    SEL_1B$1           0.060      0.138      0.436      0.663

Between Level

Categorical Latent Variables

Within Level

 Intercepts
    C#1               -1.477      0.219     -6.742      0.000
    C#2               -0.558      0.504     -1.106      0.269
    C#3                0.847      0.184      4.596      0.000

Between Level

 C#1        ON
    CB#1              -1.040      0.541     -1.922      0.055
    CB#2               2.640      0.296      8.918      0.000

 C#2        ON
    CB#1              -0.242      0.615     -0.394      0.694
    CB#2               2.267      0.614      3.693      0.000

 C#3        ON
    CB#1               2.163      0.215     10.060      0.000
    CB#2               0.603      0.421      1.431      0.153

 Means
    CB#1               0.381      0.251      1.518      0.129
    CB#2              -0.610      0.357     -1.709      0.087


QUALITY OF NUMERICAL RESULTS

     Condition Number for the Information Matrix              0.315E-03
       (ratio of smallest to largest eigenvalue)


SAMPLE STATISTICS FOR ESTIMATED FACTOR SCORES


     SAMPLE STATISTICS


           Means
              CB#1          CB#2          C#1           C#2           C#3
              ________      ________      ________      ________      ________
                0.381        -0.610        -1.477        -0.558         0.847


           Means
              C_CB#1        C_CB#2        C_C#1         C_C#2         C_C#3
              ________      ________      ________      ________      ________
                0.381        -0.610        -1.477        -0.558         0.847


           Covariances
              CB#1          CB#2          C#1           C#2           C#3
              ________      ________      ________      ________      ________
 CB#1           0.000
 CB#2           0.000         0.000
 C#1            0.000         0.000         0.000
 C#2            0.000         0.000         0.000         0.000
 C#3            0.000         0.000         0.000         0.000         0.000
 C_CB#1         0.000         0.000         0.000         0.000         0.000
 C_CB#2         0.000         0.000         0.000         0.000         0.000
 C_C#1          0.000         0.000         0.000         0.000         0.000
 C_C#2          0.000         0.000         0.000         0.000         0.000
 C_C#3          0.000         0.000         0.000         0.000         0.000


           Covariances
              C_CB#1        C_CB#2        C_C#1         C_C#2         C_C#3
              ________      ________      ________      ________      ________
 C_CB#1         0.000
 C_CB#2         0.000         0.000
 C_C#1          0.000         0.000         0.000
 C_C#2          0.000         0.000         0.000         0.000
 C_C#3          0.000         0.000         0.000         0.000         0.000


           Correlations
              CB#1          CB#2          C#1           C#2           C#3
              ________      ________      ________      ________      ________
 CB#1           1.000
 CB#2         999.000         1.000
 C#1          999.000       999.000         1.000
 C#2          999.000       999.000       999.000         1.000
 C#3          999.000       999.000       999.000       999.000         1.000
 C_CB#1       999.000       999.000       999.000       999.000       999.000
 C_CB#2       999.000       999.000       999.000       999.000       999.000
 C_C#1        999.000       999.000       999.000       999.000       999.000
 C_C#2        999.000       999.000       999.000       999.000       999.000
 C_C#3        999.000       999.000       999.000       999.000       999.000


           Correlations
              C_CB#1        C_CB#2        C_C#1         C_C#2         C_C#3
              ________      ________      ________      ________      ________
 C_CB#1         1.000
 C_CB#2       999.000         1.000
 C_C#1        999.000       999.000         1.000
 C_C#2        999.000       999.000       999.000         1.000
 C_C#3        999.000       999.000       999.000       999.000         1.000


PLOT INFORMATION

The following plots are available:

  Histograms (sample values, estimated factor scores)
  Scatterplots (sample values, estimated factor scores)
  Sample proportions and estimated probabilities
  Item characteristic curves
  Information curves
  Latent variable distribution plots

DIAGRAM INFORMATION

  Mplus diagrams are currently not available for Mixture analysis.
  No diagram output was produced.


     Beginning Time:  10:37:05
        Ending Time:  10:37:34
       Elapsed Time:  00:00:29



MUTHEN & MUTHEN
3463 Stoner Ave.
Los Angeles, CA  90066

Tel: (310) 391-9971
Fax: (310) 391-8971
Web: www.StatModel.com
Support: Support@StatModel.com

Copyright (c) 1998-2019 Muthen & Muthen
